[  2%] [32mBuilding CXX object gmock/CMakeFiles/gmock_main.dir/src/gmock_main.cc.o[0m
[  5%] [32mBuilding CXX object gmock/CMakeFiles/gmock.dir/src/gmock-all.cc.o[0m
[  8%] [32mBuilding CXX object gmock/CMakeFiles/gmock.dir/opt/ros/humble/src/gtest_vendor/src/gtest-all.cc.o[0m
[ 11%] [32mBuilding CXX object CMakeFiles/controller_manager.dir/src/controller_manager.cpp.o[0m
[ 11%] Built target ament_cmake_python_copy_controller_manager
[ 11%] Built target ament_cmake_python_copy_controller_manager_setup
running install_scripts
running egg_info
creating controller_manager.egg-info
writing controller_manager.egg-info/PKG-INFO
writing dependency_links to controller_manager.egg-info/dependency_links.txt
writing entry points to controller_manager.egg-info/entry_points.txt
writing top-level names to controller_manager.egg-info/top_level.txt
writing manifest file 'controller_manager.egg-info/SOURCES.txt'
reading manifest file 'controller_manager.egg-info/SOURCES.txt'
writing manifest file 'controller_manager.egg-info/SOURCES.txt'
running egg_info
writing controller_manager.egg-info/PKG-INFO
writing dependency_links to controller_manager.egg-info/dependency_links.txt
writing entry points to controller_manager.egg-info/entry_points.txt
writing top-level names to controller_manager.egg-info/top_level.txt
reading manifest file 'controller_manager.egg-info/SOURCES.txt'
writing manifest file 'controller_manager.egg-info/SOURCES.txt'
Installing hardware_spawner script to scripts
Installing spawner script to scripts
Installing unspawner script to scripts
[ 11%] Built target ament_cmake_python_build_controller_manager_egg
[ 11%] Built target ament_cmake_python_build_controller_manager_scripts
[ 14%] [32m[1mLinking CXX static library libgmock_main.a[0m
[ 14%] Built target gmock_main
[ 17%] [32m[1mLinking CXX static library libgmock.a[0m
[ 17%] Built target gmock
[ 20%] [32m[1mLinking CXX shared library libcontroller_manager.so[0m
[ 20%] Built target controller_manager
[ 28%] [32mBuilding CXX object CMakeFiles/test_controller.dir/test/test_controller/test_controller.cpp.o[0m
[ 28%] [32mBuilding CXX object CMakeFiles/ros2_control_node.dir/src/ros2_control_node.cpp.o[0m
[ 28%] [32mBuilding CXX object CMakeFiles/test_controller_failed_init.dir/test/test_controller_failed_init/test_controller_failed_init.cpp.o[0m
[ 37%] [32mBuilding CXX object CMakeFiles/test_chainable_controller.dir/test/test_chainable_controller/test_chainable_controller.cpp.o[0m
[ 37%] [32mBuilding CXX object CMakeFiles/test_controller_manager_urdf_passing.dir/test/test_controller_manager_urdf_passing.cpp.o[0m
[ 37%] [32mBuilding CXX object CMakeFiles/test_controller_with_interfaces.dir/test/test_controller_with_interfaces/test_controller_with_interfaces.cpp.o[0m
[ 40%] [32m[1mLinking CXX shared library libtest_controller.so[0m
[ 40%] Built target test_controller
[ 42%] [32mBuilding CXX object CMakeFiles/test_controller_manager_with_namespace.cpp.dir/test/test_controller_manager_with_namespace.cpp.o[0m
[ 45%] [32mBuilding CXX object CMakeFiles/test_hardware_management_srvs.dir/test/test_hardware_management_srvs.cpp.o[0m
[ 48%] [32mBuilding CXX object CMakeFiles/test_spawner_unspawner.dir/test/test_spawner_unspawner.cpp.o[0m
[ 51%] [32mBuilding CXX object CMakeFiles/test_controller_manager.dir/test/test_controller_manager.cpp.o[0m
[ 54%] [32m[1mLinking CXX shared library libtest_controller_with_interfaces.so[0m
[ 57%] [32m[1mLinking CXX shared library libtest_controller_failed_init.so[0m
[ 60%] [32m[1mLinking CXX executable ros2_control_node[0m
[ 60%] Built target test_controller_with_interfaces
[ 60%] Built target test_controller_failed_init
[ 62%] [32mBuilding CXX object CMakeFiles/test_release_interfaces.dir/test/test_release_interfaces.cpp.o[0m
[ 65%] [32mBuilding CXX object CMakeFiles/test_load_controller.dir/test/test_load_controller.cpp.o[0m
[ 65%] Built target ros2_control_node
[ 68%] [32m[1mLinking CXX executable test_controller_manager_urdf_passing[0m
[ 68%] Built target test_controller_manager_urdf_passing
[ 71%] [32m[1mLinking CXX shared library libtest_chainable_controller.so[0m
[ 71%] Built target test_chainable_controller
[ 74%] [32mBuilding CXX object CMakeFiles/test_controllers_chaining_with_controller_manager.dir/test/test_controllers_chaining_with_controller_manager.cpp.o[0m
[ 77%] [32mBuilding CXX object CMakeFiles/test_controller_manager_srvs.dir/test/test_controller_manager_srvs.cpp.o[0m
[ 80%] [32m[1mLinking CXX executable test_controller_manager_with_namespace.cpp[0m
[ 82%] [32m[1mLinking CXX executable test_spawner_unspawner[0m
[ 82%] Built target test_controller_manager_with_namespace.cpp
[ 82%] Built target test_spawner_unspawner
[ 85%] [32m[1mLinking CXX executable test_release_interfaces[0m
[ 85%] Built target test_release_interfaces
[ 88%] [32m[1mLinking CXX executable test_hardware_management_srvs[0m
[ 88%] Built target test_hardware_management_srvs
[ 91%] [32m[1mLinking CXX executable test_controller_manager[0m
[ 91%] Built target test_controller_manager
[ 94%] [32m[1mLinking CXX executable test_load_controller[0m
[ 94%] Built target test_load_controller
[ 97%] [32m[1mLinking CXX executable test_controllers_chaining_with_controller_manager[0m
[ 97%] Built target test_controllers_chaining_with_controller_manager
[100%] [32m[1mLinking CXX executable test_controller_manager_srvs[0m
[100%] Built target test_controller_manager_srvs
-- Install configuration: "Release"
-- Installing: /home/duser/ros2_kortex-ros2ws/install/controller_manager/lib/libcontroller_manager.so
-- Set runtime path of "/home/duser/ros2_kortex-ros2ws/install/controller_manager/lib/libcontroller_manager.so" to ""
-- Installing: /home/duser/ros2_kortex-ros2ws/install/controller_manager/lib/controller_manager/ros2_control_node
-- Set runtime path of "/home/duser/ros2_kortex-ros2ws/install/controller_manager/lib/controller_manager/ros2_control_node" to ""
-- Installing: /home/duser/ros2_kortex-ros2ws/install/controller_manager/include
-- Installing: /home/duser/ros2_kortex-ros2ws/install/controller_manager/include/controller_manager
-- Installing: /home/duser/ros2_kortex-ros2ws/install/controller_manager/include/controller_manager/controller_manager.hpp
-- Installing: /home/duser/ros2_kortex-ros2ws/install/controller_manager/include/controller_manager/visibility_control.h
-- Installing: /home/duser/ros2_kortex-ros2ws/install/controller_manager/include/controller_manager/controller_spec.hpp
-- Installing: /home/duser/ros2_kortex-ros2ws/install/controller_manager/share/controller_manager/test/test_controller/test_controller.xml
-- Installing: /home/duser/ros2_kortex-ros2ws/install/controller_manager/lib/libtest_controller.so
-- Set runtime path of "/home/duser/ros2_kortex-ros2ws/install/controller_manager/lib/libtest_controller.so" to ""
-- Installing: /home/duser/ros2_kortex-ros2ws/install/controller_manager/share/controller_manager/test/test_controller_failed_init/test_controller_failed_init.xml
-- Installing: /home/duser/ros2_kortex-ros2ws/install/controller_manager/lib/libtest_controller_failed_init.so
-- Set runtime path of "/home/duser/ros2_kortex-ros2ws/install/controller_manager/lib/libtest_controller_failed_init.so" to ""
-- Installing: /home/duser/ros2_kortex-ros2ws/install/controller_manager/share/controller_manager/test/test_chainable_controller/test_chainable_controller.xml
-- Installing: /home/duser/ros2_kortex-ros2ws/install/controller_manager/lib/libtest_chainable_controller.so
-- Set runtime path of "/home/duser/ros2_kortex-ros2ws/install/controller_manager/lib/libtest_chainable_controller.so" to ""
-- Installing: /home/duser/ros2_kortex-ros2ws/install/controller_manager/share/controller_manager/test/test_controller_with_interfaces/test_controller_with_interfaces.xml
-- Installing: /home/duser/ros2_kortex-ros2ws/install/controller_manager/lib/libtest_controller_with_interfaces.so
-- Set runtime path of "/home/duser/ros2_kortex-ros2ws/install/controller_manager/lib/libtest_controller_with_interfaces.so" to ""
-- Installing: /home/duser/ros2_kortex-ros2ws/install/controller_manager/share/controller_manager/environment/pythonpath.sh
-- Installing: /home/duser/ros2_kortex-ros2ws/install/controller_manager/share/controller_manager/environment/pythonpath.dsv
-- Installing: /home/duser/ros2_kortex-ros2ws/install/controller_manager/local/lib/python3.10/dist-packages/controller_manager-2.41.0-py3.10.egg-info
-- Installing: /home/duser/ros2_kortex-ros2ws/install/controller_manager/local/lib/python3.10/dist-packages/controller_manager-2.41.0-py3.10.egg-info/dependency_links.txt
-- Installing: /home/duser/ros2_kortex-ros2ws/install/controller_manager/local/lib/python3.10/dist-packages/controller_manager-2.41.0-py3.10.egg-info/SOURCES.txt
-- Installing: /home/duser/ros2_kortex-ros2ws/install/controller_manager/local/lib/python3.10/dist-packages/controller_manager-2.41.0-py3.10.egg-info/entry_points.txt
-- Installing: /home/duser/ros2_kortex-ros2ws/install/controller_manager/local/lib/python3.10/dist-packages/controller_manager-2.41.0-py3.10.egg-info/PKG-INFO
-- Installing: /home/duser/ros2_kortex-ros2ws/install/controller_manager/local/lib/python3.10/dist-packages/controller_manager-2.41.0-py3.10.egg-info/top_level.txt
-- Up-to-date: /home/duser/ros2_kortex-ros2ws/install/controller_manager/lib/controller_manager/
-- Installing: /home/duser/ros2_kortex-ros2ws/install/controller_manager/lib/controller_manager//spawner
-- Installing: /home/duser/ros2_kortex-ros2ws/install/controller_manager/lib/controller_manager//unspawner
-- Installing: /home/duser/ros2_kortex-ros2ws/install/controller_manager/lib/controller_manager//hardware_spawner
-- Installing: /home/duser/ros2_kortex-ros2ws/install/controller_manager/local/lib/python3.10/dist-packages/controller_manager
-- Installing: /home/duser/ros2_kortex-ros2ws/install/controller_manager/local/lib/python3.10/dist-packages/controller_manager/hardware_spawner.py
-- Installing: /home/duser/ros2_kortex-ros2ws/install/controller_manager/local/lib/python3.10/dist-packages/controller_manager/__init__.py
-- Installing: /home/duser/ros2_kortex-ros2ws/install/controller_manager/local/lib/python3.10/dist-packages/controller_manager/launch_utils.py
-- Installing: /home/duser/ros2_kortex-ros2ws/install/controller_manager/local/lib/python3.10/dist-packages/controller_manager/spawner.py
-- Installing: /home/duser/ros2_kortex-ros2ws/install/controller_manager/local/lib/python3.10/dist-packages/controller_manager/unspawner.py
-- Installing: /home/duser/ros2_kortex-ros2ws/install/controller_manager/local/lib/python3.10/dist-packages/controller_manager/controller_manager_services.py
Listing '/home/duser/ros2_kortex-ros2ws/install/controller_manager/local/lib/python3.10/dist-packages/controller_manager'...
Compiling '/home/duser/ros2_kortex-ros2ws/install/controller_manager/local/lib/python3.10/dist-packages/controller_manager/__init__.py'...
Compiling '/home/duser/ros2_kortex-ros2ws/install/controller_manager/local/lib/python3.10/dist-packages/controller_manager/controller_manager_services.py'...
Compiling '/home/duser/ros2_kortex-ros2ws/install/controller_manager/local/lib/python3.10/dist-packages/controller_manager/hardware_spawner.py'...
Compiling '/home/duser/ros2_kortex-ros2ws/install/controller_manager/local/lib/python3.10/dist-packages/controller_manager/launch_utils.py'...
Compiling '/home/duser/ros2_kortex-ros2ws/install/controller_manager/local/lib/python3.10/dist-packages/controller_manager/spawner.py'...
Compiling '/home/duser/ros2_kortex-ros2ws/install/controller_manager/local/lib/python3.10/dist-packages/controller_manager/unspawner.py'...
-- Installing: /home/duser/ros2_kortex-ros2ws/install/controller_manager/share/controller_manager/environment/library_path.sh
-- Installing: /home/duser/ros2_kortex-ros2ws/install/controller_manager/share/controller_manager/environment/library_path.dsv
-- Installing: /home/duser/ros2_kortex-ros2ws/install/controller_manager/share/ament_index/resource_index/package_run_dependencies/controller_manager
-- Installing: /home/duser/ros2_kortex-ros2ws/install/controller_manager/share/ament_index/resource_index/parent_prefix_path/controller_manager
-- Installing: /home/duser/ros2_kortex-ros2ws/install/controller_manager/share/controller_manager/environment/ament_prefix_path.sh
-- Installing: /home/duser/ros2_kortex-ros2ws/install/controller_manager/share/controller_manager/environment/ament_prefix_path.dsv
-- Installing: /home/duser/ros2_kortex-ros2ws/install/controller_manager/share/controller_manager/environment/path.sh
-- Installing: /home/duser/ros2_kortex-ros2ws/install/controller_manager/share/controller_manager/environment/path.dsv
-- Installing: /home/duser/ros2_kortex-ros2ws/install/controller_manager/share/controller_manager/local_setup.bash
-- Installing: /home/duser/ros2_kortex-ros2ws/install/controller_manager/share/controller_manager/local_setup.sh
-- Installing: /home/duser/ros2_kortex-ros2ws/install/controller_manager/share/controller_manager/local_setup.zsh
-- Installing: /home/duser/ros2_kortex-ros2ws/install/controller_manager/share/controller_manager/local_setup.dsv
-- Installing: /home/duser/ros2_kortex-ros2ws/install/controller_manager/share/controller_manager/package.dsv
-- Installing: /home/duser/ros2_kortex-ros2ws/install/controller_manager/share/ament_index/resource_index/packages/controller_manager
-- Installing: /home/duser/ros2_kortex-ros2ws/install/controller_manager/share/ament_index/resource_index/controller_interface__pluginlib__plugin/controller_manager
-- Installing: /home/duser/ros2_kortex-ros2ws/install/controller_manager/share/controller_manager/cmake/ament_cmake_export_libraries-extras.cmake
-- Installing: /home/duser/ros2_kortex-ros2ws/install/controller_manager/share/controller_manager/cmake/ament_cmake_export_include_directories-extras.cmake
-- Installing: /home/duser/ros2_kortex-ros2ws/install/controller_manager/share/controller_manager/cmake/ament_cmake_export_dependencies-extras.cmake
-- Installing: /home/duser/ros2_kortex-ros2ws/install/controller_manager/share/controller_manager/cmake/controller_managerConfig.cmake
-- Installing: /home/duser/ros2_kortex-ros2ws/install/controller_manager/share/controller_manager/cmake/controller_managerConfig-version.cmake
-- Installing: /home/duser/ros2_kortex-ros2ws/install/controller_manager/share/controller_manager/package.xml
