[0.046s] Invoking command in '/home/duser/ros2_kortex-ros2ws/build/controller_manager': AMENT_PREFIX_PATH=/home/duser/ros2_kortex-ros2ws/install/hardware_interface_testing:/home/duser/ros2_kortex-ros2ws/install/controller_interface:/home/duser/ros2_kortex-ros2ws/install/hardware_interface:/home/duser/ros2_kortex-ros2ws/install/controller_manager_msgs:/home/duser/ros2_kortex-ros2ws/install/control_msgs:${AMENT_PREFIX_PATH} CMAKE_PREFIX_PATH=/home/duser/ros2_kortex-ros2ws/install/hardware_interface_testing:/home/duser/ros2_kortex-ros2ws/install/controller_interface:/home/duser/ros2_kortex-ros2ws/install/hardware_interface:/home/duser/ros2_kortex-ros2ws/install/ros2_control_test_assets:/home/duser/ros2_kortex-ros2ws/install/controller_manager_msgs:/home/duser/ros2_kortex-ros2ws/install/control_msgs:/home/duser/ros2_kortex-ros2ws/install/serial:/home/duser/ros2_kortex-ros2ws/install/kortex_api:/opt/ros/humble LD_LIBRARY_PATH=/home/duser/ros2_kortex-ros2ws/install/hardware_interface_testing/lib:/home/duser/ros2_kortex-ros2ws/install/controller_interface/lib:/home/duser/ros2_kortex-ros2ws/install/hardware_interface/lib:/home/duser/ros2_kortex-ros2ws/install/controller_manager_msgs/lib:/home/duser/ros2_kortex-ros2ws/install/control_msgs/lib:${LD_LIBRARY_PATH} PYTHONPATH=/home/duser/ros2_kortex-ros2ws/install/controller_manager_msgs/local/lib/python3.10/dist-packages:/home/duser/ros2_kortex-ros2ws/install/control_msgs/local/lib/python3.10/dist-packages:${PYTHONPATH} /usr/bin/cmake --build /home/duser/ros2_kortex-ros2ws/build/controller_manager -- -j12 -l12
[0.157s] [  2%] [32mBuilding CXX object gmock/CMakeFiles/gmock_main.dir/src/gmock_main.cc.o[0m
[0.157s] [  5%] [32mBuilding CXX object gmock/CMakeFiles/gmock.dir/src/gmock-all.cc.o[0m
[0.161s] [  8%] [32mBuilding CXX object gmock/CMakeFiles/gmock.dir/opt/ros/humble/src/gtest_vendor/src/gtest-all.cc.o[0m
[0.163s] [ 11%] [32mBuilding CXX object CMakeFiles/controller_manager.dir/src/controller_manager.cpp.o[0m
[0.176s] [ 11%] Built target ament_cmake_python_copy_controller_manager
[0.176s] [ 11%] Built target ament_cmake_python_copy_controller_manager_setup
[0.516s] running install_scripts
[0.550s] running egg_info
[0.551s] creating controller_manager.egg-info
[0.551s] writing controller_manager.egg-info/PKG-INFO
[0.552s] writing dependency_links to controller_manager.egg-info/dependency_links.txt
[0.552s] writing entry points to controller_manager.egg-info/entry_points.txt
[0.552s] writing top-level names to controller_manager.egg-info/top_level.txt
[0.553s] writing manifest file 'controller_manager.egg-info/SOURCES.txt'
[0.557s] reading manifest file 'controller_manager.egg-info/SOURCES.txt'
[0.557s] writing manifest file 'controller_manager.egg-info/SOURCES.txt'
[0.560s] running egg_info
[0.562s] writing controller_manager.egg-info/PKG-INFO
[0.562s] writing dependency_links to controller_manager.egg-info/dependency_links.txt
[0.563s] writing entry points to controller_manager.egg-info/entry_points.txt
[0.563s] writing top-level names to controller_manager.egg-info/top_level.txt
[0.567s] reading manifest file 'controller_manager.egg-info/SOURCES.txt'
[0.569s] writing manifest file 'controller_manager.egg-info/SOURCES.txt'
[0.571s] Installing hardware_spawner script to scripts
[0.572s] Installing spawner script to scripts
[0.572s] Installing unspawner script to scripts
[0.631s] [ 11%] Built target ament_cmake_python_build_controller_manager_egg
[0.669s] [ 11%] Built target ament_cmake_python_build_controller_manager_scripts
[1.952s] [ 14%] [32m[1mLinking CXX static library libgmock_main.a[0m
[2.018s] [ 14%] Built target gmock_main
[9.261s] [ 17%] [32m[1mLinking CXX static library libgmock.a[0m
[9.341s] [ 17%] Built target gmock
[28.292s] [ 20%] [32m[1mLinking CXX shared library libcontroller_manager.so[0m
[28.609s] [ 20%] Built target controller_manager
[28.639s] [ 28%] [32mBuilding CXX object CMakeFiles/test_controller.dir/test/test_controller/test_controller.cpp.o[0m
[28.639s] [ 28%] [32mBuilding CXX object CMakeFiles/ros2_control_node.dir/src/ros2_control_node.cpp.o[0m
[28.639s] [ 28%] [32mBuilding CXX object CMakeFiles/test_controller_failed_init.dir/test/test_controller_failed_init/test_controller_failed_init.cpp.o[0m
[28.640s] [ 37%] [32mBuilding CXX object CMakeFiles/test_chainable_controller.dir/test/test_chainable_controller/test_chainable_controller.cpp.o[0m
[28.640s] [ 37%] [32mBuilding CXX object CMakeFiles/test_controller_manager_urdf_passing.dir/test/test_controller_manager_urdf_passing.cpp.o[0m
[28.640s] [ 37%] [32mBuilding CXX object CMakeFiles/test_controller_with_interfaces.dir/test/test_controller_with_interfaces/test_controller_with_interfaces.cpp.o[0m
[32.875s] [ 40%] [32m[1mLinking CXX shared library libtest_controller.so[0m
[33.134s] [ 40%] Built target test_controller
[33.180s] [ 42%] [32mBuilding CXX object CMakeFiles/test_controller_manager_with_namespace.cpp.dir/test/test_controller_manager_with_namespace.cpp.o[0m
[33.185s] [ 45%] [32mBuilding CXX object CMakeFiles/test_hardware_management_srvs.dir/test/test_hardware_management_srvs.cpp.o[0m
[33.185s] [ 48%] [32mBuilding CXX object CMakeFiles/test_spawner_unspawner.dir/test/test_spawner_unspawner.cpp.o[0m
[33.186s] [ 51%] [32mBuilding CXX object CMakeFiles/test_controller_manager.dir/test/test_controller_manager.cpp.o[0m
[33.791s] [ 54%] [32m[1mLinking CXX shared library libtest_controller_with_interfaces.so[0m
[33.823s] [ 57%] [32m[1mLinking CXX shared library libtest_controller_failed_init.so[0m
[33.839s] [ 60%] [32m[1mLinking CXX executable ros2_control_node[0m
[34.072s] [ 60%] Built target test_controller_with_interfaces
[34.101s] [ 60%] Built target test_controller_failed_init
[34.119s] [ 62%] [32mBuilding CXX object CMakeFiles/test_release_interfaces.dir/test/test_release_interfaces.cpp.o[0m
[34.148s] [ 65%] [32mBuilding CXX object CMakeFiles/test_load_controller.dir/test/test_load_controller.cpp.o[0m
[34.273s] [ 65%] Built target ros2_control_node
[37.636s] [ 68%] [32m[1mLinking CXX executable test_controller_manager_urdf_passing[0m
[38.573s] [ 68%] Built target test_controller_manager_urdf_passing
[43.159s] [ 71%] [32m[1mLinking CXX shared library libtest_chainable_controller.so[0m
[43.638s] [ 71%] Built target test_chainable_controller
[43.691s] [ 74%] [32mBuilding CXX object CMakeFiles/test_controllers_chaining_with_controller_manager.dir/test/test_controllers_chaining_with_controller_manager.cpp.o[0m
[43.696s] [ 77%] [32mBuilding CXX object CMakeFiles/test_controller_manager_srvs.dir/test/test_controller_manager_srvs.cpp.o[0m
[44.515s] [ 80%] [32m[1mLinking CXX executable test_controller_manager_with_namespace.cpp[0m
[44.587s] [ 82%] [32m[1mLinking CXX executable test_spawner_unspawner[0m
[45.546s] [ 82%] Built target test_controller_manager_with_namespace.cpp
[45.633s] [ 82%] Built target test_spawner_unspawner
[46.092s] [ 85%] [32m[1mLinking CXX executable test_release_interfaces[0m
[46.672s] [ 85%] Built target test_release_interfaces
[46.854s] [ 88%] [32m[1mLinking CXX executable test_hardware_management_srvs[0m
[47.370s] [ 88%] Built target test_hardware_management_srvs
[48.458s] [ 91%] [32m[1mLinking CXX executable test_controller_manager[0m
[48.886s] [ 91%] Built target test_controller_manager
[49.531s] [ 94%] [32m[1mLinking CXX executable test_load_controller[0m
[49.877s] [ 94%] Built target test_load_controller
[53.819s] [ 97%] [32m[1mLinking CXX executable test_controllers_chaining_with_controller_manager[0m
[54.166s] [ 97%] Built target test_controllers_chaining_with_controller_manager
[62.603s] [100%] [32m[1mLinking CXX executable test_controller_manager_srvs[0m
[63.029s] [100%] Built target test_controller_manager_srvs
[63.093s] Invoked command in '/home/duser/ros2_kortex-ros2ws/build/controller_manager' returned '0': AMENT_PREFIX_PATH=/home/duser/ros2_kortex-ros2ws/install/hardware_interface_testing:/home/duser/ros2_kortex-ros2ws/install/controller_interface:/home/duser/ros2_kortex-ros2ws/install/hardware_interface:/home/duser/ros2_kortex-ros2ws/install/controller_manager_msgs:/home/duser/ros2_kortex-ros2ws/install/control_msgs:${AMENT_PREFIX_PATH} CMAKE_PREFIX_PATH=/home/duser/ros2_kortex-ros2ws/install/hardware_interface_testing:/home/duser/ros2_kortex-ros2ws/install/controller_interface:/home/duser/ros2_kortex-ros2ws/install/hardware_interface:/home/duser/ros2_kortex-ros2ws/install/ros2_control_test_assets:/home/duser/ros2_kortex-ros2ws/install/controller_manager_msgs:/home/duser/ros2_kortex-ros2ws/install/control_msgs:/home/duser/ros2_kortex-ros2ws/install/serial:/home/duser/ros2_kortex-ros2ws/install/kortex_api:/opt/ros/humble LD_LIBRARY_PATH=/home/duser/ros2_kortex-ros2ws/install/hardware_interface_testing/lib:/home/duser/ros2_kortex-ros2ws/install/controller_interface/lib:/home/duser/ros2_kortex-ros2ws/install/hardware_interface/lib:/home/duser/ros2_kortex-ros2ws/install/controller_manager_msgs/lib:/home/duser/ros2_kortex-ros2ws/install/control_msgs/lib:${LD_LIBRARY_PATH} PYTHONPATH=/home/duser/ros2_kortex-ros2ws/install/controller_manager_msgs/local/lib/python3.10/dist-packages:/home/duser/ros2_kortex-ros2ws/install/control_msgs/local/lib/python3.10/dist-packages:${PYTHONPATH} /usr/bin/cmake --build /home/duser/ros2_kortex-ros2ws/build/controller_manager -- -j12 -l12
[63.228s] Invoking command in '/home/duser/ros2_kortex-ros2ws/build/controller_manager': AMENT_PREFIX_PATH=/home/duser/ros2_kortex-ros2ws/install/hardware_interface_testing:/home/duser/ros2_kortex-ros2ws/install/controller_interface:/home/duser/ros2_kortex-ros2ws/install/hardware_interface:/home/duser/ros2_kortex-ros2ws/install/controller_manager_msgs:/home/duser/ros2_kortex-ros2ws/install/control_msgs:${AMENT_PREFIX_PATH} CMAKE_PREFIX_PATH=/home/duser/ros2_kortex-ros2ws/install/hardware_interface_testing:/home/duser/ros2_kortex-ros2ws/install/controller_interface:/home/duser/ros2_kortex-ros2ws/install/hardware_interface:/home/duser/ros2_kortex-ros2ws/install/ros2_control_test_assets:/home/duser/ros2_kortex-ros2ws/install/controller_manager_msgs:/home/duser/ros2_kortex-ros2ws/install/control_msgs:/home/duser/ros2_kortex-ros2ws/install/serial:/home/duser/ros2_kortex-ros2ws/install/kortex_api:/opt/ros/humble LD_LIBRARY_PATH=/home/duser/ros2_kortex-ros2ws/install/hardware_interface_testing/lib:/home/duser/ros2_kortex-ros2ws/install/controller_interface/lib:/home/duser/ros2_kortex-ros2ws/install/hardware_interface/lib:/home/duser/ros2_kortex-ros2ws/install/controller_manager_msgs/lib:/home/duser/ros2_kortex-ros2ws/install/control_msgs/lib:${LD_LIBRARY_PATH} PYTHONPATH=/home/duser/ros2_kortex-ros2ws/install/controller_manager_msgs/local/lib/python3.10/dist-packages:/home/duser/ros2_kortex-ros2ws/install/control_msgs/local/lib/python3.10/dist-packages:${PYTHONPATH} /usr/bin/cmake --install /home/duser/ros2_kortex-ros2ws/build/controller_manager
[63.238s] -- Install configuration: "Release"
[63.239s] -- Installing: /home/duser/ros2_kortex-ros2ws/install/controller_manager/lib/libcontroller_manager.so
[63.245s] -- Set runtime path of "/home/duser/ros2_kortex-ros2ws/install/controller_manager/lib/libcontroller_manager.so" to ""
[63.245s] -- Installing: /home/duser/ros2_kortex-ros2ws/install/controller_manager/lib/controller_manager/ros2_control_node
[63.245s] -- Set runtime path of "/home/duser/ros2_kortex-ros2ws/install/controller_manager/lib/controller_manager/ros2_control_node" to ""
[63.246s] -- Installing: /home/duser/ros2_kortex-ros2ws/install/controller_manager/include
[63.246s] -- Installing: /home/duser/ros2_kortex-ros2ws/install/controller_manager/include/controller_manager
[63.246s] -- Installing: /home/duser/ros2_kortex-ros2ws/install/controller_manager/include/controller_manager/controller_manager.hpp
[63.246s] -- Installing: /home/duser/ros2_kortex-ros2ws/install/controller_manager/include/controller_manager/visibility_control.h
[63.246s] -- Installing: /home/duser/ros2_kortex-ros2ws/install/controller_manager/include/controller_manager/controller_spec.hpp
[63.247s] -- Installing: /home/duser/ros2_kortex-ros2ws/install/controller_manager/share/controller_manager/test/test_controller/test_controller.xml
[63.247s] -- Installing: /home/duser/ros2_kortex-ros2ws/install/controller_manager/lib/libtest_controller.so
[63.248s] -- Set runtime path of "/home/duser/ros2_kortex-ros2ws/install/controller_manager/lib/libtest_controller.so" to ""
[63.248s] -- Installing: /home/duser/ros2_kortex-ros2ws/install/controller_manager/share/controller_manager/test/test_controller_failed_init/test_controller_failed_init.xml
[63.248s] -- Installing: /home/duser/ros2_kortex-ros2ws/install/controller_manager/lib/libtest_controller_failed_init.so
[63.249s] -- Set runtime path of "/home/duser/ros2_kortex-ros2ws/install/controller_manager/lib/libtest_controller_failed_init.so" to ""
[63.249s] -- Installing: /home/duser/ros2_kortex-ros2ws/install/controller_manager/share/controller_manager/test/test_chainable_controller/test_chainable_controller.xml
[63.249s] -- Installing: /home/duser/ros2_kortex-ros2ws/install/controller_manager/lib/libtest_chainable_controller.so
[63.252s] -- Set runtime path of "/home/duser/ros2_kortex-ros2ws/install/controller_manager/lib/libtest_chainable_controller.so" to ""
[63.252s] -- Installing: /home/duser/ros2_kortex-ros2ws/install/controller_manager/share/controller_manager/test/test_controller_with_interfaces/test_controller_with_interfaces.xml
[63.252s] -- Installing: /home/duser/ros2_kortex-ros2ws/install/controller_manager/lib/libtest_controller_with_interfaces.so
[63.253s] -- Set runtime path of "/home/duser/ros2_kortex-ros2ws/install/controller_manager/lib/libtest_controller_with_interfaces.so" to ""
[63.253s] -- Installing: /home/duser/ros2_kortex-ros2ws/install/controller_manager/share/controller_manager/environment/pythonpath.sh
[63.253s] -- Installing: /home/duser/ros2_kortex-ros2ws/install/controller_manager/share/controller_manager/environment/pythonpath.dsv
[63.253s] -- Installing: /home/duser/ros2_kortex-ros2ws/install/controller_manager/local/lib/python3.10/dist-packages/controller_manager-2.41.0-py3.10.egg-info
[63.254s] -- Installing: /home/duser/ros2_kortex-ros2ws/install/controller_manager/local/lib/python3.10/dist-packages/controller_manager-2.41.0-py3.10.egg-info/dependency_links.txt
[63.254s] -- Installing: /home/duser/ros2_kortex-ros2ws/install/controller_manager/local/lib/python3.10/dist-packages/controller_manager-2.41.0-py3.10.egg-info/SOURCES.txt
[63.254s] -- Installing: /home/duser/ros2_kortex-ros2ws/install/controller_manager/local/lib/python3.10/dist-packages/controller_manager-2.41.0-py3.10.egg-info/entry_points.txt
[63.254s] -- Installing: /home/duser/ros2_kortex-ros2ws/install/controller_manager/local/lib/python3.10/dist-packages/controller_manager-2.41.0-py3.10.egg-info/PKG-INFO
[63.255s] -- Installing: /home/duser/ros2_kortex-ros2ws/install/controller_manager/local/lib/python3.10/dist-packages/controller_manager-2.41.0-py3.10.egg-info/top_level.txt
[63.255s] -- Up-to-date: /home/duser/ros2_kortex-ros2ws/install/controller_manager/lib/controller_manager/
[63.255s] -- Installing: /home/duser/ros2_kortex-ros2ws/install/controller_manager/lib/controller_manager//spawner
[63.255s] -- Installing: /home/duser/ros2_kortex-ros2ws/install/controller_manager/lib/controller_manager//unspawner
[63.255s] -- Installing: /home/duser/ros2_kortex-ros2ws/install/controller_manager/lib/controller_manager//hardware_spawner
[63.256s] -- Installing: /home/duser/ros2_kortex-ros2ws/install/controller_manager/local/lib/python3.10/dist-packages/controller_manager
[63.256s] -- Installing: /home/duser/ros2_kortex-ros2ws/install/controller_manager/local/lib/python3.10/dist-packages/controller_manager/hardware_spawner.py
[63.256s] -- Installing: /home/duser/ros2_kortex-ros2ws/install/controller_manager/local/lib/python3.10/dist-packages/controller_manager/__init__.py
[63.256s] -- Installing: /home/duser/ros2_kortex-ros2ws/install/controller_manager/local/lib/python3.10/dist-packages/controller_manager/launch_utils.py
[63.256s] -- Installing: /home/duser/ros2_kortex-ros2ws/install/controller_manager/local/lib/python3.10/dist-packages/controller_manager/spawner.py
[63.257s] -- Installing: /home/duser/ros2_kortex-ros2ws/install/controller_manager/local/lib/python3.10/dist-packages/controller_manager/unspawner.py
[63.257s] -- Installing: /home/duser/ros2_kortex-ros2ws/install/controller_manager/local/lib/python3.10/dist-packages/controller_manager/controller_manager_services.py
[63.314s] Listing '/home/duser/ros2_kortex-ros2ws/install/controller_manager/local/lib/python3.10/dist-packages/controller_manager'...
[63.314s] Compiling '/home/duser/ros2_kortex-ros2ws/install/controller_manager/local/lib/python3.10/dist-packages/controller_manager/__init__.py'...
[63.314s] Compiling '/home/duser/ros2_kortex-ros2ws/install/controller_manager/local/lib/python3.10/dist-packages/controller_manager/controller_manager_services.py'...
[63.314s] Compiling '/home/duser/ros2_kortex-ros2ws/install/controller_manager/local/lib/python3.10/dist-packages/controller_manager/hardware_spawner.py'...
[63.314s] Compiling '/home/duser/ros2_kortex-ros2ws/install/controller_manager/local/lib/python3.10/dist-packages/controller_manager/launch_utils.py'...
[63.314s] Compiling '/home/duser/ros2_kortex-ros2ws/install/controller_manager/local/lib/python3.10/dist-packages/controller_manager/spawner.py'...
[63.314s] Compiling '/home/duser/ros2_kortex-ros2ws/install/controller_manager/local/lib/python3.10/dist-packages/controller_manager/unspawner.py'...
[63.319s] -- Installing: /home/duser/ros2_kortex-ros2ws/install/controller_manager/share/controller_manager/environment/library_path.sh
[63.320s] -- Installing: /home/duser/ros2_kortex-ros2ws/install/controller_manager/share/controller_manager/environment/library_path.dsv
[63.321s] -- Installing: /home/duser/ros2_kortex-ros2ws/install/controller_manager/share/ament_index/resource_index/package_run_dependencies/controller_manager
[63.321s] -- Installing: /home/duser/ros2_kortex-ros2ws/install/controller_manager/share/ament_index/resource_index/parent_prefix_path/controller_manager
[63.321s] -- Installing: /home/duser/ros2_kortex-ros2ws/install/controller_manager/share/controller_manager/environment/ament_prefix_path.sh
[63.322s] -- Installing: /home/duser/ros2_kortex-ros2ws/install/controller_manager/share/controller_manager/environment/ament_prefix_path.dsv
[63.322s] -- Installing: /home/duser/ros2_kortex-ros2ws/install/controller_manager/share/controller_manager/environment/path.sh
[63.322s] -- Installing: /home/duser/ros2_kortex-ros2ws/install/controller_manager/share/controller_manager/environment/path.dsv
[63.323s] -- Installing: /home/duser/ros2_kortex-ros2ws/install/controller_manager/share/controller_manager/local_setup.bash
[63.323s] -- Installing: /home/duser/ros2_kortex-ros2ws/install/controller_manager/share/controller_manager/local_setup.sh
[63.323s] -- Installing: /home/duser/ros2_kortex-ros2ws/install/controller_manager/share/controller_manager/local_setup.zsh
[63.323s] -- Installing: /home/duser/ros2_kortex-ros2ws/install/controller_manager/share/controller_manager/local_setup.dsv
[63.324s] -- Installing: /home/duser/ros2_kortex-ros2ws/install/controller_manager/share/controller_manager/package.dsv
[63.324s] -- Installing: /home/duser/ros2_kortex-ros2ws/install/controller_manager/share/ament_index/resource_index/packages/controller_manager
[63.325s] -- Installing: /home/duser/ros2_kortex-ros2ws/install/controller_manager/share/ament_index/resource_index/controller_interface__pluginlib__plugin/controller_manager
[63.325s] -- Installing: /home/duser/ros2_kortex-ros2ws/install/controller_manager/share/controller_manager/cmake/ament_cmake_export_libraries-extras.cmake
[63.325s] -- Installing: /home/duser/ros2_kortex-ros2ws/install/controller_manager/share/controller_manager/cmake/ament_cmake_export_include_directories-extras.cmake
[63.326s] -- Installing: /home/duser/ros2_kortex-ros2ws/install/controller_manager/share/controller_manager/cmake/ament_cmake_export_dependencies-extras.cmake
[63.326s] -- Installing: /home/duser/ros2_kortex-ros2ws/install/controller_manager/share/controller_manager/cmake/controller_managerConfig.cmake
[63.326s] -- Installing: /home/duser/ros2_kortex-ros2ws/install/controller_manager/share/controller_manager/cmake/controller_managerConfig-version.cmake
[63.326s] -- Installing: /home/duser/ros2_kortex-ros2ws/install/controller_manager/share/controller_manager/package.xml
[63.341s] Invoked command in '/home/duser/ros2_kortex-ros2ws/build/controller_manager' returned '0': AMENT_PREFIX_PATH=/home/duser/ros2_kortex-ros2ws/install/hardware_interface_testing:/home/duser/ros2_kortex-ros2ws/install/controller_interface:/home/duser/ros2_kortex-ros2ws/install/hardware_interface:/home/duser/ros2_kortex-ros2ws/install/controller_manager_msgs:/home/duser/ros2_kortex-ros2ws/install/control_msgs:${AMENT_PREFIX_PATH} CMAKE_PREFIX_PATH=/home/duser/ros2_kortex-ros2ws/install/hardware_interface_testing:/home/duser/ros2_kortex-ros2ws/install/controller_interface:/home/duser/ros2_kortex-ros2ws/install/hardware_interface:/home/duser/ros2_kortex-ros2ws/install/ros2_control_test_assets:/home/duser/ros2_kortex-ros2ws/install/controller_manager_msgs:/home/duser/ros2_kortex-ros2ws/install/control_msgs:/home/duser/ros2_kortex-ros2ws/install/serial:/home/duser/ros2_kortex-ros2ws/install/kortex_api:/opt/ros/humble LD_LIBRARY_PATH=/home/duser/ros2_kortex-ros2ws/install/hardware_interface_testing/lib:/home/duser/ros2_kortex-ros2ws/install/controller_interface/lib:/home/duser/ros2_kortex-ros2ws/install/hardware_interface/lib:/home/duser/ros2_kortex-ros2ws/install/controller_manager_msgs/lib:/home/duser/ros2_kortex-ros2ws/install/control_msgs/lib:${LD_LIBRARY_PATH} PYTHONPATH=/home/duser/ros2_kortex-ros2ws/install/controller_manager_msgs/local/lib/python3.10/dist-packages:/home/duser/ros2_kortex-ros2ws/install/control_msgs/local/lib/python3.10/dist-packages:${PYTHONPATH} /usr/bin/cmake --install /home/duser/ros2_kortex-ros2ws/build/controller_manager
