[35m[1mConsolidate compiler generated dependencies of target control_msgs__rosidl_generator_c[0m
[  0%] Built target control_msgs__cpp
[35m[1mConsolidate compiler generated dependencies of target control_msgs__rosidl_typesupport_cpp[0m
[35m[1mConsolidate compiler generated dependencies of target control_msgs__rosidl_typesupport_introspection_cpp[0m
[ 13%] Built target control_msgs__rosidl_generator_c
[ 13%] Built target ament_cmake_python_copy_control_msgs
[35m[1mConsolidate compiler generated dependencies of target control_msgs__rosidl_typesupport_fastrtps_cpp[0m
[35m[1mConsolidate compiler generated dependencies of target control_msgs__rosidl_typesupport_introspection_c[0m
[35m[1mConsolidate compiler generated dependencies of target control_msgs__rosidl_typesupport_c[0m
[ 25%] Built target control_msgs__rosidl_typesupport_cpp
[35m[1mConsolidate compiler generated dependencies of target control_msgs__rosidl_typesupport_fastrtps_c[0m
[ 38%] Built target control_msgs__rosidl_typesupport_introspection_cpp
[ 50%] Built target control_msgs__rosidl_typesupport_c
[ 73%] Built target control_msgs__rosidl_typesupport_fastrtps_cpp
[ 74%] Built target control_msgs__rosidl_typesupport_introspection_c
[ 86%] Built target control_msgs__rosidl_typesupport_fastrtps_c
[ 86%] Built target control_msgs
[ 86%] Built target control_msgs__py
[35m[1mConsolidate compiler generated dependencies of target control_msgs__rosidl_generator_py[0m
[ 97%] Built target control_msgs__rosidl_generator_py
[35m[1mConsolidate compiler generated dependencies of target control_msgs__rosidl_typesupport_fastrtps_c__pyext[0m
[35m[1mConsolidate compiler generated dependencies of target control_msgs__rosidl_typesupport_c__pyext[0m
[35m[1mConsolidate compiler generated dependencies of target control_msgs__rosidl_typesupport_introspection_c__pyext[0m
[ 99%] Built target control_msgs__rosidl_typesupport_introspection_c__pyext
[ 99%] Built target control_msgs__rosidl_typesupport_fastrtps_c__pyext
[100%] Built target control_msgs__rosidl_typesupport_c__pyext
running egg_info
writing control_msgs.egg-info/PKG-INFO
writing dependency_links to control_msgs.egg-info/dependency_links.txt
writing top-level names to control_msgs.egg-info/top_level.txt
reading manifest file 'control_msgs.egg-info/SOURCES.txt'
writing manifest file 'control_msgs.egg-info/SOURCES.txt'
[100%] Built target ament_cmake_python_build_control_msgs_egg
-- Install configuration: "Release"
-- Installing: /home/duser/ros2_kortex-ros2ws/install/control_msgs/share/ament_index/resource_index/rosidl_interfaces/control_msgs
-- Installing: /home/duser/ros2_kortex-ros2ws/install/control_msgs/include/control_msgs/control_msgs
-- Installing: /home/duser/ros2_kortex-ros2ws/install/control_msgs/include/control_msgs/control_msgs/msg
-- Installing: /home/duser/ros2_kortex-ros2ws/install/control_msgs/include/control_msgs/control_msgs/msg/joint_trajectory_controller_state.h
-- Installing: /home/duser/ros2_kortex-ros2ws/install/control_msgs/include/control_msgs/control_msgs/msg/single_dof_state.h
-- Installing: /home/duser/ros2_kortex-ros2ws/install/control_msgs/include/control_msgs/control_msgs/msg/rosidl_generator_c__visibility_control.h
-- Installing: /home/duser/ros2_kortex-ros2ws/install/control_msgs/include/control_msgs/control_msgs/msg/admittance_controller_state.h
-- Installing: /home/duser/ros2_kortex-ros2ws/install/control_msgs/include/control_msgs/control_msgs/msg/steering_controller_status.h
-- Installing: /home/duser/ros2_kortex-ros2ws/install/control_msgs/include/control_msgs/control_msgs/msg/joint_jog.h
-- Installing: /home/duser/ros2_kortex-ros2ws/install/control_msgs/include/control_msgs/control_msgs/msg/interface_value.h
-- Installing: /home/duser/ros2_kortex-ros2ws/install/control_msgs/include/control_msgs/control_msgs/msg/joint_tolerance.h
-- Installing: /home/duser/ros2_kortex-ros2ws/install/control_msgs/include/control_msgs/control_msgs/msg/detail
-- Installing: /home/duser/ros2_kortex-ros2ws/install/control_msgs/include/control_msgs/control_msgs/msg/detail/mecanum_drive_controller_state__functions.c
-- Installing: /home/duser/ros2_kortex-ros2ws/install/control_msgs/include/control_msgs/control_msgs/msg/detail/joint_controller_state__type_support.h
-- Installing: /home/duser/ros2_kortex-ros2ws/install/control_msgs/include/control_msgs/control_msgs/msg/detail/mecanum_drive_controller_state__struct.h
-- Installing: /home/duser/ros2_kortex-ros2ws/install/control_msgs/include/control_msgs/control_msgs/msg/detail/joint_tolerance__functions.c
-- Installing: /home/duser/ros2_kortex-ros2ws/install/control_msgs/include/control_msgs/control_msgs/msg/detail/dynamic_joint_state__functions.h
-- Installing: /home/duser/ros2_kortex-ros2ws/install/control_msgs/include/control_msgs/control_msgs/msg/detail/dynamic_joint_state__struct.h
-- Installing: /home/duser/ros2_kortex-ros2ws/install/control_msgs/include/control_msgs/control_msgs/msg/detail/joint_component_tolerance__struct.h
-- Installing: /home/duser/ros2_kortex-ros2ws/install/control_msgs/include/control_msgs/control_msgs/msg/detail/joint_component_tolerance__functions.h
-- Installing: /home/duser/ros2_kortex-ros2ws/install/control_msgs/include/control_msgs/control_msgs/msg/detail/joint_trajectory_controller_state__struct.h
-- Installing: /home/duser/ros2_kortex-ros2ws/install/control_msgs/include/control_msgs/control_msgs/msg/detail/interface_value__type_support.h
-- Installing: /home/duser/ros2_kortex-ros2ws/install/control_msgs/include/control_msgs/control_msgs/msg/detail/multi_dof_command__functions.c
-- Installing: /home/duser/ros2_kortex-ros2ws/install/control_msgs/include/control_msgs/control_msgs/msg/detail/joint_jog__struct.h
-- Installing: /home/duser/ros2_kortex-ros2ws/install/control_msgs/include/control_msgs/control_msgs/msg/detail/joint_jog__functions.c
-- Installing: /home/duser/ros2_kortex-ros2ws/install/control_msgs/include/control_msgs/control_msgs/msg/detail/single_dof_state_stamped__struct.h
-- Installing: /home/duser/ros2_kortex-ros2ws/install/control_msgs/include/control_msgs/control_msgs/msg/detail/single_dof_state__struct.h
-- Installing: /home/duser/ros2_kortex-ros2ws/install/control_msgs/include/control_msgs/control_msgs/msg/detail/joint_controller_state__functions.h
-- Installing: /home/duser/ros2_kortex-ros2ws/install/control_msgs/include/control_msgs/control_msgs/msg/detail/multi_dof_state_stamped__type_support.h
-- Installing: /home/duser/ros2_kortex-ros2ws/install/control_msgs/include/control_msgs/control_msgs/msg/detail/pid_state__type_support.h
-- Installing: /home/duser/ros2_kortex-ros2ws/install/control_msgs/include/control_msgs/control_msgs/msg/detail/interface_value__functions.c
-- Installing: /home/duser/ros2_kortex-ros2ws/install/control_msgs/include/control_msgs/control_msgs/msg/detail/gripper_command__functions.c
-- Installing: /home/duser/ros2_kortex-ros2ws/install/control_msgs/include/control_msgs/control_msgs/msg/detail/pid_state__functions.h
-- Installing: /home/duser/ros2_kortex-ros2ws/install/control_msgs/include/control_msgs/control_msgs/msg/detail/gripper_command__struct.h
-- Installing: /home/duser/ros2_kortex-ros2ws/install/control_msgs/include/control_msgs/control_msgs/msg/detail/dynamic_joint_state__type_support.h
-- Installing: /home/duser/ros2_kortex-ros2ws/install/control_msgs/include/control_msgs/control_msgs/msg/detail/admittance_controller_state__functions.c
-- Installing: /home/duser/ros2_kortex-ros2ws/install/control_msgs/include/control_msgs/control_msgs/msg/detail/admittance_controller_state__functions.h
-- Installing: /home/duser/ros2_kortex-ros2ws/install/control_msgs/include/control_msgs/control_msgs/msg/detail/admittance_controller_state__struct.h
-- Installing: /home/duser/ros2_kortex-ros2ws/install/control_msgs/include/control_msgs/control_msgs/msg/detail/pid_state__struct.h
-- Installing: /home/duser/ros2_kortex-ros2ws/install/control_msgs/include/control_msgs/control_msgs/msg/detail/joint_component_tolerance__functions.c
-- Installing: /home/duser/ros2_kortex-ros2ws/install/control_msgs/include/control_msgs/control_msgs/msg/detail/interface_value__struct.h
-- Installing: /home/duser/ros2_kortex-ros2ws/install/control_msgs/include/control_msgs/control_msgs/msg/detail/single_dof_state__type_support.h
-- Installing: /home/duser/ros2_kortex-ros2ws/install/control_msgs/include/control_msgs/control_msgs/msg/detail/single_dof_state_stamped__functions.h
-- Installing: /home/duser/ros2_kortex-ros2ws/install/control_msgs/include/control_msgs/control_msgs/msg/detail/multi_dof_command__type_support.h
-- Installing: /home/duser/ros2_kortex-ros2ws/install/control_msgs/include/control_msgs/control_msgs/msg/detail/joint_controller_state__struct.h
-- Installing: /home/duser/ros2_kortex-ros2ws/install/control_msgs/include/control_msgs/control_msgs/msg/detail/joint_component_tolerance__type_support.h
-- Installing: /home/duser/ros2_kortex-ros2ws/install/control_msgs/include/control_msgs/control_msgs/msg/detail/dynamic_joint_state__functions.c
-- Installing: /home/duser/ros2_kortex-ros2ws/install/control_msgs/include/control_msgs/control_msgs/msg/detail/pid_state__functions.c
-- Installing: /home/duser/ros2_kortex-ros2ws/install/control_msgs/include/control_msgs/control_msgs/msg/detail/multi_dof_state_stamped__struct.h
-- Installing: /home/duser/ros2_kortex-ros2ws/install/control_msgs/include/control_msgs/control_msgs/msg/detail/gripper_command__functions.h
-- Installing: /home/duser/ros2_kortex-ros2ws/install/control_msgs/include/control_msgs/control_msgs/msg/detail/steering_controller_status__functions.h
-- Installing: /home/duser/ros2_kortex-ros2ws/install/control_msgs/include/control_msgs/control_msgs/msg/detail/mecanum_drive_controller_state__functions.h
-- Installing: /home/duser/ros2_kortex-ros2ws/install/control_msgs/include/control_msgs/control_msgs/msg/detail/multi_dof_state_stamped__functions.c
-- Installing: /home/duser/ros2_kortex-ros2ws/install/control_msgs/include/control_msgs/control_msgs/msg/detail/steering_controller_status__functions.c
-- Installing: /home/duser/ros2_kortex-ros2ws/install/control_msgs/include/control_msgs/control_msgs/msg/detail/joint_trajectory_controller_state__functions.c
-- Installing: /home/duser/ros2_kortex-ros2ws/install/control_msgs/include/control_msgs/control_msgs/msg/detail/single_dof_state_stamped__type_support.h
-- Installing: /home/duser/ros2_kortex-ros2ws/install/control_msgs/include/control_msgs/control_msgs/msg/detail/joint_tolerance__functions.h
-- Installing: /home/duser/ros2_kortex-ros2ws/install/control_msgs/include/control_msgs/control_msgs/msg/detail/interface_value__functions.h
-- Installing: /home/duser/ros2_kortex-ros2ws/install/control_msgs/include/control_msgs/control_msgs/msg/detail/admittance_controller_state__type_support.h
-- Installing: /home/duser/ros2_kortex-ros2ws/install/control_msgs/include/control_msgs/control_msgs/msg/detail/joint_controller_state__functions.c
-- Installing: /home/duser/ros2_kortex-ros2ws/install/control_msgs/include/control_msgs/control_msgs/msg/detail/joint_trajectory_controller_state__functions.h
-- Installing: /home/duser/ros2_kortex-ros2ws/install/control_msgs/include/control_msgs/control_msgs/msg/detail/joint_tolerance__type_support.h
-- Installing: /home/duser/ros2_kortex-ros2ws/install/control_msgs/include/control_msgs/control_msgs/msg/detail/single_dof_state_stamped__functions.c
-- Installing: /home/duser/ros2_kortex-ros2ws/install/control_msgs/include/control_msgs/control_msgs/msg/detail/steering_controller_status__type_support.h
-- Installing: /home/duser/ros2_kortex-ros2ws/install/control_msgs/include/control_msgs/control_msgs/msg/detail/steering_controller_status__struct.h
-- Installing: /home/duser/ros2_kortex-ros2ws/install/control_msgs/include/control_msgs/control_msgs/msg/detail/multi_dof_command__struct.h
-- Installing: /home/duser/ros2_kortex-ros2ws/install/control_msgs/include/control_msgs/control_msgs/msg/detail/joint_jog__functions.h
-- Installing: /home/duser/ros2_kortex-ros2ws/install/control_msgs/include/control_msgs/control_msgs/msg/detail/single_dof_state__functions.c
-- Installing: /home/duser/ros2_kortex-ros2ws/install/control_msgs/include/control_msgs/control_msgs/msg/detail/joint_trajectory_controller_state__type_support.h
-- Installing: /home/duser/ros2_kortex-ros2ws/install/control_msgs/include/control_msgs/control_msgs/msg/detail/multi_dof_command__functions.h
-- Installing: /home/duser/ros2_kortex-ros2ws/install/control_msgs/include/control_msgs/control_msgs/msg/detail/single_dof_state__functions.h
-- Installing: /home/duser/ros2_kortex-ros2ws/install/control_msgs/include/control_msgs/control_msgs/msg/detail/joint_jog__type_support.h
-- Installing: /home/duser/ros2_kortex-ros2ws/install/control_msgs/include/control_msgs/control_msgs/msg/detail/joint_tolerance__struct.h
-- Installing: /home/duser/ros2_kortex-ros2ws/install/control_msgs/include/control_msgs/control_msgs/msg/detail/mecanum_drive_controller_state__type_support.h
-- Installing: /home/duser/ros2_kortex-ros2ws/install/control_msgs/include/control_msgs/control_msgs/msg/detail/multi_dof_state_stamped__functions.h
-- Installing: /home/duser/ros2_kortex-ros2ws/install/control_msgs/include/control_msgs/control_msgs/msg/detail/gripper_command__type_support.h
-- Installing: /home/duser/ros2_kortex-ros2ws/install/control_msgs/include/control_msgs/control_msgs/msg/multi_dof_command.h
-- Installing: /home/duser/ros2_kortex-ros2ws/install/control_msgs/include/control_msgs/control_msgs/msg/joint_component_tolerance.h
-- Installing: /home/duser/ros2_kortex-ros2ws/install/control_msgs/include/control_msgs/control_msgs/msg/gripper_command.h
-- Installing: /home/duser/ros2_kortex-ros2ws/install/control_msgs/include/control_msgs/control_msgs/msg/mecanum_drive_controller_state.h
-- Installing: /home/duser/ros2_kortex-ros2ws/install/control_msgs/include/control_msgs/control_msgs/msg/dynamic_joint_state.h
-- Installing: /home/duser/ros2_kortex-ros2ws/install/control_msgs/include/control_msgs/control_msgs/msg/single_dof_state_stamped.h
-- Installing: /home/duser/ros2_kortex-ros2ws/install/control_msgs/include/control_msgs/control_msgs/msg/pid_state.h
-- Installing: /home/duser/ros2_kortex-ros2ws/install/control_msgs/include/control_msgs/control_msgs/msg/multi_dof_state_stamped.h
-- Installing: /home/duser/ros2_kortex-ros2ws/install/control_msgs/include/control_msgs/control_msgs/msg/joint_controller_state.h
-- Installing: /home/duser/ros2_kortex-ros2ws/install/control_msgs/include/control_msgs/control_msgs/action
-- Installing: /home/duser/ros2_kortex-ros2ws/install/control_msgs/include/control_msgs/control_msgs/action/single_joint_position.h
-- Installing: /home/duser/ros2_kortex-ros2ws/install/control_msgs/include/control_msgs/control_msgs/action/point_head.h
-- Installing: /home/duser/ros2_kortex-ros2ws/install/control_msgs/include/control_msgs/control_msgs/action/follow_joint_trajectory.h
-- Installing: /home/duser/ros2_kortex-ros2ws/install/control_msgs/include/control_msgs/control_msgs/action/detail
-- Installing: /home/duser/ros2_kortex-ros2ws/install/control_msgs/include/control_msgs/control_msgs/action/detail/joint_trajectory__type_support.h
-- Installing: /home/duser/ros2_kortex-ros2ws/install/control_msgs/include/control_msgs/control_msgs/action/detail/point_head__type_support.h
-- Installing: /home/duser/ros2_kortex-ros2ws/install/control_msgs/include/control_msgs/control_msgs/action/detail/parallel_gripper_command__functions.c
-- Installing: /home/duser/ros2_kortex-ros2ws/install/control_msgs/include/control_msgs/control_msgs/action/detail/joint_trajectory__functions.h
-- Installing: /home/duser/ros2_kortex-ros2ws/install/control_msgs/include/control_msgs/control_msgs/action/detail/point_head__functions.h
-- Installing: /home/duser/ros2_kortex-ros2ws/install/control_msgs/include/control_msgs/control_msgs/action/detail/single_joint_position__type_support.h
-- Installing: /home/duser/ros2_kortex-ros2ws/install/control_msgs/include/control_msgs/control_msgs/action/detail/follow_joint_trajectory__struct.h
-- Installing: /home/duser/ros2_kortex-ros2ws/install/control_msgs/include/control_msgs/control_msgs/action/detail/gripper_command__functions.c
-- Installing: /home/duser/ros2_kortex-ros2ws/install/control_msgs/include/control_msgs/control_msgs/action/detail/single_joint_position__struct.h
-- Installing: /home/duser/ros2_kortex-ros2ws/install/control_msgs/include/control_msgs/control_msgs/action/detail/gripper_command__struct.h
-- Installing: /home/duser/ros2_kortex-ros2ws/install/control_msgs/include/control_msgs/control_msgs/action/detail/single_joint_position__functions.h
-- Installing: /home/duser/ros2_kortex-ros2ws/install/control_msgs/include/control_msgs/control_msgs/action/detail/point_head__struct.h
-- Installing: /home/duser/ros2_kortex-ros2ws/install/control_msgs/include/control_msgs/control_msgs/action/detail/follow_joint_trajectory__type_support.h
-- Installing: /home/duser/ros2_kortex-ros2ws/install/control_msgs/include/control_msgs/control_msgs/action/detail/point_head__functions.c
-- Installing: /home/duser/ros2_kortex-ros2ws/install/control_msgs/include/control_msgs/control_msgs/action/detail/follow_joint_trajectory__functions.c
-- Installing: /home/duser/ros2_kortex-ros2ws/install/control_msgs/include/control_msgs/control_msgs/action/detail/gripper_command__functions.h
-- Installing: /home/duser/ros2_kortex-ros2ws/install/control_msgs/include/control_msgs/control_msgs/action/detail/follow_joint_trajectory__functions.h
-- Installing: /home/duser/ros2_kortex-ros2ws/install/control_msgs/include/control_msgs/control_msgs/action/detail/parallel_gripper_command__type_support.h
-- Installing: /home/duser/ros2_kortex-ros2ws/install/control_msgs/include/control_msgs/control_msgs/action/detail/single_joint_position__functions.c
-- Installing: /home/duser/ros2_kortex-ros2ws/install/control_msgs/include/control_msgs/control_msgs/action/detail/joint_trajectory__struct.h
-- Installing: /home/duser/ros2_kortex-ros2ws/install/control_msgs/include/control_msgs/control_msgs/action/detail/parallel_gripper_command__functions.h
-- Installing: /home/duser/ros2_kortex-ros2ws/install/control_msgs/include/control_msgs/control_msgs/action/detail/joint_trajectory__functions.c
-- Installing: /home/duser/ros2_kortex-ros2ws/install/control_msgs/include/control_msgs/control_msgs/action/detail/gripper_command__type_support.h
-- Installing: /home/duser/ros2_kortex-ros2ws/install/control_msgs/include/control_msgs/control_msgs/action/detail/parallel_gripper_command__struct.h
-- Installing: /home/duser/ros2_kortex-ros2ws/install/control_msgs/include/control_msgs/control_msgs/action/gripper_command.h
-- Installing: /home/duser/ros2_kortex-ros2ws/install/control_msgs/include/control_msgs/control_msgs/action/parallel_gripper_command.h
-- Installing: /home/duser/ros2_kortex-ros2ws/install/control_msgs/include/control_msgs/control_msgs/action/joint_trajectory.h
-- Installing: /home/duser/ros2_kortex-ros2ws/install/control_msgs/include/control_msgs/control_msgs/srv
-- Installing: /home/duser/ros2_kortex-ros2ws/install/control_msgs/include/control_msgs/control_msgs/srv/query_calibration_state.h
-- Installing: /home/duser/ros2_kortex-ros2ws/install/control_msgs/include/control_msgs/control_msgs/srv/detail
-- Installing: /home/duser/ros2_kortex-ros2ws/install/control_msgs/include/control_msgs/control_msgs/srv/detail/query_calibration_state__struct.h
-- Installing: /home/duser/ros2_kortex-ros2ws/install/control_msgs/include/control_msgs/control_msgs/srv/detail/query_trajectory_state__type_support.h
-- Installing: /home/duser/ros2_kortex-ros2ws/install/control_msgs/include/control_msgs/control_msgs/srv/detail/query_trajectory_state__struct.h
-- Installing: /home/duser/ros2_kortex-ros2ws/install/control_msgs/include/control_msgs/control_msgs/srv/detail/query_calibration_state__functions.h
-- Installing: /home/duser/ros2_kortex-ros2ws/install/control_msgs/include/control_msgs/control_msgs/srv/detail/query_trajectory_state__functions.c
-- Installing: /home/duser/ros2_kortex-ros2ws/install/control_msgs/include/control_msgs/control_msgs/srv/detail/query_calibration_state__functions.c
-- Installing: /home/duser/ros2_kortex-ros2ws/install/control_msgs/include/control_msgs/control_msgs/srv/detail/query_calibration_state__type_support.h
-- Installing: /home/duser/ros2_kortex-ros2ws/install/control_msgs/include/control_msgs/control_msgs/srv/detail/query_trajectory_state__functions.h
-- Installing: /home/duser/ros2_kortex-ros2ws/install/control_msgs/include/control_msgs/control_msgs/srv/query_trajectory_state.h
-- Installing: /home/duser/ros2_kortex-ros2ws/install/control_msgs/share/control_msgs/environment/library_path.sh
-- Installing: /home/duser/ros2_kortex-ros2ws/install/control_msgs/share/control_msgs/environment/library_path.dsv
-- Installing: /home/duser/ros2_kortex-ros2ws/install/control_msgs/lib/libcontrol_msgs__rosidl_generator_c.so
-- Set runtime path of "/home/duser/ros2_kortex-ros2ws/install/control_msgs/lib/libcontrol_msgs__rosidl_generator_c.so" to ""
-- Up-to-date: /home/duser/ros2_kortex-ros2ws/install/control_msgs/include/control_msgs/control_msgs
-- Up-to-date: /home/duser/ros2_kortex-ros2ws/install/control_msgs/include/control_msgs/control_msgs/msg
-- Up-to-date: /home/duser/ros2_kortex-ros2ws/install/control_msgs/include/control_msgs/control_msgs/msg/detail
-- Installing: /home/duser/ros2_kortex-ros2ws/install/control_msgs/include/control_msgs/control_msgs/msg/detail/multi_dof_command__rosidl_typesupport_fastrtps_c.h
-- Installing: /home/duser/ros2_kortex-ros2ws/install/control_msgs/include/control_msgs/control_msgs/msg/detail/joint_component_tolerance__rosidl_typesupport_fastrtps_c.h
-- Installing: /home/duser/ros2_kortex-ros2ws/install/control_msgs/include/control_msgs/control_msgs/msg/detail/joint_tolerance__rosidl_typesupport_fastrtps_c.h
-- Installing: /home/duser/ros2_kortex-ros2ws/install/control_msgs/include/control_msgs/control_msgs/msg/detail/single_dof_state_stamped__rosidl_typesupport_fastrtps_c.h
-- Installing: /home/duser/ros2_kortex-ros2ws/install/control_msgs/include/control_msgs/control_msgs/msg/detail/joint_controller_state__rosidl_typesupport_fastrtps_c.h
-- Installing: /home/duser/ros2_kortex-ros2ws/install/control_msgs/include/control_msgs/control_msgs/msg/detail/joint_jog__rosidl_typesupport_fastrtps_c.h
-- Installing: /home/duser/ros2_kortex-ros2ws/install/control_msgs/include/control_msgs/control_msgs/msg/detail/pid_state__rosidl_typesupport_fastrtps_c.h
-- Installing: /home/duser/ros2_kortex-ros2ws/install/control_msgs/include/control_msgs/control_msgs/msg/detail/joint_trajectory_controller_state__rosidl_typesupport_fastrtps_c.h
-- Installing: /home/duser/ros2_kortex-ros2ws/install/control_msgs/include/control_msgs/control_msgs/msg/detail/mecanum_drive_controller_state__rosidl_typesupport_fastrtps_c.h
-- Installing: /home/duser/ros2_kortex-ros2ws/install/control_msgs/include/control_msgs/control_msgs/msg/detail/gripper_command__rosidl_typesupport_fastrtps_c.h
-- Installing: /home/duser/ros2_kortex-ros2ws/install/control_msgs/include/control_msgs/control_msgs/msg/detail/steering_controller_status__rosidl_typesupport_fastrtps_c.h
-- Installing: /home/duser/ros2_kortex-ros2ws/install/control_msgs/include/control_msgs/control_msgs/msg/detail/interface_value__rosidl_typesupport_fastrtps_c.h
-- Installing: /home/duser/ros2_kortex-ros2ws/install/control_msgs/include/control_msgs/control_msgs/msg/detail/single_dof_state__rosidl_typesupport_fastrtps_c.h
-- Installing: /home/duser/ros2_kortex-ros2ws/install/control_msgs/include/control_msgs/control_msgs/msg/detail/dynamic_joint_state__rosidl_typesupport_fastrtps_c.h
-- Installing: /home/duser/ros2_kortex-ros2ws/install/control_msgs/include/control_msgs/control_msgs/msg/detail/admittance_controller_state__rosidl_typesupport_fastrtps_c.h
-- Installing: /home/duser/ros2_kortex-ros2ws/install/control_msgs/include/control_msgs/control_msgs/msg/detail/multi_dof_state_stamped__rosidl_typesupport_fastrtps_c.h
-- Installing: /home/duser/ros2_kortex-ros2ws/install/control_msgs/include/control_msgs/control_msgs/msg/rosidl_typesupport_fastrtps_c__visibility_control.h
-- Up-to-date: /home/duser/ros2_kortex-ros2ws/install/control_msgs/include/control_msgs/control_msgs/action
-- Up-to-date: /home/duser/ros2_kortex-ros2ws/install/control_msgs/include/control_msgs/control_msgs/action/detail
-- Installing: /home/duser/ros2_kortex-ros2ws/install/control_msgs/include/control_msgs/control_msgs/action/detail/joint_trajectory__rosidl_typesupport_fastrtps_c.h
-- Installing: /home/duser/ros2_kortex-ros2ws/install/control_msgs/include/control_msgs/control_msgs/action/detail/parallel_gripper_command__rosidl_typesupport_fastrtps_c.h
-- Installing: /home/duser/ros2_kortex-ros2ws/install/control_msgs/include/control_msgs/control_msgs/action/detail/gripper_command__rosidl_typesupport_fastrtps_c.h
-- Installing: /home/duser/ros2_kortex-ros2ws/install/control_msgs/include/control_msgs/control_msgs/action/detail/point_head__rosidl_typesupport_fastrtps_c.h
-- Installing: /home/duser/ros2_kortex-ros2ws/install/control_msgs/include/control_msgs/control_msgs/action/detail/single_joint_position__rosidl_typesupport_fastrtps_c.h
-- Installing: /home/duser/ros2_kortex-ros2ws/install/control_msgs/include/control_msgs/control_msgs/action/detail/follow_joint_trajectory__rosidl_typesupport_fastrtps_c.h
-- Up-to-date: /home/duser/ros2_kortex-ros2ws/install/control_msgs/include/control_msgs/control_msgs/srv
-- Up-to-date: /home/duser/ros2_kortex-ros2ws/install/control_msgs/include/control_msgs/control_msgs/srv/detail
-- Installing: /home/duser/ros2_kortex-ros2ws/install/control_msgs/include/control_msgs/control_msgs/srv/detail/query_calibration_state__rosidl_typesupport_fastrtps_c.h
-- Installing: /home/duser/ros2_kortex-ros2ws/install/control_msgs/include/control_msgs/control_msgs/srv/detail/query_trajectory_state__rosidl_typesupport_fastrtps_c.h
-- Installing: /home/duser/ros2_kortex-ros2ws/install/control_msgs/lib/libcontrol_msgs__rosidl_typesupport_fastrtps_c.so
-- Set runtime path of "/home/duser/ros2_kortex-ros2ws/install/control_msgs/lib/libcontrol_msgs__rosidl_typesupport_fastrtps_c.so" to ""
-- Up-to-date: /home/duser/ros2_kortex-ros2ws/install/control_msgs/include/control_msgs/control_msgs
-- Up-to-date: /home/duser/ros2_kortex-ros2ws/install/control_msgs/include/control_msgs/control_msgs/msg
-- Installing: /home/duser/ros2_kortex-ros2ws/install/control_msgs/include/control_msgs/control_msgs/msg/multi_dof_command.hpp
-- Installing: /home/duser/ros2_kortex-ros2ws/install/control_msgs/include/control_msgs/control_msgs/msg/single_dof_state.hpp
-- Installing: /home/duser/ros2_kortex-ros2ws/install/control_msgs/include/control_msgs/control_msgs/msg/gripper_command.hpp
-- Installing: /home/duser/ros2_kortex-ros2ws/install/control_msgs/include/control_msgs/control_msgs/msg/single_dof_state_stamped.hpp
-- Installing: /home/duser/ros2_kortex-ros2ws/install/control_msgs/include/control_msgs/control_msgs/msg/joint_component_tolerance.hpp
-- Installing: /home/duser/ros2_kortex-ros2ws/install/control_msgs/include/control_msgs/control_msgs/msg/joint_jog.hpp
-- Installing: /home/duser/ros2_kortex-ros2ws/install/control_msgs/include/control_msgs/control_msgs/msg/joint_controller_state.hpp
-- Installing: /home/duser/ros2_kortex-ros2ws/install/control_msgs/include/control_msgs/control_msgs/msg/pid_state.hpp
-- Installing: /home/duser/ros2_kortex-ros2ws/install/control_msgs/include/control_msgs/control_msgs/msg/steering_controller_status.hpp
-- Up-to-date: /home/duser/ros2_kortex-ros2ws/install/control_msgs/include/control_msgs/control_msgs/msg/detail
-- Installing: /home/duser/ros2_kortex-ros2ws/install/control_msgs/include/control_msgs/control_msgs/msg/detail/joint_component_tolerance__traits.hpp
-- Installing: /home/duser/ros2_kortex-ros2ws/install/control_msgs/include/control_msgs/control_msgs/msg/detail/single_dof_state_stamped__traits.hpp
-- Installing: /home/duser/ros2_kortex-ros2ws/install/control_msgs/include/control_msgs/control_msgs/msg/detail/joint_trajectory_controller_state__struct.hpp
-- Installing: /home/duser/ros2_kortex-ros2ws/install/control_msgs/include/control_msgs/control_msgs/msg/detail/dynamic_joint_state__traits.hpp
-- Installing: /home/duser/ros2_kortex-ros2ws/install/control_msgs/include/control_msgs/control_msgs/msg/detail/interface_value__struct.hpp
-- Installing: /home/duser/ros2_kortex-ros2ws/install/control_msgs/include/control_msgs/control_msgs/msg/detail/single_dof_state_stamped__struct.hpp
-- Installing: /home/duser/ros2_kortex-ros2ws/install/control_msgs/include/control_msgs/control_msgs/msg/detail/single_dof_state__builder.hpp
-- Installing: /home/duser/ros2_kortex-ros2ws/install/control_msgs/include/control_msgs/control_msgs/msg/detail/multi_dof_state_stamped__struct.hpp
-- Installing: /home/duser/ros2_kortex-ros2ws/install/control_msgs/include/control_msgs/control_msgs/msg/detail/joint_component_tolerance__builder.hpp
-- Installing: /home/duser/ros2_kortex-ros2ws/install/control_msgs/include/control_msgs/control_msgs/msg/detail/steering_controller_status__traits.hpp
-- Installing: /home/duser/ros2_kortex-ros2ws/install/control_msgs/include/control_msgs/control_msgs/msg/detail/multi_dof_state_stamped__builder.hpp
-- Installing: /home/duser/ros2_kortex-ros2ws/install/control_msgs/include/control_msgs/control_msgs/msg/detail/pid_state__traits.hpp
-- Installing: /home/duser/ros2_kortex-ros2ws/install/control_msgs/include/control_msgs/control_msgs/msg/detail/interface_value__traits.hpp
-- Installing: /home/duser/ros2_kortex-ros2ws/install/control_msgs/include/control_msgs/control_msgs/msg/detail/joint_controller_state__builder.hpp
-- Installing: /home/duser/ros2_kortex-ros2ws/install/control_msgs/include/control_msgs/control_msgs/msg/detail/gripper_command__traits.hpp
-- Installing: /home/duser/ros2_kortex-ros2ws/install/control_msgs/include/control_msgs/control_msgs/msg/detail/joint_trajectory_controller_state__traits.hpp
-- Installing: /home/duser/ros2_kortex-ros2ws/install/control_msgs/include/control_msgs/control_msgs/msg/detail/steering_controller_status__builder.hpp
-- Installing: /home/duser/ros2_kortex-ros2ws/install/control_msgs/include/control_msgs/control_msgs/msg/detail/joint_tolerance__builder.hpp
-- Installing: /home/duser/ros2_kortex-ros2ws/install/control_msgs/include/control_msgs/control_msgs/msg/detail/steering_controller_status__struct.hpp
-- Installing: /home/duser/ros2_kortex-ros2ws/install/control_msgs/include/control_msgs/control_msgs/msg/detail/joint_controller_state__struct.hpp
-- Installing: /home/duser/ros2_kortex-ros2ws/install/control_msgs/include/control_msgs/control_msgs/msg/detail/multi_dof_state_stamped__traits.hpp
-- Installing: /home/duser/ros2_kortex-ros2ws/install/control_msgs/include/control_msgs/control_msgs/msg/detail/mecanum_drive_controller_state__builder.hpp
-- Installing: /home/duser/ros2_kortex-ros2ws/install/control_msgs/include/control_msgs/control_msgs/msg/detail/admittance_controller_state__traits.hpp
-- Installing: /home/duser/ros2_kortex-ros2ws/install/control_msgs/include/control_msgs/control_msgs/msg/detail/admittance_controller_state__struct.hpp
-- Installing: /home/duser/ros2_kortex-ros2ws/install/control_msgs/include/control_msgs/control_msgs/msg/detail/joint_jog__struct.hpp
-- Installing: /home/duser/ros2_kortex-ros2ws/install/control_msgs/include/control_msgs/control_msgs/msg/detail/joint_trajectory_controller_state__builder.hpp
-- Installing: /home/duser/ros2_kortex-ros2ws/install/control_msgs/include/control_msgs/control_msgs/msg/detail/joint_jog__builder.hpp
-- Installing: /home/duser/ros2_kortex-ros2ws/install/control_msgs/include/control_msgs/control_msgs/msg/detail/joint_component_tolerance__struct.hpp
-- Installing: /home/duser/ros2_kortex-ros2ws/install/control_msgs/include/control_msgs/control_msgs/msg/detail/pid_state__struct.hpp
-- Installing: /home/duser/ros2_kortex-ros2ws/install/control_msgs/include/control_msgs/control_msgs/msg/detail/joint_tolerance__struct.hpp
-- Installing: /home/duser/ros2_kortex-ros2ws/install/control_msgs/include/control_msgs/control_msgs/msg/detail/single_dof_state__struct.hpp
-- Installing: /home/duser/ros2_kortex-ros2ws/install/control_msgs/include/control_msgs/control_msgs/msg/detail/mecanum_drive_controller_state__traits.hpp
-- Installing: /home/duser/ros2_kortex-ros2ws/install/control_msgs/include/control_msgs/control_msgs/msg/detail/mecanum_drive_controller_state__struct.hpp
-- Installing: /home/duser/ros2_kortex-ros2ws/install/control_msgs/include/control_msgs/control_msgs/msg/detail/single_dof_state__traits.hpp
-- Installing: /home/duser/ros2_kortex-ros2ws/install/control_msgs/include/control_msgs/control_msgs/msg/detail/single_dof_state_stamped__builder.hpp
-- Installing: /home/duser/ros2_kortex-ros2ws/install/control_msgs/include/control_msgs/control_msgs/msg/detail/admittance_controller_state__builder.hpp
-- Installing: /home/duser/ros2_kortex-ros2ws/install/control_msgs/include/control_msgs/control_msgs/msg/detail/pid_state__builder.hpp
-- Installing: /home/duser/ros2_kortex-ros2ws/install/control_msgs/include/control_msgs/control_msgs/msg/detail/dynamic_joint_state__struct.hpp
-- Installing: /home/duser/ros2_kortex-ros2ws/install/control_msgs/include/control_msgs/control_msgs/msg/detail/joint_controller_state__traits.hpp
-- Installing: /home/duser/ros2_kortex-ros2ws/install/control_msgs/include/control_msgs/control_msgs/msg/detail/gripper_command__builder.hpp
-- Installing: /home/duser/ros2_kortex-ros2ws/install/control_msgs/include/control_msgs/control_msgs/msg/detail/joint_tolerance__traits.hpp
-- Installing: /home/duser/ros2_kortex-ros2ws/install/control_msgs/include/control_msgs/control_msgs/msg/detail/interface_value__builder.hpp
-- Installing: /home/duser/ros2_kortex-ros2ws/install/control_msgs/include/control_msgs/control_msgs/msg/detail/dynamic_joint_state__builder.hpp
-- Installing: /home/duser/ros2_kortex-ros2ws/install/control_msgs/include/control_msgs/control_msgs/msg/detail/multi_dof_command__struct.hpp
-- Installing: /home/duser/ros2_kortex-ros2ws/install/control_msgs/include/control_msgs/control_msgs/msg/detail/gripper_command__struct.hpp
-- Installing: /home/duser/ros2_kortex-ros2ws/install/control_msgs/include/control_msgs/control_msgs/msg/detail/joint_jog__traits.hpp
-- Installing: /home/duser/ros2_kortex-ros2ws/install/control_msgs/include/control_msgs/control_msgs/msg/detail/multi_dof_command__builder.hpp
-- Installing: /home/duser/ros2_kortex-ros2ws/install/control_msgs/include/control_msgs/control_msgs/msg/detail/multi_dof_command__traits.hpp
-- Installing: /home/duser/ros2_kortex-ros2ws/install/control_msgs/include/control_msgs/control_msgs/msg/interface_value.hpp
-- Installing: /home/duser/ros2_kortex-ros2ws/install/control_msgs/include/control_msgs/control_msgs/msg/admittance_controller_state.hpp
-- Installing: /home/duser/ros2_kortex-ros2ws/install/control_msgs/include/control_msgs/control_msgs/msg/mecanum_drive_controller_state.hpp
-- Installing: /home/duser/ros2_kortex-ros2ws/install/control_msgs/include/control_msgs/control_msgs/msg/joint_tolerance.hpp
-- Installing: /home/duser/ros2_kortex-ros2ws/install/control_msgs/include/control_msgs/control_msgs/msg/joint_trajectory_controller_state.hpp
-- Installing: /home/duser/ros2_kortex-ros2ws/install/control_msgs/include/control_msgs/control_msgs/msg/multi_dof_state_stamped.hpp
-- Installing: /home/duser/ros2_kortex-ros2ws/install/control_msgs/include/control_msgs/control_msgs/msg/dynamic_joint_state.hpp
-- Up-to-date: /home/duser/ros2_kortex-ros2ws/install/control_msgs/include/control_msgs/control_msgs/action
-- Installing: /home/duser/ros2_kortex-ros2ws/install/control_msgs/include/control_msgs/control_msgs/action/point_head.hpp
-- Installing: /home/duser/ros2_kortex-ros2ws/install/control_msgs/include/control_msgs/control_msgs/action/parallel_gripper_command.hpp
-- Installing: /home/duser/ros2_kortex-ros2ws/install/control_msgs/include/control_msgs/control_msgs/action/single_joint_position.hpp
-- Installing: /home/duser/ros2_kortex-ros2ws/install/control_msgs/include/control_msgs/control_msgs/action/gripper_command.hpp
-- Installing: /home/duser/ros2_kortex-ros2ws/install/control_msgs/include/control_msgs/control_msgs/action/follow_joint_trajectory.hpp
-- Up-to-date: /home/duser/ros2_kortex-ros2ws/install/control_msgs/include/control_msgs/control_msgs/action/detail
-- Installing: /home/duser/ros2_kortex-ros2ws/install/control_msgs/include/control_msgs/control_msgs/action/detail/single_joint_position__struct.hpp
-- Installing: /home/duser/ros2_kortex-ros2ws/install/control_msgs/include/control_msgs/control_msgs/action/detail/follow_joint_trajectory__struct.hpp
-- Installing: /home/duser/ros2_kortex-ros2ws/install/control_msgs/include/control_msgs/control_msgs/action/detail/joint_trajectory__traits.hpp
-- Installing: /home/duser/ros2_kortex-ros2ws/install/control_msgs/include/control_msgs/control_msgs/action/detail/parallel_gripper_command__builder.hpp
-- Installing: /home/duser/ros2_kortex-ros2ws/install/control_msgs/include/control_msgs/control_msgs/action/detail/gripper_command__traits.hpp
-- Installing: /home/duser/ros2_kortex-ros2ws/install/control_msgs/include/control_msgs/control_msgs/action/detail/follow_joint_trajectory__traits.hpp
-- Installing: /home/duser/ros2_kortex-ros2ws/install/control_msgs/include/control_msgs/control_msgs/action/detail/parallel_gripper_command__struct.hpp
-- Installing: /home/duser/ros2_kortex-ros2ws/install/control_msgs/include/control_msgs/control_msgs/action/detail/follow_joint_trajectory__builder.hpp
-- Installing: /home/duser/ros2_kortex-ros2ws/install/control_msgs/include/control_msgs/control_msgs/action/detail/joint_trajectory__builder.hpp
-- Installing: /home/duser/ros2_kortex-ros2ws/install/control_msgs/include/control_msgs/control_msgs/action/detail/single_joint_position__builder.hpp
-- Installing: /home/duser/ros2_kortex-ros2ws/install/control_msgs/include/control_msgs/control_msgs/action/detail/joint_trajectory__struct.hpp
-- Installing: /home/duser/ros2_kortex-ros2ws/install/control_msgs/include/control_msgs/control_msgs/action/detail/single_joint_position__traits.hpp
-- Installing: /home/duser/ros2_kortex-ros2ws/install/control_msgs/include/control_msgs/control_msgs/action/detail/point_head__traits.hpp
-- Installing: /home/duser/ros2_kortex-ros2ws/install/control_msgs/include/control_msgs/control_msgs/action/detail/gripper_command__builder.hpp
-- Installing: /home/duser/ros2_kortex-ros2ws/install/control_msgs/include/control_msgs/control_msgs/action/detail/point_head__builder.hpp
-- Installing: /home/duser/ros2_kortex-ros2ws/install/control_msgs/include/control_msgs/control_msgs/action/detail/point_head__struct.hpp
-- Installing: /home/duser/ros2_kortex-ros2ws/install/control_msgs/include/control_msgs/control_msgs/action/detail/parallel_gripper_command__traits.hpp
-- Installing: /home/duser/ros2_kortex-ros2ws/install/control_msgs/include/control_msgs/control_msgs/action/detail/gripper_command__struct.hpp
-- Installing: /home/duser/ros2_kortex-ros2ws/install/control_msgs/include/control_msgs/control_msgs/action/joint_trajectory.hpp
-- Up-to-date: /home/duser/ros2_kortex-ros2ws/install/control_msgs/include/control_msgs/control_msgs/srv
-- Installing: /home/duser/ros2_kortex-ros2ws/install/control_msgs/include/control_msgs/control_msgs/srv/query_calibration_state.hpp
-- Up-to-date: /home/duser/ros2_kortex-ros2ws/install/control_msgs/include/control_msgs/control_msgs/srv/detail
-- Installing: /home/duser/ros2_kortex-ros2ws/install/control_msgs/include/control_msgs/control_msgs/srv/detail/query_trajectory_state__builder.hpp
-- Installing: /home/duser/ros2_kortex-ros2ws/install/control_msgs/include/control_msgs/control_msgs/srv/detail/query_trajectory_state__traits.hpp
-- Installing: /home/duser/ros2_kortex-ros2ws/install/control_msgs/include/control_msgs/control_msgs/srv/detail/query_calibration_state__struct.hpp
-- Installing: /home/duser/ros2_kortex-ros2ws/install/control_msgs/include/control_msgs/control_msgs/srv/detail/query_calibration_state__traits.hpp
-- Installing: /home/duser/ros2_kortex-ros2ws/install/control_msgs/include/control_msgs/control_msgs/srv/detail/query_trajectory_state__struct.hpp
-- Installing: /home/duser/ros2_kortex-ros2ws/install/control_msgs/include/control_msgs/control_msgs/srv/detail/query_calibration_state__builder.hpp
-- Installing: /home/duser/ros2_kortex-ros2ws/install/control_msgs/include/control_msgs/control_msgs/srv/query_trajectory_state.hpp
-- Up-to-date: /home/duser/ros2_kortex-ros2ws/install/control_msgs/include/control_msgs/control_msgs
-- Up-to-date: /home/duser/ros2_kortex-ros2ws/install/control_msgs/include/control_msgs/control_msgs/msg
-- Installing: /home/duser/ros2_kortex-ros2ws/install/control_msgs/include/control_msgs/control_msgs/msg/rosidl_typesupport_fastrtps_cpp__visibility_control.h
-- Up-to-date: /home/duser/ros2_kortex-ros2ws/install/control_msgs/include/control_msgs/control_msgs/msg/detail
-- Installing: /home/duser/ros2_kortex-ros2ws/install/control_msgs/include/control_msgs/control_msgs/msg/detail/joint_controller_state__rosidl_typesupport_fastrtps_cpp.hpp
-- Installing: /home/duser/ros2_kortex-ros2ws/install/control_msgs/include/control_msgs/control_msgs/msg/detail/admittance_controller_state__rosidl_typesupport_fastrtps_cpp.hpp
-- Installing: /home/duser/ros2_kortex-ros2ws/install/control_msgs/include/control_msgs/control_msgs/msg/detail/joint_jog__rosidl_typesupport_fastrtps_cpp.hpp
-- Installing: /home/duser/ros2_kortex-ros2ws/install/control_msgs/include/control_msgs/control_msgs/msg/detail/single_dof_state_stamped__rosidl_typesupport_fastrtps_cpp.hpp
-- Installing: /home/duser/ros2_kortex-ros2ws/install/control_msgs/include/control_msgs/control_msgs/msg/detail/gripper_command__rosidl_typesupport_fastrtps_cpp.hpp
-- Installing: /home/duser/ros2_kortex-ros2ws/install/control_msgs/include/control_msgs/control_msgs/msg/detail/multi_dof_state_stamped__rosidl_typesupport_fastrtps_cpp.hpp
-- Installing: /home/duser/ros2_kortex-ros2ws/install/control_msgs/include/control_msgs/control_msgs/msg/detail/joint_component_tolerance__rosidl_typesupport_fastrtps_cpp.hpp
-- Installing: /home/duser/ros2_kortex-ros2ws/install/control_msgs/include/control_msgs/control_msgs/msg/detail/dds_fastrtps
-- Installing: /home/duser/ros2_kortex-ros2ws/install/control_msgs/include/control_msgs/control_msgs/msg/detail/steering_controller_status__rosidl_typesupport_fastrtps_cpp.hpp
-- Installing: /home/duser/ros2_kortex-ros2ws/install/control_msgs/include/control_msgs/control_msgs/msg/detail/dynamic_joint_state__rosidl_typesupport_fastrtps_cpp.hpp
-- Installing: /home/duser/ros2_kortex-ros2ws/install/control_msgs/include/control_msgs/control_msgs/msg/detail/interface_value__rosidl_typesupport_fastrtps_cpp.hpp
-- Installing: /home/duser/ros2_kortex-ros2ws/install/control_msgs/include/control_msgs/control_msgs/msg/detail/multi_dof_command__rosidl_typesupport_fastrtps_cpp.hpp
-- Installing: /home/duser/ros2_kortex-ros2ws/install/control_msgs/include/control_msgs/control_msgs/msg/detail/mecanum_drive_controller_state__rosidl_typesupport_fastrtps_cpp.hpp
-- Installing: /home/duser/ros2_kortex-ros2ws/install/control_msgs/include/control_msgs/control_msgs/msg/detail/joint_tolerance__rosidl_typesupport_fastrtps_cpp.hpp
-- Installing: /home/duser/ros2_kortex-ros2ws/install/control_msgs/include/control_msgs/control_msgs/msg/detail/pid_state__rosidl_typesupport_fastrtps_cpp.hpp
-- Installing: /home/duser/ros2_kortex-ros2ws/install/control_msgs/include/control_msgs/control_msgs/msg/detail/single_dof_state__rosidl_typesupport_fastrtps_cpp.hpp
-- Installing: /home/duser/ros2_kortex-ros2ws/install/control_msgs/include/control_msgs/control_msgs/msg/detail/joint_trajectory_controller_state__rosidl_typesupport_fastrtps_cpp.hpp
-- Up-to-date: /home/duser/ros2_kortex-ros2ws/install/control_msgs/include/control_msgs/control_msgs/action
-- Up-to-date: /home/duser/ros2_kortex-ros2ws/install/control_msgs/include/control_msgs/control_msgs/action/detail
-- Installing: /home/duser/ros2_kortex-ros2ws/install/control_msgs/include/control_msgs/control_msgs/action/detail/joint_trajectory__rosidl_typesupport_fastrtps_cpp.hpp
-- Installing: /home/duser/ros2_kortex-ros2ws/install/control_msgs/include/control_msgs/control_msgs/action/detail/gripper_command__rosidl_typesupport_fastrtps_cpp.hpp
-- Installing: /home/duser/ros2_kortex-ros2ws/install/control_msgs/include/control_msgs/control_msgs/action/detail/single_joint_position__rosidl_typesupport_fastrtps_cpp.hpp
-- Installing: /home/duser/ros2_kortex-ros2ws/install/control_msgs/include/control_msgs/control_msgs/action/detail/dds_fastrtps
-- Installing: /home/duser/ros2_kortex-ros2ws/install/control_msgs/include/control_msgs/control_msgs/action/detail/follow_joint_trajectory__rosidl_typesupport_fastrtps_cpp.hpp
-- Installing: /home/duser/ros2_kortex-ros2ws/install/control_msgs/include/control_msgs/control_msgs/action/detail/point_head__rosidl_typesupport_fastrtps_cpp.hpp
-- Installing: /home/duser/ros2_kortex-ros2ws/install/control_msgs/include/control_msgs/control_msgs/action/detail/parallel_gripper_command__rosidl_typesupport_fastrtps_cpp.hpp
-- Up-to-date: /home/duser/ros2_kortex-ros2ws/install/control_msgs/include/control_msgs/control_msgs/srv
-- Up-to-date: /home/duser/ros2_kortex-ros2ws/install/control_msgs/include/control_msgs/control_msgs/srv/detail
-- Installing: /home/duser/ros2_kortex-ros2ws/install/control_msgs/include/control_msgs/control_msgs/srv/detail/query_calibration_state__rosidl_typesupport_fastrtps_cpp.hpp
-- Installing: /home/duser/ros2_kortex-ros2ws/install/control_msgs/include/control_msgs/control_msgs/srv/detail/dds_fastrtps
-- Installing: /home/duser/ros2_kortex-ros2ws/install/control_msgs/include/control_msgs/control_msgs/srv/detail/query_trajectory_state__rosidl_typesupport_fastrtps_cpp.hpp
-- Installing: /home/duser/ros2_kortex-ros2ws/install/control_msgs/lib/libcontrol_msgs__rosidl_typesupport_fastrtps_cpp.so
-- Set runtime path of "/home/duser/ros2_kortex-ros2ws/install/control_msgs/lib/libcontrol_msgs__rosidl_typesupport_fastrtps_cpp.so" to ""
-- Up-to-date: /home/duser/ros2_kortex-ros2ws/install/control_msgs/include/control_msgs/control_msgs
-- Up-to-date: /home/duser/ros2_kortex-ros2ws/install/control_msgs/include/control_msgs/control_msgs/msg
-- Installing: /home/duser/ros2_kortex-ros2ws/install/control_msgs/include/control_msgs/control_msgs/msg/rosidl_typesupport_introspection_c__visibility_control.h
-- Up-to-date: /home/duser/ros2_kortex-ros2ws/install/control_msgs/include/control_msgs/control_msgs/msg/detail
-- Installing: /home/duser/ros2_kortex-ros2ws/install/control_msgs/include/control_msgs/control_msgs/msg/detail/interface_value__rosidl_typesupport_introspection_c.h
-- Installing: /home/duser/ros2_kortex-ros2ws/install/control_msgs/include/control_msgs/control_msgs/msg/detail/joint_controller_state__rosidl_typesupport_introspection_c.h
-- Installing: /home/duser/ros2_kortex-ros2ws/install/control_msgs/include/control_msgs/control_msgs/msg/detail/multi_dof_state_stamped__type_support.c
-- Installing: /home/duser/ros2_kortex-ros2ws/install/control_msgs/include/control_msgs/control_msgs/msg/detail/pid_state__type_support.c
-- Installing: /home/duser/ros2_kortex-ros2ws/install/control_msgs/include/control_msgs/control_msgs/msg/detail/joint_jog__rosidl_typesupport_introspection_c.h
-- Installing: /home/duser/ros2_kortex-ros2ws/install/control_msgs/include/control_msgs/control_msgs/msg/detail/joint_trajectory_controller_state__type_support.c
-- Installing: /home/duser/ros2_kortex-ros2ws/install/control_msgs/include/control_msgs/control_msgs/msg/detail/joint_tolerance__type_support.c
-- Installing: /home/duser/ros2_kortex-ros2ws/install/control_msgs/include/control_msgs/control_msgs/msg/detail/interface_value__type_support.c
-- Installing: /home/duser/ros2_kortex-ros2ws/install/control_msgs/include/control_msgs/control_msgs/msg/detail/dynamic_joint_state__type_support.c
-- Installing: /home/duser/ros2_kortex-ros2ws/install/control_msgs/include/control_msgs/control_msgs/msg/detail/steering_controller_status__type_support.c
-- Installing: /home/duser/ros2_kortex-ros2ws/install/control_msgs/include/control_msgs/control_msgs/msg/detail/joint_jog__type_support.c
-- Installing: /home/duser/ros2_kortex-ros2ws/install/control_msgs/include/control_msgs/control_msgs/msg/detail/multi_dof_command__type_support.c
-- Installing: /home/duser/ros2_kortex-ros2ws/install/control_msgs/include/control_msgs/control_msgs/msg/detail/gripper_command__rosidl_typesupport_introspection_c.h
-- Installing: /home/duser/ros2_kortex-ros2ws/install/control_msgs/include/control_msgs/control_msgs/msg/detail/joint_controller_state__type_support.c
-- Installing: /home/duser/ros2_kortex-ros2ws/install/control_msgs/include/control_msgs/control_msgs/msg/detail/gripper_command__type_support.c
-- Installing: /home/duser/ros2_kortex-ros2ws/install/control_msgs/include/control_msgs/control_msgs/msg/detail/multi_dof_command__rosidl_typesupport_introspection_c.h
-- Installing: /home/duser/ros2_kortex-ros2ws/install/control_msgs/include/control_msgs/control_msgs/msg/detail/mecanum_drive_controller_state__rosidl_typesupport_introspection_c.h
-- Installing: /home/duser/ros2_kortex-ros2ws/install/control_msgs/include/control_msgs/control_msgs/msg/detail/single_dof_state__type_support.c
-- Installing: /home/duser/ros2_kortex-ros2ws/install/control_msgs/include/control_msgs/control_msgs/msg/detail/pid_state__rosidl_typesupport_introspection_c.h
-- Installing: /home/duser/ros2_kortex-ros2ws/install/control_msgs/include/control_msgs/control_msgs/msg/detail/dynamic_joint_state__rosidl_typesupport_introspection_c.h
-- Installing: /home/duser/ros2_kortex-ros2ws/install/control_msgs/include/control_msgs/control_msgs/msg/detail/steering_controller_status__rosidl_typesupport_introspection_c.h
-- Installing: /home/duser/ros2_kortex-ros2ws/install/control_msgs/include/control_msgs/control_msgs/msg/detail/joint_component_tolerance__rosidl_typesupport_introspection_c.h
-- Installing: /home/duser/ros2_kortex-ros2ws/install/control_msgs/include/control_msgs/control_msgs/msg/detail/admittance_controller_state__type_support.c
-- Installing: /home/duser/ros2_kortex-ros2ws/install/control_msgs/include/control_msgs/control_msgs/msg/detail/admittance_controller_state__rosidl_typesupport_introspection_c.h
-- Installing: /home/duser/ros2_kortex-ros2ws/install/control_msgs/include/control_msgs/control_msgs/msg/detail/joint_component_tolerance__type_support.c
-- Installing: /home/duser/ros2_kortex-ros2ws/install/control_msgs/include/control_msgs/control_msgs/msg/detail/single_dof_state_stamped__rosidl_typesupport_introspection_c.h
-- Installing: /home/duser/ros2_kortex-ros2ws/install/control_msgs/include/control_msgs/control_msgs/msg/detail/mecanum_drive_controller_state__type_support.c
-- Installing: /home/duser/ros2_kortex-ros2ws/install/control_msgs/include/control_msgs/control_msgs/msg/detail/single_dof_state__rosidl_typesupport_introspection_c.h
-- Installing: /home/duser/ros2_kortex-ros2ws/install/control_msgs/include/control_msgs/control_msgs/msg/detail/single_dof_state_stamped__type_support.c
-- Installing: /home/duser/ros2_kortex-ros2ws/install/control_msgs/include/control_msgs/control_msgs/msg/detail/joint_tolerance__rosidl_typesupport_introspection_c.h
-- Installing: /home/duser/ros2_kortex-ros2ws/install/control_msgs/include/control_msgs/control_msgs/msg/detail/joint_trajectory_controller_state__rosidl_typesupport_introspection_c.h
-- Installing: /home/duser/ros2_kortex-ros2ws/install/control_msgs/include/control_msgs/control_msgs/msg/detail/multi_dof_state_stamped__rosidl_typesupport_introspection_c.h
-- Up-to-date: /home/duser/ros2_kortex-ros2ws/install/control_msgs/include/control_msgs/control_msgs/action
-- Up-to-date: /home/duser/ros2_kortex-ros2ws/install/control_msgs/include/control_msgs/control_msgs/action/detail
-- Installing: /home/duser/ros2_kortex-ros2ws/install/control_msgs/include/control_msgs/control_msgs/action/detail/follow_joint_trajectory__rosidl_typesupport_introspection_c.h
-- Installing: /home/duser/ros2_kortex-ros2ws/install/control_msgs/include/control_msgs/control_msgs/action/detail/follow_joint_trajectory__type_support.c
-- Installing: /home/duser/ros2_kortex-ros2ws/install/control_msgs/include/control_msgs/control_msgs/action/detail/joint_trajectory__type_support.c
-- Installing: /home/duser/ros2_kortex-ros2ws/install/control_msgs/include/control_msgs/control_msgs/action/detail/point_head__rosidl_typesupport_introspection_c.h
-- Installing: /home/duser/ros2_kortex-ros2ws/install/control_msgs/include/control_msgs/control_msgs/action/detail/gripper_command__rosidl_typesupport_introspection_c.h
-- Installing: /home/duser/ros2_kortex-ros2ws/install/control_msgs/include/control_msgs/control_msgs/action/detail/single_joint_position__type_support.c
-- Installing: /home/duser/ros2_kortex-ros2ws/install/control_msgs/include/control_msgs/control_msgs/action/detail/gripper_command__type_support.c
-- Installing: /home/duser/ros2_kortex-ros2ws/install/control_msgs/include/control_msgs/control_msgs/action/detail/single_joint_position__rosidl_typesupport_introspection_c.h
-- Installing: /home/duser/ros2_kortex-ros2ws/install/control_msgs/include/control_msgs/control_msgs/action/detail/parallel_gripper_command__type_support.c
-- Installing: /home/duser/ros2_kortex-ros2ws/install/control_msgs/include/control_msgs/control_msgs/action/detail/point_head__type_support.c
-- Installing: /home/duser/ros2_kortex-ros2ws/install/control_msgs/include/control_msgs/control_msgs/action/detail/parallel_gripper_command__rosidl_typesupport_introspection_c.h
-- Installing: /home/duser/ros2_kortex-ros2ws/install/control_msgs/include/control_msgs/control_msgs/action/detail/joint_trajectory__rosidl_typesupport_introspection_c.h
-- Up-to-date: /home/duser/ros2_kortex-ros2ws/install/control_msgs/include/control_msgs/control_msgs/srv
-- Up-to-date: /home/duser/ros2_kortex-ros2ws/install/control_msgs/include/control_msgs/control_msgs/srv/detail
-- Installing: /home/duser/ros2_kortex-ros2ws/install/control_msgs/include/control_msgs/control_msgs/srv/detail/query_trajectory_state__type_support.c
-- Installing: /home/duser/ros2_kortex-ros2ws/install/control_msgs/include/control_msgs/control_msgs/srv/detail/query_calibration_state__rosidl_typesupport_introspection_c.h
-- Installing: /home/duser/ros2_kortex-ros2ws/install/control_msgs/include/control_msgs/control_msgs/srv/detail/query_trajectory_state__rosidl_typesupport_introspection_c.h
-- Installing: /home/duser/ros2_kortex-ros2ws/install/control_msgs/include/control_msgs/control_msgs/srv/detail/query_calibration_state__type_support.c
-- Installing: /home/duser/ros2_kortex-ros2ws/install/control_msgs/lib/libcontrol_msgs__rosidl_typesupport_introspection_c.so
-- Set runtime path of "/home/duser/ros2_kortex-ros2ws/install/control_msgs/lib/libcontrol_msgs__rosidl_typesupport_introspection_c.so" to ""
-- Installing: /home/duser/ros2_kortex-ros2ws/install/control_msgs/lib/libcontrol_msgs__rosidl_typesupport_c.so
-- Set runtime path of "/home/duser/ros2_kortex-ros2ws/install/control_msgs/lib/libcontrol_msgs__rosidl_typesupport_c.so" to ""
-- Up-to-date: /home/duser/ros2_kortex-ros2ws/install/control_msgs/include/control_msgs/control_msgs
-- Up-to-date: /home/duser/ros2_kortex-ros2ws/install/control_msgs/include/control_msgs/control_msgs/msg
-- Up-to-date: /home/duser/ros2_kortex-ros2ws/install/control_msgs/include/control_msgs/control_msgs/msg/detail
-- Installing: /home/duser/ros2_kortex-ros2ws/install/control_msgs/include/control_msgs/control_msgs/msg/detail/single_dof_state__rosidl_typesupport_introspection_cpp.hpp
-- Installing: /home/duser/ros2_kortex-ros2ws/install/control_msgs/include/control_msgs/control_msgs/msg/detail/multi_dof_state_stamped__type_support.cpp
-- Installing: /home/duser/ros2_kortex-ros2ws/install/control_msgs/include/control_msgs/control_msgs/msg/detail/single_dof_state__type_support.cpp
-- Installing: /home/duser/ros2_kortex-ros2ws/install/control_msgs/include/control_msgs/control_msgs/msg/detail/joint_tolerance__type_support.cpp
-- Installing: /home/duser/ros2_kortex-ros2ws/install/control_msgs/include/control_msgs/control_msgs/msg/detail/interface_value__type_support.cpp
-- Installing: /home/duser/ros2_kortex-ros2ws/install/control_msgs/include/control_msgs/control_msgs/msg/detail/joint_controller_state__rosidl_typesupport_introspection_cpp.hpp
-- Installing: /home/duser/ros2_kortex-ros2ws/install/control_msgs/include/control_msgs/control_msgs/msg/detail/joint_jog__rosidl_typesupport_introspection_cpp.hpp
-- Installing: /home/duser/ros2_kortex-ros2ws/install/control_msgs/include/control_msgs/control_msgs/msg/detail/single_dof_state_stamped__rosidl_typesupport_introspection_cpp.hpp
-- Installing: /home/duser/ros2_kortex-ros2ws/install/control_msgs/include/control_msgs/control_msgs/msg/detail/joint_component_tolerance__type_support.cpp
-- Installing: /home/duser/ros2_kortex-ros2ws/install/control_msgs/include/control_msgs/control_msgs/msg/detail/multi_dof_state_stamped__rosidl_typesupport_introspection_cpp.hpp
-- Installing: /home/duser/ros2_kortex-ros2ws/install/control_msgs/include/control_msgs/control_msgs/msg/detail/joint_component_tolerance__rosidl_typesupport_introspection_cpp.hpp
-- Installing: /home/duser/ros2_kortex-ros2ws/install/control_msgs/include/control_msgs/control_msgs/msg/detail/multi_dof_command__type_support.cpp
-- Installing: /home/duser/ros2_kortex-ros2ws/install/control_msgs/include/control_msgs/control_msgs/msg/detail/joint_trajectory_controller_state__rosidl_typesupport_introspection_cpp.hpp
-- Installing: /home/duser/ros2_kortex-ros2ws/install/control_msgs/include/control_msgs/control_msgs/msg/detail/mecanum_drive_controller_state__rosidl_typesupport_introspection_cpp.hpp
-- Installing: /home/duser/ros2_kortex-ros2ws/install/control_msgs/include/control_msgs/control_msgs/msg/detail/joint_jog__type_support.cpp
-- Installing: /home/duser/ros2_kortex-ros2ws/install/control_msgs/include/control_msgs/control_msgs/msg/detail/gripper_command__type_support.cpp
-- Installing: /home/duser/ros2_kortex-ros2ws/install/control_msgs/include/control_msgs/control_msgs/msg/detail/dynamic_joint_state__rosidl_typesupport_introspection_cpp.hpp
-- Installing: /home/duser/ros2_kortex-ros2ws/install/control_msgs/include/control_msgs/control_msgs/msg/detail/pid_state__rosidl_typesupport_introspection_cpp.hpp
-- Installing: /home/duser/ros2_kortex-ros2ws/install/control_msgs/include/control_msgs/control_msgs/msg/detail/pid_state__type_support.cpp
-- Installing: /home/duser/ros2_kortex-ros2ws/install/control_msgs/include/control_msgs/control_msgs/msg/detail/mecanum_drive_controller_state__type_support.cpp
-- Installing: /home/duser/ros2_kortex-ros2ws/install/control_msgs/include/control_msgs/control_msgs/msg/detail/single_dof_state_stamped__type_support.cpp
-- Installing: /home/duser/ros2_kortex-ros2ws/install/control_msgs/include/control_msgs/control_msgs/msg/detail/interface_value__rosidl_typesupport_introspection_cpp.hpp
-- Installing: /home/duser/ros2_kortex-ros2ws/install/control_msgs/include/control_msgs/control_msgs/msg/detail/joint_trajectory_controller_state__type_support.cpp
-- Installing: /home/duser/ros2_kortex-ros2ws/install/control_msgs/include/control_msgs/control_msgs/msg/detail/steering_controller_status__rosidl_typesupport_introspection_cpp.hpp
-- Installing: /home/duser/ros2_kortex-ros2ws/install/control_msgs/include/control_msgs/control_msgs/msg/detail/admittance_controller_state__rosidl_typesupport_introspection_cpp.hpp
-- Installing: /home/duser/ros2_kortex-ros2ws/install/control_msgs/include/control_msgs/control_msgs/msg/detail/multi_dof_command__rosidl_typesupport_introspection_cpp.hpp
-- Installing: /home/duser/ros2_kortex-ros2ws/install/control_msgs/include/control_msgs/control_msgs/msg/detail/gripper_command__rosidl_typesupport_introspection_cpp.hpp
-- Installing: /home/duser/ros2_kortex-ros2ws/install/control_msgs/include/control_msgs/control_msgs/msg/detail/joint_controller_state__type_support.cpp
-- Installing: /home/duser/ros2_kortex-ros2ws/install/control_msgs/include/control_msgs/control_msgs/msg/detail/steering_controller_status__type_support.cpp
-- Installing: /home/duser/ros2_kortex-ros2ws/install/control_msgs/include/control_msgs/control_msgs/msg/detail/dynamic_joint_state__type_support.cpp
-- Installing: /home/duser/ros2_kortex-ros2ws/install/control_msgs/include/control_msgs/control_msgs/msg/detail/admittance_controller_state__type_support.cpp
-- Installing: /home/duser/ros2_kortex-ros2ws/install/control_msgs/include/control_msgs/control_msgs/msg/detail/joint_tolerance__rosidl_typesupport_introspection_cpp.hpp
-- Up-to-date: /home/duser/ros2_kortex-ros2ws/install/control_msgs/include/control_msgs/control_msgs/action
-- Up-to-date: /home/duser/ros2_kortex-ros2ws/install/control_msgs/include/control_msgs/control_msgs/action/detail
-- Installing: /home/duser/ros2_kortex-ros2ws/install/control_msgs/include/control_msgs/control_msgs/action/detail/single_joint_position__type_support.cpp
-- Installing: /home/duser/ros2_kortex-ros2ws/install/control_msgs/include/control_msgs/control_msgs/action/detail/point_head__type_support.cpp
-- Installing: /home/duser/ros2_kortex-ros2ws/install/control_msgs/include/control_msgs/control_msgs/action/detail/single_joint_position__rosidl_typesupport_introspection_cpp.hpp
-- Installing: /home/duser/ros2_kortex-ros2ws/install/control_msgs/include/control_msgs/control_msgs/action/detail/joint_trajectory__type_support.cpp
-- Installing: /home/duser/ros2_kortex-ros2ws/install/control_msgs/include/control_msgs/control_msgs/action/detail/point_head__rosidl_typesupport_introspection_cpp.hpp
-- Installing: /home/duser/ros2_kortex-ros2ws/install/control_msgs/include/control_msgs/control_msgs/action/detail/gripper_command__type_support.cpp
-- Installing: /home/duser/ros2_kortex-ros2ws/install/control_msgs/include/control_msgs/control_msgs/action/detail/parallel_gripper_command__type_support.cpp
-- Installing: /home/duser/ros2_kortex-ros2ws/install/control_msgs/include/control_msgs/control_msgs/action/detail/gripper_command__rosidl_typesupport_introspection_cpp.hpp
-- Installing: /home/duser/ros2_kortex-ros2ws/install/control_msgs/include/control_msgs/control_msgs/action/detail/follow_joint_trajectory__type_support.cpp
-- Installing: /home/duser/ros2_kortex-ros2ws/install/control_msgs/include/control_msgs/control_msgs/action/detail/parallel_gripper_command__rosidl_typesupport_introspection_cpp.hpp
-- Installing: /home/duser/ros2_kortex-ros2ws/install/control_msgs/include/control_msgs/control_msgs/action/detail/joint_trajectory__rosidl_typesupport_introspection_cpp.hpp
-- Installing: /home/duser/ros2_kortex-ros2ws/install/control_msgs/include/control_msgs/control_msgs/action/detail/follow_joint_trajectory__rosidl_typesupport_introspection_cpp.hpp
-- Up-to-date: /home/duser/ros2_kortex-ros2ws/install/control_msgs/include/control_msgs/control_msgs/srv
-- Up-to-date: /home/duser/ros2_kortex-ros2ws/install/control_msgs/include/control_msgs/control_msgs/srv/detail
-- Installing: /home/duser/ros2_kortex-ros2ws/install/control_msgs/include/control_msgs/control_msgs/srv/detail/query_trajectory_state__type_support.cpp
-- Installing: /home/duser/ros2_kortex-ros2ws/install/control_msgs/include/control_msgs/control_msgs/srv/detail/query_calibration_state__rosidl_typesupport_introspection_cpp.hpp
-- Installing: /home/duser/ros2_kortex-ros2ws/install/control_msgs/include/control_msgs/control_msgs/srv/detail/query_trajectory_state__rosidl_typesupport_introspection_cpp.hpp
-- Installing: /home/duser/ros2_kortex-ros2ws/install/control_msgs/include/control_msgs/control_msgs/srv/detail/query_calibration_state__type_support.cpp
-- Installing: /home/duser/ros2_kortex-ros2ws/install/control_msgs/lib/libcontrol_msgs__rosidl_typesupport_introspection_cpp.so
-- Set runtime path of "/home/duser/ros2_kortex-ros2ws/install/control_msgs/lib/libcontrol_msgs__rosidl_typesupport_introspection_cpp.so" to ""
-- Installing: /home/duser/ros2_kortex-ros2ws/install/control_msgs/lib/libcontrol_msgs__rosidl_typesupport_cpp.so
-- Set runtime path of "/home/duser/ros2_kortex-ros2ws/install/control_msgs/lib/libcontrol_msgs__rosidl_typesupport_cpp.so" to ""
-- Installing: /home/duser/ros2_kortex-ros2ws/install/control_msgs/share/control_msgs/environment/pythonpath.sh
-- Installing: /home/duser/ros2_kortex-ros2ws/install/control_msgs/share/control_msgs/environment/pythonpath.dsv
-- Installing: /home/duser/ros2_kortex-ros2ws/install/control_msgs/local/lib/python3.10/dist-packages/control_msgs-4.6.0-py3.10.egg-info
-- Installing: /home/duser/ros2_kortex-ros2ws/install/control_msgs/local/lib/python3.10/dist-packages/control_msgs-4.6.0-py3.10.egg-info/dependency_links.txt
-- Installing: /home/duser/ros2_kortex-ros2ws/install/control_msgs/local/lib/python3.10/dist-packages/control_msgs-4.6.0-py3.10.egg-info/SOURCES.txt
-- Installing: /home/duser/ros2_kortex-ros2ws/install/control_msgs/local/lib/python3.10/dist-packages/control_msgs-4.6.0-py3.10.egg-info/PKG-INFO
-- Installing: /home/duser/ros2_kortex-ros2ws/install/control_msgs/local/lib/python3.10/dist-packages/control_msgs-4.6.0-py3.10.egg-info/top_level.txt
-- Installing: /home/duser/ros2_kortex-ros2ws/install/control_msgs/local/lib/python3.10/dist-packages/control_msgs
-- Installing: /home/duser/ros2_kortex-ros2ws/install/control_msgs/local/lib/python3.10/dist-packages/control_msgs/_control_msgs_s.ep.rosidl_typesupport_c.c
-- Installing: /home/duser/ros2_kortex-ros2ws/install/control_msgs/local/lib/python3.10/dist-packages/control_msgs/control_msgs_s__rosidl_typesupport_fastrtps_c.cpython-310-x86_64-linux-gnu.so
-- Installing: /home/duser/ros2_kortex-ros2ws/install/control_msgs/local/lib/python3.10/dist-packages/control_msgs/_control_msgs_s.ep.rosidl_typesupport_fastrtps_c.c
-- Installing: /home/duser/ros2_kortex-ros2ws/install/control_msgs/local/lib/python3.10/dist-packages/control_msgs/__init__.py
-- Installing: /home/duser/ros2_kortex-ros2ws/install/control_msgs/local/lib/python3.10/dist-packages/control_msgs/msg
-- Installing: /home/duser/ros2_kortex-ros2ws/install/control_msgs/local/lib/python3.10/dist-packages/control_msgs/msg/_single_dof_state.py
-- Installing: /home/duser/ros2_kortex-ros2ws/install/control_msgs/local/lib/python3.10/dist-packages/control_msgs/msg/_joint_component_tolerance_s.c
-- Installing: /home/duser/ros2_kortex-ros2ws/install/control_msgs/local/lib/python3.10/dist-packages/control_msgs/msg/_multi_dof_command.py
-- Installing: /home/duser/ros2_kortex-ros2ws/install/control_msgs/local/lib/python3.10/dist-packages/control_msgs/msg/_joint_trajectory_controller_state_s.c
-- Installing: /home/duser/ros2_kortex-ros2ws/install/control_msgs/local/lib/python3.10/dist-packages/control_msgs/msg/_dynamic_joint_state.py
-- Installing: /home/duser/ros2_kortex-ros2ws/install/control_msgs/local/lib/python3.10/dist-packages/control_msgs/msg/_joint_controller_state.py
-- Installing: /home/duser/ros2_kortex-ros2ws/install/control_msgs/local/lib/python3.10/dist-packages/control_msgs/msg/_joint_tolerance_s.c
-- Installing: /home/duser/ros2_kortex-ros2ws/install/control_msgs/local/lib/python3.10/dist-packages/control_msgs/msg/_admittance_controller_state.py
-- Installing: /home/duser/ros2_kortex-ros2ws/install/control_msgs/local/lib/python3.10/dist-packages/control_msgs/msg/_joint_trajectory_controller_state.py
-- Installing: /home/duser/ros2_kortex-ros2ws/install/control_msgs/local/lib/python3.10/dist-packages/control_msgs/msg/_multi_dof_state_stamped.py
-- Installing: /home/duser/ros2_kortex-ros2ws/install/control_msgs/local/lib/python3.10/dist-packages/control_msgs/msg/_admittance_controller_state_s.c
-- Installing: /home/duser/ros2_kortex-ros2ws/install/control_msgs/local/lib/python3.10/dist-packages/control_msgs/msg/__init__.py
-- Installing: /home/duser/ros2_kortex-ros2ws/install/control_msgs/local/lib/python3.10/dist-packages/control_msgs/msg/_single_dof_state_s.c
-- Installing: /home/duser/ros2_kortex-ros2ws/install/control_msgs/local/lib/python3.10/dist-packages/control_msgs/msg/_joint_jog.py
-- Installing: /home/duser/ros2_kortex-ros2ws/install/control_msgs/local/lib/python3.10/dist-packages/control_msgs/msg/_gripper_command_s.c
-- Installing: /home/duser/ros2_kortex-ros2ws/install/control_msgs/local/lib/python3.10/dist-packages/control_msgs/msg/_pid_state_s.c
-- Installing: /home/duser/ros2_kortex-ros2ws/install/control_msgs/local/lib/python3.10/dist-packages/control_msgs/msg/_mecanum_drive_controller_state.py
-- Installing: /home/duser/ros2_kortex-ros2ws/install/control_msgs/local/lib/python3.10/dist-packages/control_msgs/msg/_pid_state.py
-- Installing: /home/duser/ros2_kortex-ros2ws/install/control_msgs/local/lib/python3.10/dist-packages/control_msgs/msg/_steering_controller_status_s.c
-- Installing: /home/duser/ros2_kortex-ros2ws/install/control_msgs/local/lib/python3.10/dist-packages/control_msgs/msg/_joint_tolerance.py
-- Installing: /home/duser/ros2_kortex-ros2ws/install/control_msgs/local/lib/python3.10/dist-packages/control_msgs/msg/_joint_controller_state_s.c
-- Installing: /home/duser/ros2_kortex-ros2ws/install/control_msgs/local/lib/python3.10/dist-packages/control_msgs/msg/_single_dof_state_stamped_s.c
-- Installing: /home/duser/ros2_kortex-ros2ws/install/control_msgs/local/lib/python3.10/dist-packages/control_msgs/msg/_multi_dof_command_s.c
-- Installing: /home/duser/ros2_kortex-ros2ws/install/control_msgs/local/lib/python3.10/dist-packages/control_msgs/msg/_mecanum_drive_controller_state_s.c
-- Installing: /home/duser/ros2_kortex-ros2ws/install/control_msgs/local/lib/python3.10/dist-packages/control_msgs/msg/_joint_component_tolerance.py
-- Installing: /home/duser/ros2_kortex-ros2ws/install/control_msgs/local/lib/python3.10/dist-packages/control_msgs/msg/_gripper_command.py
-- Installing: /home/duser/ros2_kortex-ros2ws/install/control_msgs/local/lib/python3.10/dist-packages/control_msgs/msg/_dynamic_joint_state_s.c
-- Installing: /home/duser/ros2_kortex-ros2ws/install/control_msgs/local/lib/python3.10/dist-packages/control_msgs/msg/_interface_value_s.c
-- Installing: /home/duser/ros2_kortex-ros2ws/install/control_msgs/local/lib/python3.10/dist-packages/control_msgs/msg/_multi_dof_state_stamped_s.c
-- Installing: /home/duser/ros2_kortex-ros2ws/install/control_msgs/local/lib/python3.10/dist-packages/control_msgs/msg/_interface_value.py
-- Installing: /home/duser/ros2_kortex-ros2ws/install/control_msgs/local/lib/python3.10/dist-packages/control_msgs/msg/_joint_jog_s.c
-- Installing: /home/duser/ros2_kortex-ros2ws/install/control_msgs/local/lib/python3.10/dist-packages/control_msgs/msg/_steering_controller_status.py
-- Installing: /home/duser/ros2_kortex-ros2ws/install/control_msgs/local/lib/python3.10/dist-packages/control_msgs/msg/_single_dof_state_stamped.py
-- Installing: /home/duser/ros2_kortex-ros2ws/install/control_msgs/local/lib/python3.10/dist-packages/control_msgs/control_msgs_s__rosidl_typesupport_introspection_c.cpython-310-x86_64-linux-gnu.so
-- Installing: /home/duser/ros2_kortex-ros2ws/install/control_msgs/local/lib/python3.10/dist-packages/control_msgs/_control_msgs_s.ep.rosidl_typesupport_introspection_c.c
-- Installing: /home/duser/ros2_kortex-ros2ws/install/control_msgs/local/lib/python3.10/dist-packages/control_msgs/libcontrol_msgs__rosidl_generator_py.so
-- Installing: /home/duser/ros2_kortex-ros2ws/install/control_msgs/local/lib/python3.10/dist-packages/control_msgs/action
-- Installing: /home/duser/ros2_kortex-ros2ws/install/control_msgs/local/lib/python3.10/dist-packages/control_msgs/action/_follow_joint_trajectory_s.c
-- Installing: /home/duser/ros2_kortex-ros2ws/install/control_msgs/local/lib/python3.10/dist-packages/control_msgs/action/_point_head_s.c
-- Installing: /home/duser/ros2_kortex-ros2ws/install/control_msgs/local/lib/python3.10/dist-packages/control_msgs/action/_point_head.py
-- Installing: /home/duser/ros2_kortex-ros2ws/install/control_msgs/local/lib/python3.10/dist-packages/control_msgs/action/__init__.py
-- Installing: /home/duser/ros2_kortex-ros2ws/install/control_msgs/local/lib/python3.10/dist-packages/control_msgs/action/_gripper_command_s.c
-- Installing: /home/duser/ros2_kortex-ros2ws/install/control_msgs/local/lib/python3.10/dist-packages/control_msgs/action/_parallel_gripper_command.py
-- Installing: /home/duser/ros2_kortex-ros2ws/install/control_msgs/local/lib/python3.10/dist-packages/control_msgs/action/_single_joint_position_s.c
-- Installing: /home/duser/ros2_kortex-ros2ws/install/control_msgs/local/lib/python3.10/dist-packages/control_msgs/action/_joint_trajectory.py
-- Installing: /home/duser/ros2_kortex-ros2ws/install/control_msgs/local/lib/python3.10/dist-packages/control_msgs/action/_single_joint_position.py
-- Installing: /home/duser/ros2_kortex-ros2ws/install/control_msgs/local/lib/python3.10/dist-packages/control_msgs/action/_follow_joint_trajectory.py
-- Installing: /home/duser/ros2_kortex-ros2ws/install/control_msgs/local/lib/python3.10/dist-packages/control_msgs/action/_gripper_command.py
-- Installing: /home/duser/ros2_kortex-ros2ws/install/control_msgs/local/lib/python3.10/dist-packages/control_msgs/action/_joint_trajectory_s.c
-- Installing: /home/duser/ros2_kortex-ros2ws/install/control_msgs/local/lib/python3.10/dist-packages/control_msgs/action/_parallel_gripper_command_s.c
-- Installing: /home/duser/ros2_kortex-ros2ws/install/control_msgs/local/lib/python3.10/dist-packages/control_msgs/control_msgs_s__rosidl_typesupport_c.cpython-310-x86_64-linux-gnu.so
-- Installing: /home/duser/ros2_kortex-ros2ws/install/control_msgs/local/lib/python3.10/dist-packages/control_msgs/srv
-- Installing: /home/duser/ros2_kortex-ros2ws/install/control_msgs/local/lib/python3.10/dist-packages/control_msgs/srv/_query_trajectory_state_s.c
-- Installing: /home/duser/ros2_kortex-ros2ws/install/control_msgs/local/lib/python3.10/dist-packages/control_msgs/srv/__init__.py
-- Installing: /home/duser/ros2_kortex-ros2ws/install/control_msgs/local/lib/python3.10/dist-packages/control_msgs/srv/_query_calibration_state.py
-- Installing: /home/duser/ros2_kortex-ros2ws/install/control_msgs/local/lib/python3.10/dist-packages/control_msgs/srv/_query_calibration_state_s.c
-- Installing: /home/duser/ros2_kortex-ros2ws/install/control_msgs/local/lib/python3.10/dist-packages/control_msgs/srv/_query_trajectory_state.py
Listing '/home/duser/ros2_kortex-ros2ws/install/control_msgs/local/lib/python3.10/dist-packages/control_msgs'...
Compiling '/home/duser/ros2_kortex-ros2ws/install/control_msgs/local/lib/python3.10/dist-packages/control_msgs/__init__.py'...
Listing '/home/duser/ros2_kortex-ros2ws/install/control_msgs/local/lib/python3.10/dist-packages/control_msgs/action'...
Compiling '/home/duser/ros2_kortex-ros2ws/install/control_msgs/local/lib/python3.10/dist-packages/control_msgs/action/__init__.py'...
Compiling '/home/duser/ros2_kortex-ros2ws/install/control_msgs/local/lib/python3.10/dist-packages/control_msgs/action/_follow_joint_trajectory.py'...
Compiling '/home/duser/ros2_kortex-ros2ws/install/control_msgs/local/lib/python3.10/dist-packages/control_msgs/action/_gripper_command.py'...
Compiling '/home/duser/ros2_kortex-ros2ws/install/control_msgs/local/lib/python3.10/dist-packages/control_msgs/action/_joint_trajectory.py'...
Compiling '/home/duser/ros2_kortex-ros2ws/install/control_msgs/local/lib/python3.10/dist-packages/control_msgs/action/_parallel_gripper_command.py'...
Compiling '/home/duser/ros2_kortex-ros2ws/install/control_msgs/local/lib/python3.10/dist-packages/control_msgs/action/_point_head.py'...
Compiling '/home/duser/ros2_kortex-ros2ws/install/control_msgs/local/lib/python3.10/dist-packages/control_msgs/action/_single_joint_position.py'...
Listing '/home/duser/ros2_kortex-ros2ws/install/control_msgs/local/lib/python3.10/dist-packages/control_msgs/msg'...
Compiling '/home/duser/ros2_kortex-ros2ws/install/control_msgs/local/lib/python3.10/dist-packages/control_msgs/msg/__init__.py'...
Compiling '/home/duser/ros2_kortex-ros2ws/install/control_msgs/local/lib/python3.10/dist-packages/control_msgs/msg/_admittance_controller_state.py'...
Compiling '/home/duser/ros2_kortex-ros2ws/install/control_msgs/local/lib/python3.10/dist-packages/control_msgs/msg/_dynamic_joint_state.py'...
Compiling '/home/duser/ros2_kortex-ros2ws/install/control_msgs/local/lib/python3.10/dist-packages/control_msgs/msg/_gripper_command.py'...
Compiling '/home/duser/ros2_kortex-ros2ws/install/control_msgs/local/lib/python3.10/dist-packages/control_msgs/msg/_interface_value.py'...
Compiling '/home/duser/ros2_kortex-ros2ws/install/control_msgs/local/lib/python3.10/dist-packages/control_msgs/msg/_joint_component_tolerance.py'...
Compiling '/home/duser/ros2_kortex-ros2ws/install/control_msgs/local/lib/python3.10/dist-packages/control_msgs/msg/_joint_controller_state.py'...
Compiling '/home/duser/ros2_kortex-ros2ws/install/control_msgs/local/lib/python3.10/dist-packages/control_msgs/msg/_joint_jog.py'...
Compiling '/home/duser/ros2_kortex-ros2ws/install/control_msgs/local/lib/python3.10/dist-packages/control_msgs/msg/_joint_tolerance.py'...
Compiling '/home/duser/ros2_kortex-ros2ws/install/control_msgs/local/lib/python3.10/dist-packages/control_msgs/msg/_joint_trajectory_controller_state.py'...
Compiling '/home/duser/ros2_kortex-ros2ws/install/control_msgs/local/lib/python3.10/dist-packages/control_msgs/msg/_mecanum_drive_controller_state.py'...
Compiling '/home/duser/ros2_kortex-ros2ws/install/control_msgs/local/lib/python3.10/dist-packages/control_msgs/msg/_multi_dof_command.py'...
Compiling '/home/duser/ros2_kortex-ros2ws/install/control_msgs/local/lib/python3.10/dist-packages/control_msgs/msg/_multi_dof_state_stamped.py'...
Compiling '/home/duser/ros2_kortex-ros2ws/install/control_msgs/local/lib/python3.10/dist-packages/control_msgs/msg/_pid_state.py'...
Compiling '/home/duser/ros2_kortex-ros2ws/install/control_msgs/local/lib/python3.10/dist-packages/control_msgs/msg/_single_dof_state.py'...
Compiling '/home/duser/ros2_kortex-ros2ws/install/control_msgs/local/lib/python3.10/dist-packages/control_msgs/msg/_single_dof_state_stamped.py'...
Compiling '/home/duser/ros2_kortex-ros2ws/install/control_msgs/local/lib/python3.10/dist-packages/control_msgs/msg/_steering_controller_status.py'...
Listing '/home/duser/ros2_kortex-ros2ws/install/control_msgs/local/lib/python3.10/dist-packages/control_msgs/srv'...
Compiling '/home/duser/ros2_kortex-ros2ws/install/control_msgs/local/lib/python3.10/dist-packages/control_msgs/srv/__init__.py'...
Compiling '/home/duser/ros2_kortex-ros2ws/install/control_msgs/local/lib/python3.10/dist-packages/control_msgs/srv/_query_calibration_state.py'...
Compiling '/home/duser/ros2_kortex-ros2ws/install/control_msgs/local/lib/python3.10/dist-packages/control_msgs/srv/_query_trajectory_state.py'...
-- Installing: /home/duser/ros2_kortex-ros2ws/install/control_msgs/local/lib/python3.10/dist-packages/control_msgs/control_msgs_s__rosidl_typesupport_fastrtps_c.cpython-310-x86_64-linux-gnu.so
-- Set runtime path of "/home/duser/ros2_kortex-ros2ws/install/control_msgs/local/lib/python3.10/dist-packages/control_msgs/control_msgs_s__rosidl_typesupport_fastrtps_c.cpython-310-x86_64-linux-gnu.so" to ""
-- Installing: /home/duser/ros2_kortex-ros2ws/install/control_msgs/local/lib/python3.10/dist-packages/control_msgs/control_msgs_s__rosidl_typesupport_introspection_c.cpython-310-x86_64-linux-gnu.so
-- Set runtime path of "/home/duser/ros2_kortex-ros2ws/install/control_msgs/local/lib/python3.10/dist-packages/control_msgs/control_msgs_s__rosidl_typesupport_introspection_c.cpython-310-x86_64-linux-gnu.so" to ""
-- Installing: /home/duser/ros2_kortex-ros2ws/install/control_msgs/local/lib/python3.10/dist-packages/control_msgs/control_msgs_s__rosidl_typesupport_c.cpython-310-x86_64-linux-gnu.so
-- Set runtime path of "/home/duser/ros2_kortex-ros2ws/install/control_msgs/local/lib/python3.10/dist-packages/control_msgs/control_msgs_s__rosidl_typesupport_c.cpython-310-x86_64-linux-gnu.so" to ""
-- Installing: /home/duser/ros2_kortex-ros2ws/install/control_msgs/lib/libcontrol_msgs__rosidl_generator_py.so
-- Set runtime path of "/home/duser/ros2_kortex-ros2ws/install/control_msgs/lib/libcontrol_msgs__rosidl_generator_py.so" to ""
-- Installing: /home/duser/ros2_kortex-ros2ws/install/control_msgs/share/control_msgs/action/ParallelGripperCommand.idl
-- Installing: /home/duser/ros2_kortex-ros2ws/install/control_msgs/share/control_msgs/action/FollowJointTrajectory.idl
-- Installing: /home/duser/ros2_kortex-ros2ws/install/control_msgs/share/control_msgs/action/GripperCommand.idl
-- Installing: /home/duser/ros2_kortex-ros2ws/install/control_msgs/share/control_msgs/action/JointTrajectory.idl
-- Installing: /home/duser/ros2_kortex-ros2ws/install/control_msgs/share/control_msgs/action/PointHead.idl
-- Installing: /home/duser/ros2_kortex-ros2ws/install/control_msgs/share/control_msgs/action/SingleJointPosition.idl
-- Installing: /home/duser/ros2_kortex-ros2ws/install/control_msgs/share/control_msgs/msg/AdmittanceControllerState.idl
-- Installing: /home/duser/ros2_kortex-ros2ws/install/control_msgs/share/control_msgs/msg/DynamicJointState.idl
-- Installing: /home/duser/ros2_kortex-ros2ws/install/control_msgs/share/control_msgs/msg/GripperCommand.idl
-- Installing: /home/duser/ros2_kortex-ros2ws/install/control_msgs/share/control_msgs/msg/InterfaceValue.idl
-- Installing: /home/duser/ros2_kortex-ros2ws/install/control_msgs/share/control_msgs/msg/JointComponentTolerance.idl
-- Installing: /home/duser/ros2_kortex-ros2ws/install/control_msgs/share/control_msgs/msg/JointControllerState.idl
-- Installing: /home/duser/ros2_kortex-ros2ws/install/control_msgs/share/control_msgs/msg/JointJog.idl
-- Installing: /home/duser/ros2_kortex-ros2ws/install/control_msgs/share/control_msgs/msg/JointTolerance.idl
-- Installing: /home/duser/ros2_kortex-ros2ws/install/control_msgs/share/control_msgs/msg/JointTrajectoryControllerState.idl
-- Installing: /home/duser/ros2_kortex-ros2ws/install/control_msgs/share/control_msgs/msg/MecanumDriveControllerState.idl
-- Installing: /home/duser/ros2_kortex-ros2ws/install/control_msgs/share/control_msgs/msg/MultiDOFCommand.idl
-- Installing: /home/duser/ros2_kortex-ros2ws/install/control_msgs/share/control_msgs/msg/MultiDOFStateStamped.idl
-- Installing: /home/duser/ros2_kortex-ros2ws/install/control_msgs/share/control_msgs/msg/PidState.idl
-- Installing: /home/duser/ros2_kortex-ros2ws/install/control_msgs/share/control_msgs/msg/SingleDOFState.idl
-- Installing: /home/duser/ros2_kortex-ros2ws/install/control_msgs/share/control_msgs/msg/SingleDOFStateStamped.idl
-- Installing: /home/duser/ros2_kortex-ros2ws/install/control_msgs/share/control_msgs/msg/SteeringControllerStatus.idl
-- Installing: /home/duser/ros2_kortex-ros2ws/install/control_msgs/share/control_msgs/srv/QueryCalibrationState.idl
-- Installing: /home/duser/ros2_kortex-ros2ws/install/control_msgs/share/control_msgs/srv/QueryTrajectoryState.idl
-- Installing: /home/duser/ros2_kortex-ros2ws/install/control_msgs/share/control_msgs/action/ParallelGripperCommand.action
-- Installing: /home/duser/ros2_kortex-ros2ws/install/control_msgs/share/control_msgs/action/FollowJointTrajectory.action
-- Installing: /home/duser/ros2_kortex-ros2ws/install/control_msgs/share/control_msgs/action/GripperCommand.action
-- Installing: /home/duser/ros2_kortex-ros2ws/install/control_msgs/share/control_msgs/action/JointTrajectory.action
-- Installing: /home/duser/ros2_kortex-ros2ws/install/control_msgs/share/control_msgs/action/PointHead.action
-- Installing: /home/duser/ros2_kortex-ros2ws/install/control_msgs/share/control_msgs/action/SingleJointPosition.action
-- Installing: /home/duser/ros2_kortex-ros2ws/install/control_msgs/share/control_msgs/msg/AdmittanceControllerState.msg
-- Installing: /home/duser/ros2_kortex-ros2ws/install/control_msgs/share/control_msgs/msg/DynamicJointState.msg
-- Installing: /home/duser/ros2_kortex-ros2ws/install/control_msgs/share/control_msgs/msg/GripperCommand.msg
-- Installing: /home/duser/ros2_kortex-ros2ws/install/control_msgs/share/control_msgs/msg/InterfaceValue.msg
-- Installing: /home/duser/ros2_kortex-ros2ws/install/control_msgs/share/control_msgs/msg/JointComponentTolerance.msg
-- Installing: /home/duser/ros2_kortex-ros2ws/install/control_msgs/share/control_msgs/msg/JointControllerState.msg
-- Installing: /home/duser/ros2_kortex-ros2ws/install/control_msgs/share/control_msgs/msg/JointJog.msg
-- Installing: /home/duser/ros2_kortex-ros2ws/install/control_msgs/share/control_msgs/msg/JointTolerance.msg
-- Installing: /home/duser/ros2_kortex-ros2ws/install/control_msgs/share/control_msgs/msg/JointTrajectoryControllerState.msg
-- Installing: /home/duser/ros2_kortex-ros2ws/install/control_msgs/share/control_msgs/msg/MecanumDriveControllerState.msg
-- Installing: /home/duser/ros2_kortex-ros2ws/install/control_msgs/share/control_msgs/msg/MultiDOFCommand.msg
-- Installing: /home/duser/ros2_kortex-ros2ws/install/control_msgs/share/control_msgs/msg/MultiDOFStateStamped.msg
-- Installing: /home/duser/ros2_kortex-ros2ws/install/control_msgs/share/control_msgs/msg/PidState.msg
-- Installing: /home/duser/ros2_kortex-ros2ws/install/control_msgs/share/control_msgs/msg/SingleDOFState.msg
-- Installing: /home/duser/ros2_kortex-ros2ws/install/control_msgs/share/control_msgs/msg/SingleDOFStateStamped.msg
-- Installing: /home/duser/ros2_kortex-ros2ws/install/control_msgs/share/control_msgs/msg/SteeringControllerStatus.msg
-- Installing: /home/duser/ros2_kortex-ros2ws/install/control_msgs/share/control_msgs/srv/QueryCalibrationState.srv
-- Installing: /home/duser/ros2_kortex-ros2ws/install/control_msgs/share/control_msgs/srv/QueryCalibrationState_Request.msg
-- Installing: /home/duser/ros2_kortex-ros2ws/install/control_msgs/share/control_msgs/srv/QueryCalibrationState_Response.msg
-- Installing: /home/duser/ros2_kortex-ros2ws/install/control_msgs/share/control_msgs/srv/QueryTrajectoryState.srv
-- Installing: /home/duser/ros2_kortex-ros2ws/install/control_msgs/share/control_msgs/srv/QueryTrajectoryState_Request.msg
-- Installing: /home/duser/ros2_kortex-ros2ws/install/control_msgs/share/control_msgs/srv/QueryTrajectoryState_Response.msg
-- Installing: /home/duser/ros2_kortex-ros2ws/install/control_msgs/share/ament_index/resource_index/package_run_dependencies/control_msgs
-- Installing: /home/duser/ros2_kortex-ros2ws/install/control_msgs/share/ament_index/resource_index/parent_prefix_path/control_msgs
-- Installing: /home/duser/ros2_kortex-ros2ws/install/control_msgs/share/control_msgs/environment/ament_prefix_path.sh
-- Installing: /home/duser/ros2_kortex-ros2ws/install/control_msgs/share/control_msgs/environment/ament_prefix_path.dsv
-- Installing: /home/duser/ros2_kortex-ros2ws/install/control_msgs/share/control_msgs/environment/path.sh
-- Installing: /home/duser/ros2_kortex-ros2ws/install/control_msgs/share/control_msgs/environment/path.dsv
-- Installing: /home/duser/ros2_kortex-ros2ws/install/control_msgs/share/control_msgs/local_setup.bash
-- Installing: /home/duser/ros2_kortex-ros2ws/install/control_msgs/share/control_msgs/local_setup.sh
-- Installing: /home/duser/ros2_kortex-ros2ws/install/control_msgs/share/control_msgs/local_setup.zsh
-- Installing: /home/duser/ros2_kortex-ros2ws/install/control_msgs/share/control_msgs/local_setup.dsv
-- Installing: /home/duser/ros2_kortex-ros2ws/install/control_msgs/share/control_msgs/package.dsv
-- Installing: /home/duser/ros2_kortex-ros2ws/install/control_msgs/share/ament_index/resource_index/packages/control_msgs
-- Installing: /home/duser/ros2_kortex-ros2ws/install/control_msgs/share/control_msgs/cmake/export_control_msgs__rosidl_generator_cExport.cmake
-- Installing: /home/duser/ros2_kortex-ros2ws/install/control_msgs/share/control_msgs/cmake/export_control_msgs__rosidl_generator_cExport-release.cmake
-- Installing: /home/duser/ros2_kortex-ros2ws/install/control_msgs/share/control_msgs/cmake/export_control_msgs__rosidl_typesupport_fastrtps_cExport.cmake
-- Installing: /home/duser/ros2_kortex-ros2ws/install/control_msgs/share/control_msgs/cmake/export_control_msgs__rosidl_typesupport_fastrtps_cExport-release.cmake
-- Installing: /home/duser/ros2_kortex-ros2ws/install/control_msgs/share/control_msgs/cmake/export_control_msgs__rosidl_generator_cppExport.cmake
-- Installing: /home/duser/ros2_kortex-ros2ws/install/control_msgs/share/control_msgs/cmake/export_control_msgs__rosidl_typesupport_fastrtps_cppExport.cmake
-- Installing: /home/duser/ros2_kortex-ros2ws/install/control_msgs/share/control_msgs/cmake/export_control_msgs__rosidl_typesupport_fastrtps_cppExport-release.cmake
-- Installing: /home/duser/ros2_kortex-ros2ws/install/control_msgs/share/control_msgs/cmake/control_msgs__rosidl_typesupport_introspection_cExport.cmake
-- Installing: /home/duser/ros2_kortex-ros2ws/install/control_msgs/share/control_msgs/cmake/control_msgs__rosidl_typesupport_introspection_cExport-release.cmake
-- Installing: /home/duser/ros2_kortex-ros2ws/install/control_msgs/share/control_msgs/cmake/control_msgs__rosidl_typesupport_cExport.cmake
-- Installing: /home/duser/ros2_kortex-ros2ws/install/control_msgs/share/control_msgs/cmake/control_msgs__rosidl_typesupport_cExport-release.cmake
-- Installing: /home/duser/ros2_kortex-ros2ws/install/control_msgs/share/control_msgs/cmake/control_msgs__rosidl_typesupport_introspection_cppExport.cmake
-- Installing: /home/duser/ros2_kortex-ros2ws/install/control_msgs/share/control_msgs/cmake/control_msgs__rosidl_typesupport_introspection_cppExport-release.cmake
-- Installing: /home/duser/ros2_kortex-ros2ws/install/control_msgs/share/control_msgs/cmake/control_msgs__rosidl_typesupport_cppExport.cmake
-- Installing: /home/duser/ros2_kortex-ros2ws/install/control_msgs/share/control_msgs/cmake/control_msgs__rosidl_typesupport_cppExport-release.cmake
-- Installing: /home/duser/ros2_kortex-ros2ws/install/control_msgs/share/control_msgs/cmake/export_control_msgs__rosidl_generator_pyExport.cmake
-- Installing: /home/duser/ros2_kortex-ros2ws/install/control_msgs/share/control_msgs/cmake/export_control_msgs__rosidl_generator_pyExport-release.cmake
-- Installing: /home/duser/ros2_kortex-ros2ws/install/control_msgs/share/control_msgs/cmake/rosidl_cmake-extras.cmake
-- Installing: /home/duser/ros2_kortex-ros2ws/install/control_msgs/share/control_msgs/cmake/ament_cmake_export_dependencies-extras.cmake
-- Installing: /home/duser/ros2_kortex-ros2ws/install/control_msgs/share/control_msgs/cmake/ament_cmake_export_include_directories-extras.cmake
-- Installing: /home/duser/ros2_kortex-ros2ws/install/control_msgs/share/control_msgs/cmake/ament_cmake_export_libraries-extras.cmake
-- Installing: /home/duser/ros2_kortex-ros2ws/install/control_msgs/share/control_msgs/cmake/ament_cmake_export_targets-extras.cmake
-- Installing: /home/duser/ros2_kortex-ros2ws/install/control_msgs/share/control_msgs/cmake/rosidl_cmake_export_typesupport_targets-extras.cmake
-- Installing: /home/duser/ros2_kortex-ros2ws/install/control_msgs/share/control_msgs/cmake/rosidl_cmake_export_typesupport_libraries-extras.cmake
-- Installing: /home/duser/ros2_kortex-ros2ws/install/control_msgs/share/control_msgs/cmake/control_msgsConfig.cmake
-- Installing: /home/duser/ros2_kortex-ros2ws/install/control_msgs/share/control_msgs/cmake/control_msgsConfig-version.cmake
-- Installing: /home/duser/ros2_kortex-ros2ws/install/control_msgs/share/control_msgs/package.xml
