[0.072s] Invoking command in '/home/duser/ros2_kortex-ros2ws/build/control_msgs': CMAKE_PREFIX_PATH=${CMAKE_PREFIX_PATH}:/opt/ros/humble /usr/bin/cmake --build /home/duser/ros2_kortex-ros2ws/build/control_msgs -- -j12 -l12
[0.214s] [35m[1mConsolidate compiler generated dependencies of target control_msgs__rosidl_generator_c[0m
[0.240s] [  0%] Built target control_msgs__cpp
[0.304s] [35m[1mConsolidate compiler generated dependencies of target control_msgs__rosidl_typesupport_cpp[0m
[0.317s] [35m[1mConsolidate compiler generated dependencies of target control_msgs__rosidl_typesupport_introspection_cpp[0m
[0.327s] [ 13%] Built target control_msgs__rosidl_generator_c
[0.352s] [ 13%] Built target ament_cmake_python_copy_control_msgs
[0.366s] [35m[1mConsolidate compiler generated dependencies of target control_msgs__rosidl_typesupport_fastrtps_cpp[0m
[0.397s] [35m[1mConsolidate compiler generated dependencies of target control_msgs__rosidl_typesupport_introspection_c[0m
[0.412s] [35m[1mConsolidate compiler generated dependencies of target control_msgs__rosidl_typesupport_c[0m
[0.429s] [ 25%] Built target control_msgs__rosidl_typesupport_cpp
[0.434s] [35m[1mConsolidate compiler generated dependencies of target control_msgs__rosidl_typesupport_fastrtps_c[0m
[0.447s] [ 38%] Built target control_msgs__rosidl_typesupport_introspection_cpp
[0.462s] [ 50%] Built target control_msgs__rosidl_typesupport_c
[0.465s] [ 73%] Built target control_msgs__rosidl_typesupport_fastrtps_cpp
[0.465s] [ 74%] Built target control_msgs__rosidl_typesupport_introspection_c
[0.517s] [ 86%] Built target control_msgs__rosidl_typesupport_fastrtps_c
[0.560s] [ 86%] Built target control_msgs
[0.610s] [ 86%] Built target control_msgs__py
[0.651s] [35m[1mConsolidate compiler generated dependencies of target control_msgs__rosidl_generator_py[0m
[0.781s] [ 97%] Built target control_msgs__rosidl_generator_py
[0.782s] [35m[1mConsolidate compiler generated dependencies of target control_msgs__rosidl_typesupport_fastrtps_c__pyext[0m
[0.783s] [35m[1mConsolidate compiler generated dependencies of target control_msgs__rosidl_typesupport_c__pyext[0m
[0.784s] [35m[1mConsolidate compiler generated dependencies of target control_msgs__rosidl_typesupport_introspection_c__pyext[0m
[0.810s] [ 99%] Built target control_msgs__rosidl_typesupport_introspection_c__pyext
[0.811s] [ 99%] Built target control_msgs__rosidl_typesupport_fastrtps_c__pyext
[0.813s] [100%] Built target control_msgs__rosidl_typesupport_c__pyext
[0.873s] running egg_info
[0.875s] writing control_msgs.egg-info/PKG-INFO
[0.876s] writing dependency_links to control_msgs.egg-info/dependency_links.txt
[0.876s] writing top-level names to control_msgs.egg-info/top_level.txt
[0.885s] reading manifest file 'control_msgs.egg-info/SOURCES.txt'
[0.885s] writing manifest file 'control_msgs.egg-info/SOURCES.txt'
[0.963s] [100%] Built target ament_cmake_python_build_control_msgs_egg
[0.989s] Invoked command in '/home/duser/ros2_kortex-ros2ws/build/control_msgs' returned '0': CMAKE_PREFIX_PATH=${CMAKE_PREFIX_PATH}:/opt/ros/humble /usr/bin/cmake --build /home/duser/ros2_kortex-ros2ws/build/control_msgs -- -j12 -l12
[1.936s] Invoking command in '/home/duser/ros2_kortex-ros2ws/build/control_msgs': CMAKE_PREFIX_PATH=${CMAKE_PREFIX_PATH}:/opt/ros/humble /usr/bin/cmake --install /home/duser/ros2_kortex-ros2ws/build/control_msgs
[1.949s] -- Install configuration: "Release"
[1.949s] -- Installing: /home/duser/ros2_kortex-ros2ws/install/control_msgs/share/ament_index/resource_index/rosidl_interfaces/control_msgs
[1.950s] -- Installing: /home/duser/ros2_kortex-ros2ws/install/control_msgs/include/control_msgs/control_msgs
[1.950s] -- Installing: /home/duser/ros2_kortex-ros2ws/install/control_msgs/include/control_msgs/control_msgs/msg
[1.950s] -- Installing: /home/duser/ros2_kortex-ros2ws/install/control_msgs/include/control_msgs/control_msgs/msg/joint_trajectory_controller_state.h
[1.951s] -- Installing: /home/duser/ros2_kortex-ros2ws/install/control_msgs/include/control_msgs/control_msgs/msg/single_dof_state.h
[1.951s] -- Installing: /home/duser/ros2_kortex-ros2ws/install/control_msgs/include/control_msgs/control_msgs/msg/rosidl_generator_c__visibility_control.h
[1.951s] -- Installing: /home/duser/ros2_kortex-ros2ws/install/control_msgs/include/control_msgs/control_msgs/msg/admittance_controller_state.h
[1.952s] -- Installing: /home/duser/ros2_kortex-ros2ws/install/control_msgs/include/control_msgs/control_msgs/msg/steering_controller_status.h
[1.952s] -- Installing: /home/duser/ros2_kortex-ros2ws/install/control_msgs/include/control_msgs/control_msgs/msg/joint_jog.h
[1.952s] -- Installing: /home/duser/ros2_kortex-ros2ws/install/control_msgs/include/control_msgs/control_msgs/msg/interface_value.h
[1.953s] -- Installing: /home/duser/ros2_kortex-ros2ws/install/control_msgs/include/control_msgs/control_msgs/msg/joint_tolerance.h
[1.953s] -- Installing: /home/duser/ros2_kortex-ros2ws/install/control_msgs/include/control_msgs/control_msgs/msg/detail
[1.953s] -- Installing: /home/duser/ros2_kortex-ros2ws/install/control_msgs/include/control_msgs/control_msgs/msg/detail/mecanum_drive_controller_state__functions.c
[1.954s] -- Installing: /home/duser/ros2_kortex-ros2ws/install/control_msgs/include/control_msgs/control_msgs/msg/detail/joint_controller_state__type_support.h
[1.954s] -- Installing: /home/duser/ros2_kortex-ros2ws/install/control_msgs/include/control_msgs/control_msgs/msg/detail/mecanum_drive_controller_state__struct.h
[1.954s] -- Installing: /home/duser/ros2_kortex-ros2ws/install/control_msgs/include/control_msgs/control_msgs/msg/detail/joint_tolerance__functions.c
[1.955s] -- Installing: /home/duser/ros2_kortex-ros2ws/install/control_msgs/include/control_msgs/control_msgs/msg/detail/dynamic_joint_state__functions.h
[1.955s] -- Installing: /home/duser/ros2_kortex-ros2ws/install/control_msgs/include/control_msgs/control_msgs/msg/detail/dynamic_joint_state__struct.h
[1.955s] -- Installing: /home/duser/ros2_kortex-ros2ws/install/control_msgs/include/control_msgs/control_msgs/msg/detail/joint_component_tolerance__struct.h
[1.956s] -- Installing: /home/duser/ros2_kortex-ros2ws/install/control_msgs/include/control_msgs/control_msgs/msg/detail/joint_component_tolerance__functions.h
[1.956s] -- Installing: /home/duser/ros2_kortex-ros2ws/install/control_msgs/include/control_msgs/control_msgs/msg/detail/joint_trajectory_controller_state__struct.h
[1.957s] -- Installing: /home/duser/ros2_kortex-ros2ws/install/control_msgs/include/control_msgs/control_msgs/msg/detail/interface_value__type_support.h
[1.957s] -- Installing: /home/duser/ros2_kortex-ros2ws/install/control_msgs/include/control_msgs/control_msgs/msg/detail/multi_dof_command__functions.c
[1.958s] -- Installing: /home/duser/ros2_kortex-ros2ws/install/control_msgs/include/control_msgs/control_msgs/msg/detail/joint_jog__struct.h
[1.958s] -- Installing: /home/duser/ros2_kortex-ros2ws/install/control_msgs/include/control_msgs/control_msgs/msg/detail/joint_jog__functions.c
[1.958s] -- Installing: /home/duser/ros2_kortex-ros2ws/install/control_msgs/include/control_msgs/control_msgs/msg/detail/single_dof_state_stamped__struct.h
[1.959s] -- Installing: /home/duser/ros2_kortex-ros2ws/install/control_msgs/include/control_msgs/control_msgs/msg/detail/single_dof_state__struct.h
[1.959s] -- Installing: /home/duser/ros2_kortex-ros2ws/install/control_msgs/include/control_msgs/control_msgs/msg/detail/joint_controller_state__functions.h
[1.960s] -- Installing: /home/duser/ros2_kortex-ros2ws/install/control_msgs/include/control_msgs/control_msgs/msg/detail/multi_dof_state_stamped__type_support.h
[1.960s] -- Installing: /home/duser/ros2_kortex-ros2ws/install/control_msgs/include/control_msgs/control_msgs/msg/detail/pid_state__type_support.h
[1.960s] -- Installing: /home/duser/ros2_kortex-ros2ws/install/control_msgs/include/control_msgs/control_msgs/msg/detail/interface_value__functions.c
[1.961s] -- Installing: /home/duser/ros2_kortex-ros2ws/install/control_msgs/include/control_msgs/control_msgs/msg/detail/gripper_command__functions.c
[1.961s] -- Installing: /home/duser/ros2_kortex-ros2ws/install/control_msgs/include/control_msgs/control_msgs/msg/detail/pid_state__functions.h
[1.962s] -- Installing: /home/duser/ros2_kortex-ros2ws/install/control_msgs/include/control_msgs/control_msgs/msg/detail/gripper_command__struct.h
[1.962s] -- Installing: /home/duser/ros2_kortex-ros2ws/install/control_msgs/include/control_msgs/control_msgs/msg/detail/dynamic_joint_state__type_support.h
[1.962s] -- Installing: /home/duser/ros2_kortex-ros2ws/install/control_msgs/include/control_msgs/control_msgs/msg/detail/admittance_controller_state__functions.c
[1.963s] -- Installing: /home/duser/ros2_kortex-ros2ws/install/control_msgs/include/control_msgs/control_msgs/msg/detail/admittance_controller_state__functions.h
[1.963s] -- Installing: /home/duser/ros2_kortex-ros2ws/install/control_msgs/include/control_msgs/control_msgs/msg/detail/admittance_controller_state__struct.h
[1.964s] -- Installing: /home/duser/ros2_kortex-ros2ws/install/control_msgs/include/control_msgs/control_msgs/msg/detail/pid_state__struct.h
[1.964s] -- Installing: /home/duser/ros2_kortex-ros2ws/install/control_msgs/include/control_msgs/control_msgs/msg/detail/joint_component_tolerance__functions.c
[1.964s] -- Installing: /home/duser/ros2_kortex-ros2ws/install/control_msgs/include/control_msgs/control_msgs/msg/detail/interface_value__struct.h
[1.965s] -- Installing: /home/duser/ros2_kortex-ros2ws/install/control_msgs/include/control_msgs/control_msgs/msg/detail/single_dof_state__type_support.h
[1.965s] -- Installing: /home/duser/ros2_kortex-ros2ws/install/control_msgs/include/control_msgs/control_msgs/msg/detail/single_dof_state_stamped__functions.h
[1.966s] -- Installing: /home/duser/ros2_kortex-ros2ws/install/control_msgs/include/control_msgs/control_msgs/msg/detail/multi_dof_command__type_support.h
[1.966s] -- Installing: /home/duser/ros2_kortex-ros2ws/install/control_msgs/include/control_msgs/control_msgs/msg/detail/joint_controller_state__struct.h
[1.966s] -- Installing: /home/duser/ros2_kortex-ros2ws/install/control_msgs/include/control_msgs/control_msgs/msg/detail/joint_component_tolerance__type_support.h
[1.967s] -- Installing: /home/duser/ros2_kortex-ros2ws/install/control_msgs/include/control_msgs/control_msgs/msg/detail/dynamic_joint_state__functions.c
[1.967s] -- Installing: /home/duser/ros2_kortex-ros2ws/install/control_msgs/include/control_msgs/control_msgs/msg/detail/pid_state__functions.c
[1.968s] -- Installing: /home/duser/ros2_kortex-ros2ws/install/control_msgs/include/control_msgs/control_msgs/msg/detail/multi_dof_state_stamped__struct.h
[1.968s] -- Installing: /home/duser/ros2_kortex-ros2ws/install/control_msgs/include/control_msgs/control_msgs/msg/detail/gripper_command__functions.h
[1.968s] -- Installing: /home/duser/ros2_kortex-ros2ws/install/control_msgs/include/control_msgs/control_msgs/msg/detail/steering_controller_status__functions.h
[1.969s] -- Installing: /home/duser/ros2_kortex-ros2ws/install/control_msgs/include/control_msgs/control_msgs/msg/detail/mecanum_drive_controller_state__functions.h
[1.969s] -- Installing: /home/duser/ros2_kortex-ros2ws/install/control_msgs/include/control_msgs/control_msgs/msg/detail/multi_dof_state_stamped__functions.c
[1.970s] -- Installing: /home/duser/ros2_kortex-ros2ws/install/control_msgs/include/control_msgs/control_msgs/msg/detail/steering_controller_status__functions.c
[1.970s] -- Installing: /home/duser/ros2_kortex-ros2ws/install/control_msgs/include/control_msgs/control_msgs/msg/detail/joint_trajectory_controller_state__functions.c
[1.971s] -- Installing: /home/duser/ros2_kortex-ros2ws/install/control_msgs/include/control_msgs/control_msgs/msg/detail/single_dof_state_stamped__type_support.h
[1.971s] -- Installing: /home/duser/ros2_kortex-ros2ws/install/control_msgs/include/control_msgs/control_msgs/msg/detail/joint_tolerance__functions.h
[1.971s] -- Installing: /home/duser/ros2_kortex-ros2ws/install/control_msgs/include/control_msgs/control_msgs/msg/detail/interface_value__functions.h
[1.972s] -- Installing: /home/duser/ros2_kortex-ros2ws/install/control_msgs/include/control_msgs/control_msgs/msg/detail/admittance_controller_state__type_support.h
[1.972s] -- Installing: /home/duser/ros2_kortex-ros2ws/install/control_msgs/include/control_msgs/control_msgs/msg/detail/joint_controller_state__functions.c
[1.973s] -- Installing: /home/duser/ros2_kortex-ros2ws/install/control_msgs/include/control_msgs/control_msgs/msg/detail/joint_trajectory_controller_state__functions.h
[1.973s] -- Installing: /home/duser/ros2_kortex-ros2ws/install/control_msgs/include/control_msgs/control_msgs/msg/detail/joint_tolerance__type_support.h
[1.974s] -- Installing: /home/duser/ros2_kortex-ros2ws/install/control_msgs/include/control_msgs/control_msgs/msg/detail/single_dof_state_stamped__functions.c
[1.974s] -- Installing: /home/duser/ros2_kortex-ros2ws/install/control_msgs/include/control_msgs/control_msgs/msg/detail/steering_controller_status__type_support.h
[1.974s] -- Installing: /home/duser/ros2_kortex-ros2ws/install/control_msgs/include/control_msgs/control_msgs/msg/detail/steering_controller_status__struct.h
[1.974s] -- Installing: /home/duser/ros2_kortex-ros2ws/install/control_msgs/include/control_msgs/control_msgs/msg/detail/multi_dof_command__struct.h
[1.975s] -- Installing: /home/duser/ros2_kortex-ros2ws/install/control_msgs/include/control_msgs/control_msgs/msg/detail/joint_jog__functions.h
[1.975s] -- Installing: /home/duser/ros2_kortex-ros2ws/install/control_msgs/include/control_msgs/control_msgs/msg/detail/single_dof_state__functions.c
[1.976s] -- Installing: /home/duser/ros2_kortex-ros2ws/install/control_msgs/include/control_msgs/control_msgs/msg/detail/joint_trajectory_controller_state__type_support.h
[1.976s] -- Installing: /home/duser/ros2_kortex-ros2ws/install/control_msgs/include/control_msgs/control_msgs/msg/detail/multi_dof_command__functions.h
[1.976s] -- Installing: /home/duser/ros2_kortex-ros2ws/install/control_msgs/include/control_msgs/control_msgs/msg/detail/single_dof_state__functions.h
[1.977s] -- Installing: /home/duser/ros2_kortex-ros2ws/install/control_msgs/include/control_msgs/control_msgs/msg/detail/joint_jog__type_support.h
[1.977s] -- Installing: /home/duser/ros2_kortex-ros2ws/install/control_msgs/include/control_msgs/control_msgs/msg/detail/joint_tolerance__struct.h
[1.978s] -- Installing: /home/duser/ros2_kortex-ros2ws/install/control_msgs/include/control_msgs/control_msgs/msg/detail/mecanum_drive_controller_state__type_support.h
[1.978s] -- Installing: /home/duser/ros2_kortex-ros2ws/install/control_msgs/include/control_msgs/control_msgs/msg/detail/multi_dof_state_stamped__functions.h
[1.978s] -- Installing: /home/duser/ros2_kortex-ros2ws/install/control_msgs/include/control_msgs/control_msgs/msg/detail/gripper_command__type_support.h
[1.979s] -- Installing: /home/duser/ros2_kortex-ros2ws/install/control_msgs/include/control_msgs/control_msgs/msg/multi_dof_command.h
[1.979s] -- Installing: /home/duser/ros2_kortex-ros2ws/install/control_msgs/include/control_msgs/control_msgs/msg/joint_component_tolerance.h
[1.979s] -- Installing: /home/duser/ros2_kortex-ros2ws/install/control_msgs/include/control_msgs/control_msgs/msg/gripper_command.h
[1.980s] -- Installing: /home/duser/ros2_kortex-ros2ws/install/control_msgs/include/control_msgs/control_msgs/msg/mecanum_drive_controller_state.h
[1.980s] -- Installing: /home/duser/ros2_kortex-ros2ws/install/control_msgs/include/control_msgs/control_msgs/msg/dynamic_joint_state.h
[1.981s] -- Installing: /home/duser/ros2_kortex-ros2ws/install/control_msgs/include/control_msgs/control_msgs/msg/single_dof_state_stamped.h
[1.981s] -- Installing: /home/duser/ros2_kortex-ros2ws/install/control_msgs/include/control_msgs/control_msgs/msg/pid_state.h
[1.981s] -- Installing: /home/duser/ros2_kortex-ros2ws/install/control_msgs/include/control_msgs/control_msgs/msg/multi_dof_state_stamped.h
[1.981s] -- Installing: /home/duser/ros2_kortex-ros2ws/install/control_msgs/include/control_msgs/control_msgs/msg/joint_controller_state.h
[1.982s] -- Installing: /home/duser/ros2_kortex-ros2ws/install/control_msgs/include/control_msgs/control_msgs/action
[1.982s] -- Installing: /home/duser/ros2_kortex-ros2ws/install/control_msgs/include/control_msgs/control_msgs/action/single_joint_position.h
[1.982s] -- Installing: /home/duser/ros2_kortex-ros2ws/install/control_msgs/include/control_msgs/control_msgs/action/point_head.h
[1.983s] -- Installing: /home/duser/ros2_kortex-ros2ws/install/control_msgs/include/control_msgs/control_msgs/action/follow_joint_trajectory.h
[1.983s] -- Installing: /home/duser/ros2_kortex-ros2ws/install/control_msgs/include/control_msgs/control_msgs/action/detail
[1.983s] -- Installing: /home/duser/ros2_kortex-ros2ws/install/control_msgs/include/control_msgs/control_msgs/action/detail/joint_trajectory__type_support.h
[1.984s] -- Installing: /home/duser/ros2_kortex-ros2ws/install/control_msgs/include/control_msgs/control_msgs/action/detail/point_head__type_support.h
[1.984s] -- Installing: /home/duser/ros2_kortex-ros2ws/install/control_msgs/include/control_msgs/control_msgs/action/detail/parallel_gripper_command__functions.c
[1.985s] -- Installing: /home/duser/ros2_kortex-ros2ws/install/control_msgs/include/control_msgs/control_msgs/action/detail/joint_trajectory__functions.h
[1.986s] -- Installing: /home/duser/ros2_kortex-ros2ws/install/control_msgs/include/control_msgs/control_msgs/action/detail/point_head__functions.h
[1.986s] -- Installing: /home/duser/ros2_kortex-ros2ws/install/control_msgs/include/control_msgs/control_msgs/action/detail/single_joint_position__type_support.h
[1.987s] -- Installing: /home/duser/ros2_kortex-ros2ws/install/control_msgs/include/control_msgs/control_msgs/action/detail/follow_joint_trajectory__struct.h
[1.987s] -- Installing: /home/duser/ros2_kortex-ros2ws/install/control_msgs/include/control_msgs/control_msgs/action/detail/gripper_command__functions.c
[1.988s] -- Installing: /home/duser/ros2_kortex-ros2ws/install/control_msgs/include/control_msgs/control_msgs/action/detail/single_joint_position__struct.h
[1.988s] -- Installing: /home/duser/ros2_kortex-ros2ws/install/control_msgs/include/control_msgs/control_msgs/action/detail/gripper_command__struct.h
[1.988s] -- Installing: /home/duser/ros2_kortex-ros2ws/install/control_msgs/include/control_msgs/control_msgs/action/detail/single_joint_position__functions.h
[1.989s] -- Installing: /home/duser/ros2_kortex-ros2ws/install/control_msgs/include/control_msgs/control_msgs/action/detail/point_head__struct.h
[1.990s] -- Installing: /home/duser/ros2_kortex-ros2ws/install/control_msgs/include/control_msgs/control_msgs/action/detail/follow_joint_trajectory__type_support.h
[1.990s] -- Installing: /home/duser/ros2_kortex-ros2ws/install/control_msgs/include/control_msgs/control_msgs/action/detail/point_head__functions.c
[1.990s] -- Installing: /home/duser/ros2_kortex-ros2ws/install/control_msgs/include/control_msgs/control_msgs/action/detail/follow_joint_trajectory__functions.c
[1.991s] -- Installing: /home/duser/ros2_kortex-ros2ws/install/control_msgs/include/control_msgs/control_msgs/action/detail/gripper_command__functions.h
[1.992s] -- Installing: /home/duser/ros2_kortex-ros2ws/install/control_msgs/include/control_msgs/control_msgs/action/detail/follow_joint_trajectory__functions.h
[1.993s] -- Installing: /home/duser/ros2_kortex-ros2ws/install/control_msgs/include/control_msgs/control_msgs/action/detail/parallel_gripper_command__type_support.h
[1.993s] -- Installing: /home/duser/ros2_kortex-ros2ws/install/control_msgs/include/control_msgs/control_msgs/action/detail/single_joint_position__functions.c
[1.994s] -- Installing: /home/duser/ros2_kortex-ros2ws/install/control_msgs/include/control_msgs/control_msgs/action/detail/joint_trajectory__struct.h
[1.994s] -- Installing: /home/duser/ros2_kortex-ros2ws/install/control_msgs/include/control_msgs/control_msgs/action/detail/parallel_gripper_command__functions.h
[1.995s] -- Installing: /home/duser/ros2_kortex-ros2ws/install/control_msgs/include/control_msgs/control_msgs/action/detail/joint_trajectory__functions.c
[1.995s] -- Installing: /home/duser/ros2_kortex-ros2ws/install/control_msgs/include/control_msgs/control_msgs/action/detail/gripper_command__type_support.h
[1.996s] -- Installing: /home/duser/ros2_kortex-ros2ws/install/control_msgs/include/control_msgs/control_msgs/action/detail/parallel_gripper_command__struct.h
[1.996s] -- Installing: /home/duser/ros2_kortex-ros2ws/install/control_msgs/include/control_msgs/control_msgs/action/gripper_command.h
[1.996s] -- Installing: /home/duser/ros2_kortex-ros2ws/install/control_msgs/include/control_msgs/control_msgs/action/parallel_gripper_command.h
[1.997s] -- Installing: /home/duser/ros2_kortex-ros2ws/install/control_msgs/include/control_msgs/control_msgs/action/joint_trajectory.h
[1.997s] -- Installing: /home/duser/ros2_kortex-ros2ws/install/control_msgs/include/control_msgs/control_msgs/srv
[1.997s] -- Installing: /home/duser/ros2_kortex-ros2ws/install/control_msgs/include/control_msgs/control_msgs/srv/query_calibration_state.h
[1.997s] -- Installing: /home/duser/ros2_kortex-ros2ws/install/control_msgs/include/control_msgs/control_msgs/srv/detail
[1.998s] -- Installing: /home/duser/ros2_kortex-ros2ws/install/control_msgs/include/control_msgs/control_msgs/srv/detail/query_calibration_state__struct.h
[1.998s] -- Installing: /home/duser/ros2_kortex-ros2ws/install/control_msgs/include/control_msgs/control_msgs/srv/detail/query_trajectory_state__type_support.h
[1.998s] -- Installing: /home/duser/ros2_kortex-ros2ws/install/control_msgs/include/control_msgs/control_msgs/srv/detail/query_trajectory_state__struct.h
[1.999s] -- Installing: /home/duser/ros2_kortex-ros2ws/install/control_msgs/include/control_msgs/control_msgs/srv/detail/query_calibration_state__functions.h
[1.999s] -- Installing: /home/duser/ros2_kortex-ros2ws/install/control_msgs/include/control_msgs/control_msgs/srv/detail/query_trajectory_state__functions.c
[2.000s] -- Installing: /home/duser/ros2_kortex-ros2ws/install/control_msgs/include/control_msgs/control_msgs/srv/detail/query_calibration_state__functions.c
[2.000s] -- Installing: /home/duser/ros2_kortex-ros2ws/install/control_msgs/include/control_msgs/control_msgs/srv/detail/query_calibration_state__type_support.h
[2.000s] -- Installing: /home/duser/ros2_kortex-ros2ws/install/control_msgs/include/control_msgs/control_msgs/srv/detail/query_trajectory_state__functions.h
[2.001s] -- Installing: /home/duser/ros2_kortex-ros2ws/install/control_msgs/include/control_msgs/control_msgs/srv/query_trajectory_state.h
[2.001s] -- Installing: /home/duser/ros2_kortex-ros2ws/install/control_msgs/share/control_msgs/environment/library_path.sh
[2.002s] -- Installing: /home/duser/ros2_kortex-ros2ws/install/control_msgs/share/control_msgs/environment/library_path.dsv
[2.002s] -- Installing: /home/duser/ros2_kortex-ros2ws/install/control_msgs/lib/libcontrol_msgs__rosidl_generator_c.so
[2.004s] -- Set runtime path of "/home/duser/ros2_kortex-ros2ws/install/control_msgs/lib/libcontrol_msgs__rosidl_generator_c.so" to ""
[2.005s] -- Up-to-date: /home/duser/ros2_kortex-ros2ws/install/control_msgs/include/control_msgs/control_msgs
[2.005s] -- Up-to-date: /home/duser/ros2_kortex-ros2ws/install/control_msgs/include/control_msgs/control_msgs/msg
[2.005s] -- Up-to-date: /home/duser/ros2_kortex-ros2ws/install/control_msgs/include/control_msgs/control_msgs/msg/detail
[2.005s] -- Installing: /home/duser/ros2_kortex-ros2ws/install/control_msgs/include/control_msgs/control_msgs/msg/detail/multi_dof_command__rosidl_typesupport_fastrtps_c.h
[2.005s] -- Installing: /home/duser/ros2_kortex-ros2ws/install/control_msgs/include/control_msgs/control_msgs/msg/detail/joint_component_tolerance__rosidl_typesupport_fastrtps_c.h
[2.006s] -- Installing: /home/duser/ros2_kortex-ros2ws/install/control_msgs/include/control_msgs/control_msgs/msg/detail/joint_tolerance__rosidl_typesupport_fastrtps_c.h
[2.006s] -- Installing: /home/duser/ros2_kortex-ros2ws/install/control_msgs/include/control_msgs/control_msgs/msg/detail/single_dof_state_stamped__rosidl_typesupport_fastrtps_c.h
[2.006s] -- Installing: /home/duser/ros2_kortex-ros2ws/install/control_msgs/include/control_msgs/control_msgs/msg/detail/joint_controller_state__rosidl_typesupport_fastrtps_c.h
[2.007s] -- Installing: /home/duser/ros2_kortex-ros2ws/install/control_msgs/include/control_msgs/control_msgs/msg/detail/joint_jog__rosidl_typesupport_fastrtps_c.h
[2.007s] -- Installing: /home/duser/ros2_kortex-ros2ws/install/control_msgs/include/control_msgs/control_msgs/msg/detail/pid_state__rosidl_typesupport_fastrtps_c.h
[2.007s] -- Installing: /home/duser/ros2_kortex-ros2ws/install/control_msgs/include/control_msgs/control_msgs/msg/detail/joint_trajectory_controller_state__rosidl_typesupport_fastrtps_c.h
[2.008s] -- Installing: /home/duser/ros2_kortex-ros2ws/install/control_msgs/include/control_msgs/control_msgs/msg/detail/mecanum_drive_controller_state__rosidl_typesupport_fastrtps_c.h
[2.008s] -- Installing: /home/duser/ros2_kortex-ros2ws/install/control_msgs/include/control_msgs/control_msgs/msg/detail/gripper_command__rosidl_typesupport_fastrtps_c.h
[2.008s] -- Installing: /home/duser/ros2_kortex-ros2ws/install/control_msgs/include/control_msgs/control_msgs/msg/detail/steering_controller_status__rosidl_typesupport_fastrtps_c.h
[2.009s] -- Installing: /home/duser/ros2_kortex-ros2ws/install/control_msgs/include/control_msgs/control_msgs/msg/detail/interface_value__rosidl_typesupport_fastrtps_c.h
[2.009s] -- Installing: /home/duser/ros2_kortex-ros2ws/install/control_msgs/include/control_msgs/control_msgs/msg/detail/single_dof_state__rosidl_typesupport_fastrtps_c.h
[2.010s] -- Installing: /home/duser/ros2_kortex-ros2ws/install/control_msgs/include/control_msgs/control_msgs/msg/detail/dynamic_joint_state__rosidl_typesupport_fastrtps_c.h
[2.010s] -- Installing: /home/duser/ros2_kortex-ros2ws/install/control_msgs/include/control_msgs/control_msgs/msg/detail/admittance_controller_state__rosidl_typesupport_fastrtps_c.h
[2.011s] -- Installing: /home/duser/ros2_kortex-ros2ws/install/control_msgs/include/control_msgs/control_msgs/msg/detail/multi_dof_state_stamped__rosidl_typesupport_fastrtps_c.h
[2.011s] -- Installing: /home/duser/ros2_kortex-ros2ws/install/control_msgs/include/control_msgs/control_msgs/msg/rosidl_typesupport_fastrtps_c__visibility_control.h
[2.011s] -- Up-to-date: /home/duser/ros2_kortex-ros2ws/install/control_msgs/include/control_msgs/control_msgs/action
[2.011s] -- Up-to-date: /home/duser/ros2_kortex-ros2ws/install/control_msgs/include/control_msgs/control_msgs/action/detail
[2.011s] -- Installing: /home/duser/ros2_kortex-ros2ws/install/control_msgs/include/control_msgs/control_msgs/action/detail/joint_trajectory__rosidl_typesupport_fastrtps_c.h
[2.012s] -- Installing: /home/duser/ros2_kortex-ros2ws/install/control_msgs/include/control_msgs/control_msgs/action/detail/parallel_gripper_command__rosidl_typesupport_fastrtps_c.h
[2.012s] -- Installing: /home/duser/ros2_kortex-ros2ws/install/control_msgs/include/control_msgs/control_msgs/action/detail/gripper_command__rosidl_typesupport_fastrtps_c.h
[2.013s] -- Installing: /home/duser/ros2_kortex-ros2ws/install/control_msgs/include/control_msgs/control_msgs/action/detail/point_head__rosidl_typesupport_fastrtps_c.h
[2.014s] -- Installing: /home/duser/ros2_kortex-ros2ws/install/control_msgs/include/control_msgs/control_msgs/action/detail/single_joint_position__rosidl_typesupport_fastrtps_c.h
[2.014s] -- Installing: /home/duser/ros2_kortex-ros2ws/install/control_msgs/include/control_msgs/control_msgs/action/detail/follow_joint_trajectory__rosidl_typesupport_fastrtps_c.h
[2.014s] -- Up-to-date: /home/duser/ros2_kortex-ros2ws/install/control_msgs/include/control_msgs/control_msgs/srv
[2.014s] -- Up-to-date: /home/duser/ros2_kortex-ros2ws/install/control_msgs/include/control_msgs/control_msgs/srv/detail
[2.015s] -- Installing: /home/duser/ros2_kortex-ros2ws/install/control_msgs/include/control_msgs/control_msgs/srv/detail/query_calibration_state__rosidl_typesupport_fastrtps_c.h
[2.015s] -- Installing: /home/duser/ros2_kortex-ros2ws/install/control_msgs/include/control_msgs/control_msgs/srv/detail/query_trajectory_state__rosidl_typesupport_fastrtps_c.h
[2.015s] -- Installing: /home/duser/ros2_kortex-ros2ws/install/control_msgs/lib/libcontrol_msgs__rosidl_typesupport_fastrtps_c.so
[2.018s] -- Set runtime path of "/home/duser/ros2_kortex-ros2ws/install/control_msgs/lib/libcontrol_msgs__rosidl_typesupport_fastrtps_c.so" to ""
[2.018s] -- Up-to-date: /home/duser/ros2_kortex-ros2ws/install/control_msgs/include/control_msgs/control_msgs
[2.018s] -- Up-to-date: /home/duser/ros2_kortex-ros2ws/install/control_msgs/include/control_msgs/control_msgs/msg
[2.018s] -- Installing: /home/duser/ros2_kortex-ros2ws/install/control_msgs/include/control_msgs/control_msgs/msg/multi_dof_command.hpp
[2.018s] -- Installing: /home/duser/ros2_kortex-ros2ws/install/control_msgs/include/control_msgs/control_msgs/msg/single_dof_state.hpp
[2.019s] -- Installing: /home/duser/ros2_kortex-ros2ws/install/control_msgs/include/control_msgs/control_msgs/msg/gripper_command.hpp
[2.019s] -- Installing: /home/duser/ros2_kortex-ros2ws/install/control_msgs/include/control_msgs/control_msgs/msg/single_dof_state_stamped.hpp
[2.020s] -- Installing: /home/duser/ros2_kortex-ros2ws/install/control_msgs/include/control_msgs/control_msgs/msg/joint_component_tolerance.hpp
[2.020s] -- Installing: /home/duser/ros2_kortex-ros2ws/install/control_msgs/include/control_msgs/control_msgs/msg/joint_jog.hpp
[2.020s] -- Installing: /home/duser/ros2_kortex-ros2ws/install/control_msgs/include/control_msgs/control_msgs/msg/joint_controller_state.hpp
[2.021s] -- Installing: /home/duser/ros2_kortex-ros2ws/install/control_msgs/include/control_msgs/control_msgs/msg/pid_state.hpp
[2.021s] -- Installing: /home/duser/ros2_kortex-ros2ws/install/control_msgs/include/control_msgs/control_msgs/msg/steering_controller_status.hpp
[2.022s] -- Up-to-date: /home/duser/ros2_kortex-ros2ws/install/control_msgs/include/control_msgs/control_msgs/msg/detail
[2.022s] -- Installing: /home/duser/ros2_kortex-ros2ws/install/control_msgs/include/control_msgs/control_msgs/msg/detail/joint_component_tolerance__traits.hpp
[2.022s] -- Installing: /home/duser/ros2_kortex-ros2ws/install/control_msgs/include/control_msgs/control_msgs/msg/detail/single_dof_state_stamped__traits.hpp
[2.023s] -- Installing: /home/duser/ros2_kortex-ros2ws/install/control_msgs/include/control_msgs/control_msgs/msg/detail/joint_trajectory_controller_state__struct.hpp
[2.023s] -- Installing: /home/duser/ros2_kortex-ros2ws/install/control_msgs/include/control_msgs/control_msgs/msg/detail/dynamic_joint_state__traits.hpp
[2.023s] -- Installing: /home/duser/ros2_kortex-ros2ws/install/control_msgs/include/control_msgs/control_msgs/msg/detail/interface_value__struct.hpp
[2.024s] -- Installing: /home/duser/ros2_kortex-ros2ws/install/control_msgs/include/control_msgs/control_msgs/msg/detail/single_dof_state_stamped__struct.hpp
[2.024s] -- Installing: /home/duser/ros2_kortex-ros2ws/install/control_msgs/include/control_msgs/control_msgs/msg/detail/single_dof_state__builder.hpp
[2.025s] -- Installing: /home/duser/ros2_kortex-ros2ws/install/control_msgs/include/control_msgs/control_msgs/msg/detail/multi_dof_state_stamped__struct.hpp
[2.025s] -- Installing: /home/duser/ros2_kortex-ros2ws/install/control_msgs/include/control_msgs/control_msgs/msg/detail/joint_component_tolerance__builder.hpp
[2.026s] -- Installing: /home/duser/ros2_kortex-ros2ws/install/control_msgs/include/control_msgs/control_msgs/msg/detail/steering_controller_status__traits.hpp
[2.026s] -- Installing: /home/duser/ros2_kortex-ros2ws/install/control_msgs/include/control_msgs/control_msgs/msg/detail/multi_dof_state_stamped__builder.hpp
[2.026s] -- Installing: /home/duser/ros2_kortex-ros2ws/install/control_msgs/include/control_msgs/control_msgs/msg/detail/pid_state__traits.hpp
[2.027s] -- Installing: /home/duser/ros2_kortex-ros2ws/install/control_msgs/include/control_msgs/control_msgs/msg/detail/interface_value__traits.hpp
[2.027s] -- Installing: /home/duser/ros2_kortex-ros2ws/install/control_msgs/include/control_msgs/control_msgs/msg/detail/joint_controller_state__builder.hpp
[2.028s] -- Installing: /home/duser/ros2_kortex-ros2ws/install/control_msgs/include/control_msgs/control_msgs/msg/detail/gripper_command__traits.hpp
[2.028s] -- Installing: /home/duser/ros2_kortex-ros2ws/install/control_msgs/include/control_msgs/control_msgs/msg/detail/joint_trajectory_controller_state__traits.hpp
[2.029s] -- Installing: /home/duser/ros2_kortex-ros2ws/install/control_msgs/include/control_msgs/control_msgs/msg/detail/steering_controller_status__builder.hpp
[2.029s] -- Installing: /home/duser/ros2_kortex-ros2ws/install/control_msgs/include/control_msgs/control_msgs/msg/detail/joint_tolerance__builder.hpp
[2.030s] -- Installing: /home/duser/ros2_kortex-ros2ws/install/control_msgs/include/control_msgs/control_msgs/msg/detail/steering_controller_status__struct.hpp
[2.030s] -- Installing: /home/duser/ros2_kortex-ros2ws/install/control_msgs/include/control_msgs/control_msgs/msg/detail/joint_controller_state__struct.hpp
[2.031s] -- Installing: /home/duser/ros2_kortex-ros2ws/install/control_msgs/include/control_msgs/control_msgs/msg/detail/multi_dof_state_stamped__traits.hpp
[2.031s] -- Installing: /home/duser/ros2_kortex-ros2ws/install/control_msgs/include/control_msgs/control_msgs/msg/detail/mecanum_drive_controller_state__builder.hpp
[2.031s] -- Installing: /home/duser/ros2_kortex-ros2ws/install/control_msgs/include/control_msgs/control_msgs/msg/detail/admittance_controller_state__traits.hpp
[2.032s] -- Installing: /home/duser/ros2_kortex-ros2ws/install/control_msgs/include/control_msgs/control_msgs/msg/detail/admittance_controller_state__struct.hpp
[2.032s] -- Installing: /home/duser/ros2_kortex-ros2ws/install/control_msgs/include/control_msgs/control_msgs/msg/detail/joint_jog__struct.hpp
[2.033s] -- Installing: /home/duser/ros2_kortex-ros2ws/install/control_msgs/include/control_msgs/control_msgs/msg/detail/joint_trajectory_controller_state__builder.hpp
[2.034s] -- Installing: /home/duser/ros2_kortex-ros2ws/install/control_msgs/include/control_msgs/control_msgs/msg/detail/joint_jog__builder.hpp
[2.034s] -- Installing: /home/duser/ros2_kortex-ros2ws/install/control_msgs/include/control_msgs/control_msgs/msg/detail/joint_component_tolerance__struct.hpp
[2.034s] -- Installing: /home/duser/ros2_kortex-ros2ws/install/control_msgs/include/control_msgs/control_msgs/msg/detail/pid_state__struct.hpp
[2.035s] -- Installing: /home/duser/ros2_kortex-ros2ws/install/control_msgs/include/control_msgs/control_msgs/msg/detail/joint_tolerance__struct.hpp
[2.035s] -- Installing: /home/duser/ros2_kortex-ros2ws/install/control_msgs/include/control_msgs/control_msgs/msg/detail/single_dof_state__struct.hpp
[2.035s] -- Installing: /home/duser/ros2_kortex-ros2ws/install/control_msgs/include/control_msgs/control_msgs/msg/detail/mecanum_drive_controller_state__traits.hpp
[2.036s] -- Installing: /home/duser/ros2_kortex-ros2ws/install/control_msgs/include/control_msgs/control_msgs/msg/detail/mecanum_drive_controller_state__struct.hpp
[2.036s] -- Installing: /home/duser/ros2_kortex-ros2ws/install/control_msgs/include/control_msgs/control_msgs/msg/detail/single_dof_state__traits.hpp
[2.037s] -- Installing: /home/duser/ros2_kortex-ros2ws/install/control_msgs/include/control_msgs/control_msgs/msg/detail/single_dof_state_stamped__builder.hpp
[2.037s] -- Installing: /home/duser/ros2_kortex-ros2ws/install/control_msgs/include/control_msgs/control_msgs/msg/detail/admittance_controller_state__builder.hpp
[2.038s] -- Installing: /home/duser/ros2_kortex-ros2ws/install/control_msgs/include/control_msgs/control_msgs/msg/detail/pid_state__builder.hpp
[2.038s] -- Installing: /home/duser/ros2_kortex-ros2ws/install/control_msgs/include/control_msgs/control_msgs/msg/detail/dynamic_joint_state__struct.hpp
[2.039s] -- Installing: /home/duser/ros2_kortex-ros2ws/install/control_msgs/include/control_msgs/control_msgs/msg/detail/joint_controller_state__traits.hpp
[2.039s] -- Installing: /home/duser/ros2_kortex-ros2ws/install/control_msgs/include/control_msgs/control_msgs/msg/detail/gripper_command__builder.hpp
[2.040s] -- Installing: /home/duser/ros2_kortex-ros2ws/install/control_msgs/include/control_msgs/control_msgs/msg/detail/joint_tolerance__traits.hpp
[2.040s] -- Installing: /home/duser/ros2_kortex-ros2ws/install/control_msgs/include/control_msgs/control_msgs/msg/detail/interface_value__builder.hpp
[2.040s] -- Installing: /home/duser/ros2_kortex-ros2ws/install/control_msgs/include/control_msgs/control_msgs/msg/detail/dynamic_joint_state__builder.hpp
[2.041s] -- Installing: /home/duser/ros2_kortex-ros2ws/install/control_msgs/include/control_msgs/control_msgs/msg/detail/multi_dof_command__struct.hpp
[2.042s] -- Installing: /home/duser/ros2_kortex-ros2ws/install/control_msgs/include/control_msgs/control_msgs/msg/detail/gripper_command__struct.hpp
[2.042s] -- Installing: /home/duser/ros2_kortex-ros2ws/install/control_msgs/include/control_msgs/control_msgs/msg/detail/joint_jog__traits.hpp
[2.042s] -- Installing: /home/duser/ros2_kortex-ros2ws/install/control_msgs/include/control_msgs/control_msgs/msg/detail/multi_dof_command__builder.hpp
[2.042s] -- Installing: /home/duser/ros2_kortex-ros2ws/install/control_msgs/include/control_msgs/control_msgs/msg/detail/multi_dof_command__traits.hpp
[2.043s] -- Installing: /home/duser/ros2_kortex-ros2ws/install/control_msgs/include/control_msgs/control_msgs/msg/interface_value.hpp
[2.043s] -- Installing: /home/duser/ros2_kortex-ros2ws/install/control_msgs/include/control_msgs/control_msgs/msg/admittance_controller_state.hpp
[2.044s] -- Installing: /home/duser/ros2_kortex-ros2ws/install/control_msgs/include/control_msgs/control_msgs/msg/mecanum_drive_controller_state.hpp
[2.044s] -- Installing: /home/duser/ros2_kortex-ros2ws/install/control_msgs/include/control_msgs/control_msgs/msg/joint_tolerance.hpp
[2.045s] -- Installing: /home/duser/ros2_kortex-ros2ws/install/control_msgs/include/control_msgs/control_msgs/msg/joint_trajectory_controller_state.hpp
[2.045s] -- Installing: /home/duser/ros2_kortex-ros2ws/install/control_msgs/include/control_msgs/control_msgs/msg/multi_dof_state_stamped.hpp
[2.045s] -- Installing: /home/duser/ros2_kortex-ros2ws/install/control_msgs/include/control_msgs/control_msgs/msg/dynamic_joint_state.hpp
[2.046s] -- Up-to-date: /home/duser/ros2_kortex-ros2ws/install/control_msgs/include/control_msgs/control_msgs/action
[2.046s] -- Installing: /home/duser/ros2_kortex-ros2ws/install/control_msgs/include/control_msgs/control_msgs/action/point_head.hpp
[2.046s] -- Installing: /home/duser/ros2_kortex-ros2ws/install/control_msgs/include/control_msgs/control_msgs/action/parallel_gripper_command.hpp
[2.047s] -- Installing: /home/duser/ros2_kortex-ros2ws/install/control_msgs/include/control_msgs/control_msgs/action/single_joint_position.hpp
[2.047s] -- Installing: /home/duser/ros2_kortex-ros2ws/install/control_msgs/include/control_msgs/control_msgs/action/gripper_command.hpp
[2.047s] -- Installing: /home/duser/ros2_kortex-ros2ws/install/control_msgs/include/control_msgs/control_msgs/action/follow_joint_trajectory.hpp
[2.048s] -- Up-to-date: /home/duser/ros2_kortex-ros2ws/install/control_msgs/include/control_msgs/control_msgs/action/detail
[2.048s] -- Installing: /home/duser/ros2_kortex-ros2ws/install/control_msgs/include/control_msgs/control_msgs/action/detail/single_joint_position__struct.hpp
[2.049s] -- Installing: /home/duser/ros2_kortex-ros2ws/install/control_msgs/include/control_msgs/control_msgs/action/detail/follow_joint_trajectory__struct.hpp
[2.049s] -- Installing: /home/duser/ros2_kortex-ros2ws/install/control_msgs/include/control_msgs/control_msgs/action/detail/joint_trajectory__traits.hpp
[2.050s] -- Installing: /home/duser/ros2_kortex-ros2ws/install/control_msgs/include/control_msgs/control_msgs/action/detail/parallel_gripper_command__builder.hpp
[2.050s] -- Installing: /home/duser/ros2_kortex-ros2ws/install/control_msgs/include/control_msgs/control_msgs/action/detail/gripper_command__traits.hpp
[2.051s] -- Installing: /home/duser/ros2_kortex-ros2ws/install/control_msgs/include/control_msgs/control_msgs/action/detail/follow_joint_trajectory__traits.hpp
[2.051s] -- Installing: /home/duser/ros2_kortex-ros2ws/install/control_msgs/include/control_msgs/control_msgs/action/detail/parallel_gripper_command__struct.hpp
[2.052s] -- Installing: /home/duser/ros2_kortex-ros2ws/install/control_msgs/include/control_msgs/control_msgs/action/detail/follow_joint_trajectory__builder.hpp
[2.053s] -- Installing: /home/duser/ros2_kortex-ros2ws/install/control_msgs/include/control_msgs/control_msgs/action/detail/joint_trajectory__builder.hpp
[2.053s] -- Installing: /home/duser/ros2_kortex-ros2ws/install/control_msgs/include/control_msgs/control_msgs/action/detail/single_joint_position__builder.hpp
[2.054s] -- Installing: /home/duser/ros2_kortex-ros2ws/install/control_msgs/include/control_msgs/control_msgs/action/detail/joint_trajectory__struct.hpp
[2.054s] -- Installing: /home/duser/ros2_kortex-ros2ws/install/control_msgs/include/control_msgs/control_msgs/action/detail/single_joint_position__traits.hpp
[2.055s] -- Installing: /home/duser/ros2_kortex-ros2ws/install/control_msgs/include/control_msgs/control_msgs/action/detail/point_head__traits.hpp
[2.055s] -- Installing: /home/duser/ros2_kortex-ros2ws/install/control_msgs/include/control_msgs/control_msgs/action/detail/gripper_command__builder.hpp
[2.056s] -- Installing: /home/duser/ros2_kortex-ros2ws/install/control_msgs/include/control_msgs/control_msgs/action/detail/point_head__builder.hpp
[2.057s] -- Installing: /home/duser/ros2_kortex-ros2ws/install/control_msgs/include/control_msgs/control_msgs/action/detail/point_head__struct.hpp
[2.057s] -- Installing: /home/duser/ros2_kortex-ros2ws/install/control_msgs/include/control_msgs/control_msgs/action/detail/parallel_gripper_command__traits.hpp
[2.058s] -- Installing: /home/duser/ros2_kortex-ros2ws/install/control_msgs/include/control_msgs/control_msgs/action/detail/gripper_command__struct.hpp
[2.058s] -- Installing: /home/duser/ros2_kortex-ros2ws/install/control_msgs/include/control_msgs/control_msgs/action/joint_trajectory.hpp
[2.059s] -- Up-to-date: /home/duser/ros2_kortex-ros2ws/install/control_msgs/include/control_msgs/control_msgs/srv
[2.059s] -- Installing: /home/duser/ros2_kortex-ros2ws/install/control_msgs/include/control_msgs/control_msgs/srv/query_calibration_state.hpp
[2.059s] -- Up-to-date: /home/duser/ros2_kortex-ros2ws/install/control_msgs/include/control_msgs/control_msgs/srv/detail
[2.059s] -- Installing: /home/duser/ros2_kortex-ros2ws/install/control_msgs/include/control_msgs/control_msgs/srv/detail/query_trajectory_state__builder.hpp
[2.060s] -- Installing: /home/duser/ros2_kortex-ros2ws/install/control_msgs/include/control_msgs/control_msgs/srv/detail/query_trajectory_state__traits.hpp
[2.060s] -- Installing: /home/duser/ros2_kortex-ros2ws/install/control_msgs/include/control_msgs/control_msgs/srv/detail/query_calibration_state__struct.hpp
[2.060s] -- Installing: /home/duser/ros2_kortex-ros2ws/install/control_msgs/include/control_msgs/control_msgs/srv/detail/query_calibration_state__traits.hpp
[2.061s] -- Installing: /home/duser/ros2_kortex-ros2ws/install/control_msgs/include/control_msgs/control_msgs/srv/detail/query_trajectory_state__struct.hpp
[2.061s] -- Installing: /home/duser/ros2_kortex-ros2ws/install/control_msgs/include/control_msgs/control_msgs/srv/detail/query_calibration_state__builder.hpp
[2.062s] -- Installing: /home/duser/ros2_kortex-ros2ws/install/control_msgs/include/control_msgs/control_msgs/srv/query_trajectory_state.hpp
[2.063s] -- Up-to-date: /home/duser/ros2_kortex-ros2ws/install/control_msgs/include/control_msgs/control_msgs
[2.063s] -- Up-to-date: /home/duser/ros2_kortex-ros2ws/install/control_msgs/include/control_msgs/control_msgs/msg
[2.063s] -- Installing: /home/duser/ros2_kortex-ros2ws/install/control_msgs/include/control_msgs/control_msgs/msg/rosidl_typesupport_fastrtps_cpp__visibility_control.h
[2.063s] -- Up-to-date: /home/duser/ros2_kortex-ros2ws/install/control_msgs/include/control_msgs/control_msgs/msg/detail
[2.064s] -- Installing: /home/duser/ros2_kortex-ros2ws/install/control_msgs/include/control_msgs/control_msgs/msg/detail/joint_controller_state__rosidl_typesupport_fastrtps_cpp.hpp
[2.064s] -- Installing: /home/duser/ros2_kortex-ros2ws/install/control_msgs/include/control_msgs/control_msgs/msg/detail/admittance_controller_state__rosidl_typesupport_fastrtps_cpp.hpp
[2.064s] -- Installing: /home/duser/ros2_kortex-ros2ws/install/control_msgs/include/control_msgs/control_msgs/msg/detail/joint_jog__rosidl_typesupport_fastrtps_cpp.hpp
[2.065s] -- Installing: /home/duser/ros2_kortex-ros2ws/install/control_msgs/include/control_msgs/control_msgs/msg/detail/single_dof_state_stamped__rosidl_typesupport_fastrtps_cpp.hpp
[2.065s] -- Installing: /home/duser/ros2_kortex-ros2ws/install/control_msgs/include/control_msgs/control_msgs/msg/detail/gripper_command__rosidl_typesupport_fastrtps_cpp.hpp
[2.065s] -- Installing: /home/duser/ros2_kortex-ros2ws/install/control_msgs/include/control_msgs/control_msgs/msg/detail/multi_dof_state_stamped__rosidl_typesupport_fastrtps_cpp.hpp
[2.066s] -- Installing: /home/duser/ros2_kortex-ros2ws/install/control_msgs/include/control_msgs/control_msgs/msg/detail/joint_component_tolerance__rosidl_typesupport_fastrtps_cpp.hpp
[2.066s] -- Installing: /home/duser/ros2_kortex-ros2ws/install/control_msgs/include/control_msgs/control_msgs/msg/detail/dds_fastrtps
[2.067s] -- Installing: /home/duser/ros2_kortex-ros2ws/install/control_msgs/include/control_msgs/control_msgs/msg/detail/steering_controller_status__rosidl_typesupport_fastrtps_cpp.hpp
[2.067s] -- Installing: /home/duser/ros2_kortex-ros2ws/install/control_msgs/include/control_msgs/control_msgs/msg/detail/dynamic_joint_state__rosidl_typesupport_fastrtps_cpp.hpp
[2.067s] -- Installing: /home/duser/ros2_kortex-ros2ws/install/control_msgs/include/control_msgs/control_msgs/msg/detail/interface_value__rosidl_typesupport_fastrtps_cpp.hpp
[2.068s] -- Installing: /home/duser/ros2_kortex-ros2ws/install/control_msgs/include/control_msgs/control_msgs/msg/detail/multi_dof_command__rosidl_typesupport_fastrtps_cpp.hpp
[2.068s] -- Installing: /home/duser/ros2_kortex-ros2ws/install/control_msgs/include/control_msgs/control_msgs/msg/detail/mecanum_drive_controller_state__rosidl_typesupport_fastrtps_cpp.hpp
[2.069s] -- Installing: /home/duser/ros2_kortex-ros2ws/install/control_msgs/include/control_msgs/control_msgs/msg/detail/joint_tolerance__rosidl_typesupport_fastrtps_cpp.hpp
[2.069s] -- Installing: /home/duser/ros2_kortex-ros2ws/install/control_msgs/include/control_msgs/control_msgs/msg/detail/pid_state__rosidl_typesupport_fastrtps_cpp.hpp
[2.070s] -- Installing: /home/duser/ros2_kortex-ros2ws/install/control_msgs/include/control_msgs/control_msgs/msg/detail/single_dof_state__rosidl_typesupport_fastrtps_cpp.hpp
[2.070s] -- Installing: /home/duser/ros2_kortex-ros2ws/install/control_msgs/include/control_msgs/control_msgs/msg/detail/joint_trajectory_controller_state__rosidl_typesupport_fastrtps_cpp.hpp
[2.070s] -- Up-to-date: /home/duser/ros2_kortex-ros2ws/install/control_msgs/include/control_msgs/control_msgs/action
[2.070s] -- Up-to-date: /home/duser/ros2_kortex-ros2ws/install/control_msgs/include/control_msgs/control_msgs/action/detail
[2.071s] -- Installing: /home/duser/ros2_kortex-ros2ws/install/control_msgs/include/control_msgs/control_msgs/action/detail/joint_trajectory__rosidl_typesupport_fastrtps_cpp.hpp
[2.071s] -- Installing: /home/duser/ros2_kortex-ros2ws/install/control_msgs/include/control_msgs/control_msgs/action/detail/gripper_command__rosidl_typesupport_fastrtps_cpp.hpp
[2.072s] -- Installing: /home/duser/ros2_kortex-ros2ws/install/control_msgs/include/control_msgs/control_msgs/action/detail/single_joint_position__rosidl_typesupport_fastrtps_cpp.hpp
[2.072s] -- Installing: /home/duser/ros2_kortex-ros2ws/install/control_msgs/include/control_msgs/control_msgs/action/detail/dds_fastrtps
[2.073s] -- Installing: /home/duser/ros2_kortex-ros2ws/install/control_msgs/include/control_msgs/control_msgs/action/detail/follow_joint_trajectory__rosidl_typesupport_fastrtps_cpp.hpp
[2.073s] -- Installing: /home/duser/ros2_kortex-ros2ws/install/control_msgs/include/control_msgs/control_msgs/action/detail/point_head__rosidl_typesupport_fastrtps_cpp.hpp
[2.074s] -- Installing: /home/duser/ros2_kortex-ros2ws/install/control_msgs/include/control_msgs/control_msgs/action/detail/parallel_gripper_command__rosidl_typesupport_fastrtps_cpp.hpp
[2.074s] -- Up-to-date: /home/duser/ros2_kortex-ros2ws/install/control_msgs/include/control_msgs/control_msgs/srv
[2.074s] -- Up-to-date: /home/duser/ros2_kortex-ros2ws/install/control_msgs/include/control_msgs/control_msgs/srv/detail
[2.075s] -- Installing: /home/duser/ros2_kortex-ros2ws/install/control_msgs/include/control_msgs/control_msgs/srv/detail/query_calibration_state__rosidl_typesupport_fastrtps_cpp.hpp
[2.075s] -- Installing: /home/duser/ros2_kortex-ros2ws/install/control_msgs/include/control_msgs/control_msgs/srv/detail/dds_fastrtps
[2.075s] -- Installing: /home/duser/ros2_kortex-ros2ws/install/control_msgs/include/control_msgs/control_msgs/srv/detail/query_trajectory_state__rosidl_typesupport_fastrtps_cpp.hpp
[2.076s] -- Installing: /home/duser/ros2_kortex-ros2ws/install/control_msgs/lib/libcontrol_msgs__rosidl_typesupport_fastrtps_cpp.so
[2.079s] -- Set runtime path of "/home/duser/ros2_kortex-ros2ws/install/control_msgs/lib/libcontrol_msgs__rosidl_typesupport_fastrtps_cpp.so" to ""
[2.079s] -- Up-to-date: /home/duser/ros2_kortex-ros2ws/install/control_msgs/include/control_msgs/control_msgs
[2.079s] -- Up-to-date: /home/duser/ros2_kortex-ros2ws/install/control_msgs/include/control_msgs/control_msgs/msg
[2.079s] -- Installing: /home/duser/ros2_kortex-ros2ws/install/control_msgs/include/control_msgs/control_msgs/msg/rosidl_typesupport_introspection_c__visibility_control.h
[2.079s] -- Up-to-date: /home/duser/ros2_kortex-ros2ws/install/control_msgs/include/control_msgs/control_msgs/msg/detail
[2.080s] -- Installing: /home/duser/ros2_kortex-ros2ws/install/control_msgs/include/control_msgs/control_msgs/msg/detail/interface_value__rosidl_typesupport_introspection_c.h
[2.080s] -- Installing: /home/duser/ros2_kortex-ros2ws/install/control_msgs/include/control_msgs/control_msgs/msg/detail/joint_controller_state__rosidl_typesupport_introspection_c.h
[2.080s] -- Installing: /home/duser/ros2_kortex-ros2ws/install/control_msgs/include/control_msgs/control_msgs/msg/detail/multi_dof_state_stamped__type_support.c
[2.081s] -- Installing: /home/duser/ros2_kortex-ros2ws/install/control_msgs/include/control_msgs/control_msgs/msg/detail/pid_state__type_support.c
[2.081s] -- Installing: /home/duser/ros2_kortex-ros2ws/install/control_msgs/include/control_msgs/control_msgs/msg/detail/joint_jog__rosidl_typesupport_introspection_c.h
[2.082s] -- Installing: /home/duser/ros2_kortex-ros2ws/install/control_msgs/include/control_msgs/control_msgs/msg/detail/joint_trajectory_controller_state__type_support.c
[2.082s] -- Installing: /home/duser/ros2_kortex-ros2ws/install/control_msgs/include/control_msgs/control_msgs/msg/detail/joint_tolerance__type_support.c
[2.083s] -- Installing: /home/duser/ros2_kortex-ros2ws/install/control_msgs/include/control_msgs/control_msgs/msg/detail/interface_value__type_support.c
[2.083s] -- Installing: /home/duser/ros2_kortex-ros2ws/install/control_msgs/include/control_msgs/control_msgs/msg/detail/dynamic_joint_state__type_support.c
[2.084s] -- Installing: /home/duser/ros2_kortex-ros2ws/install/control_msgs/include/control_msgs/control_msgs/msg/detail/steering_controller_status__type_support.c
[2.085s] -- Installing: /home/duser/ros2_kortex-ros2ws/install/control_msgs/include/control_msgs/control_msgs/msg/detail/joint_jog__type_support.c
[2.085s] -- Installing: /home/duser/ros2_kortex-ros2ws/install/control_msgs/include/control_msgs/control_msgs/msg/detail/multi_dof_command__type_support.c
[2.086s] -- Installing: /home/duser/ros2_kortex-ros2ws/install/control_msgs/include/control_msgs/control_msgs/msg/detail/gripper_command__rosidl_typesupport_introspection_c.h
[2.086s] -- Installing: /home/duser/ros2_kortex-ros2ws/install/control_msgs/include/control_msgs/control_msgs/msg/detail/joint_controller_state__type_support.c
[2.087s] -- Installing: /home/duser/ros2_kortex-ros2ws/install/control_msgs/include/control_msgs/control_msgs/msg/detail/gripper_command__type_support.c
[2.087s] -- Installing: /home/duser/ros2_kortex-ros2ws/install/control_msgs/include/control_msgs/control_msgs/msg/detail/multi_dof_command__rosidl_typesupport_introspection_c.h
[2.088s] -- Installing: /home/duser/ros2_kortex-ros2ws/install/control_msgs/include/control_msgs/control_msgs/msg/detail/mecanum_drive_controller_state__rosidl_typesupport_introspection_c.h
[2.088s] -- Installing: /home/duser/ros2_kortex-ros2ws/install/control_msgs/include/control_msgs/control_msgs/msg/detail/single_dof_state__type_support.c
[2.089s] -- Installing: /home/duser/ros2_kortex-ros2ws/install/control_msgs/include/control_msgs/control_msgs/msg/detail/pid_state__rosidl_typesupport_introspection_c.h
[2.089s] -- Installing: /home/duser/ros2_kortex-ros2ws/install/control_msgs/include/control_msgs/control_msgs/msg/detail/dynamic_joint_state__rosidl_typesupport_introspection_c.h
[2.090s] -- Installing: /home/duser/ros2_kortex-ros2ws/install/control_msgs/include/control_msgs/control_msgs/msg/detail/steering_controller_status__rosidl_typesupport_introspection_c.h
[2.090s] -- Installing: /home/duser/ros2_kortex-ros2ws/install/control_msgs/include/control_msgs/control_msgs/msg/detail/joint_component_tolerance__rosidl_typesupport_introspection_c.h
[2.091s] -- Installing: /home/duser/ros2_kortex-ros2ws/install/control_msgs/include/control_msgs/control_msgs/msg/detail/admittance_controller_state__type_support.c
[2.091s] -- Installing: /home/duser/ros2_kortex-ros2ws/install/control_msgs/include/control_msgs/control_msgs/msg/detail/admittance_controller_state__rosidl_typesupport_introspection_c.h
[2.092s] -- Installing: /home/duser/ros2_kortex-ros2ws/install/control_msgs/include/control_msgs/control_msgs/msg/detail/joint_component_tolerance__type_support.c
[2.092s] -- Installing: /home/duser/ros2_kortex-ros2ws/install/control_msgs/include/control_msgs/control_msgs/msg/detail/single_dof_state_stamped__rosidl_typesupport_introspection_c.h
[2.093s] -- Installing: /home/duser/ros2_kortex-ros2ws/install/control_msgs/include/control_msgs/control_msgs/msg/detail/mecanum_drive_controller_state__type_support.c
[2.093s] -- Installing: /home/duser/ros2_kortex-ros2ws/install/control_msgs/include/control_msgs/control_msgs/msg/detail/single_dof_state__rosidl_typesupport_introspection_c.h
[2.094s] -- Installing: /home/duser/ros2_kortex-ros2ws/install/control_msgs/include/control_msgs/control_msgs/msg/detail/single_dof_state_stamped__type_support.c
[2.094s] -- Installing: /home/duser/ros2_kortex-ros2ws/install/control_msgs/include/control_msgs/control_msgs/msg/detail/joint_tolerance__rosidl_typesupport_introspection_c.h
[2.095s] -- Installing: /home/duser/ros2_kortex-ros2ws/install/control_msgs/include/control_msgs/control_msgs/msg/detail/joint_trajectory_controller_state__rosidl_typesupport_introspection_c.h
[2.095s] -- Installing: /home/duser/ros2_kortex-ros2ws/install/control_msgs/include/control_msgs/control_msgs/msg/detail/multi_dof_state_stamped__rosidl_typesupport_introspection_c.h
[2.096s] -- Up-to-date: /home/duser/ros2_kortex-ros2ws/install/control_msgs/include/control_msgs/control_msgs/action
[2.096s] -- Up-to-date: /home/duser/ros2_kortex-ros2ws/install/control_msgs/include/control_msgs/control_msgs/action/detail
[2.096s] -- Installing: /home/duser/ros2_kortex-ros2ws/install/control_msgs/include/control_msgs/control_msgs/action/detail/follow_joint_trajectory__rosidl_typesupport_introspection_c.h
[2.097s] -- Installing: /home/duser/ros2_kortex-ros2ws/install/control_msgs/include/control_msgs/control_msgs/action/detail/follow_joint_trajectory__type_support.c
[2.098s] -- Installing: /home/duser/ros2_kortex-ros2ws/install/control_msgs/include/control_msgs/control_msgs/action/detail/joint_trajectory__type_support.c
[2.099s] -- Installing: /home/duser/ros2_kortex-ros2ws/install/control_msgs/include/control_msgs/control_msgs/action/detail/point_head__rosidl_typesupport_introspection_c.h
[2.100s] -- Installing: /home/duser/ros2_kortex-ros2ws/install/control_msgs/include/control_msgs/control_msgs/action/detail/gripper_command__rosidl_typesupport_introspection_c.h
[2.100s] -- Installing: /home/duser/ros2_kortex-ros2ws/install/control_msgs/include/control_msgs/control_msgs/action/detail/single_joint_position__type_support.c
[2.102s] -- Installing: /home/duser/ros2_kortex-ros2ws/install/control_msgs/include/control_msgs/control_msgs/action/detail/gripper_command__type_support.c
[2.102s] -- Installing: /home/duser/ros2_kortex-ros2ws/install/control_msgs/include/control_msgs/control_msgs/action/detail/single_joint_position__rosidl_typesupport_introspection_c.h
[2.103s] -- Installing: /home/duser/ros2_kortex-ros2ws/install/control_msgs/include/control_msgs/control_msgs/action/detail/parallel_gripper_command__type_support.c
[2.104s] -- Installing: /home/duser/ros2_kortex-ros2ws/install/control_msgs/include/control_msgs/control_msgs/action/detail/point_head__type_support.c
[2.105s] -- Installing: /home/duser/ros2_kortex-ros2ws/install/control_msgs/include/control_msgs/control_msgs/action/detail/parallel_gripper_command__rosidl_typesupport_introspection_c.h
[2.135s] -- Installing: /home/duser/ros2_kortex-ros2ws/install/control_msgs/include/control_msgs/control_msgs/action/detail/joint_trajectory__rosidl_typesupport_introspection_c.h
[2.143s] -- Up-to-date: /home/duser/ros2_kortex-ros2ws/install/control_msgs/include/control_msgs/control_msgs/srv
[2.144s] -- Up-to-date: /home/duser/ros2_kortex-ros2ws/install/control_msgs/include/control_msgs/control_msgs/srv/detail
[2.144s] -- Installing: /home/duser/ros2_kortex-ros2ws/install/control_msgs/include/control_msgs/control_msgs/srv/detail/query_trajectory_state__type_support.c
[2.145s] -- Installing: /home/duser/ros2_kortex-ros2ws/install/control_msgs/include/control_msgs/control_msgs/srv/detail/query_calibration_state__rosidl_typesupport_introspection_c.h
[2.145s] -- Installing: /home/duser/ros2_kortex-ros2ws/install/control_msgs/include/control_msgs/control_msgs/srv/detail/query_trajectory_state__rosidl_typesupport_introspection_c.h
[2.145s] -- Installing: /home/duser/ros2_kortex-ros2ws/install/control_msgs/include/control_msgs/control_msgs/srv/detail/query_calibration_state__type_support.c
[2.146s] -- Installing: /home/duser/ros2_kortex-ros2ws/install/control_msgs/lib/libcontrol_msgs__rosidl_typesupport_introspection_c.so
[2.149s] -- Set runtime path of "/home/duser/ros2_kortex-ros2ws/install/control_msgs/lib/libcontrol_msgs__rosidl_typesupport_introspection_c.so" to ""
[2.149s] -- Installing: /home/duser/ros2_kortex-ros2ws/install/control_msgs/lib/libcontrol_msgs__rosidl_typesupport_c.so
[2.152s] -- Set runtime path of "/home/duser/ros2_kortex-ros2ws/install/control_msgs/lib/libcontrol_msgs__rosidl_typesupport_c.so" to ""
[2.152s] -- Up-to-date: /home/duser/ros2_kortex-ros2ws/install/control_msgs/include/control_msgs/control_msgs
[2.152s] -- Up-to-date: /home/duser/ros2_kortex-ros2ws/install/control_msgs/include/control_msgs/control_msgs/msg
[2.152s] -- Up-to-date: /home/duser/ros2_kortex-ros2ws/install/control_msgs/include/control_msgs/control_msgs/msg/detail
[2.152s] -- Installing: /home/duser/ros2_kortex-ros2ws/install/control_msgs/include/control_msgs/control_msgs/msg/detail/single_dof_state__rosidl_typesupport_introspection_cpp.hpp
[2.153s] -- Installing: /home/duser/ros2_kortex-ros2ws/install/control_msgs/include/control_msgs/control_msgs/msg/detail/multi_dof_state_stamped__type_support.cpp
[2.153s] -- Installing: /home/duser/ros2_kortex-ros2ws/install/control_msgs/include/control_msgs/control_msgs/msg/detail/single_dof_state__type_support.cpp
[2.154s] -- Installing: /home/duser/ros2_kortex-ros2ws/install/control_msgs/include/control_msgs/control_msgs/msg/detail/joint_tolerance__type_support.cpp
[2.155s] -- Installing: /home/duser/ros2_kortex-ros2ws/install/control_msgs/include/control_msgs/control_msgs/msg/detail/interface_value__type_support.cpp
[2.155s] -- Installing: /home/duser/ros2_kortex-ros2ws/install/control_msgs/include/control_msgs/control_msgs/msg/detail/joint_controller_state__rosidl_typesupport_introspection_cpp.hpp
[2.156s] -- Installing: /home/duser/ros2_kortex-ros2ws/install/control_msgs/include/control_msgs/control_msgs/msg/detail/joint_jog__rosidl_typesupport_introspection_cpp.hpp
[2.156s] -- Installing: /home/duser/ros2_kortex-ros2ws/install/control_msgs/include/control_msgs/control_msgs/msg/detail/single_dof_state_stamped__rosidl_typesupport_introspection_cpp.hpp
[2.157s] -- Installing: /home/duser/ros2_kortex-ros2ws/install/control_msgs/include/control_msgs/control_msgs/msg/detail/joint_component_tolerance__type_support.cpp
[2.158s] -- Installing: /home/duser/ros2_kortex-ros2ws/install/control_msgs/include/control_msgs/control_msgs/msg/detail/multi_dof_state_stamped__rosidl_typesupport_introspection_cpp.hpp
[2.158s] -- Installing: /home/duser/ros2_kortex-ros2ws/install/control_msgs/include/control_msgs/control_msgs/msg/detail/joint_component_tolerance__rosidl_typesupport_introspection_cpp.hpp
[2.159s] -- Installing: /home/duser/ros2_kortex-ros2ws/install/control_msgs/include/control_msgs/control_msgs/msg/detail/multi_dof_command__type_support.cpp
[2.159s] -- Installing: /home/duser/ros2_kortex-ros2ws/install/control_msgs/include/control_msgs/control_msgs/msg/detail/joint_trajectory_controller_state__rosidl_typesupport_introspection_cpp.hpp
[2.159s] -- Installing: /home/duser/ros2_kortex-ros2ws/install/control_msgs/include/control_msgs/control_msgs/msg/detail/mecanum_drive_controller_state__rosidl_typesupport_introspection_cpp.hpp
[2.160s] -- Installing: /home/duser/ros2_kortex-ros2ws/install/control_msgs/include/control_msgs/control_msgs/msg/detail/joint_jog__type_support.cpp
[2.161s] -- Installing: /home/duser/ros2_kortex-ros2ws/install/control_msgs/include/control_msgs/control_msgs/msg/detail/gripper_command__type_support.cpp
[2.161s] -- Installing: /home/duser/ros2_kortex-ros2ws/install/control_msgs/include/control_msgs/control_msgs/msg/detail/dynamic_joint_state__rosidl_typesupport_introspection_cpp.hpp
[2.162s] -- Installing: /home/duser/ros2_kortex-ros2ws/install/control_msgs/include/control_msgs/control_msgs/msg/detail/pid_state__rosidl_typesupport_introspection_cpp.hpp
[2.162s] -- Installing: /home/duser/ros2_kortex-ros2ws/install/control_msgs/include/control_msgs/control_msgs/msg/detail/pid_state__type_support.cpp
[2.163s] -- Installing: /home/duser/ros2_kortex-ros2ws/install/control_msgs/include/control_msgs/control_msgs/msg/detail/mecanum_drive_controller_state__type_support.cpp
[2.163s] -- Installing: /home/duser/ros2_kortex-ros2ws/install/control_msgs/include/control_msgs/control_msgs/msg/detail/single_dof_state_stamped__type_support.cpp
[2.164s] -- Installing: /home/duser/ros2_kortex-ros2ws/install/control_msgs/include/control_msgs/control_msgs/msg/detail/interface_value__rosidl_typesupport_introspection_cpp.hpp
[2.164s] -- Installing: /home/duser/ros2_kortex-ros2ws/install/control_msgs/include/control_msgs/control_msgs/msg/detail/joint_trajectory_controller_state__type_support.cpp
[2.165s] -- Installing: /home/duser/ros2_kortex-ros2ws/install/control_msgs/include/control_msgs/control_msgs/msg/detail/steering_controller_status__rosidl_typesupport_introspection_cpp.hpp
[2.166s] -- Installing: /home/duser/ros2_kortex-ros2ws/install/control_msgs/include/control_msgs/control_msgs/msg/detail/admittance_controller_state__rosidl_typesupport_introspection_cpp.hpp
[2.166s] -- Installing: /home/duser/ros2_kortex-ros2ws/install/control_msgs/include/control_msgs/control_msgs/msg/detail/multi_dof_command__rosidl_typesupport_introspection_cpp.hpp
[2.167s] -- Installing: /home/duser/ros2_kortex-ros2ws/install/control_msgs/include/control_msgs/control_msgs/msg/detail/gripper_command__rosidl_typesupport_introspection_cpp.hpp
[2.167s] -- Installing: /home/duser/ros2_kortex-ros2ws/install/control_msgs/include/control_msgs/control_msgs/msg/detail/joint_controller_state__type_support.cpp
[2.168s] -- Installing: /home/duser/ros2_kortex-ros2ws/install/control_msgs/include/control_msgs/control_msgs/msg/detail/steering_controller_status__type_support.cpp
[2.168s] -- Installing: /home/duser/ros2_kortex-ros2ws/install/control_msgs/include/control_msgs/control_msgs/msg/detail/dynamic_joint_state__type_support.cpp
[2.169s] -- Installing: /home/duser/ros2_kortex-ros2ws/install/control_msgs/include/control_msgs/control_msgs/msg/detail/admittance_controller_state__type_support.cpp
[2.169s] -- Installing: /home/duser/ros2_kortex-ros2ws/install/control_msgs/include/control_msgs/control_msgs/msg/detail/joint_tolerance__rosidl_typesupport_introspection_cpp.hpp
[2.170s] -- Up-to-date: /home/duser/ros2_kortex-ros2ws/install/control_msgs/include/control_msgs/control_msgs/action
[2.170s] -- Up-to-date: /home/duser/ros2_kortex-ros2ws/install/control_msgs/include/control_msgs/control_msgs/action/detail
[2.170s] -- Installing: /home/duser/ros2_kortex-ros2ws/install/control_msgs/include/control_msgs/control_msgs/action/detail/single_joint_position__type_support.cpp
[2.171s] -- Installing: /home/duser/ros2_kortex-ros2ws/install/control_msgs/include/control_msgs/control_msgs/action/detail/point_head__type_support.cpp
[2.172s] -- Installing: /home/duser/ros2_kortex-ros2ws/install/control_msgs/include/control_msgs/control_msgs/action/detail/single_joint_position__rosidl_typesupport_introspection_cpp.hpp
[2.172s] -- Installing: /home/duser/ros2_kortex-ros2ws/install/control_msgs/include/control_msgs/control_msgs/action/detail/joint_trajectory__type_support.cpp
[2.173s] -- Installing: /home/duser/ros2_kortex-ros2ws/install/control_msgs/include/control_msgs/control_msgs/action/detail/point_head__rosidl_typesupport_introspection_cpp.hpp
[2.173s] -- Installing: /home/duser/ros2_kortex-ros2ws/install/control_msgs/include/control_msgs/control_msgs/action/detail/gripper_command__type_support.cpp
[2.174s] -- Installing: /home/duser/ros2_kortex-ros2ws/install/control_msgs/include/control_msgs/control_msgs/action/detail/parallel_gripper_command__type_support.cpp
[2.174s] -- Installing: /home/duser/ros2_kortex-ros2ws/install/control_msgs/include/control_msgs/control_msgs/action/detail/gripper_command__rosidl_typesupport_introspection_cpp.hpp
[2.175s] -- Installing: /home/duser/ros2_kortex-ros2ws/install/control_msgs/include/control_msgs/control_msgs/action/detail/follow_joint_trajectory__type_support.cpp
[2.176s] -- Installing: /home/duser/ros2_kortex-ros2ws/install/control_msgs/include/control_msgs/control_msgs/action/detail/parallel_gripper_command__rosidl_typesupport_introspection_cpp.hpp
[2.176s] -- Installing: /home/duser/ros2_kortex-ros2ws/install/control_msgs/include/control_msgs/control_msgs/action/detail/joint_trajectory__rosidl_typesupport_introspection_cpp.hpp
[2.177s] -- Installing: /home/duser/ros2_kortex-ros2ws/install/control_msgs/include/control_msgs/control_msgs/action/detail/follow_joint_trajectory__rosidl_typesupport_introspection_cpp.hpp
[2.177s] -- Up-to-date: /home/duser/ros2_kortex-ros2ws/install/control_msgs/include/control_msgs/control_msgs/srv
[2.177s] -- Up-to-date: /home/duser/ros2_kortex-ros2ws/install/control_msgs/include/control_msgs/control_msgs/srv/detail
[2.178s] -- Installing: /home/duser/ros2_kortex-ros2ws/install/control_msgs/include/control_msgs/control_msgs/srv/detail/query_trajectory_state__type_support.cpp
[2.178s] -- Installing: /home/duser/ros2_kortex-ros2ws/install/control_msgs/include/control_msgs/control_msgs/srv/detail/query_calibration_state__rosidl_typesupport_introspection_cpp.hpp
[2.179s] -- Installing: /home/duser/ros2_kortex-ros2ws/install/control_msgs/include/control_msgs/control_msgs/srv/detail/query_trajectory_state__rosidl_typesupport_introspection_cpp.hpp
[2.179s] -- Installing: /home/duser/ros2_kortex-ros2ws/install/control_msgs/include/control_msgs/control_msgs/srv/detail/query_calibration_state__type_support.cpp
[2.180s] -- Installing: /home/duser/ros2_kortex-ros2ws/install/control_msgs/lib/libcontrol_msgs__rosidl_typesupport_introspection_cpp.so
[2.183s] -- Set runtime path of "/home/duser/ros2_kortex-ros2ws/install/control_msgs/lib/libcontrol_msgs__rosidl_typesupport_introspection_cpp.so" to ""
[2.183s] -- Installing: /home/duser/ros2_kortex-ros2ws/install/control_msgs/lib/libcontrol_msgs__rosidl_typesupport_cpp.so
[2.185s] -- Set runtime path of "/home/duser/ros2_kortex-ros2ws/install/control_msgs/lib/libcontrol_msgs__rosidl_typesupport_cpp.so" to ""
[2.185s] -- Installing: /home/duser/ros2_kortex-ros2ws/install/control_msgs/share/control_msgs/environment/pythonpath.sh
[2.186s] -- Installing: /home/duser/ros2_kortex-ros2ws/install/control_msgs/share/control_msgs/environment/pythonpath.dsv
[2.187s] -- Installing: /home/duser/ros2_kortex-ros2ws/install/control_msgs/local/lib/python3.10/dist-packages/control_msgs-4.6.0-py3.10.egg-info
[2.187s] -- Installing: /home/duser/ros2_kortex-ros2ws/install/control_msgs/local/lib/python3.10/dist-packages/control_msgs-4.6.0-py3.10.egg-info/dependency_links.txt
[2.187s] -- Installing: /home/duser/ros2_kortex-ros2ws/install/control_msgs/local/lib/python3.10/dist-packages/control_msgs-4.6.0-py3.10.egg-info/SOURCES.txt
[2.188s] -- Installing: /home/duser/ros2_kortex-ros2ws/install/control_msgs/local/lib/python3.10/dist-packages/control_msgs-4.6.0-py3.10.egg-info/PKG-INFO
[2.188s] -- Installing: /home/duser/ros2_kortex-ros2ws/install/control_msgs/local/lib/python3.10/dist-packages/control_msgs-4.6.0-py3.10.egg-info/top_level.txt
[2.188s] -- Installing: /home/duser/ros2_kortex-ros2ws/install/control_msgs/local/lib/python3.10/dist-packages/control_msgs
[2.189s] -- Installing: /home/duser/ros2_kortex-ros2ws/install/control_msgs/local/lib/python3.10/dist-packages/control_msgs/_control_msgs_s.ep.rosidl_typesupport_c.c
[2.191s] -- Installing: /home/duser/ros2_kortex-ros2ws/install/control_msgs/local/lib/python3.10/dist-packages/control_msgs/control_msgs_s__rosidl_typesupport_fastrtps_c.cpython-310-x86_64-linux-gnu.so
[2.192s] -- Installing: /home/duser/ros2_kortex-ros2ws/install/control_msgs/local/lib/python3.10/dist-packages/control_msgs/_control_msgs_s.ep.rosidl_typesupport_fastrtps_c.c
[2.194s] -- Installing: /home/duser/ros2_kortex-ros2ws/install/control_msgs/local/lib/python3.10/dist-packages/control_msgs/__init__.py
[2.195s] -- Installing: /home/duser/ros2_kortex-ros2ws/install/control_msgs/local/lib/python3.10/dist-packages/control_msgs/msg
[2.195s] -- Installing: /home/duser/ros2_kortex-ros2ws/install/control_msgs/local/lib/python3.10/dist-packages/control_msgs/msg/_single_dof_state.py
[2.195s] -- Installing: /home/duser/ros2_kortex-ros2ws/install/control_msgs/local/lib/python3.10/dist-packages/control_msgs/msg/_joint_component_tolerance_s.c
[2.195s] -- Installing: /home/duser/ros2_kortex-ros2ws/install/control_msgs/local/lib/python3.10/dist-packages/control_msgs/msg/_multi_dof_command.py
[2.195s] -- Installing: /home/duser/ros2_kortex-ros2ws/install/control_msgs/local/lib/python3.10/dist-packages/control_msgs/msg/_joint_trajectory_controller_state_s.c
[2.196s] -- Installing: /home/duser/ros2_kortex-ros2ws/install/control_msgs/local/lib/python3.10/dist-packages/control_msgs/msg/_dynamic_joint_state.py
[2.196s] -- Installing: /home/duser/ros2_kortex-ros2ws/install/control_msgs/local/lib/python3.10/dist-packages/control_msgs/msg/_joint_controller_state.py
[2.197s] -- Installing: /home/duser/ros2_kortex-ros2ws/install/control_msgs/local/lib/python3.10/dist-packages/control_msgs/msg/_joint_tolerance_s.c
[2.197s] -- Installing: /home/duser/ros2_kortex-ros2ws/install/control_msgs/local/lib/python3.10/dist-packages/control_msgs/msg/_admittance_controller_state.py
[2.197s] -- Installing: /home/duser/ros2_kortex-ros2ws/install/control_msgs/local/lib/python3.10/dist-packages/control_msgs/msg/_joint_trajectory_controller_state.py
[2.198s] -- Installing: /home/duser/ros2_kortex-ros2ws/install/control_msgs/local/lib/python3.10/dist-packages/control_msgs/msg/_multi_dof_state_stamped.py
[2.198s] -- Installing: /home/duser/ros2_kortex-ros2ws/install/control_msgs/local/lib/python3.10/dist-packages/control_msgs/msg/_admittance_controller_state_s.c
[2.198s] -- Installing: /home/duser/ros2_kortex-ros2ws/install/control_msgs/local/lib/python3.10/dist-packages/control_msgs/msg/__init__.py
[2.199s] -- Installing: /home/duser/ros2_kortex-ros2ws/install/control_msgs/local/lib/python3.10/dist-packages/control_msgs/msg/_single_dof_state_s.c
[2.199s] -- Installing: /home/duser/ros2_kortex-ros2ws/install/control_msgs/local/lib/python3.10/dist-packages/control_msgs/msg/_joint_jog.py
[2.199s] -- Installing: /home/duser/ros2_kortex-ros2ws/install/control_msgs/local/lib/python3.10/dist-packages/control_msgs/msg/_gripper_command_s.c
[2.200s] -- Installing: /home/duser/ros2_kortex-ros2ws/install/control_msgs/local/lib/python3.10/dist-packages/control_msgs/msg/_pid_state_s.c
[2.200s] -- Installing: /home/duser/ros2_kortex-ros2ws/install/control_msgs/local/lib/python3.10/dist-packages/control_msgs/msg/_mecanum_drive_controller_state.py
[2.201s] -- Installing: /home/duser/ros2_kortex-ros2ws/install/control_msgs/local/lib/python3.10/dist-packages/control_msgs/msg/_pid_state.py
[2.201s] -- Installing: /home/duser/ros2_kortex-ros2ws/install/control_msgs/local/lib/python3.10/dist-packages/control_msgs/msg/_steering_controller_status_s.c
[2.201s] -- Installing: /home/duser/ros2_kortex-ros2ws/install/control_msgs/local/lib/python3.10/dist-packages/control_msgs/msg/_joint_tolerance.py
[2.202s] -- Installing: /home/duser/ros2_kortex-ros2ws/install/control_msgs/local/lib/python3.10/dist-packages/control_msgs/msg/_joint_controller_state_s.c
[2.202s] -- Installing: /home/duser/ros2_kortex-ros2ws/install/control_msgs/local/lib/python3.10/dist-packages/control_msgs/msg/_single_dof_state_stamped_s.c
[2.202s] -- Installing: /home/duser/ros2_kortex-ros2ws/install/control_msgs/local/lib/python3.10/dist-packages/control_msgs/msg/_multi_dof_command_s.c
[2.203s] -- Installing: /home/duser/ros2_kortex-ros2ws/install/control_msgs/local/lib/python3.10/dist-packages/control_msgs/msg/_mecanum_drive_controller_state_s.c
[2.203s] -- Installing: /home/duser/ros2_kortex-ros2ws/install/control_msgs/local/lib/python3.10/dist-packages/control_msgs/msg/_joint_component_tolerance.py
[2.203s] -- Installing: /home/duser/ros2_kortex-ros2ws/install/control_msgs/local/lib/python3.10/dist-packages/control_msgs/msg/_gripper_command.py
[2.204s] -- Installing: /home/duser/ros2_kortex-ros2ws/install/control_msgs/local/lib/python3.10/dist-packages/control_msgs/msg/_dynamic_joint_state_s.c
[2.204s] -- Installing: /home/duser/ros2_kortex-ros2ws/install/control_msgs/local/lib/python3.10/dist-packages/control_msgs/msg/_interface_value_s.c
[2.205s] -- Installing: /home/duser/ros2_kortex-ros2ws/install/control_msgs/local/lib/python3.10/dist-packages/control_msgs/msg/_multi_dof_state_stamped_s.c
[2.205s] -- Installing: /home/duser/ros2_kortex-ros2ws/install/control_msgs/local/lib/python3.10/dist-packages/control_msgs/msg/_interface_value.py
[2.205s] -- Installing: /home/duser/ros2_kortex-ros2ws/install/control_msgs/local/lib/python3.10/dist-packages/control_msgs/msg/_joint_jog_s.c
[2.206s] -- Installing: /home/duser/ros2_kortex-ros2ws/install/control_msgs/local/lib/python3.10/dist-packages/control_msgs/msg/_steering_controller_status.py
[2.206s] -- Installing: /home/duser/ros2_kortex-ros2ws/install/control_msgs/local/lib/python3.10/dist-packages/control_msgs/msg/_single_dof_state_stamped.py
[2.206s] -- Installing: /home/duser/ros2_kortex-ros2ws/install/control_msgs/local/lib/python3.10/dist-packages/control_msgs/control_msgs_s__rosidl_typesupport_introspection_c.cpython-310-x86_64-linux-gnu.so
[2.208s] -- Installing: /home/duser/ros2_kortex-ros2ws/install/control_msgs/local/lib/python3.10/dist-packages/control_msgs/_control_msgs_s.ep.rosidl_typesupport_introspection_c.c
[2.210s] -- Installing: /home/duser/ros2_kortex-ros2ws/install/control_msgs/local/lib/python3.10/dist-packages/control_msgs/libcontrol_msgs__rosidl_generator_py.so
[2.211s] -- Installing: /home/duser/ros2_kortex-ros2ws/install/control_msgs/local/lib/python3.10/dist-packages/control_msgs/action
[2.211s] -- Installing: /home/duser/ros2_kortex-ros2ws/install/control_msgs/local/lib/python3.10/dist-packages/control_msgs/action/_follow_joint_trajectory_s.c
[2.211s] -- Installing: /home/duser/ros2_kortex-ros2ws/install/control_msgs/local/lib/python3.10/dist-packages/control_msgs/action/_point_head_s.c
[2.212s] -- Installing: /home/duser/ros2_kortex-ros2ws/install/control_msgs/local/lib/python3.10/dist-packages/control_msgs/action/_point_head.py
[2.212s] -- Installing: /home/duser/ros2_kortex-ros2ws/install/control_msgs/local/lib/python3.10/dist-packages/control_msgs/action/__init__.py
[2.213s] -- Installing: /home/duser/ros2_kortex-ros2ws/install/control_msgs/local/lib/python3.10/dist-packages/control_msgs/action/_gripper_command_s.c
[2.213s] -- Installing: /home/duser/ros2_kortex-ros2ws/install/control_msgs/local/lib/python3.10/dist-packages/control_msgs/action/_parallel_gripper_command.py
[2.214s] -- Installing: /home/duser/ros2_kortex-ros2ws/install/control_msgs/local/lib/python3.10/dist-packages/control_msgs/action/_single_joint_position_s.c
[2.214s] -- Installing: /home/duser/ros2_kortex-ros2ws/install/control_msgs/local/lib/python3.10/dist-packages/control_msgs/action/_joint_trajectory.py
[2.215s] -- Installing: /home/duser/ros2_kortex-ros2ws/install/control_msgs/local/lib/python3.10/dist-packages/control_msgs/action/_single_joint_position.py
[2.215s] -- Installing: /home/duser/ros2_kortex-ros2ws/install/control_msgs/local/lib/python3.10/dist-packages/control_msgs/action/_follow_joint_trajectory.py
[2.216s] -- Installing: /home/duser/ros2_kortex-ros2ws/install/control_msgs/local/lib/python3.10/dist-packages/control_msgs/action/_gripper_command.py
[2.216s] -- Installing: /home/duser/ros2_kortex-ros2ws/install/control_msgs/local/lib/python3.10/dist-packages/control_msgs/action/_joint_trajectory_s.c
[2.217s] -- Installing: /home/duser/ros2_kortex-ros2ws/install/control_msgs/local/lib/python3.10/dist-packages/control_msgs/action/_parallel_gripper_command_s.c
[2.217s] -- Installing: /home/duser/ros2_kortex-ros2ws/install/control_msgs/local/lib/python3.10/dist-packages/control_msgs/control_msgs_s__rosidl_typesupport_c.cpython-310-x86_64-linux-gnu.so
[2.219s] -- Installing: /home/duser/ros2_kortex-ros2ws/install/control_msgs/local/lib/python3.10/dist-packages/control_msgs/srv
[2.219s] -- Installing: /home/duser/ros2_kortex-ros2ws/install/control_msgs/local/lib/python3.10/dist-packages/control_msgs/srv/_query_trajectory_state_s.c
[2.219s] -- Installing: /home/duser/ros2_kortex-ros2ws/install/control_msgs/local/lib/python3.10/dist-packages/control_msgs/srv/__init__.py
[2.220s] -- Installing: /home/duser/ros2_kortex-ros2ws/install/control_msgs/local/lib/python3.10/dist-packages/control_msgs/srv/_query_calibration_state.py
[2.220s] -- Installing: /home/duser/ros2_kortex-ros2ws/install/control_msgs/local/lib/python3.10/dist-packages/control_msgs/srv/_query_calibration_state_s.c
[2.220s] -- Installing: /home/duser/ros2_kortex-ros2ws/install/control_msgs/local/lib/python3.10/dist-packages/control_msgs/srv/_query_trajectory_state.py
[2.351s] Listing '/home/duser/ros2_kortex-ros2ws/install/control_msgs/local/lib/python3.10/dist-packages/control_msgs'...
[2.351s] Compiling '/home/duser/ros2_kortex-ros2ws/install/control_msgs/local/lib/python3.10/dist-packages/control_msgs/__init__.py'...
[2.351s] Listing '/home/duser/ros2_kortex-ros2ws/install/control_msgs/local/lib/python3.10/dist-packages/control_msgs/action'...
[2.351s] Compiling '/home/duser/ros2_kortex-ros2ws/install/control_msgs/local/lib/python3.10/dist-packages/control_msgs/action/__init__.py'...
[2.351s] Compiling '/home/duser/ros2_kortex-ros2ws/install/control_msgs/local/lib/python3.10/dist-packages/control_msgs/action/_follow_joint_trajectory.py'...
[2.351s] Compiling '/home/duser/ros2_kortex-ros2ws/install/control_msgs/local/lib/python3.10/dist-packages/control_msgs/action/_gripper_command.py'...
[2.352s] Compiling '/home/duser/ros2_kortex-ros2ws/install/control_msgs/local/lib/python3.10/dist-packages/control_msgs/action/_joint_trajectory.py'...
[2.352s] Compiling '/home/duser/ros2_kortex-ros2ws/install/control_msgs/local/lib/python3.10/dist-packages/control_msgs/action/_parallel_gripper_command.py'...
[2.352s] Compiling '/home/duser/ros2_kortex-ros2ws/install/control_msgs/local/lib/python3.10/dist-packages/control_msgs/action/_point_head.py'...
[2.352s] Compiling '/home/duser/ros2_kortex-ros2ws/install/control_msgs/local/lib/python3.10/dist-packages/control_msgs/action/_single_joint_position.py'...
[2.352s] Listing '/home/duser/ros2_kortex-ros2ws/install/control_msgs/local/lib/python3.10/dist-packages/control_msgs/msg'...
[2.352s] Compiling '/home/duser/ros2_kortex-ros2ws/install/control_msgs/local/lib/python3.10/dist-packages/control_msgs/msg/__init__.py'...
[2.352s] Compiling '/home/duser/ros2_kortex-ros2ws/install/control_msgs/local/lib/python3.10/dist-packages/control_msgs/msg/_admittance_controller_state.py'...
[2.352s] Compiling '/home/duser/ros2_kortex-ros2ws/install/control_msgs/local/lib/python3.10/dist-packages/control_msgs/msg/_dynamic_joint_state.py'...
[2.352s] Compiling '/home/duser/ros2_kortex-ros2ws/install/control_msgs/local/lib/python3.10/dist-packages/control_msgs/msg/_gripper_command.py'...
[2.352s] Compiling '/home/duser/ros2_kortex-ros2ws/install/control_msgs/local/lib/python3.10/dist-packages/control_msgs/msg/_interface_value.py'...
[2.352s] Compiling '/home/duser/ros2_kortex-ros2ws/install/control_msgs/local/lib/python3.10/dist-packages/control_msgs/msg/_joint_component_tolerance.py'...
[2.353s] Compiling '/home/duser/ros2_kortex-ros2ws/install/control_msgs/local/lib/python3.10/dist-packages/control_msgs/msg/_joint_controller_state.py'...
[2.353s] Compiling '/home/duser/ros2_kortex-ros2ws/install/control_msgs/local/lib/python3.10/dist-packages/control_msgs/msg/_joint_jog.py'...
[2.353s] Compiling '/home/duser/ros2_kortex-ros2ws/install/control_msgs/local/lib/python3.10/dist-packages/control_msgs/msg/_joint_tolerance.py'...
[2.353s] Compiling '/home/duser/ros2_kortex-ros2ws/install/control_msgs/local/lib/python3.10/dist-packages/control_msgs/msg/_joint_trajectory_controller_state.py'...
[2.353s] Compiling '/home/duser/ros2_kortex-ros2ws/install/control_msgs/local/lib/python3.10/dist-packages/control_msgs/msg/_mecanum_drive_controller_state.py'...
[2.353s] Compiling '/home/duser/ros2_kortex-ros2ws/install/control_msgs/local/lib/python3.10/dist-packages/control_msgs/msg/_multi_dof_command.py'...
[2.354s] Compiling '/home/duser/ros2_kortex-ros2ws/install/control_msgs/local/lib/python3.10/dist-packages/control_msgs/msg/_multi_dof_state_stamped.py'...
[2.354s] Compiling '/home/duser/ros2_kortex-ros2ws/install/control_msgs/local/lib/python3.10/dist-packages/control_msgs/msg/_pid_state.py'...
[2.354s] Compiling '/home/duser/ros2_kortex-ros2ws/install/control_msgs/local/lib/python3.10/dist-packages/control_msgs/msg/_single_dof_state.py'...
[2.354s] Compiling '/home/duser/ros2_kortex-ros2ws/install/control_msgs/local/lib/python3.10/dist-packages/control_msgs/msg/_single_dof_state_stamped.py'...
[2.354s] Compiling '/home/duser/ros2_kortex-ros2ws/install/control_msgs/local/lib/python3.10/dist-packages/control_msgs/msg/_steering_controller_status.py'...
[2.354s] Listing '/home/duser/ros2_kortex-ros2ws/install/control_msgs/local/lib/python3.10/dist-packages/control_msgs/srv'...
[2.354s] Compiling '/home/duser/ros2_kortex-ros2ws/install/control_msgs/local/lib/python3.10/dist-packages/control_msgs/srv/__init__.py'...
[2.354s] Compiling '/home/duser/ros2_kortex-ros2ws/install/control_msgs/local/lib/python3.10/dist-packages/control_msgs/srv/_query_calibration_state.py'...
[2.355s] Compiling '/home/duser/ros2_kortex-ros2ws/install/control_msgs/local/lib/python3.10/dist-packages/control_msgs/srv/_query_trajectory_state.py'...
[2.359s] -- Installing: /home/duser/ros2_kortex-ros2ws/install/control_msgs/local/lib/python3.10/dist-packages/control_msgs/control_msgs_s__rosidl_typesupport_fastrtps_c.cpython-310-x86_64-linux-gnu.so
[2.361s] -- Set runtime path of "/home/duser/ros2_kortex-ros2ws/install/control_msgs/local/lib/python3.10/dist-packages/control_msgs/control_msgs_s__rosidl_typesupport_fastrtps_c.cpython-310-x86_64-linux-gnu.so" to ""
[2.361s] -- Installing: /home/duser/ros2_kortex-ros2ws/install/control_msgs/local/lib/python3.10/dist-packages/control_msgs/control_msgs_s__rosidl_typesupport_introspection_c.cpython-310-x86_64-linux-gnu.so
[2.363s] -- Set runtime path of "/home/duser/ros2_kortex-ros2ws/install/control_msgs/local/lib/python3.10/dist-packages/control_msgs/control_msgs_s__rosidl_typesupport_introspection_c.cpython-310-x86_64-linux-gnu.so" to ""
[2.364s] -- Installing: /home/duser/ros2_kortex-ros2ws/install/control_msgs/local/lib/python3.10/dist-packages/control_msgs/control_msgs_s__rosidl_typesupport_c.cpython-310-x86_64-linux-gnu.so
[2.366s] -- Set runtime path of "/home/duser/ros2_kortex-ros2ws/install/control_msgs/local/lib/python3.10/dist-packages/control_msgs/control_msgs_s__rosidl_typesupport_c.cpython-310-x86_64-linux-gnu.so" to ""
[2.366s] -- Installing: /home/duser/ros2_kortex-ros2ws/install/control_msgs/lib/libcontrol_msgs__rosidl_generator_py.so
[2.368s] -- Set runtime path of "/home/duser/ros2_kortex-ros2ws/install/control_msgs/lib/libcontrol_msgs__rosidl_generator_py.so" to ""
[2.368s] -- Installing: /home/duser/ros2_kortex-ros2ws/install/control_msgs/share/control_msgs/action/ParallelGripperCommand.idl
[2.374s] -- Installing: /home/duser/ros2_kortex-ros2ws/install/control_msgs/share/control_msgs/action/FollowJointTrajectory.idl
[2.376s] -- Installing: /home/duser/ros2_kortex-ros2ws/install/control_msgs/share/control_msgs/action/GripperCommand.idl
[2.376s] -- Installing: /home/duser/ros2_kortex-ros2ws/install/control_msgs/share/control_msgs/action/JointTrajectory.idl
[2.377s] -- Installing: /home/duser/ros2_kortex-ros2ws/install/control_msgs/share/control_msgs/action/PointHead.idl
[2.377s] -- Installing: /home/duser/ros2_kortex-ros2ws/install/control_msgs/share/control_msgs/action/SingleJointPosition.idl
[2.377s] -- Installing: /home/duser/ros2_kortex-ros2ws/install/control_msgs/share/control_msgs/msg/AdmittanceControllerState.idl
[2.377s] -- Installing: /home/duser/ros2_kortex-ros2ws/install/control_msgs/share/control_msgs/msg/DynamicJointState.idl
[2.378s] -- Installing: /home/duser/ros2_kortex-ros2ws/install/control_msgs/share/control_msgs/msg/GripperCommand.idl
[2.379s] -- Installing: /home/duser/ros2_kortex-ros2ws/install/control_msgs/share/control_msgs/msg/InterfaceValue.idl
[2.379s] -- Installing: /home/duser/ros2_kortex-ros2ws/install/control_msgs/share/control_msgs/msg/JointComponentTolerance.idl
[2.380s] -- Installing: /home/duser/ros2_kortex-ros2ws/install/control_msgs/share/control_msgs/msg/JointControllerState.idl
[2.380s] -- Installing: /home/duser/ros2_kortex-ros2ws/install/control_msgs/share/control_msgs/msg/JointJog.idl
[2.380s] -- Installing: /home/duser/ros2_kortex-ros2ws/install/control_msgs/share/control_msgs/msg/JointTolerance.idl
[2.381s] -- Installing: /home/duser/ros2_kortex-ros2ws/install/control_msgs/share/control_msgs/msg/JointTrajectoryControllerState.idl
[2.382s] -- Installing: /home/duser/ros2_kortex-ros2ws/install/control_msgs/share/control_msgs/msg/MecanumDriveControllerState.idl
[2.382s] -- Installing: /home/duser/ros2_kortex-ros2ws/install/control_msgs/share/control_msgs/msg/MultiDOFCommand.idl
[2.383s] -- Installing: /home/duser/ros2_kortex-ros2ws/install/control_msgs/share/control_msgs/msg/MultiDOFStateStamped.idl
[2.383s] -- Installing: /home/duser/ros2_kortex-ros2ws/install/control_msgs/share/control_msgs/msg/PidState.idl
[2.384s] -- Installing: /home/duser/ros2_kortex-ros2ws/install/control_msgs/share/control_msgs/msg/SingleDOFState.idl
[2.385s] -- Installing: /home/duser/ros2_kortex-ros2ws/install/control_msgs/share/control_msgs/msg/SingleDOFStateStamped.idl
[2.385s] -- Installing: /home/duser/ros2_kortex-ros2ws/install/control_msgs/share/control_msgs/msg/SteeringControllerStatus.idl
[2.386s] -- Installing: /home/duser/ros2_kortex-ros2ws/install/control_msgs/share/control_msgs/srv/QueryCalibrationState.idl
[2.386s] -- Installing: /home/duser/ros2_kortex-ros2ws/install/control_msgs/share/control_msgs/srv/QueryTrajectoryState.idl
[2.387s] -- Installing: /home/duser/ros2_kortex-ros2ws/install/control_msgs/share/control_msgs/action/ParallelGripperCommand.action
[2.388s] -- Installing: /home/duser/ros2_kortex-ros2ws/install/control_msgs/share/control_msgs/action/FollowJointTrajectory.action
[2.390s] -- Installing: /home/duser/ros2_kortex-ros2ws/install/control_msgs/share/control_msgs/action/GripperCommand.action
[2.390s] -- Installing: /home/duser/ros2_kortex-ros2ws/install/control_msgs/share/control_msgs/action/JointTrajectory.action
[2.390s] -- Installing: /home/duser/ros2_kortex-ros2ws/install/control_msgs/share/control_msgs/action/PointHead.action
[2.390s] -- Installing: /home/duser/ros2_kortex-ros2ws/install/control_msgs/share/control_msgs/action/SingleJointPosition.action
[2.391s] -- Installing: /home/duser/ros2_kortex-ros2ws/install/control_msgs/share/control_msgs/msg/AdmittanceControllerState.msg
[2.391s] -- Installing: /home/duser/ros2_kortex-ros2ws/install/control_msgs/share/control_msgs/msg/DynamicJointState.msg
[2.391s] -- Installing: /home/duser/ros2_kortex-ros2ws/install/control_msgs/share/control_msgs/msg/GripperCommand.msg
[2.392s] -- Installing: /home/duser/ros2_kortex-ros2ws/install/control_msgs/share/control_msgs/msg/InterfaceValue.msg
[2.393s] -- Installing: /home/duser/ros2_kortex-ros2ws/install/control_msgs/share/control_msgs/msg/JointComponentTolerance.msg
[2.393s] -- Installing: /home/duser/ros2_kortex-ros2ws/install/control_msgs/share/control_msgs/msg/JointControllerState.msg
[2.394s] -- Installing: /home/duser/ros2_kortex-ros2ws/install/control_msgs/share/control_msgs/msg/JointJog.msg
[2.395s] -- Installing: /home/duser/ros2_kortex-ros2ws/install/control_msgs/share/control_msgs/msg/JointTolerance.msg
[2.397s] -- Installing: /home/duser/ros2_kortex-ros2ws/install/control_msgs/share/control_msgs/msg/JointTrajectoryControllerState.msg
[2.397s] -- Installing: /home/duser/ros2_kortex-ros2ws/install/control_msgs/share/control_msgs/msg/MecanumDriveControllerState.msg
[2.397s] -- Installing: /home/duser/ros2_kortex-ros2ws/install/control_msgs/share/control_msgs/msg/MultiDOFCommand.msg
[2.398s] -- Installing: /home/duser/ros2_kortex-ros2ws/install/control_msgs/share/control_msgs/msg/MultiDOFStateStamped.msg
[2.398s] -- Installing: /home/duser/ros2_kortex-ros2ws/install/control_msgs/share/control_msgs/msg/PidState.msg
[2.399s] -- Installing: /home/duser/ros2_kortex-ros2ws/install/control_msgs/share/control_msgs/msg/SingleDOFState.msg
[2.399s] -- Installing: /home/duser/ros2_kortex-ros2ws/install/control_msgs/share/control_msgs/msg/SingleDOFStateStamped.msg
[2.400s] -- Installing: /home/duser/ros2_kortex-ros2ws/install/control_msgs/share/control_msgs/msg/SteeringControllerStatus.msg
[2.401s] -- Installing: /home/duser/ros2_kortex-ros2ws/install/control_msgs/share/control_msgs/srv/QueryCalibrationState.srv
[2.402s] -- Installing: /home/duser/ros2_kortex-ros2ws/install/control_msgs/share/control_msgs/srv/QueryCalibrationState_Request.msg
[2.402s] -- Installing: /home/duser/ros2_kortex-ros2ws/install/control_msgs/share/control_msgs/srv/QueryCalibrationState_Response.msg
[2.403s] -- Installing: /home/duser/ros2_kortex-ros2ws/install/control_msgs/share/control_msgs/srv/QueryTrajectoryState.srv
[2.404s] -- Installing: /home/duser/ros2_kortex-ros2ws/install/control_msgs/share/control_msgs/srv/QueryTrajectoryState_Request.msg
[2.404s] -- Installing: /home/duser/ros2_kortex-ros2ws/install/control_msgs/share/control_msgs/srv/QueryTrajectoryState_Response.msg
[2.405s] -- Installing: /home/duser/ros2_kortex-ros2ws/install/control_msgs/share/ament_index/resource_index/package_run_dependencies/control_msgs
[2.406s] -- Installing: /home/duser/ros2_kortex-ros2ws/install/control_msgs/share/ament_index/resource_index/parent_prefix_path/control_msgs
[2.407s] -- Installing: /home/duser/ros2_kortex-ros2ws/install/control_msgs/share/control_msgs/environment/ament_prefix_path.sh
[2.407s] -- Installing: /home/duser/ros2_kortex-ros2ws/install/control_msgs/share/control_msgs/environment/ament_prefix_path.dsv
[2.408s] -- Installing: /home/duser/ros2_kortex-ros2ws/install/control_msgs/share/control_msgs/environment/path.sh
[2.408s] -- Installing: /home/duser/ros2_kortex-ros2ws/install/control_msgs/share/control_msgs/environment/path.dsv
[2.409s] -- Installing: /home/duser/ros2_kortex-ros2ws/install/control_msgs/share/control_msgs/local_setup.bash
[2.410s] -- Installing: /home/duser/ros2_kortex-ros2ws/install/control_msgs/share/control_msgs/local_setup.sh
[2.411s] -- Installing: /home/duser/ros2_kortex-ros2ws/install/control_msgs/share/control_msgs/local_setup.zsh
[2.411s] -- Installing: /home/duser/ros2_kortex-ros2ws/install/control_msgs/share/control_msgs/local_setup.dsv
[2.412s] -- Installing: /home/duser/ros2_kortex-ros2ws/install/control_msgs/share/control_msgs/package.dsv
[2.412s] -- Installing: /home/duser/ros2_kortex-ros2ws/install/control_msgs/share/ament_index/resource_index/packages/control_msgs
[2.413s] -- Installing: /home/duser/ros2_kortex-ros2ws/install/control_msgs/share/control_msgs/cmake/export_control_msgs__rosidl_generator_cExport.cmake
[2.414s] -- Installing: /home/duser/ros2_kortex-ros2ws/install/control_msgs/share/control_msgs/cmake/export_control_msgs__rosidl_generator_cExport-release.cmake
[2.414s] -- Installing: /home/duser/ros2_kortex-ros2ws/install/control_msgs/share/control_msgs/cmake/export_control_msgs__rosidl_typesupport_fastrtps_cExport.cmake
[2.415s] -- Installing: /home/duser/ros2_kortex-ros2ws/install/control_msgs/share/control_msgs/cmake/export_control_msgs__rosidl_typesupport_fastrtps_cExport-release.cmake
[2.415s] -- Installing: /home/duser/ros2_kortex-ros2ws/install/control_msgs/share/control_msgs/cmake/export_control_msgs__rosidl_generator_cppExport.cmake
[2.416s] -- Installing: /home/duser/ros2_kortex-ros2ws/install/control_msgs/share/control_msgs/cmake/export_control_msgs__rosidl_typesupport_fastrtps_cppExport.cmake
[2.416s] -- Installing: /home/duser/ros2_kortex-ros2ws/install/control_msgs/share/control_msgs/cmake/export_control_msgs__rosidl_typesupport_fastrtps_cppExport-release.cmake
[2.417s] -- Installing: /home/duser/ros2_kortex-ros2ws/install/control_msgs/share/control_msgs/cmake/control_msgs__rosidl_typesupport_introspection_cExport.cmake
[2.418s] -- Installing: /home/duser/ros2_kortex-ros2ws/install/control_msgs/share/control_msgs/cmake/control_msgs__rosidl_typesupport_introspection_cExport-release.cmake
[2.418s] -- Installing: /home/duser/ros2_kortex-ros2ws/install/control_msgs/share/control_msgs/cmake/control_msgs__rosidl_typesupport_cExport.cmake
[2.419s] -- Installing: /home/duser/ros2_kortex-ros2ws/install/control_msgs/share/control_msgs/cmake/control_msgs__rosidl_typesupport_cExport-release.cmake
[2.419s] -- Installing: /home/duser/ros2_kortex-ros2ws/install/control_msgs/share/control_msgs/cmake/control_msgs__rosidl_typesupport_introspection_cppExport.cmake
[2.420s] -- Installing: /home/duser/ros2_kortex-ros2ws/install/control_msgs/share/control_msgs/cmake/control_msgs__rosidl_typesupport_introspection_cppExport-release.cmake
[2.420s] -- Installing: /home/duser/ros2_kortex-ros2ws/install/control_msgs/share/control_msgs/cmake/control_msgs__rosidl_typesupport_cppExport.cmake
[2.421s] -- Installing: /home/duser/ros2_kortex-ros2ws/install/control_msgs/share/control_msgs/cmake/control_msgs__rosidl_typesupport_cppExport-release.cmake
[2.422s] -- Installing: /home/duser/ros2_kortex-ros2ws/install/control_msgs/share/control_msgs/cmake/export_control_msgs__rosidl_generator_pyExport.cmake
[2.422s] -- Installing: /home/duser/ros2_kortex-ros2ws/install/control_msgs/share/control_msgs/cmake/export_control_msgs__rosidl_generator_pyExport-release.cmake
[2.423s] -- Installing: /home/duser/ros2_kortex-ros2ws/install/control_msgs/share/control_msgs/cmake/rosidl_cmake-extras.cmake
[2.424s] -- Installing: /home/duser/ros2_kortex-ros2ws/install/control_msgs/share/control_msgs/cmake/ament_cmake_export_dependencies-extras.cmake
[2.425s] -- Installing: /home/duser/ros2_kortex-ros2ws/install/control_msgs/share/control_msgs/cmake/ament_cmake_export_include_directories-extras.cmake
[2.425s] -- Installing: /home/duser/ros2_kortex-ros2ws/install/control_msgs/share/control_msgs/cmake/ament_cmake_export_libraries-extras.cmake
[2.426s] -- Installing: /home/duser/ros2_kortex-ros2ws/install/control_msgs/share/control_msgs/cmake/ament_cmake_export_targets-extras.cmake
[2.427s] -- Installing: /home/duser/ros2_kortex-ros2ws/install/control_msgs/share/control_msgs/cmake/rosidl_cmake_export_typesupport_targets-extras.cmake
[2.427s] -- Installing: /home/duser/ros2_kortex-ros2ws/install/control_msgs/share/control_msgs/cmake/rosidl_cmake_export_typesupport_libraries-extras.cmake
[2.428s] -- Installing: /home/duser/ros2_kortex-ros2ws/install/control_msgs/share/control_msgs/cmake/control_msgsConfig.cmake
[2.429s] -- Installing: /home/duser/ros2_kortex-ros2ws/install/control_msgs/share/control_msgs/cmake/control_msgsConfig-version.cmake
[2.429s] -- Installing: /home/duser/ros2_kortex-ros2ws/install/control_msgs/share/control_msgs/package.xml
[2.436s] Invoked command in '/home/duser/ros2_kortex-ros2ws/build/control_msgs' returned '0': CMAKE_PREFIX_PATH=${CMAKE_PREFIX_PATH}:/opt/ros/humble /usr/bin/cmake --install /home/duser/ros2_kortex-ros2ws/build/control_msgs
