[0.663s] Invoking command in '/home/duser/ros2_kortex-ros2ws/build/tricycle_controller': AMENT_PREFIX_PATH=/home/duser/ros2_kortex-ros2ws/install/controller_manager:/home/duser/ros2_kortex-ros2ws/install/hardware_interface_testing:/home/duser/ros2_kortex-ros2ws/install/controller_interface:/home/duser/ros2_kortex-ros2ws/install/hardware_interface:/home/duser/ros2_kortex-ros2ws/install/controller_manager_msgs:/home/duser/ros2_kortex-ros2ws/install/control_msgs:${AMENT_PREFIX_PATH} CMAKE_PREFIX_PATH=/home/duser/ros2_kortex-ros2ws/install/controller_manager:/home/duser/ros2_kortex-ros2ws/install/hardware_interface_testing:/home/duser/ros2_kortex-ros2ws/install/controller_interface:/home/duser/ros2_kortex-ros2ws/install/hardware_interface:/home/duser/ros2_kortex-ros2ws/install/ros2_control_test_assets:/home/duser/ros2_kortex-ros2ws/install/controller_manager_msgs:/home/duser/ros2_kortex-ros2ws/install/control_msgs:/home/duser/ros2_kortex-ros2ws/install/serial:/home/duser/ros2_kortex-ros2ws/install/kortex_api:/opt/ros/humble LD_LIBRARY_PATH=/home/duser/ros2_kortex-ros2ws/install/controller_manager/lib:/home/duser/ros2_kortex-ros2ws/install/hardware_interface_testing/lib:/home/duser/ros2_kortex-ros2ws/install/controller_interface/lib:/home/duser/ros2_kortex-ros2ws/install/hardware_interface/lib:/home/duser/ros2_kortex-ros2ws/install/controller_manager_msgs/lib:/home/duser/ros2_kortex-ros2ws/install/control_msgs/lib:${LD_LIBRARY_PATH} PYTHONPATH=/home/duser/ros2_kortex-ros2ws/install/controller_manager/local/lib/python3.10/dist-packages:/home/duser/ros2_kortex-ros2ws/install/controller_manager_msgs/local/lib/python3.10/dist-packages:/home/duser/ros2_kortex-ros2ws/install/control_msgs/local/lib/python3.10/dist-packages:${PYTHONPATH} /usr/bin/cmake /home/duser/ros2_kortex-ros2ws/src/ros2_controllers/tricycle_controller -DCMAKE_BUILD_TYPE=Release -DCMAKE_INSTALL_PREFIX=/home/duser/ros2_kortex-ros2ws/install/tricycle_controller
[5.962s] -- The CXX compiler identification is GNU 11.4.0
[5.963s] -- Detecting CXX compiler ABI info
[5.963s] -- Detecting CXX compiler ABI info - done
[5.963s] -- Check for working CXX compiler: /usr/bin/c++ - skipped
[5.963s] -- Detecting CXX compile features
[5.963s] -- Detecting CXX compile features - done
[5.963s] -- Found ament_cmake: 1.3.8 (/opt/ros/humble/share/ament_cmake/cmake)
[5.963s] -- Found Python3: /usr/bin/python3 (found version "3.10.12") found components: Interpreter 
[5.963s] -- Found backward_ros: 1.0.2 (/opt/ros/humble/share/backward_ros/cmake)
[5.963s] -- Found libdw: /usr/lib/x86_64-linux-gnu/libdw.so  
[5.964s] -- Could NOT find libbfd (missing: LIBBFD_LIBRARY LIBBFD_INCLUDE_DIR) 
[5.964s] -- BACKWARD_HAS_UNWIND=1
[5.964s] -- BACKWARD_HAS_BACKTRACE=0
[5.964s] -- BACKWARD_HAS_BACKTRACE_SYMBOL=0
[5.964s] -- BACKWARD_HAS_DW=1
[5.964s] -- BACKWARD_HAS_BFD=0
[5.965s] -- Found Backward: /opt/ros/humble/share/backward_ros/cmake  
[5.965s] -- Found ackermann_msgs: 2.0.2 (/opt/ros/humble/share/ackermann_msgs/cmake)
[5.966s] -- Found rosidl_generator_c: 3.1.5 (/opt/ros/humble/share/rosidl_generator_c/cmake)
[5.967s] -- Found rosidl_adapter: 3.1.5 (/opt/ros/humble/share/rosidl_adapter/cmake)
[5.967s] -- Found rosidl_generator_cpp: 3.1.5 (/opt/ros/humble/share/rosidl_generator_cpp/cmake)
[5.967s] -- Using all available rosidl_typesupport_c: rosidl_typesupport_fastrtps_c;rosidl_typesupport_introspection_c
[5.967s] -- Using all available rosidl_typesupport_cpp: rosidl_typesupport_fastrtps_cpp;rosidl_typesupport_introspection_cpp
[5.967s] -- Found controller_interface: 2.41.0 (/home/duser/ros2_kortex-ros2ws/install/controller_interface/share/controller_interface/cmake)
[5.968s] -- Found rmw_implementation_cmake: 6.1.1 (/opt/ros/humble/share/rmw_implementation_cmake/cmake)
[5.968s] -- Found rmw_cyclonedds_cpp: 1.3.4 (/opt/ros/humble/share/rmw_cyclonedds_cpp/cmake)
[5.968s] -- Using RMW implementation 'rmw_cyclonedds_cpp' as default
[5.968s] -- Looking for C++ include pthread.h
[5.968s] -- Looking for C++ include pthread.h - found
[5.968s] -- Performing Test CMAKE_HAVE_LIBC_PTHREAD
[5.968s] -- Performing Test CMAKE_HAVE_LIBC_PTHREAD - Success
[5.968s] -- Found Threads: TRUE  
[5.968s] -- Found nav_msgs: 4.2.3 (/opt/ros/humble/share/nav_msgs/cmake)
[5.969s] -- Found realtime_tools: 2.5.0 (/opt/ros/humble/share/realtime_tools/cmake)
[5.969s] -- Found std_srvs: 4.2.3 (/opt/ros/humble/share/std_srvs/cmake)
[5.969s] -- Found tf2: 0.25.6 (/opt/ros/humble/share/tf2/cmake)
[5.969s] -- Found tf2_msgs: 0.25.6 (/opt/ros/humble/share/tf2_msgs/cmake)
[5.969s] -- Found ament_cmake_gmock: 1.3.8 (/opt/ros/humble/share/ament_cmake_gmock/cmake)
[5.969s] -- Found controller_manager: 2.41.0 (/home/duser/ros2_kortex-ros2ws/install/controller_manager/share/controller_manager/cmake)
[5.969s] -- Found ros2_control_test_assets: 2.41.0 (/home/duser/ros2_kortex-ros2ws/install/ros2_control_test_assets/share/ros2_control_test_assets/cmake)
[5.969s] -- Found gmock sources under '/opt/ros/humble/src/gmock_vendor': C++ tests using 'Google Mock' will be built
[5.970s] -- The C compiler identification is GNU 11.4.0
[5.970s] -- Detecting C compiler ABI info
[6.131s] -- Detecting C compiler ABI info - done
[6.164s] -- Check for working C compiler: /usr/bin/cc - skipped
[6.167s] -- Detecting C compile features
[6.167s] -- Detecting C compile features - done
[6.206s] -- Found ament_cmake_gtest: 1.3.8 (/opt/ros/humble/share/ament_cmake_gtest/cmake)
[6.208s] -- Found gtest sources under '/opt/ros/humble/src/gtest_vendor': C++ tests using 'Google Test' will be built
[7.644s] -- Configuring done
[8.288s] -- Generating done
[8.313s] -- Build files have been written to: /home/duser/ros2_kortex-ros2ws/build/tricycle_controller
[8.481s] Invoked command in '/home/duser/ros2_kortex-ros2ws/build/tricycle_controller' returned '0': AMENT_PREFIX_PATH=/home/duser/ros2_kortex-ros2ws/install/controller_manager:/home/duser/ros2_kortex-ros2ws/install/hardware_interface_testing:/home/duser/ros2_kortex-ros2ws/install/controller_interface:/home/duser/ros2_kortex-ros2ws/install/hardware_interface:/home/duser/ros2_kortex-ros2ws/install/controller_manager_msgs:/home/duser/ros2_kortex-ros2ws/install/control_msgs:${AMENT_PREFIX_PATH} CMAKE_PREFIX_PATH=/home/duser/ros2_kortex-ros2ws/install/controller_manager:/home/duser/ros2_kortex-ros2ws/install/hardware_interface_testing:/home/duser/ros2_kortex-ros2ws/install/controller_interface:/home/duser/ros2_kortex-ros2ws/install/hardware_interface:/home/duser/ros2_kortex-ros2ws/install/ros2_control_test_assets:/home/duser/ros2_kortex-ros2ws/install/controller_manager_msgs:/home/duser/ros2_kortex-ros2ws/install/control_msgs:/home/duser/ros2_kortex-ros2ws/install/serial:/home/duser/ros2_kortex-ros2ws/install/kortex_api:/opt/ros/humble LD_LIBRARY_PATH=/home/duser/ros2_kortex-ros2ws/install/controller_manager/lib:/home/duser/ros2_kortex-ros2ws/install/hardware_interface_testing/lib:/home/duser/ros2_kortex-ros2ws/install/controller_interface/lib:/home/duser/ros2_kortex-ros2ws/install/hardware_interface/lib:/home/duser/ros2_kortex-ros2ws/install/controller_manager_msgs/lib:/home/duser/ros2_kortex-ros2ws/install/control_msgs/lib:${LD_LIBRARY_PATH} PYTHONPATH=/home/duser/ros2_kortex-ros2ws/install/controller_manager/local/lib/python3.10/dist-packages:/home/duser/ros2_kortex-ros2ws/install/controller_manager_msgs/local/lib/python3.10/dist-packages:/home/duser/ros2_kortex-ros2ws/install/control_msgs/local/lib/python3.10/dist-packages:${PYTHONPATH} /usr/bin/cmake /home/duser/ros2_kortex-ros2ws/src/ros2_controllers/tricycle_controller -DCMAKE_BUILD_TYPE=Release -DCMAKE_INSTALL_PREFIX=/home/duser/ros2_kortex-ros2ws/install/tricycle_controller
[8.482s] Invoking command in '/home/duser/ros2_kortex-ros2ws/build/tricycle_controller': AMENT_PREFIX_PATH=/home/duser/ros2_kortex-ros2ws/install/controller_manager:/home/duser/ros2_kortex-ros2ws/install/hardware_interface_testing:/home/duser/ros2_kortex-ros2ws/install/controller_interface:/home/duser/ros2_kortex-ros2ws/install/hardware_interface:/home/duser/ros2_kortex-ros2ws/install/controller_manager_msgs:/home/duser/ros2_kortex-ros2ws/install/control_msgs:${AMENT_PREFIX_PATH} CMAKE_PREFIX_PATH=/home/duser/ros2_kortex-ros2ws/install/controller_manager:/home/duser/ros2_kortex-ros2ws/install/hardware_interface_testing:/home/duser/ros2_kortex-ros2ws/install/controller_interface:/home/duser/ros2_kortex-ros2ws/install/hardware_interface:/home/duser/ros2_kortex-ros2ws/install/ros2_control_test_assets:/home/duser/ros2_kortex-ros2ws/install/controller_manager_msgs:/home/duser/ros2_kortex-ros2ws/install/control_msgs:/home/duser/ros2_kortex-ros2ws/install/serial:/home/duser/ros2_kortex-ros2ws/install/kortex_api:/opt/ros/humble LD_LIBRARY_PATH=/home/duser/ros2_kortex-ros2ws/install/controller_manager/lib:/home/duser/ros2_kortex-ros2ws/install/hardware_interface_testing/lib:/home/duser/ros2_kortex-ros2ws/install/controller_interface/lib:/home/duser/ros2_kortex-ros2ws/install/hardware_interface/lib:/home/duser/ros2_kortex-ros2ws/install/controller_manager_msgs/lib:/home/duser/ros2_kortex-ros2ws/install/control_msgs/lib:${LD_LIBRARY_PATH} PYTHONPATH=/home/duser/ros2_kortex-ros2ws/install/controller_manager/local/lib/python3.10/dist-packages:/home/duser/ros2_kortex-ros2ws/install/controller_manager_msgs/local/lib/python3.10/dist-packages:/home/duser/ros2_kortex-ros2ws/install/control_msgs/local/lib/python3.10/dist-packages:${PYTHONPATH} /usr/bin/cmake --build /home/duser/ros2_kortex-ros2ws/build/tricycle_controller -- -j12 -l12
[199.814s] [  7%] [32mBuilding CXX object gmock/CMakeFiles/gmock_main.dir/src/gmock_main.cc.o[0m
[199.826s] [ 14%] [32mBuilding CXX object gmock/CMakeFiles/gmock.dir/opt/ros/humble/src/gtest_vendor/src/gtest-all.cc.o[0m
[199.827s] [ 21%] [32mBuilding CXX object CMakeFiles/tricycle_controller.dir/src/traction_limiter.cpp.o[0m
[199.827s] [ 28%] [32mBuilding CXX object CMakeFiles/tricycle_controller.dir/src/steering_limiter.cpp.o[0m
[199.827s] [ 42%] [32mBuilding CXX object gmock/CMakeFiles/gmock.dir/src/gmock-all.cc.o[0m
[199.827s] [ 50%] [32mBuilding CXX object CMakeFiles/tricycle_controller.dir/src/tricycle_controller.cpp.o[0m
[199.827s] [ 42%] [32mBuilding CXX object CMakeFiles/tricycle_controller.dir/src/odometry.cpp.o[0m
[199.827s] [ 57%] [32m[1mLinking CXX static library libgmock_main.a[0m
[199.837s] [ 57%] Built target gmock_main
[199.840s] [ 64%] [32m[1mLinking CXX static library libgmock.a[0m
[199.840s] [ 64%] Built target gmock
[237.009s] [ 71%] [32m[1mLinking CXX shared library libtricycle_controller.so[0m
[237.439s] [ 71%] Built target tricycle_controller
[237.479s] [ 78%] [32mBuilding CXX object CMakeFiles/test_tricycle_controller.dir/test/test_tricycle_controller.cpp.o[0m
[247.407s] [ 85%] [32m[1mLinking CXX executable test_tricycle_controller[0m
[247.842s] [ 85%] Built target test_tricycle_controller
[247.875s] [ 92%] [32mBuilding CXX object CMakeFiles/test_load_tricycle_controller.dir/test/test_load_tricycle_controller.cpp.o[0m
[255.762s] [100%] [32m[1mLinking CXX executable test_load_tricycle_controller[0m
[256.286s] [100%] Built target test_load_tricycle_controller
[256.346s] Invoked command in '/home/duser/ros2_kortex-ros2ws/build/tricycle_controller' returned '0': AMENT_PREFIX_PATH=/home/duser/ros2_kortex-ros2ws/install/controller_manager:/home/duser/ros2_kortex-ros2ws/install/hardware_interface_testing:/home/duser/ros2_kortex-ros2ws/install/controller_interface:/home/duser/ros2_kortex-ros2ws/install/hardware_interface:/home/duser/ros2_kortex-ros2ws/install/controller_manager_msgs:/home/duser/ros2_kortex-ros2ws/install/control_msgs:${AMENT_PREFIX_PATH} CMAKE_PREFIX_PATH=/home/duser/ros2_kortex-ros2ws/install/controller_manager:/home/duser/ros2_kortex-ros2ws/install/hardware_interface_testing:/home/duser/ros2_kortex-ros2ws/install/controller_interface:/home/duser/ros2_kortex-ros2ws/install/hardware_interface:/home/duser/ros2_kortex-ros2ws/install/ros2_control_test_assets:/home/duser/ros2_kortex-ros2ws/install/controller_manager_msgs:/home/duser/ros2_kortex-ros2ws/install/control_msgs:/home/duser/ros2_kortex-ros2ws/install/serial:/home/duser/ros2_kortex-ros2ws/install/kortex_api:/opt/ros/humble LD_LIBRARY_PATH=/home/duser/ros2_kortex-ros2ws/install/controller_manager/lib:/home/duser/ros2_kortex-ros2ws/install/hardware_interface_testing/lib:/home/duser/ros2_kortex-ros2ws/install/controller_interface/lib:/home/duser/ros2_kortex-ros2ws/install/hardware_interface/lib:/home/duser/ros2_kortex-ros2ws/install/controller_manager_msgs/lib:/home/duser/ros2_kortex-ros2ws/install/control_msgs/lib:${LD_LIBRARY_PATH} PYTHONPATH=/home/duser/ros2_kortex-ros2ws/install/controller_manager/local/lib/python3.10/dist-packages:/home/duser/ros2_kortex-ros2ws/install/controller_manager_msgs/local/lib/python3.10/dist-packages:/home/duser/ros2_kortex-ros2ws/install/control_msgs/local/lib/python3.10/dist-packages:${PYTHONPATH} /usr/bin/cmake --build /home/duser/ros2_kortex-ros2ws/build/tricycle_controller -- -j12 -l12
[256.444s] Invoking command in '/home/duser/ros2_kortex-ros2ws/build/tricycle_controller': AMENT_PREFIX_PATH=/home/duser/ros2_kortex-ros2ws/install/controller_manager:/home/duser/ros2_kortex-ros2ws/install/hardware_interface_testing:/home/duser/ros2_kortex-ros2ws/install/controller_interface:/home/duser/ros2_kortex-ros2ws/install/hardware_interface:/home/duser/ros2_kortex-ros2ws/install/controller_manager_msgs:/home/duser/ros2_kortex-ros2ws/install/control_msgs:${AMENT_PREFIX_PATH} CMAKE_PREFIX_PATH=/home/duser/ros2_kortex-ros2ws/install/controller_manager:/home/duser/ros2_kortex-ros2ws/install/hardware_interface_testing:/home/duser/ros2_kortex-ros2ws/install/controller_interface:/home/duser/ros2_kortex-ros2ws/install/hardware_interface:/home/duser/ros2_kortex-ros2ws/install/ros2_control_test_assets:/home/duser/ros2_kortex-ros2ws/install/controller_manager_msgs:/home/duser/ros2_kortex-ros2ws/install/control_msgs:/home/duser/ros2_kortex-ros2ws/install/serial:/home/duser/ros2_kortex-ros2ws/install/kortex_api:/opt/ros/humble LD_LIBRARY_PATH=/home/duser/ros2_kortex-ros2ws/install/controller_manager/lib:/home/duser/ros2_kortex-ros2ws/install/hardware_interface_testing/lib:/home/duser/ros2_kortex-ros2ws/install/controller_interface/lib:/home/duser/ros2_kortex-ros2ws/install/hardware_interface/lib:/home/duser/ros2_kortex-ros2ws/install/controller_manager_msgs/lib:/home/duser/ros2_kortex-ros2ws/install/control_msgs/lib:${LD_LIBRARY_PATH} PYTHONPATH=/home/duser/ros2_kortex-ros2ws/install/controller_manager/local/lib/python3.10/dist-packages:/home/duser/ros2_kortex-ros2ws/install/controller_manager_msgs/local/lib/python3.10/dist-packages:/home/duser/ros2_kortex-ros2ws/install/control_msgs/local/lib/python3.10/dist-packages:${PYTHONPATH} /usr/bin/cmake --install /home/duser/ros2_kortex-ros2ws/build/tricycle_controller
[256.457s] -- Install configuration: "Release"
[256.457s] -- Installing: /home/duser/ros2_kortex-ros2ws/install/tricycle_controller/share/tricycle_controller/tricycle_controller.xml
[256.459s] -- Installing: /home/duser/ros2_kortex-ros2ws/install/tricycle_controller/include/tricycle_controller
[256.459s] -- Installing: /home/duser/ros2_kortex-ros2ws/install/tricycle_controller/include/tricycle_controller/tricycle_controller
[256.460s] -- Installing: /home/duser/ros2_kortex-ros2ws/install/tricycle_controller/include/tricycle_controller/tricycle_controller/steering_limiter.hpp
[256.461s] -- Installing: /home/duser/ros2_kortex-ros2ws/install/tricycle_controller/include/tricycle_controller/tricycle_controller/odometry.hpp
[256.462s] -- Installing: /home/duser/ros2_kortex-ros2ws/install/tricycle_controller/include/tricycle_controller/tricycle_controller/traction_limiter.hpp
[256.462s] -- Installing: /home/duser/ros2_kortex-ros2ws/install/tricycle_controller/include/tricycle_controller/tricycle_controller/visibility_control.h
[256.462s] -- Installing: /home/duser/ros2_kortex-ros2ws/install/tricycle_controller/include/tricycle_controller/tricycle_controller/tricycle_controller.hpp
[256.462s] -- Installing: /home/duser/ros2_kortex-ros2ws/install/tricycle_controller/lib/libtricycle_controller.so
[256.465s] -- Set runtime path of "/home/duser/ros2_kortex-ros2ws/install/tricycle_controller/lib/libtricycle_controller.so" to ""
[256.466s] -- Installing: /home/duser/ros2_kortex-ros2ws/install/tricycle_controller/share/tricycle_controller/environment/library_path.sh
[256.467s] -- Installing: /home/duser/ros2_kortex-ros2ws/install/tricycle_controller/share/tricycle_controller/environment/library_path.dsv
[256.468s] -- Installing: /home/duser/ros2_kortex-ros2ws/install/tricycle_controller/share/ament_index/resource_index/package_run_dependencies/tricycle_controller
[256.469s] -- Installing: /home/duser/ros2_kortex-ros2ws/install/tricycle_controller/share/ament_index/resource_index/parent_prefix_path/tricycle_controller
[256.469s] -- Installing: /home/duser/ros2_kortex-ros2ws/install/tricycle_controller/share/tricycle_controller/environment/ament_prefix_path.sh
[256.469s] -- Installing: /home/duser/ros2_kortex-ros2ws/install/tricycle_controller/share/tricycle_controller/environment/ament_prefix_path.dsv
[256.470s] -- Installing: /home/duser/ros2_kortex-ros2ws/install/tricycle_controller/share/tricycle_controller/environment/path.sh
[256.470s] -- Installing: /home/duser/ros2_kortex-ros2ws/install/tricycle_controller/share/tricycle_controller/environment/path.dsv
[256.472s] -- Installing: /home/duser/ros2_kortex-ros2ws/install/tricycle_controller/share/tricycle_controller/local_setup.bash
[256.472s] -- Installing: /home/duser/ros2_kortex-ros2ws/install/tricycle_controller/share/tricycle_controller/local_setup.sh
[256.472s] -- Installing: /home/duser/ros2_kortex-ros2ws/install/tricycle_controller/share/tricycle_controller/local_setup.zsh
[256.473s] -- Installing: /home/duser/ros2_kortex-ros2ws/install/tricycle_controller/share/tricycle_controller/local_setup.dsv
[256.473s] -- Installing: /home/duser/ros2_kortex-ros2ws/install/tricycle_controller/share/tricycle_controller/package.dsv
[256.477s] -- Installing: /home/duser/ros2_kortex-ros2ws/install/tricycle_controller/share/ament_index/resource_index/packages/tricycle_controller
[256.477s] -- Installing: /home/duser/ros2_kortex-ros2ws/install/tricycle_controller/share/ament_index/resource_index/controller_interface__pluginlib__plugin/tricycle_controller
[256.479s] -- Installing: /home/duser/ros2_kortex-ros2ws/install/tricycle_controller/share/tricycle_controller/cmake/export_tricycle_controllerExport.cmake
[256.479s] -- Installing: /home/duser/ros2_kortex-ros2ws/install/tricycle_controller/share/tricycle_controller/cmake/export_tricycle_controllerExport-release.cmake
[256.480s] -- Installing: /home/duser/ros2_kortex-ros2ws/install/tricycle_controller/share/tricycle_controller/cmake/ament_cmake_export_targets-extras.cmake
[256.481s] -- Installing: /home/duser/ros2_kortex-ros2ws/install/tricycle_controller/share/tricycle_controller/cmake/ament_cmake_export_dependencies-extras.cmake
[256.482s] -- Installing: /home/duser/ros2_kortex-ros2ws/install/tricycle_controller/share/tricycle_controller/cmake/tricycle_controllerConfig.cmake
[256.482s] -- Installing: /home/duser/ros2_kortex-ros2ws/install/tricycle_controller/share/tricycle_controller/cmake/tricycle_controllerConfig-version.cmake
[256.482s] -- Installing: /home/duser/ros2_kortex-ros2ws/install/tricycle_controller/share/tricycle_controller/package.xml
[256.491s] Invoked command in '/home/duser/ros2_kortex-ros2ws/build/tricycle_controller' returned '0': AMENT_PREFIX_PATH=/home/duser/ros2_kortex-ros2ws/install/controller_manager:/home/duser/ros2_kortex-ros2ws/install/hardware_interface_testing:/home/duser/ros2_kortex-ros2ws/install/controller_interface:/home/duser/ros2_kortex-ros2ws/install/hardware_interface:/home/duser/ros2_kortex-ros2ws/install/controller_manager_msgs:/home/duser/ros2_kortex-ros2ws/install/control_msgs:${AMENT_PREFIX_PATH} CMAKE_PREFIX_PATH=/home/duser/ros2_kortex-ros2ws/install/controller_manager:/home/duser/ros2_kortex-ros2ws/install/hardware_interface_testing:/home/duser/ros2_kortex-ros2ws/install/controller_interface:/home/duser/ros2_kortex-ros2ws/install/hardware_interface:/home/duser/ros2_kortex-ros2ws/install/ros2_control_test_assets:/home/duser/ros2_kortex-ros2ws/install/controller_manager_msgs:/home/duser/ros2_kortex-ros2ws/install/control_msgs:/home/duser/ros2_kortex-ros2ws/install/serial:/home/duser/ros2_kortex-ros2ws/install/kortex_api:/opt/ros/humble LD_LIBRARY_PATH=/home/duser/ros2_kortex-ros2ws/install/controller_manager/lib:/home/duser/ros2_kortex-ros2ws/install/hardware_interface_testing/lib:/home/duser/ros2_kortex-ros2ws/install/controller_interface/lib:/home/duser/ros2_kortex-ros2ws/install/hardware_interface/lib:/home/duser/ros2_kortex-ros2ws/install/controller_manager_msgs/lib:/home/duser/ros2_kortex-ros2ws/install/control_msgs/lib:${LD_LIBRARY_PATH} PYTHONPATH=/home/duser/ros2_kortex-ros2ws/install/controller_manager/local/lib/python3.10/dist-packages:/home/duser/ros2_kortex-ros2ws/install/controller_manager_msgs/local/lib/python3.10/dist-packages:/home/duser/ros2_kortex-ros2ws/install/control_msgs/local/lib/python3.10/dist-packages:${PYTHONPATH} /usr/bin/cmake --install /home/duser/ros2_kortex-ros2ws/build/tricycle_controller
