[0.031s] Invoking command in '/home/duser/clearpath_mecanum_drive_controller-ros2ws/build/mecanum_drive_controller': CMAKE_PREFIX_PATH=${CMAKE_PREFIX_PATH}:/home/duser/rbkk3-ros2ws/install/whkk3_simulation:/home/duser/rbkk3-ros2ws/install/whkk3_description:/home/duser/rbkk3-ros2ws/install/ridgeback_simulation:/home/duser/rbkk3-ros2ws/install/ridgeback_hardware:/home/duser/rbkk3-ros2ws/install/ridgeback_description:/home/duser/rbkk3-ros2ws/install/rbkk3_simulation:/home/duser/rbkk3-ros2ws/install/rbkk3_rviz:/home/duser/rbkk3-ros2ws/install/rbkk3_description:/home/duser/ros2_kortex-ros2ws/install/rqt_joint_trajectory_controller:/home/duser/ros2_kortex-ros2ws/install/rqt_controller_manager:/home/duser/ros2_kortex-ros2ws/install/ros2controlcli:/home/duser/ros2_kortex-ros2ws/install/ros2_controllers_test_nodes:/opt/ros/humble /usr/bin/cmake --build /home/duser/clearpath_mecanum_drive_controller-ros2ws/build/mecanum_drive_controller -- -j12 -l12
[0.194s] [  6%] Built target mecanum_drive_controller_parameters
[0.205s] [ 20%] Built target gmock_main
[0.207s] [ 40%] Built target gmock
[0.220s] [35m[1mConsolidate compiler generated dependencies of target mecanum_drive_controller[0m
[0.277s] [ 53%] Built target test_load_mecanum_drive_controller
[0.279s] [ 60%] [32mBuilding CXX object CMakeFiles/mecanum_drive_controller.dir/src/odometry.cpp.o[0m
[3.351s] [ 66%] [32m[1mLinking CXX shared library libmecanum_drive_controller.so[0m
[4.768s] [ 73%] Built target mecanum_drive_controller
[4.793s] [35m[1mConsolidate compiler generated dependencies of target test_mecanum_drive_controller[0m
[4.794s] [35m[1mConsolidate compiler generated dependencies of target test_mecanum_drive_controller_preceeding[0m
[4.830s] [ 86%] [32m[1mLinking CXX executable test_mecanum_drive_controller_preceeding[0m
[4.830s] [ 86%] [32m[1mLinking CXX executable test_mecanum_drive_controller[0m
[6.686s] [ 93%] Built target test_mecanum_drive_controller_preceeding
[7.152s] [100%] Built target test_mecanum_drive_controller
[7.175s] Invoked command in '/home/duser/clearpath_mecanum_drive_controller-ros2ws/build/mecanum_drive_controller' returned '0': CMAKE_PREFIX_PATH=${CMAKE_PREFIX_PATH}:/home/duser/rbkk3-ros2ws/install/whkk3_simulation:/home/duser/rbkk3-ros2ws/install/whkk3_description:/home/duser/rbkk3-ros2ws/install/ridgeback_simulation:/home/duser/rbkk3-ros2ws/install/ridgeback_hardware:/home/duser/rbkk3-ros2ws/install/ridgeback_description:/home/duser/rbkk3-ros2ws/install/rbkk3_simulation:/home/duser/rbkk3-ros2ws/install/rbkk3_rviz:/home/duser/rbkk3-ros2ws/install/rbkk3_description:/home/duser/ros2_kortex-ros2ws/install/rqt_joint_trajectory_controller:/home/duser/ros2_kortex-ros2ws/install/rqt_controller_manager:/home/duser/ros2_kortex-ros2ws/install/ros2controlcli:/home/duser/ros2_kortex-ros2ws/install/ros2_controllers_test_nodes:/opt/ros/humble /usr/bin/cmake --build /home/duser/clearpath_mecanum_drive_controller-ros2ws/build/mecanum_drive_controller -- -j12 -l12
[7.312s] Invoking command in '/home/duser/clearpath_mecanum_drive_controller-ros2ws/build/mecanum_drive_controller': CMAKE_PREFIX_PATH=${CMAKE_PREFIX_PATH}:/home/duser/rbkk3-ros2ws/install/whkk3_simulation:/home/duser/rbkk3-ros2ws/install/whkk3_description:/home/duser/rbkk3-ros2ws/install/ridgeback_simulation:/home/duser/rbkk3-ros2ws/install/ridgeback_hardware:/home/duser/rbkk3-ros2ws/install/ridgeback_description:/home/duser/rbkk3-ros2ws/install/rbkk3_simulation:/home/duser/rbkk3-ros2ws/install/rbkk3_rviz:/home/duser/rbkk3-ros2ws/install/rbkk3_description:/home/duser/ros2_kortex-ros2ws/install/rqt_joint_trajectory_controller:/home/duser/ros2_kortex-ros2ws/install/rqt_controller_manager:/home/duser/ros2_kortex-ros2ws/install/ros2controlcli:/home/duser/ros2_kortex-ros2ws/install/ros2_controllers_test_nodes:/opt/ros/humble /usr/bin/cmake --install /home/duser/clearpath_mecanum_drive_controller-ros2ws/build/mecanum_drive_controller
[7.325s] -- Install configuration: ""
[7.326s] -- Up-to-date: /home/duser/clearpath_mecanum_drive_controller-ros2ws/install/mecanum_drive_controller/include/mecanum_drive_controller_parameters
[7.326s] -- Up-to-date: /home/duser/clearpath_mecanum_drive_controller-ros2ws/install/mecanum_drive_controller/include/mecanum_drive_controller_parameters/mecanum_drive_controller_parameters.hpp
[7.326s] -- Up-to-date: /home/duser/clearpath_mecanum_drive_controller-ros2ws/install/mecanum_drive_controller/share/mecanum_drive_controller/mecanum_drive_controller.xml
[7.327s] -- Up-to-date: /home/duser/clearpath_mecanum_drive_controller-ros2ws/install/mecanum_drive_controller/include/mecanum_drive_controller
[7.327s] -- Up-to-date: /home/duser/clearpath_mecanum_drive_controller-ros2ws/install/mecanum_drive_controller/include/mecanum_drive_controller/mecanum_drive_controller
[7.327s] -- Up-to-date: /home/duser/clearpath_mecanum_drive_controller-ros2ws/install/mecanum_drive_controller/include/mecanum_drive_controller/mecanum_drive_controller/odometry.hpp
[7.327s] -- Up-to-date: /home/duser/clearpath_mecanum_drive_controller-ros2ws/install/mecanum_drive_controller/include/mecanum_drive_controller/mecanum_drive_controller/visibility_control.h
[7.327s] -- Up-to-date: /home/duser/clearpath_mecanum_drive_controller-ros2ws/install/mecanum_drive_controller/include/mecanum_drive_controller/mecanum_drive_controller/mecanum_drive_controller.hpp
[7.327s] -- Installing: /home/duser/clearpath_mecanum_drive_controller-ros2ws/install/mecanum_drive_controller/lib/libmecanum_drive_controller.so
[7.349s] -- Set runtime path of "/home/duser/clearpath_mecanum_drive_controller-ros2ws/install/mecanum_drive_controller/lib/libmecanum_drive_controller.so" to ""
[7.349s] -- Up-to-date: /home/duser/clearpath_mecanum_drive_controller-ros2ws/install/mecanum_drive_controller/share/mecanum_drive_controller/environment/library_path.sh
[7.349s] -- Up-to-date: /home/duser/clearpath_mecanum_drive_controller-ros2ws/install/mecanum_drive_controller/share/mecanum_drive_controller/environment/library_path.dsv
[7.349s] -- Up-to-date: /home/duser/clearpath_mecanum_drive_controller-ros2ws/install/mecanum_drive_controller/share/ament_index/resource_index/package_run_dependencies/mecanum_drive_controller
[7.350s] -- Up-to-date: /home/duser/clearpath_mecanum_drive_controller-ros2ws/install/mecanum_drive_controller/share/ament_index/resource_index/parent_prefix_path/mecanum_drive_controller
[7.350s] -- Up-to-date: /home/duser/clearpath_mecanum_drive_controller-ros2ws/install/mecanum_drive_controller/share/mecanum_drive_controller/environment/ament_prefix_path.sh
[7.350s] -- Up-to-date: /home/duser/clearpath_mecanum_drive_controller-ros2ws/install/mecanum_drive_controller/share/mecanum_drive_controller/environment/ament_prefix_path.dsv
[7.350s] -- Up-to-date: /home/duser/clearpath_mecanum_drive_controller-ros2ws/install/mecanum_drive_controller/share/mecanum_drive_controller/environment/path.sh
[7.350s] -- Up-to-date: /home/duser/clearpath_mecanum_drive_controller-ros2ws/install/mecanum_drive_controller/share/mecanum_drive_controller/environment/path.dsv
[7.350s] -- Up-to-date: /home/duser/clearpath_mecanum_drive_controller-ros2ws/install/mecanum_drive_controller/share/mecanum_drive_controller/local_setup.bash
[7.350s] -- Up-to-date: /home/duser/clearpath_mecanum_drive_controller-ros2ws/install/mecanum_drive_controller/share/mecanum_drive_controller/local_setup.sh
[7.350s] -- Up-to-date: /home/duser/clearpath_mecanum_drive_controller-ros2ws/install/mecanum_drive_controller/share/mecanum_drive_controller/local_setup.zsh
[7.350s] -- Up-to-date: /home/duser/clearpath_mecanum_drive_controller-ros2ws/install/mecanum_drive_controller/share/mecanum_drive_controller/local_setup.dsv
[7.350s] -- Installing: /home/duser/clearpath_mecanum_drive_controller-ros2ws/install/mecanum_drive_controller/share/mecanum_drive_controller/package.dsv
[7.350s] -- Up-to-date: /home/duser/clearpath_mecanum_drive_controller-ros2ws/install/mecanum_drive_controller/share/ament_index/resource_index/packages/mecanum_drive_controller
[7.350s] -- Up-to-date: /home/duser/clearpath_mecanum_drive_controller-ros2ws/install/mecanum_drive_controller/share/ament_index/resource_index/controller_interface__pluginlib__plugin/mecanum_drive_controller
[7.350s] -- Up-to-date: /home/duser/clearpath_mecanum_drive_controller-ros2ws/install/mecanum_drive_controller/share/mecanum_drive_controller/cmake/export_mecanum_drive_controllerExport.cmake
[7.351s] -- Up-to-date: /home/duser/clearpath_mecanum_drive_controller-ros2ws/install/mecanum_drive_controller/share/mecanum_drive_controller/cmake/export_mecanum_drive_controllerExport-noconfig.cmake
[7.351s] -- Up-to-date: /home/duser/clearpath_mecanum_drive_controller-ros2ws/install/mecanum_drive_controller/share/mecanum_drive_controller/cmake/ament_cmake_export_targets-extras.cmake
[7.351s] -- Up-to-date: /home/duser/clearpath_mecanum_drive_controller-ros2ws/install/mecanum_drive_controller/share/mecanum_drive_controller/cmake/ament_cmake_export_dependencies-extras.cmake
[7.351s] -- Up-to-date: /home/duser/clearpath_mecanum_drive_controller-ros2ws/install/mecanum_drive_controller/share/mecanum_drive_controller/cmake/mecanum_drive_controllerConfig.cmake
[7.351s] -- Up-to-date: /home/duser/clearpath_mecanum_drive_controller-ros2ws/install/mecanum_drive_controller/share/mecanum_drive_controller/cmake/mecanum_drive_controllerConfig-version.cmake
[7.351s] -- Up-to-date: /home/duser/clearpath_mecanum_drive_controller-ros2ws/install/mecanum_drive_controller/share/mecanum_drive_controller/package.xml
[7.353s] Invoked command in '/home/duser/clearpath_mecanum_drive_controller-ros2ws/build/mecanum_drive_controller' returned '0': CMAKE_PREFIX_PATH=${CMAKE_PREFIX_PATH}:/home/duser/rbkk3-ros2ws/install/whkk3_simulation:/home/duser/rbkk3-ros2ws/install/whkk3_description:/home/duser/rbkk3-ros2ws/install/ridgeback_simulation:/home/duser/rbkk3-ros2ws/install/ridgeback_hardware:/home/duser/rbkk3-ros2ws/install/ridgeback_description:/home/duser/rbkk3-ros2ws/install/rbkk3_simulation:/home/duser/rbkk3-ros2ws/install/rbkk3_rviz:/home/duser/rbkk3-ros2ws/install/rbkk3_description:/home/duser/ros2_kortex-ros2ws/install/rqt_joint_trajectory_controller:/home/duser/ros2_kortex-ros2ws/install/rqt_controller_manager:/home/duser/ros2_kortex-ros2ws/install/ros2controlcli:/home/duser/ros2_kortex-ros2ws/install/ros2_controllers_test_nodes:/opt/ros/humble /usr/bin/cmake --install /home/duser/clearpath_mecanum_drive_controller-ros2ws/build/mecanum_drive_controller
