[0.076s] Invoking command in '/home/duser/ros2_kortex-ros2ws/build/admittance_controller': AMENT_PREFIX_PATH=/home/duser/ros2_kortex-ros2ws/install/joint_trajectory_controller:/home/duser/ros2_kortex-ros2ws/install/controller_manager:/home/duser/ros2_kortex-ros2ws/install/hardware_interface_testing:/home/duser/ros2_kortex-ros2ws/install/controller_interface:/home/duser/ros2_kortex-ros2ws/install/hardware_interface:/home/duser/ros2_kortex-ros2ws/install/controller_manager_msgs:/home/duser/ros2_kortex-ros2ws/install/control_msgs:${AMENT_PREFIX_PATH} CMAKE_PREFIX_PATH=/home/duser/ros2_kortex-ros2ws/install/joint_trajectory_controller:/home/duser/ros2_kortex-ros2ws/install/controller_manager:/home/duser/ros2_kortex-ros2ws/install/hardware_interface_testing:/home/duser/ros2_kortex-ros2ws/install/controller_interface:/home/duser/ros2_kortex-ros2ws/install/hardware_interface:/home/duser/ros2_kortex-ros2ws/install/ros2_control_test_assets:/home/duser/ros2_kortex-ros2ws/install/controller_manager_msgs:/home/duser/ros2_kortex-ros2ws/install/control_msgs:/home/duser/ros2_kortex-ros2ws/install/serial:/home/duser/ros2_kortex-ros2ws/install/kortex_api:/opt/ros/humble LD_LIBRARY_PATH=/home/duser/ros2_kortex-ros2ws/install/joint_trajectory_controller/lib:/home/duser/ros2_kortex-ros2ws/install/controller_manager/lib:/home/duser/ros2_kortex-ros2ws/install/hardware_interface_testing/lib:/home/duser/ros2_kortex-ros2ws/install/controller_interface/lib:/home/duser/ros2_kortex-ros2ws/install/hardware_interface/lib:/home/duser/ros2_kortex-ros2ws/install/controller_manager_msgs/lib:/home/duser/ros2_kortex-ros2ws/install/control_msgs/lib:${LD_LIBRARY_PATH} PYTHONPATH=/home/duser/ros2_kortex-ros2ws/install/controller_manager/local/lib/python3.10/dist-packages:/home/duser/ros2_kortex-ros2ws/install/controller_manager_msgs/local/lib/python3.10/dist-packages:/home/duser/ros2_kortex-ros2ws/install/control_msgs/local/lib/python3.10/dist-packages:${PYTHONPATH} /usr/bin/cmake /home/duser/ros2_kortex-ros2ws/src/ros2_controllers/admittance_controller -DCMAKE_BUILD_TYPE=Release -DCMAKE_INSTALL_PREFIX=/home/duser/ros2_kortex-ros2ws/install/admittance_controller
[0.102s] -- Found ament_cmake: 1.3.8 (/opt/ros/humble/share/ament_cmake/cmake)
[0.423s] -- Found backward_ros: 1.0.2 (/opt/ros/humble/share/backward_ros/cmake)
[0.462s] -- Could NOT find libbfd (missing: LIBBFD_LIBRARY LIBBFD_INCLUDE_DIR) 
[0.462s] -- BACKWARD_HAS_UNWIND=1
[0.462s] -- BACKWARD_HAS_BACKTRACE=0
[0.462s] -- BACKWARD_HAS_BACKTRACE_SYMBOL=0
[0.463s] -- BACKWARD_HAS_DW=1
[0.463s] -- BACKWARD_HAS_BFD=0
[0.465s] -- Found Backward: /opt/ros/humble/share/backward_ros/cmake  
[0.466s] -- Found angles: 1.15.0 (/opt/ros/humble/share/angles/cmake)
[0.470s] -- Found control_msgs: 4.6.0 (/home/duser/ros2_kortex-ros2ws/install/control_msgs/share/control_msgs/cmake)
[0.521s] -- Found rosidl_generator_c: 3.1.5 (/opt/ros/humble/share/rosidl_generator_c/cmake)
[0.521s] -- Found rosidl_adapter: 3.1.5 (/opt/ros/humble/share/rosidl_adapter/cmake)
[0.526s] -- Found rosidl_generator_cpp: 3.1.5 (/opt/ros/humble/share/rosidl_generator_cpp/cmake)
[0.547s] -- Using all available rosidl_typesupport_c: rosidl_typesupport_fastrtps_c;rosidl_typesupport_introspection_c
[0.576s] -- Using all available rosidl_typesupport_cpp: rosidl_typesupport_fastrtps_cpp;rosidl_typesupport_introspection_cpp
[1.339s] -- Found control_toolbox: 3.2.0 (/opt/ros/humble/share/control_toolbox/cmake)
[1.413s] -- Found rmw_implementation_cmake: 6.1.1 (/opt/ros/humble/share/rmw_implementation_cmake/cmake)
[1.414s] -- Found rmw_cyclonedds_cpp: 1.3.4 (/opt/ros/humble/share/rmw_cyclonedds_cpp/cmake)
[1.458s] -- Using RMW implementation 'rmw_cyclonedds_cpp' as default
[1.715s] -- Found parameter_traits: 0.3.8 (/opt/ros/humble/share/parameter_traits/cmake)
[1.734s] -- Found rclcpp_lifecycle: 16.0.8 (/opt/ros/humble/share/rclcpp_lifecycle/cmake)
[1.832s] -- Found controller_interface: 2.41.0 (/home/duser/ros2_kortex-ros2ws/install/controller_interface/share/controller_interface/cmake)
[2.167s] -- Found joint_trajectory_controller: 2.35.0 (/home/duser/ros2_kortex-ros2ws/install/joint_trajectory_controller/share/joint_trajectory_controller/cmake)
[2.655s] -- Found kinematics_interface: 0.3.0 (/opt/ros/humble/share/kinematics_interface/cmake)
[2.663s] -- Found tf2: 0.25.6 (/opt/ros/humble/share/tf2/cmake)
[2.673s] -- Found tf2_eigen: 0.25.6 (/opt/ros/humble/share/tf2_eigen/cmake)
[2.998s] -- Found tf2_geometry_msgs: 0.25.6 (/opt/ros/humble/share/tf2_geometry_msgs/cmake)
[3.003s] -- Found eigen3_cmake_module: 0.1.1 (/opt/ros/humble/share/eigen3_cmake_module/cmake)
[3.005s] -- Ensuring Eigen3 include directory is part of orocos-kdl CMake target
[3.017s] -- Found tf2_kdl: 0.25.6 (/opt/ros/humble/share/tf2_kdl/cmake)
[3.443s] -- Found ament_cmake_gmock: 1.3.8 (/opt/ros/humble/share/ament_cmake_gmock/cmake)
[3.443s] -- Found controller_manager: 2.41.0 (/home/duser/ros2_kortex-ros2ws/install/controller_manager/share/controller_manager/cmake)
[3.869s] -- Found ros2_control_test_assets: 2.41.0 (/home/duser/ros2_kortex-ros2ws/install/ros2_control_test_assets/share/ros2_control_test_assets/cmake)
[3.876s] -- Found kinematics_interface_kdl: 0.3.0 (/opt/ros/humble/share/kinematics_interface_kdl/cmake)
[3.911s] -- Found gmock sources under '/opt/ros/humble/src/gmock_vendor': C++ tests using 'Google Mock' will be built
[3.977s] -- The C compiler identification is GNU 11.4.0
[3.990s] -- Detecting C compiler ABI info
[4.155s] -- Detecting C compiler ABI info - done
[4.165s] -- Check for working C compiler: /usr/bin/cc - skipped
[4.165s] -- Detecting C compile features
[4.166s] -- Detecting C compile features - done
[4.178s] -- Found ament_cmake_gtest: 1.3.8 (/opt/ros/humble/share/ament_cmake_gtest/cmake)
[4.180s] -- Found gtest sources under '/opt/ros/humble/src/gtest_vendor': C++ tests using 'Google Test' will be built
[5.117s] -- Found gmock sources under '/opt/ros/humble/src/gmock_vendor': C++ tests using 'Google Mock' will be built
[5.117s] -- Found ament_cmake_gtest: 1.3.8 (/opt/ros/humble/share/ament_cmake_gtest/cmake)
[5.117s] -- Found gtest sources under '/opt/ros/humble/src/gtest_vendor': C++ tests using 'Google Test' will be built
[5.601s] -- Configuring done
[5.717s] -- Generating done
[5.721s] -- Build files have been written to: /home/duser/ros2_kortex-ros2ws/build/admittance_controller
[5.738s] Invoked command in '/home/duser/ros2_kortex-ros2ws/build/admittance_controller' returned '0': AMENT_PREFIX_PATH=/home/duser/ros2_kortex-ros2ws/install/joint_trajectory_controller:/home/duser/ros2_kortex-ros2ws/install/controller_manager:/home/duser/ros2_kortex-ros2ws/install/hardware_interface_testing:/home/duser/ros2_kortex-ros2ws/install/controller_interface:/home/duser/ros2_kortex-ros2ws/install/hardware_interface:/home/duser/ros2_kortex-ros2ws/install/controller_manager_msgs:/home/duser/ros2_kortex-ros2ws/install/control_msgs:${AMENT_PREFIX_PATH} CMAKE_PREFIX_PATH=/home/duser/ros2_kortex-ros2ws/install/joint_trajectory_controller:/home/duser/ros2_kortex-ros2ws/install/controller_manager:/home/duser/ros2_kortex-ros2ws/install/hardware_interface_testing:/home/duser/ros2_kortex-ros2ws/install/controller_interface:/home/duser/ros2_kortex-ros2ws/install/hardware_interface:/home/duser/ros2_kortex-ros2ws/install/ros2_control_test_assets:/home/duser/ros2_kortex-ros2ws/install/controller_manager_msgs:/home/duser/ros2_kortex-ros2ws/install/control_msgs:/home/duser/ros2_kortex-ros2ws/install/serial:/home/duser/ros2_kortex-ros2ws/install/kortex_api:/opt/ros/humble LD_LIBRARY_PATH=/home/duser/ros2_kortex-ros2ws/install/joint_trajectory_controller/lib:/home/duser/ros2_kortex-ros2ws/install/controller_manager/lib:/home/duser/ros2_kortex-ros2ws/install/hardware_interface_testing/lib:/home/duser/ros2_kortex-ros2ws/install/controller_interface/lib:/home/duser/ros2_kortex-ros2ws/install/hardware_interface/lib:/home/duser/ros2_kortex-ros2ws/install/controller_manager_msgs/lib:/home/duser/ros2_kortex-ros2ws/install/control_msgs/lib:${LD_LIBRARY_PATH} PYTHONPATH=/home/duser/ros2_kortex-ros2ws/install/controller_manager/local/lib/python3.10/dist-packages:/home/duser/ros2_kortex-ros2ws/install/controller_manager_msgs/local/lib/python3.10/dist-packages:/home/duser/ros2_kortex-ros2ws/install/control_msgs/local/lib/python3.10/dist-packages:${PYTHONPATH} /usr/bin/cmake /home/duser/ros2_kortex-ros2ws/src/ros2_controllers/admittance_controller -DCMAKE_BUILD_TYPE=Release -DCMAKE_INSTALL_PREFIX=/home/duser/ros2_kortex-ros2ws/install/admittance_controller
[5.740s] Invoking command in '/home/duser/ros2_kortex-ros2ws/build/admittance_controller': AMENT_PREFIX_PATH=/home/duser/ros2_kortex-ros2ws/install/joint_trajectory_controller:/home/duser/ros2_kortex-ros2ws/install/controller_manager:/home/duser/ros2_kortex-ros2ws/install/hardware_interface_testing:/home/duser/ros2_kortex-ros2ws/install/controller_interface:/home/duser/ros2_kortex-ros2ws/install/hardware_interface:/home/duser/ros2_kortex-ros2ws/install/controller_manager_msgs:/home/duser/ros2_kortex-ros2ws/install/control_msgs:${AMENT_PREFIX_PATH} CMAKE_PREFIX_PATH=/home/duser/ros2_kortex-ros2ws/install/joint_trajectory_controller:/home/duser/ros2_kortex-ros2ws/install/controller_manager:/home/duser/ros2_kortex-ros2ws/install/hardware_interface_testing:/home/duser/ros2_kortex-ros2ws/install/controller_interface:/home/duser/ros2_kortex-ros2ws/install/hardware_interface:/home/duser/ros2_kortex-ros2ws/install/ros2_control_test_assets:/home/duser/ros2_kortex-ros2ws/install/controller_manager_msgs:/home/duser/ros2_kortex-ros2ws/install/control_msgs:/home/duser/ros2_kortex-ros2ws/install/serial:/home/duser/ros2_kortex-ros2ws/install/kortex_api:/opt/ros/humble LD_LIBRARY_PATH=/home/duser/ros2_kortex-ros2ws/install/joint_trajectory_controller/lib:/home/duser/ros2_kortex-ros2ws/install/controller_manager/lib:/home/duser/ros2_kortex-ros2ws/install/hardware_interface_testing/lib:/home/duser/ros2_kortex-ros2ws/install/controller_interface/lib:/home/duser/ros2_kortex-ros2ws/install/hardware_interface/lib:/home/duser/ros2_kortex-ros2ws/install/controller_manager_msgs/lib:/home/duser/ros2_kortex-ros2ws/install/control_msgs/lib:${LD_LIBRARY_PATH} PYTHONPATH=/home/duser/ros2_kortex-ros2ws/install/controller_manager/local/lib/python3.10/dist-packages:/home/duser/ros2_kortex-ros2ws/install/controller_manager_msgs/local/lib/python3.10/dist-packages:/home/duser/ros2_kortex-ros2ws/install/control_msgs/local/lib/python3.10/dist-packages:${PYTHONPATH} /usr/bin/cmake --build /home/duser/ros2_kortex-ros2ws/build/admittance_controller -- -j12 -l12
[5.839s] [ 20%] [32mBuilding CXX object gmock/CMakeFiles/gmock.dir/src/gmock-all.cc.o[0m
[5.840s] [ 20%] [34m[1mRunning `/opt/ros/humble/bin/generate_parameter_library_cpp /home/duser/ros2_kortex-ros2ws/build/admittance_controller/admittance_controller_parameters/include//admittance_controller_parameters.hpp /home/duser/ros2_kortex-ros2ws/src/ros2_controllers/admittance_controller/src/admittance_controller_parameters.yaml `[0m
[5.840s] [ 30%] [32mBuilding CXX object gmock/CMakeFiles/gmock.dir/opt/ros/humble/src/gtest_vendor/src/gtest-all.cc.o[0m
[6.613s] [ 30%] Built target admittance_controller_parameters
[6.655s] [ 40%] [32mBuilding CXX object CMakeFiles/admittance_controller.dir/src/admittance_controller.cpp.o[0m
[13.196s] [ 50%] [32m[1mLinking CXX static library libgmock.a[0m
[13.259s] [ 50%] Built target gmock
[13.289s] [ 60%] [32mBuilding CXX object CMakeFiles/test_load_admittance_controller.dir/test/test_load_admittance_controller.cpp.o[0m
[18.310s] [ 70%] [32m[1mLinking CXX executable test_load_admittance_controller[0m
[18.567s] [ 70%] Built target test_load_admittance_controller
[30.203s] [ 80%] [32m[1mLinking CXX shared library libadmittance_controller.so[0m
[30.461s] [ 80%] Built target admittance_controller
[30.492s] [ 90%] [32mBuilding CXX object CMakeFiles/test_admittance_controller.dir/test/test_admittance_controller.cpp.o[0m
[48.447s] [100%] [32m[1mLinking CXX executable test_admittance_controller[0m
[48.768s] [100%] Built target test_admittance_controller
[48.785s] Invoked command in '/home/duser/ros2_kortex-ros2ws/build/admittance_controller' returned '0': AMENT_PREFIX_PATH=/home/duser/ros2_kortex-ros2ws/install/joint_trajectory_controller:/home/duser/ros2_kortex-ros2ws/install/controller_manager:/home/duser/ros2_kortex-ros2ws/install/hardware_interface_testing:/home/duser/ros2_kortex-ros2ws/install/controller_interface:/home/duser/ros2_kortex-ros2ws/install/hardware_interface:/home/duser/ros2_kortex-ros2ws/install/controller_manager_msgs:/home/duser/ros2_kortex-ros2ws/install/control_msgs:${AMENT_PREFIX_PATH} CMAKE_PREFIX_PATH=/home/duser/ros2_kortex-ros2ws/install/joint_trajectory_controller:/home/duser/ros2_kortex-ros2ws/install/controller_manager:/home/duser/ros2_kortex-ros2ws/install/hardware_interface_testing:/home/duser/ros2_kortex-ros2ws/install/controller_interface:/home/duser/ros2_kortex-ros2ws/install/hardware_interface:/home/duser/ros2_kortex-ros2ws/install/ros2_control_test_assets:/home/duser/ros2_kortex-ros2ws/install/controller_manager_msgs:/home/duser/ros2_kortex-ros2ws/install/control_msgs:/home/duser/ros2_kortex-ros2ws/install/serial:/home/duser/ros2_kortex-ros2ws/install/kortex_api:/opt/ros/humble LD_LIBRARY_PATH=/home/duser/ros2_kortex-ros2ws/install/joint_trajectory_controller/lib:/home/duser/ros2_kortex-ros2ws/install/controller_manager/lib:/home/duser/ros2_kortex-ros2ws/install/hardware_interface_testing/lib:/home/duser/ros2_kortex-ros2ws/install/controller_interface/lib:/home/duser/ros2_kortex-ros2ws/install/hardware_interface/lib:/home/duser/ros2_kortex-ros2ws/install/controller_manager_msgs/lib:/home/duser/ros2_kortex-ros2ws/install/control_msgs/lib:${LD_LIBRARY_PATH} PYTHONPATH=/home/duser/ros2_kortex-ros2ws/install/controller_manager/local/lib/python3.10/dist-packages:/home/duser/ros2_kortex-ros2ws/install/controller_manager_msgs/local/lib/python3.10/dist-packages:/home/duser/ros2_kortex-ros2ws/install/control_msgs/local/lib/python3.10/dist-packages:${PYTHONPATH} /usr/bin/cmake --build /home/duser/ros2_kortex-ros2ws/build/admittance_controller -- -j12 -l12
[48.833s] Invoking command in '/home/duser/ros2_kortex-ros2ws/build/admittance_controller': AMENT_PREFIX_PATH=/home/duser/ros2_kortex-ros2ws/install/joint_trajectory_controller:/home/duser/ros2_kortex-ros2ws/install/controller_manager:/home/duser/ros2_kortex-ros2ws/install/hardware_interface_testing:/home/duser/ros2_kortex-ros2ws/install/controller_interface:/home/duser/ros2_kortex-ros2ws/install/hardware_interface:/home/duser/ros2_kortex-ros2ws/install/controller_manager_msgs:/home/duser/ros2_kortex-ros2ws/install/control_msgs:${AMENT_PREFIX_PATH} CMAKE_PREFIX_PATH=/home/duser/ros2_kortex-ros2ws/install/joint_trajectory_controller:/home/duser/ros2_kortex-ros2ws/install/controller_manager:/home/duser/ros2_kortex-ros2ws/install/hardware_interface_testing:/home/duser/ros2_kortex-ros2ws/install/controller_interface:/home/duser/ros2_kortex-ros2ws/install/hardware_interface:/home/duser/ros2_kortex-ros2ws/install/ros2_control_test_assets:/home/duser/ros2_kortex-ros2ws/install/controller_manager_msgs:/home/duser/ros2_kortex-ros2ws/install/control_msgs:/home/duser/ros2_kortex-ros2ws/install/serial:/home/duser/ros2_kortex-ros2ws/install/kortex_api:/opt/ros/humble LD_LIBRARY_PATH=/home/duser/ros2_kortex-ros2ws/install/joint_trajectory_controller/lib:/home/duser/ros2_kortex-ros2ws/install/controller_manager/lib:/home/duser/ros2_kortex-ros2ws/install/hardware_interface_testing/lib:/home/duser/ros2_kortex-ros2ws/install/controller_interface/lib:/home/duser/ros2_kortex-ros2ws/install/hardware_interface/lib:/home/duser/ros2_kortex-ros2ws/install/controller_manager_msgs/lib:/home/duser/ros2_kortex-ros2ws/install/control_msgs/lib:${LD_LIBRARY_PATH} PYTHONPATH=/home/duser/ros2_kortex-ros2ws/install/controller_manager/local/lib/python3.10/dist-packages:/home/duser/ros2_kortex-ros2ws/install/controller_manager_msgs/local/lib/python3.10/dist-packages:/home/duser/ros2_kortex-ros2ws/install/control_msgs/local/lib/python3.10/dist-packages:${PYTHONPATH} /usr/bin/cmake --install /home/duser/ros2_kortex-ros2ws/build/admittance_controller
[48.842s] -- Install configuration: "Release"
[48.842s] -- Installing: /home/duser/ros2_kortex-ros2ws/install/admittance_controller/include/admittance_controller_parameters
[48.842s] -- Installing: /home/duser/ros2_kortex-ros2ws/install/admittance_controller/include/admittance_controller_parameters/admittance_controller_parameters.hpp
[48.842s] -- Installing: /home/duser/ros2_kortex-ros2ws/install/admittance_controller/share/admittance_controller/admittance_controller.xml
[48.843s] -- Installing: /home/duser/ros2_kortex-ros2ws/install/admittance_controller/include/admittance_controller
[48.843s] -- Installing: /home/duser/ros2_kortex-ros2ws/install/admittance_controller/include/admittance_controller/admittance_controller
[48.843s] -- Installing: /home/duser/ros2_kortex-ros2ws/install/admittance_controller/include/admittance_controller/admittance_controller/visibility_control.h
[48.844s] -- Installing: /home/duser/ros2_kortex-ros2ws/install/admittance_controller/include/admittance_controller/admittance_controller/admittance_rule.hpp
[48.844s] -- Installing: /home/duser/ros2_kortex-ros2ws/install/admittance_controller/include/admittance_controller/admittance_controller/admittance_rule_impl.hpp
[48.844s] -- Installing: /home/duser/ros2_kortex-ros2ws/install/admittance_controller/include/admittance_controller/admittance_controller/admittance_controller.hpp
[48.844s] -- Installing: /home/duser/ros2_kortex-ros2ws/install/admittance_controller/lib/libadmittance_controller.so
[48.849s] -- Set runtime path of "/home/duser/ros2_kortex-ros2ws/install/admittance_controller/lib/libadmittance_controller.so" to ""
[48.849s] -- Installing: /home/duser/ros2_kortex-ros2ws/install/admittance_controller/share/admittance_controller/environment/library_path.sh
[48.849s] -- Installing: /home/duser/ros2_kortex-ros2ws/install/admittance_controller/share/admittance_controller/environment/library_path.dsv
[48.849s] -- Installing: /home/duser/ros2_kortex-ros2ws/install/admittance_controller/share/ament_index/resource_index/package_run_dependencies/admittance_controller
[48.850s] -- Installing: /home/duser/ros2_kortex-ros2ws/install/admittance_controller/share/ament_index/resource_index/parent_prefix_path/admittance_controller
[48.850s] -- Installing: /home/duser/ros2_kortex-ros2ws/install/admittance_controller/share/admittance_controller/environment/ament_prefix_path.sh
[48.850s] -- Installing: /home/duser/ros2_kortex-ros2ws/install/admittance_controller/share/admittance_controller/environment/ament_prefix_path.dsv
[48.850s] -- Installing: /home/duser/ros2_kortex-ros2ws/install/admittance_controller/share/admittance_controller/environment/path.sh
[48.850s] -- Installing: /home/duser/ros2_kortex-ros2ws/install/admittance_controller/share/admittance_controller/environment/path.dsv
[48.850s] -- Installing: /home/duser/ros2_kortex-ros2ws/install/admittance_controller/share/admittance_controller/local_setup.bash
[48.851s] -- Installing: /home/duser/ros2_kortex-ros2ws/install/admittance_controller/share/admittance_controller/local_setup.sh
[48.851s] -- Installing: /home/duser/ros2_kortex-ros2ws/install/admittance_controller/share/admittance_controller/local_setup.zsh
[48.851s] -- Installing: /home/duser/ros2_kortex-ros2ws/install/admittance_controller/share/admittance_controller/local_setup.dsv
[48.851s] -- Installing: /home/duser/ros2_kortex-ros2ws/install/admittance_controller/share/admittance_controller/package.dsv
[48.851s] -- Installing: /home/duser/ros2_kortex-ros2ws/install/admittance_controller/share/ament_index/resource_index/packages/admittance_controller
[48.852s] -- Installing: /home/duser/ros2_kortex-ros2ws/install/admittance_controller/share/ament_index/resource_index/controller_interface__pluginlib__plugin/admittance_controller
[48.852s] -- Installing: /home/duser/ros2_kortex-ros2ws/install/admittance_controller/share/admittance_controller/cmake/export_admittance_controllerExport.cmake
[48.852s] -- Installing: /home/duser/ros2_kortex-ros2ws/install/admittance_controller/share/admittance_controller/cmake/export_admittance_controllerExport-release.cmake
[48.852s] -- Installing: /home/duser/ros2_kortex-ros2ws/install/admittance_controller/share/admittance_controller/cmake/ament_cmake_export_targets-extras.cmake
[48.853s] -- Installing: /home/duser/ros2_kortex-ros2ws/install/admittance_controller/share/admittance_controller/cmake/ament_cmake_export_dependencies-extras.cmake
[48.853s] -- Installing: /home/duser/ros2_kortex-ros2ws/install/admittance_controller/share/admittance_controller/cmake/admittance_controllerConfig.cmake
[48.853s] -- Installing: /home/duser/ros2_kortex-ros2ws/install/admittance_controller/share/admittance_controller/cmake/admittance_controllerConfig-version.cmake
[48.853s] -- Installing: /home/duser/ros2_kortex-ros2ws/install/admittance_controller/share/admittance_controller/package.xml
[48.856s] Invoked command in '/home/duser/ros2_kortex-ros2ws/build/admittance_controller' returned '0': AMENT_PREFIX_PATH=/home/duser/ros2_kortex-ros2ws/install/joint_trajectory_controller:/home/duser/ros2_kortex-ros2ws/install/controller_manager:/home/duser/ros2_kortex-ros2ws/install/hardware_interface_testing:/home/duser/ros2_kortex-ros2ws/install/controller_interface:/home/duser/ros2_kortex-ros2ws/install/hardware_interface:/home/duser/ros2_kortex-ros2ws/install/controller_manager_msgs:/home/duser/ros2_kortex-ros2ws/install/control_msgs:${AMENT_PREFIX_PATH} CMAKE_PREFIX_PATH=/home/duser/ros2_kortex-ros2ws/install/joint_trajectory_controller:/home/duser/ros2_kortex-ros2ws/install/controller_manager:/home/duser/ros2_kortex-ros2ws/install/hardware_interface_testing:/home/duser/ros2_kortex-ros2ws/install/controller_interface:/home/duser/ros2_kortex-ros2ws/install/hardware_interface:/home/duser/ros2_kortex-ros2ws/install/ros2_control_test_assets:/home/duser/ros2_kortex-ros2ws/install/controller_manager_msgs:/home/duser/ros2_kortex-ros2ws/install/control_msgs:/home/duser/ros2_kortex-ros2ws/install/serial:/home/duser/ros2_kortex-ros2ws/install/kortex_api:/opt/ros/humble LD_LIBRARY_PATH=/home/duser/ros2_kortex-ros2ws/install/joint_trajectory_controller/lib:/home/duser/ros2_kortex-ros2ws/install/controller_manager/lib:/home/duser/ros2_kortex-ros2ws/install/hardware_interface_testing/lib:/home/duser/ros2_kortex-ros2ws/install/controller_interface/lib:/home/duser/ros2_kortex-ros2ws/install/hardware_interface/lib:/home/duser/ros2_kortex-ros2ws/install/controller_manager_msgs/lib:/home/duser/ros2_kortex-ros2ws/install/control_msgs/lib:${LD_LIBRARY_PATH} PYTHONPATH=/home/duser/ros2_kortex-ros2ws/install/controller_manager/local/lib/python3.10/dist-packages:/home/duser/ros2_kortex-ros2ws/install/controller_manager_msgs/local/lib/python3.10/dist-packages:/home/duser/ros2_kortex-ros2ws/install/control_msgs/local/lib/python3.10/dist-packages:${PYTHONPATH} /usr/bin/cmake --install /home/duser/ros2_kortex-ros2ws/build/admittance_controller
