[0.000000] (-) TimerEvent: {}
[0.000572] (mecanum_drive_controller) JobQueued: {'identifier': 'mecanum_drive_controller', 'dependencies': OrderedDict()}
[0.000645] (mecanum_drive_controller) JobStarted: {'identifier': 'mecanum_drive_controller'}
[0.016686] (mecanum_drive_controller) JobProgress: {'identifier': 'mecanum_drive_controller', 'progress': 'cmake'}
[0.018275] (mecanum_drive_controller) JobProgress: {'identifier': 'mecanum_drive_controller', 'progress': 'build'}
[0.018394] (mecanum_drive_controller) Command: {'cmd': ['/usr/bin/cmake', '--build', '/home/duser/clearpath_mecanum_drive_controller-ros2ws/build/mecanum_drive_controller', '--', '-j12', '-l12'], 'cwd': '/home/duser/clearpath_mecanum_drive_controller-ros2ws/build/mecanum_drive_controller', 'env': OrderedDict([('PYTHONWARNINGS', 'ignore:::setuptools.command.install,ignore:::setuptools.command.easy_install,ignore:::pkg_resources'), ('HOSTNAME', 'guillermo-ideapad3'), ('SHLVL', '1'), ('LD_LIBRARY_PATH', '/home/duser/clearpath_mecanum_drive_controller-ros2ws/install/mecanum_drive_controller/lib:/opt/ros/humble/opt/rviz_ogre_vendor/lib:/opt/ros/humble/lib/x86_64-linux-gnu:/opt/ros/humble/lib'), ('HOME', '/home/duser'), ('OLDPWD', '/home/duser'), ('ROS_PYTHON_VERSION', '3'), ('ROS_LOG_DIR', '/home/duser/rbkk3-ros2ws/log'), ('COLCON_PREFIX_PATH', '/home/duser/clearpath_mecanum_drive_controller-ros2ws/install'), ('ROS_DISTRO', 'humble'), ('_', '/usr/bin/colcon'), ('ROS_VERSION', '2'), ('TERM', 'xterm'), ('ROS_LOCALHOST_ONLY', '0'), ('QT_X11_NO_MITSHM', '1'), ('PATH', '/opt/ros/humble/bin:/usr/local/sbin:/usr/local/bin:/usr/sbin:/usr/bin:/sbin:/bin'), ('DISPLAY', ':0'), ('LANG', 'C.UTF-8'), ('RMW_IMPLEMENTATION', 'rmw_cyclonedds_cpp'), ('AMENT_PREFIX_PATH', '/home/duser/clearpath_mecanum_drive_controller-ros2ws/install/mecanum_drive_controller:/opt/ros/humble'), ('PWD', '/home/duser/clearpath_mecanum_drive_controller-ros2ws/build/mecanum_drive_controller'), ('LC_ALL', 'C.UTF-8'), ('PYTHONPATH', '/opt/ros/humble/lib/python3.10/site-packages:/opt/ros/humble/local/lib/python3.10/dist-packages'), ('COLCON', '1'), ('CMAKE_PREFIX_PATH', '/home/duser/clearpath_mecanum_drive_controller-ros2ws/install/mecanum_drive_controller:/opt/ros/humble')]), 'shell': False}
[0.099571] (-) TimerEvent: {}
[0.132625] (mecanum_drive_controller) StdoutLine: {'line': b'[  6%] Built target mecanum_drive_controller_parameters\n'}
[0.150197] (mecanum_drive_controller) StdoutLine: {'line': b'[ 20%] Built target gmock_main\n'}
[0.150761] (mecanum_drive_controller) StdoutLine: {'line': b'[ 40%] Built target gmock\n'}
[0.152109] (mecanum_drive_controller) StdoutLine: {'line': b'\x1b[35m\x1b[1mConsolidate compiler generated dependencies of target mecanum_drive_controller\x1b[0m\n'}
[0.199677] (-) TimerEvent: {}
[0.205120] (mecanum_drive_controller) StdoutLine: {'line': b'[ 53%] Built target test_load_mecanum_drive_controller\n'}
[0.207830] (mecanum_drive_controller) StdoutLine: {'line': b'[ 60%] \x1b[32mBuilding CXX object CMakeFiles/mecanum_drive_controller.dir/src/mecanum_drive_controller.cpp.o\x1b[0m\n'}
[0.299829] (-) TimerEvent: {}
[0.400208] (-) TimerEvent: {}
[0.500562] (-) TimerEvent: {}
[0.600906] (-) TimerEvent: {}
[0.701366] (-) TimerEvent: {}
[0.801828] (-) TimerEvent: {}
[0.902317] (-) TimerEvent: {}
[1.002749] (-) TimerEvent: {}
[1.103138] (-) TimerEvent: {}
[1.203525] (-) TimerEvent: {}
[1.303909] (-) TimerEvent: {}
[1.404294] (-) TimerEvent: {}
[1.504663] (-) TimerEvent: {}
[1.605020] (-) TimerEvent: {}
[1.705347] (-) TimerEvent: {}
[1.805719] (-) TimerEvent: {}
[1.906043] (-) TimerEvent: {}
[2.006385] (-) TimerEvent: {}
[2.106726] (-) TimerEvent: {}
[2.207073] (-) TimerEvent: {}
[2.307416] (-) TimerEvent: {}
[2.407784] (-) TimerEvent: {}
[2.508132] (-) TimerEvent: {}
[2.608460] (-) TimerEvent: {}
[2.708786] (-) TimerEvent: {}
[2.809127] (-) TimerEvent: {}
[2.909462] (-) TimerEvent: {}
[3.009811] (-) TimerEvent: {}
[3.110176] (-) TimerEvent: {}
[3.210522] (-) TimerEvent: {}
[3.212164] (mecanum_drive_controller) StderrLine: {'line': b'\x1b[01m\x1b[K/home/duser/clearpath_mecanum_drive_controller-ros2ws/src/ros2_controllers/mecanum_drive_controller/src/mecanum_drive_controller.cpp:\x1b[m\x1b[K In member function \xe2\x80\x98\x1b[01m\x1b[Kvirtual controller_interface::return_type mecanum_drive_controller::MecanumDriveController::update_reference_from_subscribers()\x1b[m\x1b[K\xe2\x80\x99:\n'}
[3.212507] (mecanum_drive_controller) StderrLine: {'line': b'\x1b[01m\x1b[K/home/duser/clearpath_mecanum_drive_controller-ros2ws/src/ros2_controllers/mecanum_drive_controller/src/mecanum_drive_controller.cpp:392:5:\x1b[m\x1b[K \x1b[01;31m\x1b[Kerror: \x1b[m\x1b[Kexpected \xe2\x80\x98\x1b[01m\x1b[K;\x1b[m\x1b[K\xe2\x80\x99 before \xe2\x80\x98\x1b[01m\x1b[Kif\x1b[m\x1b[K\xe2\x80\x99\n'}
[3.212734] (mecanum_drive_controller) StderrLine: {'line': b'  392 |     \x1b[01;31m\x1b[Kif\x1b[m\x1b[K (std:isnan(current_ref_unstamped->linear.x)){\n'}
[3.212859] (mecanum_drive_controller) StderrLine: {'line': b'      |     \x1b[01;31m\x1b[K^~\x1b[m\x1b[K\n'}
[3.212983] (mecanum_drive_controller) StderrLine: {'line': b'\x1b[01m\x1b[K/home/duser/clearpath_mecanum_drive_controller-ros2ws/src/ros2_controllers/mecanum_drive_controller/src/mecanum_drive_controller.cpp:392:12:\x1b[m\x1b[K \x1b[01;31m\x1b[Kerror: \x1b[m\x1b[Kfound \xe2\x80\x98\x1b[01m\x1b[K:\x1b[m\x1b[K\xe2\x80\x99 in nested-name-specifier, expected \xe2\x80\x98\x1b[01m\x1b[K::\x1b[m\x1b[K\xe2\x80\x99\n'}
[3.213217] (mecanum_drive_controller) StderrLine: {'line': b'  392 |     if (std\x1b[01;31m\x1b[K:\x1b[m\x1b[Kisnan(current_ref_unstamped->linear.x)){\n'}
[3.213313] (mecanum_drive_controller) StderrLine: {'line': b'      |            \x1b[01;31m\x1b[K^\x1b[m\x1b[K\n'}
[3.213369] (mecanum_drive_controller) StderrLine: {'line': b'      |            \x1b[32m\x1b[K::\x1b[m\x1b[K\n'}
[3.213481] (mecanum_drive_controller) StderrLine: {'line': b'\x1b[01m\x1b[K/home/duser/clearpath_mecanum_drive_controller-ros2ws/src/ros2_controllers/mecanum_drive_controller/src/mecanum_drive_controller.cpp:394:5:\x1b[m\x1b[K \x1b[01;31m\x1b[Kerror: \x1b[m\x1b[Kexpected \xe2\x80\x98\x1b[01m\x1b[K;\x1b[m\x1b[K\xe2\x80\x99 before \xe2\x80\x98\x1b[01m\x1b[K}\x1b[m\x1b[K\xe2\x80\x99 token\n'}
[3.213542] (mecanum_drive_controller) StderrLine: {'line': b'  394 |     \x1b[01;31m\x1b[K}\x1b[m\x1b[K else {\n'}
[3.213610] (mecanum_drive_controller) StderrLine: {'line': b'      |     \x1b[01;31m\x1b[K^\x1b[m\x1b[K\n'}
[3.213682] (mecanum_drive_controller) StderrLine: {'line': b'\x1b[01m\x1b[K/home/duser/clearpath_mecanum_drive_controller-ros2ws/src/ros2_controllers/mecanum_drive_controller/src/mecanum_drive_controller.cpp:395:45:\x1b[m\x1b[K \x1b[01;31m\x1b[Kerror: \x1b[m\x1b[Kfound \xe2\x80\x98\x1b[01m\x1b[K:\x1b[m\x1b[K\xe2\x80\x99 in nested-name-specifier, expected \xe2\x80\x98\x1b[01m\x1b[K::\x1b[m\x1b[K\xe2\x80\x99\n'}
[3.213765] (mecanum_drive_controller) StderrLine: {'line': b'  395 |       std::string strx = "linear.x = " + std\x1b[01;31m\x1b[K:\x1b[m\x1b[Kto_string(current_ref_unstamped->linear.x)\n'}
[3.213847] (mecanum_drive_controller) StderrLine: {'line': b'      |                                             \x1b[01;31m\x1b[K^\x1b[m\x1b[K\n'}
[3.213928] (mecanum_drive_controller) StderrLine: {'line': b'      |                                             \x1b[32m\x1b[K::\x1b[m\x1b[K\n'}
[3.214078] (mecanum_drive_controller) StderrLine: {'line': b'\x1b[01m\x1b[K/home/duser/clearpath_mecanum_drive_controller-ros2ws/src/ros2_controllers/mecanum_drive_controller/src/mecanum_drive_controller.cpp:396:5:\x1b[m\x1b[K \x1b[01;31m\x1b[Kerror: \x1b[m\x1b[Kexpected \xe2\x80\x98\x1b[01m\x1b[K,\x1b[m\x1b[K\xe2\x80\x99 or \xe2\x80\x98\x1b[01m\x1b[K;\x1b[m\x1b[K\xe2\x80\x99 before \xe2\x80\x98\x1b[01m\x1b[K}\x1b[m\x1b[K\xe2\x80\x99 token\n'}
[3.214161] (mecanum_drive_controller) StderrLine: {'line': b'  396 |     \x1b[01;31m\x1b[K}\x1b[m\x1b[K\n'}
[3.214220] (mecanum_drive_controller) StderrLine: {'line': b'      |     \x1b[01;31m\x1b[K^\x1b[m\x1b[K\n'}
[3.214277] (mecanum_drive_controller) StderrLine: {'line': b'\x1b[01m\x1b[K/home/duser/clearpath_mecanum_drive_controller-ros2ws/src/ros2_controllers/mecanum_drive_controller/src/mecanum_drive_controller.cpp:397:12:\x1b[m\x1b[K \x1b[01;31m\x1b[Kerror: \x1b[m\x1b[Kfound \xe2\x80\x98\x1b[01m\x1b[K:\x1b[m\x1b[K\xe2\x80\x99 in nested-name-specifier, expected \xe2\x80\x98\x1b[01m\x1b[K::\x1b[m\x1b[K\xe2\x80\x99\n'}
[3.214357] (mecanum_drive_controller) StderrLine: {'line': b'  397 |     if (std\x1b[01;31m\x1b[K:\x1b[m\x1b[Kisnan(current_ref_unstamped->linear.y)){\n'}
[3.214431] (mecanum_drive_controller) StderrLine: {'line': b'      |            \x1b[01;31m\x1b[K^\x1b[m\x1b[K\n'}
[3.214507] (mecanum_drive_controller) StderrLine: {'line': b'      |            \x1b[32m\x1b[K::\x1b[m\x1b[K\n'}
[3.214585] (mecanum_drive_controller) StderrLine: {'line': b'\x1b[01m\x1b[K/home/duser/clearpath_mecanum_drive_controller-ros2ws/src/ros2_controllers/mecanum_drive_controller/src/mecanum_drive_controller.cpp:399:5:\x1b[m\x1b[K \x1b[01;31m\x1b[Kerror: \x1b[m\x1b[Kexpected \xe2\x80\x98\x1b[01m\x1b[K;\x1b[m\x1b[K\xe2\x80\x99 before \xe2\x80\x98\x1b[01m\x1b[K}\x1b[m\x1b[K\xe2\x80\x99 token\n'}
[3.214668] (mecanum_drive_controller) StderrLine: {'line': b'  399 |     \x1b[01;31m\x1b[K}\x1b[m\x1b[K else {\n'}
[3.214749] (mecanum_drive_controller) StderrLine: {'line': b'      |     \x1b[01;31m\x1b[K^\x1b[m\x1b[K\n'}
[3.214827] (mecanum_drive_controller) StderrLine: {'line': b'\x1b[01m\x1b[K/home/duser/clearpath_mecanum_drive_controller-ros2ws/src/ros2_controllers/mecanum_drive_controller/src/mecanum_drive_controller.cpp:400:45:\x1b[m\x1b[K \x1b[01;31m\x1b[Kerror: \x1b[m\x1b[Kfound \xe2\x80\x98\x1b[01m\x1b[K:\x1b[m\x1b[K\xe2\x80\x99 in nested-name-specifier, expected \xe2\x80\x98\x1b[01m\x1b[K::\x1b[m\x1b[K\xe2\x80\x99\n'}
[3.214928] (mecanum_drive_controller) StderrLine: {'line': b'  400 |       std::string strx = "linear.y = " + std\x1b[01;31m\x1b[K:\x1b[m\x1b[Kto_string(current_ref_unstamped->linear.y)\n'}
[3.215007] (mecanum_drive_controller) StderrLine: {'line': b'      |                                             \x1b[01;31m\x1b[K^\x1b[m\x1b[K\n'}
[3.215087] (mecanum_drive_controller) StderrLine: {'line': b'      |                                             \x1b[32m\x1b[K::\x1b[m\x1b[K\n'}
[3.215163] (mecanum_drive_controller) StderrLine: {'line': b'\x1b[01m\x1b[K/home/duser/clearpath_mecanum_drive_controller-ros2ws/src/ros2_controllers/mecanum_drive_controller/src/mecanum_drive_controller.cpp:401:5:\x1b[m\x1b[K \x1b[01;31m\x1b[Kerror: \x1b[m\x1b[Kexpected \xe2\x80\x98\x1b[01m\x1b[K,\x1b[m\x1b[K\xe2\x80\x99 or \xe2\x80\x98\x1b[01m\x1b[K;\x1b[m\x1b[K\xe2\x80\x99 before \xe2\x80\x98\x1b[01m\x1b[K}\x1b[m\x1b[K\xe2\x80\x99 token\n'}
[3.215242] (mecanum_drive_controller) StderrLine: {'line': b'  401 |     \x1b[01;31m\x1b[K}\x1b[m\x1b[K\n'}
[3.215298] (mecanum_drive_controller) StderrLine: {'line': b'      |     \x1b[01;31m\x1b[K^\x1b[m\x1b[K\n'}
[3.215358] (mecanum_drive_controller) StderrLine: {'line': b'\x1b[01m\x1b[K/home/duser/clearpath_mecanum_drive_controller-ros2ws/src/ros2_controllers/mecanum_drive_controller/src/mecanum_drive_controller.cpp:402:12:\x1b[m\x1b[K \x1b[01;31m\x1b[Kerror: \x1b[m\x1b[Kfound \xe2\x80\x98\x1b[01m\x1b[K:\x1b[m\x1b[K\xe2\x80\x99 in nested-name-specifier, expected \xe2\x80\x98\x1b[01m\x1b[K::\x1b[m\x1b[K\xe2\x80\x99\n'}
[3.215416] (mecanum_drive_controller) StderrLine: {'line': b'  402 |     if (std\x1b[01;31m\x1b[K:\x1b[m\x1b[Kisnan(current_ref_unstamped->angular.z)){\n'}
[3.215482] (mecanum_drive_controller) StderrLine: {'line': b'      |            \x1b[01;31m\x1b[K^\x1b[m\x1b[K\n'}
[3.215537] (mecanum_drive_controller) StderrLine: {'line': b'      |            \x1b[32m\x1b[K::\x1b[m\x1b[K\n'}
[3.215594] (mecanum_drive_controller) StderrLine: {'line': b'\x1b[01m\x1b[K/home/duser/clearpath_mecanum_drive_controller-ros2ws/src/ros2_controllers/mecanum_drive_controller/src/mecanum_drive_controller.cpp:404:5:\x1b[m\x1b[K \x1b[01;31m\x1b[Kerror: \x1b[m\x1b[Kexpected \xe2\x80\x98\x1b[01m\x1b[K;\x1b[m\x1b[K\xe2\x80\x99 before \xe2\x80\x98\x1b[01m\x1b[K}\x1b[m\x1b[K\xe2\x80\x99 token\n'}
[3.215652] (mecanum_drive_controller) StderrLine: {'line': b'  404 |     \x1b[01;31m\x1b[K}\x1b[m\x1b[K else {\n'}
[3.215715] (mecanum_drive_controller) StderrLine: {'line': b'      |     \x1b[01;31m\x1b[K^\x1b[m\x1b[K\n'}
[3.215774] (mecanum_drive_controller) StderrLine: {'line': b'\x1b[01m\x1b[K/home/duser/clearpath_mecanum_drive_controller-ros2ws/src/ros2_controllers/mecanum_drive_controller/src/mecanum_drive_controller.cpp:405:46:\x1b[m\x1b[K \x1b[01;31m\x1b[Kerror: \x1b[m\x1b[Kfound \xe2\x80\x98\x1b[01m\x1b[K:\x1b[m\x1b[K\xe2\x80\x99 in nested-name-specifier, expected \xe2\x80\x98\x1b[01m\x1b[K::\x1b[m\x1b[K\xe2\x80\x99\n'}
[3.215849] (mecanum_drive_controller) StderrLine: {'line': b'  405 |       std::string strx = "angular.z = " + std\x1b[01;31m\x1b[K:\x1b[m\x1b[Kto_string(current_ref_unstamped->angular.z)\n'}
[3.215909] (mecanum_drive_controller) StderrLine: {'line': b'      |                                              \x1b[01;31m\x1b[K^\x1b[m\x1b[K\n'}
[3.215966] (mecanum_drive_controller) StderrLine: {'line': b'      |                                              \x1b[32m\x1b[K::\x1b[m\x1b[K\n'}
[3.216021] (mecanum_drive_controller) StderrLine: {'line': b'\x1b[01m\x1b[K/home/duser/clearpath_mecanum_drive_controller-ros2ws/src/ros2_controllers/mecanum_drive_controller/src/mecanum_drive_controller.cpp:406:5:\x1b[m\x1b[K \x1b[01;31m\x1b[Kerror: \x1b[m\x1b[Kexpected \xe2\x80\x98\x1b[01m\x1b[K,\x1b[m\x1b[K\xe2\x80\x99 or \xe2\x80\x98\x1b[01m\x1b[K;\x1b[m\x1b[K\xe2\x80\x99 before \xe2\x80\x98\x1b[01m\x1b[K}\x1b[m\x1b[K\xe2\x80\x99 token\n'}
[3.216087] (mecanum_drive_controller) StderrLine: {'line': b'  406 |     \x1b[01;31m\x1b[K}\x1b[m\x1b[K\n'}
[3.216143] (mecanum_drive_controller) StderrLine: {'line': b'      |     \x1b[01;31m\x1b[K^\x1b[m\x1b[K\n'}
[3.310690] (-) TimerEvent: {}
[3.411127] (-) TimerEvent: {}
[3.511593] (-) TimerEvent: {}
[3.611987] (-) TimerEvent: {}
[3.712556] (-) TimerEvent: {}
[3.812928] (-) TimerEvent: {}
[3.913283] (-) TimerEvent: {}
[4.013589] (-) TimerEvent: {}
[4.113899] (-) TimerEvent: {}
[4.214291] (-) TimerEvent: {}
[4.314690] (-) TimerEvent: {}
[4.415078] (-) TimerEvent: {}
[4.515445] (-) TimerEvent: {}
[4.615815] (-) TimerEvent: {}
[4.716149] (-) TimerEvent: {}
[4.816534] (-) TimerEvent: {}
[4.916885] (-) TimerEvent: {}
[5.017289] (-) TimerEvent: {}
[5.117699] (-) TimerEvent: {}
[5.218456] (-) TimerEvent: {}
[5.318853] (-) TimerEvent: {}
[5.419248] (-) TimerEvent: {}
[5.519607] (-) TimerEvent: {}
[5.620008] (-) TimerEvent: {}
[5.720608] (-) TimerEvent: {}
[5.820987] (-) TimerEvent: {}
[5.921568] (-) TimerEvent: {}
[6.021985] (-) TimerEvent: {}
[6.122422] (-) TimerEvent: {}
[6.222852] (-) TimerEvent: {}
[6.323288] (-) TimerEvent: {}
[6.423724] (-) TimerEvent: {}
[6.428830] (mecanum_drive_controller) StderrLine: {'line': b'gmake[2]: *** [CMakeFiles/mecanum_drive_controller.dir/build.make:76: CMakeFiles/mecanum_drive_controller.dir/src/mecanum_drive_controller.cpp.o] Error 1\n'}
[6.429297] (mecanum_drive_controller) StderrLine: {'line': b'gmake[1]: *** [CMakeFiles/Makefile2:208: CMakeFiles/mecanum_drive_controller.dir/all] Error 2\n'}
[6.429549] (mecanum_drive_controller) StderrLine: {'line': b'gmake: *** [Makefile:146: all] Error 2\n'}
[6.439435] (mecanum_drive_controller) CommandEnded: {'returncode': 2}
[6.515826] (mecanum_drive_controller) JobEnded: {'identifier': 'mecanum_drive_controller', 'rc': 2}
[6.523853] (-) TimerEvent: {}
[6.526310] (-) EventReactorShutdown: {}
