[0.000000] (-) TimerEvent: {}
[0.000287] (mecanum_drive_controller) JobQueued: {'identifier': 'mecanum_drive_controller', 'dependencies': OrderedDict()}
[0.000578] (mecanum_drive_controller) JobStarted: {'identifier': 'mecanum_drive_controller'}
[0.029136] (mecanum_drive_controller) JobProgress: {'identifier': 'mecanum_drive_controller', 'progress': 'cmake'}
[0.030354] (mecanum_drive_controller) JobProgress: {'identifier': 'mecanum_drive_controller', 'progress': 'build'}
[0.031034] (mecanum_drive_controller) Command: {'cmd': ['/usr/bin/cmake', '--build', '/home/duser/clearpath_mecanum_drive_controller-ros2ws/build/mecanum_drive_controller', '--', '-j12', '-l12'], 'cwd': '/home/duser/clearpath_mecanum_drive_controller-ros2ws/build/mecanum_drive_controller', 'env': OrderedDict([('PYTHONWARNINGS', 'ignore:::setuptools.command.install,ignore:::setuptools.command.easy_install,ignore:::pkg_resources'), ('HOSTNAME', 'guillermo-ideapad3'), ('SHLVL', '1'), ('LD_LIBRARY_PATH', '/home/duser/clearpath_mecanum_drive_controller-ros2ws/install/mecanum_drive_controller/lib:/home/duser/ros2_kortex-ros2ws/install/velocity_controllers/lib:/home/duser/ros2_kortex-ros2ws/install/tricycle_steering_controller/lib:/home/duser/ros2_kortex-ros2ws/install/tricycle_controller/lib:/home/duser/ros2_kortex-ros2ws/install/transmission_interface/lib:/home/duser/ros2_kortex-ros2ws/install/bicycle_steering_controller/lib:/home/duser/ros2_kortex-ros2ws/install/ackermann_steering_controller/lib:/home/duser/ros2_kortex-ros2ws/install/steering_controllers_library/lib:/home/duser/ros2_kortex-ros2ws/install/robotiq_driver/lib:/home/duser/ros2_kortex-ros2ws/install/serial/lib:/home/duser/ros2_kortex-ros2ws/install/hardware_interface_testing/lib:/home/duser/ros2_kortex-ros2ws/install/controller_manager/lib:/home/duser/ros2_kortex-ros2ws/install/robotiq_controllers/lib:/home/duser/ros2_kortex-ros2ws/install/range_sensor_broadcaster/lib:/home/duser/ros2_kortex-ros2ws/install/position_controllers/lib:/home/duser/ros2_kortex-ros2ws/install/kortex_driver/lib:/home/duser/ros2_kortex-ros2ws/install/admittance_controller/lib:/home/duser/ros2_kortex-ros2ws/install/joint_trajectory_controller/lib:/home/duser/ros2_kortex-ros2ws/install/joint_state_broadcaster/lib:/home/duser/ros2_kortex-ros2ws/install/imu_sensor_broadcaster/lib:/home/duser/ros2_kortex-ros2ws/install/gripper_controllers/lib:/home/duser/ros2_kortex-ros2ws/install/effort_controllers/lib:/home/duser/ros2_kortex-ros2ws/install/forward_command_controller/lib:/home/duser/ros2_kortex-ros2ws/install/force_torque_sensor_broadcaster/lib:/home/duser/ros2_kortex-ros2ws/install/diff_drive_controller/lib:/home/duser/ros2_kortex-ros2ws/install/controller_interface/lib:/home/duser/ros2_kortex-ros2ws/install/hardware_interface/lib:/home/duser/ros2_kortex-ros2ws/install/controller_manager_msgs/lib:/home/duser/ros2_kortex-ros2ws/install/control_msgs/lib:/opt/ros/humble/opt/rviz_ogre_vendor/lib:/opt/ros/humble/lib/x86_64-linux-gnu:/opt/ros/humble/lib'), ('HOME', '/home/duser'), ('OLDPWD', '/home/duser'), ('ROS_PYTHON_VERSION', '3'), ('ROS_LOG_DIR', '/home/duser/rbkk3-ros2ws/log'), ('COLCON_PREFIX_PATH', '/home/duser/rbkk3-ros2ws/install:/home/duser/clearpath_mecanum_drive_controller-ros2ws/install:/home/duser/ros2_kortex-ros2ws/install'), ('ROS_DISTRO', 'humble'), ('_', '/usr/bin/colcon'), ('ROS_VERSION', '2'), ('TERM', 'xterm'), ('ROS_LOCALHOST_ONLY', '0'), ('QT_X11_NO_MITSHM', '1'), ('PATH', '/opt/ros/humble/bin:/usr/local/sbin:/usr/local/bin:/usr/sbin:/usr/bin:/sbin:/bin'), ('DISPLAY', ':0'), ('LANG', 'C.UTF-8'), ('RMW_IMPLEMENTATION', 'rmw_cyclonedds_cpp'), ('AMENT_PREFIX_PATH', '/home/duser/rbkk3-ros2ws/install/whkk3_simulation:/home/duser/rbkk3-ros2ws/install/whkk3_description:/home/duser/rbkk3-ros2ws/install/ridgeback_simulation:/home/duser/rbkk3-ros2ws/install/ridgeback_hardware:/home/duser/rbkk3-ros2ws/install/ridgeback_description:/home/duser/rbkk3-ros2ws/install/rbkk3_simulation:/home/duser/rbkk3-ros2ws/install/rbkk3_rviz:/home/duser/rbkk3-ros2ws/install/rbkk3_description:/home/duser/clearpath_mecanum_drive_controller-ros2ws/install/mecanum_drive_controller:/home/duser/ros2_kortex-ros2ws/install/kortex_bringup:/home/duser/ros2_kortex-ros2ws/install/kinova_gen3_7dof_robotiq_2f_85_moveit_config:/home/duser/ros2_kortex-ros2ws/install/kinova_gen3_6dof_robotiq_2f_85_moveit_config:/home/duser/ros2_kortex-ros2ws/install/kortex_description:/home/duser/ros2_kortex-ros2ws/install/robotiq_description:/home/duser/ros2_kortex-ros2ws/install/ros2_controllers:/home/duser/ros2_kortex-ros2ws/install/velocity_controllers:/home/duser/ros2_kortex-ros2ws/install/tricycle_steering_controller:/home/duser/ros2_kortex-ros2ws/install/tricycle_controller:/home/duser/ros2_kortex-ros2ws/install/ros2_control:/home/duser/ros2_kortex-ros2ws/install/transmission_interface:/home/duser/ros2_kortex-ros2ws/install/bicycle_steering_controller:/home/duser/ros2_kortex-ros2ws/install/ackermann_steering_controller:/home/duser/ros2_kortex-ros2ws/install/steering_controllers_library:/home/duser/ros2_kortex-ros2ws/install/robotiq_hardware_tests:/home/duser/ros2_kortex-ros2ws/install/robotiq_driver:/home/duser/ros2_kortex-ros2ws/install/serial:/home/duser/ros2_kortex-ros2ws/install/rqt_joint_trajectory_controller:/home/duser/ros2_kortex-ros2ws/install/rqt_controller_manager:/home/duser/ros2_kortex-ros2ws/install/ros2controlcli:/home/duser/ros2_kortex-ros2ws/install/ros2_controllers_test_nodes:/home/duser/ros2_kortex-ros2ws/install/hardware_interface_testing:/home/duser/ros2_kortex-ros2ws/install/controller_manager:/home/duser/ros2_kortex-ros2ws/install/ros2_control_test_assets:/home/duser/ros2_kortex-ros2ws/install/robotiq_controllers:/home/duser/ros2_kortex-ros2ws/install/range_sensor_broadcaster:/home/duser/ros2_kortex-ros2ws/install/position_controllers:/home/duser/ros2_kortex-ros2ws/install/kortex_driver:/home/duser/ros2_kortex-ros2ws/install/kortex_api:/home/duser/ros2_kortex-ros2ws/install/admittance_controller:/home/duser/ros2_kortex-ros2ws/install/joint_trajectory_controller:/home/duser/ros2_kortex-ros2ws/install/joint_state_broadcaster:/home/duser/ros2_kortex-ros2ws/install/joint_limits:/home/duser/ros2_kortex-ros2ws/install/imu_sensor_broadcaster:/home/duser/ros2_kortex-ros2ws/install/gripper_controllers:/home/duser/ros2_kortex-ros2ws/install/effort_controllers:/home/duser/ros2_kortex-ros2ws/install/forward_command_controller:/home/duser/ros2_kortex-ros2ws/install/force_torque_sensor_broadcaster:/home/duser/ros2_kortex-ros2ws/install/diff_drive_controller:/home/duser/ros2_kortex-ros2ws/install/controller_interface:/home/duser/ros2_kortex-ros2ws/install/hardware_interface:/home/duser/ros2_kortex-ros2ws/install/controller_manager_msgs:/home/duser/ros2_kortex-ros2ws/install/control_msgs:/opt/ros/humble'), ('PWD', '/home/duser/clearpath_mecanum_drive_controller-ros2ws/build/mecanum_drive_controller'), ('LC_ALL', 'C.UTF-8'), ('PYTHONPATH', '/home/duser/rbkk3-ros2ws/build/whkk3_simulation:/home/duser/rbkk3-ros2ws/install/whkk3_simulation/lib/python3.10/site-packages:/home/duser/rbkk3-ros2ws/build/whkk3_description:/home/duser/rbkk3-ros2ws/install/whkk3_description/lib/python3.10/site-packages:/home/duser/rbkk3-ros2ws/build/ridgeback_simulation:/home/duser/rbkk3-ros2ws/install/ridgeback_simulation/lib/python3.10/site-packages:/home/duser/rbkk3-ros2ws/build/ridgeback_hardware:/home/duser/rbkk3-ros2ws/install/ridgeback_hardware/lib/python3.10/site-packages:/home/duser/rbkk3-ros2ws/build/ridgeback_description:/home/duser/rbkk3-ros2ws/install/ridgeback_description/lib/python3.10/site-packages:/home/duser/rbkk3-ros2ws/build/rbkk3_simulation:/home/duser/rbkk3-ros2ws/install/rbkk3_simulation/lib/python3.10/site-packages:/home/duser/rbkk3-ros2ws/build/rbkk3_rviz:/home/duser/rbkk3-ros2ws/install/rbkk3_rviz/lib/python3.10/site-packages:/home/duser/rbkk3-ros2ws/build/rbkk3_description:/home/duser/rbkk3-ros2ws/install/rbkk3_description/lib/python3.10/site-packages:/home/duser/ros2_kortex-ros2ws/install/rqt_joint_trajectory_controller/lib/python3.10/site-packages:/home/duser/ros2_kortex-ros2ws/install/rqt_controller_manager/lib/python3.10/site-packages:/home/duser/ros2_kortex-ros2ws/install/ros2controlcli/lib/python3.10/site-packages:/home/duser/ros2_kortex-ros2ws/install/ros2_controllers_test_nodes/lib/python3.10/site-packages:/home/duser/ros2_kortex-ros2ws/install/controller_manager/local/lib/python3.10/dist-packages:/home/duser/ros2_kortex-ros2ws/install/controller_manager_msgs/local/lib/python3.10/dist-packages:/home/duser/ros2_kortex-ros2ws/install/control_msgs/local/lib/python3.10/dist-packages:/opt/ros/humble/lib/python3.10/site-packages:/opt/ros/humble/local/lib/python3.10/dist-packages'), ('COLCON', '1'), ('CMAKE_PREFIX_PATH', '/home/duser/clearpath_mecanum_drive_controller-ros2ws/install/mecanum_drive_controller:/home/duser/ros2_kortex-ros2ws/install/kortex_bringup:/home/duser/ros2_kortex-ros2ws/install/kinova_gen3_7dof_robotiq_2f_85_moveit_config:/home/duser/ros2_kortex-ros2ws/install/kinova_gen3_6dof_robotiq_2f_85_moveit_config:/home/duser/ros2_kortex-ros2ws/install/kortex_description:/home/duser/ros2_kortex-ros2ws/install/robotiq_description:/home/duser/ros2_kortex-ros2ws/install/ros2_controllers:/home/duser/ros2_kortex-ros2ws/install/velocity_controllers:/home/duser/ros2_kortex-ros2ws/install/tricycle_steering_controller:/home/duser/ros2_kortex-ros2ws/install/tricycle_controller:/home/duser/ros2_kortex-ros2ws/install/ros2_control:/home/duser/ros2_kortex-ros2ws/install/transmission_interface:/home/duser/ros2_kortex-ros2ws/install/bicycle_steering_controller:/home/duser/ros2_kortex-ros2ws/install/ackermann_steering_controller:/home/duser/ros2_kortex-ros2ws/install/steering_controllers_library:/home/duser/ros2_kortex-ros2ws/install/robotiq_hardware_tests:/home/duser/ros2_kortex-ros2ws/install/robotiq_driver:/home/duser/ros2_kortex-ros2ws/install/serial:/home/duser/ros2_kortex-ros2ws/install/hardware_interface_testing:/home/duser/ros2_kortex-ros2ws/install/controller_manager:/home/duser/ros2_kortex-ros2ws/install/ros2_control_test_assets:/home/duser/ros2_kortex-ros2ws/install/robotiq_controllers:/home/duser/ros2_kortex-ros2ws/install/range_sensor_broadcaster:/home/duser/ros2_kortex-ros2ws/install/position_controllers:/home/duser/ros2_kortex-ros2ws/install/kortex_driver:/home/duser/ros2_kortex-ros2ws/install/kortex_api:/home/duser/ros2_kortex-ros2ws/install/admittance_controller:/home/duser/ros2_kortex-ros2ws/install/joint_trajectory_controller:/home/duser/ros2_kortex-ros2ws/install/joint_state_broadcaster:/home/duser/ros2_kortex-ros2ws/install/joint_limits:/home/duser/ros2_kortex-ros2ws/install/imu_sensor_broadcaster:/home/duser/ros2_kortex-ros2ws/install/gripper_controllers:/home/duser/ros2_kortex-ros2ws/install/effort_controllers:/home/duser/ros2_kortex-ros2ws/install/forward_command_controller:/home/duser/ros2_kortex-ros2ws/install/force_torque_sensor_broadcaster:/home/duser/ros2_kortex-ros2ws/install/diff_drive_controller:/home/duser/ros2_kortex-ros2ws/install/controller_interface:/home/duser/ros2_kortex-ros2ws/install/hardware_interface:/home/duser/ros2_kortex-ros2ws/install/controller_manager_msgs:/home/duser/ros2_kortex-ros2ws/install/control_msgs:/home/duser/rbkk3-ros2ws/install/whkk3_simulation:/home/duser/rbkk3-ros2ws/install/whkk3_description:/home/duser/rbkk3-ros2ws/install/ridgeback_simulation:/home/duser/rbkk3-ros2ws/install/ridgeback_hardware:/home/duser/rbkk3-ros2ws/install/ridgeback_description:/home/duser/rbkk3-ros2ws/install/rbkk3_simulation:/home/duser/rbkk3-ros2ws/install/rbkk3_rviz:/home/duser/rbkk3-ros2ws/install/rbkk3_description:/home/duser/ros2_kortex-ros2ws/install/rqt_joint_trajectory_controller:/home/duser/ros2_kortex-ros2ws/install/rqt_controller_manager:/home/duser/ros2_kortex-ros2ws/install/ros2controlcli:/home/duser/ros2_kortex-ros2ws/install/ros2_controllers_test_nodes:/opt/ros/humble')]), 'shell': False}
[0.099719] (-) TimerEvent: {}
[0.194495] (mecanum_drive_controller) StdoutLine: {'line': b'[  6%] Built target mecanum_drive_controller_parameters\n'}
[0.199863] (-) TimerEvent: {}
[0.205930] (mecanum_drive_controller) StdoutLine: {'line': b'[ 20%] Built target gmock_main\n'}
[0.207969] (mecanum_drive_controller) StdoutLine: {'line': b'[ 40%] Built target gmock\n'}
[0.220512] (mecanum_drive_controller) StdoutLine: {'line': b'\x1b[35m\x1b[1mConsolidate compiler generated dependencies of target mecanum_drive_controller\x1b[0m\n'}
[0.277062] (mecanum_drive_controller) StdoutLine: {'line': b'[ 53%] Built target test_load_mecanum_drive_controller\n'}
[0.279877] (mecanum_drive_controller) StdoutLine: {'line': b'[ 60%] \x1b[32mBuilding CXX object CMakeFiles/mecanum_drive_controller.dir/src/odometry.cpp.o\x1b[0m\n'}
[0.300021] (-) TimerEvent: {}
[0.400418] (-) TimerEvent: {}
[0.500887] (-) TimerEvent: {}
[0.601784] (-) TimerEvent: {}
[0.702215] (-) TimerEvent: {}
[0.802686] (-) TimerEvent: {}
[0.903147] (-) TimerEvent: {}
[1.003851] (-) TimerEvent: {}
[1.104336] (-) TimerEvent: {}
[1.204769] (-) TimerEvent: {}
[1.305194] (-) TimerEvent: {}
[1.405665] (-) TimerEvent: {}
[1.506121] (-) TimerEvent: {}
[1.606581] (-) TimerEvent: {}
[1.706924] (-) TimerEvent: {}
[1.807279] (-) TimerEvent: {}
[1.907628] (-) TimerEvent: {}
[2.008066] (-) TimerEvent: {}
[2.108458] (-) TimerEvent: {}
[2.208910] (-) TimerEvent: {}
[2.309398] (-) TimerEvent: {}
[2.409853] (-) TimerEvent: {}
[2.510279] (-) TimerEvent: {}
[2.610684] (-) TimerEvent: {}
[2.711137] (-) TimerEvent: {}
[2.811549] (-) TimerEvent: {}
[2.911846] (-) TimerEvent: {}
[3.012195] (-) TimerEvent: {}
[3.112639] (-) TimerEvent: {}
[3.213127] (-) TimerEvent: {}
[3.313526] (-) TimerEvent: {}
[3.351384] (mecanum_drive_controller) StdoutLine: {'line': b'[ 66%] \x1b[32m\x1b[1mLinking CXX shared library libmecanum_drive_controller.so\x1b[0m\n'}
[3.413649] (-) TimerEvent: {}
[3.514057] (-) TimerEvent: {}
[3.614497] (-) TimerEvent: {}
[3.714930] (-) TimerEvent: {}
[3.815357] (-) TimerEvent: {}
[3.915837] (-) TimerEvent: {}
[4.016660] (-) TimerEvent: {}
[4.117112] (-) TimerEvent: {}
[4.217613] (-) TimerEvent: {}
[4.318015] (-) TimerEvent: {}
[4.418337] (-) TimerEvent: {}
[4.518740] (-) TimerEvent: {}
[4.619141] (-) TimerEvent: {}
[4.719588] (-) TimerEvent: {}
[4.768071] (mecanum_drive_controller) StdoutLine: {'line': b'[ 73%] Built target mecanum_drive_controller\n'}
[4.793790] (mecanum_drive_controller) StdoutLine: {'line': b'\x1b[35m\x1b[1mConsolidate compiler generated dependencies of target test_mecanum_drive_controller\x1b[0m\n'}
[4.794833] (mecanum_drive_controller) StdoutLine: {'line': b'\x1b[35m\x1b[1mConsolidate compiler generated dependencies of target test_mecanum_drive_controller_preceeding\x1b[0m\n'}
[4.819698] (-) TimerEvent: {}
[4.830671] (mecanum_drive_controller) StdoutLine: {'line': b'[ 86%] \x1b[32m\x1b[1mLinking CXX executable test_mecanum_drive_controller_preceeding\x1b[0m\n'}
[4.830927] (mecanum_drive_controller) StdoutLine: {'line': b'[ 86%] \x1b[32m\x1b[1mLinking CXX executable test_mecanum_drive_controller\x1b[0m\n'}
[4.919898] (-) TimerEvent: {}
[5.020399] (-) TimerEvent: {}
[5.120908] (-) TimerEvent: {}
[5.221416] (-) TimerEvent: {}
[5.321859] (-) TimerEvent: {}
[5.422427] (-) TimerEvent: {}
[5.522993] (-) TimerEvent: {}
[5.623438] (-) TimerEvent: {}
[5.723898] (-) TimerEvent: {}
[5.824755] (-) TimerEvent: {}
[5.925295] (-) TimerEvent: {}
[6.025827] (-) TimerEvent: {}
[6.126352] (-) TimerEvent: {}
[6.226807] (-) TimerEvent: {}
[6.327311] (-) TimerEvent: {}
[6.427771] (-) TimerEvent: {}
[6.528199] (-) TimerEvent: {}
[6.628624] (-) TimerEvent: {}
[6.686509] (mecanum_drive_controller) StdoutLine: {'line': b'[ 93%] Built target test_mecanum_drive_controller_preceeding\n'}
[6.728740] (-) TimerEvent: {}
[6.829115] (-) TimerEvent: {}
[6.929626] (-) TimerEvent: {}
[7.029968] (-) TimerEvent: {}
[7.130347] (-) TimerEvent: {}
[7.152858] (mecanum_drive_controller) StdoutLine: {'line': b'[100%] Built target test_mecanum_drive_controller\n'}
[7.175155] (mecanum_drive_controller) CommandEnded: {'returncode': 0}
[7.230491] (-) TimerEvent: {}
[7.294799] (mecanum_drive_controller) JobProgress: {'identifier': 'mecanum_drive_controller', 'progress': 'install'}
[7.311913] (mecanum_drive_controller) Command: {'cmd': ['/usr/bin/cmake', '--install', '/home/duser/clearpath_mecanum_drive_controller-ros2ws/build/mecanum_drive_controller'], 'cwd': '/home/duser/clearpath_mecanum_drive_controller-ros2ws/build/mecanum_drive_controller', 'env': OrderedDict([('PYTHONWARNINGS', 'ignore:::setuptools.command.install,ignore:::setuptools.command.easy_install,ignore:::pkg_resources'), ('HOSTNAME', 'guillermo-ideapad3'), ('SHLVL', '1'), ('LD_LIBRARY_PATH', '/home/duser/clearpath_mecanum_drive_controller-ros2ws/install/mecanum_drive_controller/lib:/home/duser/ros2_kortex-ros2ws/install/velocity_controllers/lib:/home/duser/ros2_kortex-ros2ws/install/tricycle_steering_controller/lib:/home/duser/ros2_kortex-ros2ws/install/tricycle_controller/lib:/home/duser/ros2_kortex-ros2ws/install/transmission_interface/lib:/home/duser/ros2_kortex-ros2ws/install/bicycle_steering_controller/lib:/home/duser/ros2_kortex-ros2ws/install/ackermann_steering_controller/lib:/home/duser/ros2_kortex-ros2ws/install/steering_controllers_library/lib:/home/duser/ros2_kortex-ros2ws/install/robotiq_driver/lib:/home/duser/ros2_kortex-ros2ws/install/serial/lib:/home/duser/ros2_kortex-ros2ws/install/hardware_interface_testing/lib:/home/duser/ros2_kortex-ros2ws/install/controller_manager/lib:/home/duser/ros2_kortex-ros2ws/install/robotiq_controllers/lib:/home/duser/ros2_kortex-ros2ws/install/range_sensor_broadcaster/lib:/home/duser/ros2_kortex-ros2ws/install/position_controllers/lib:/home/duser/ros2_kortex-ros2ws/install/kortex_driver/lib:/home/duser/ros2_kortex-ros2ws/install/admittance_controller/lib:/home/duser/ros2_kortex-ros2ws/install/joint_trajectory_controller/lib:/home/duser/ros2_kortex-ros2ws/install/joint_state_broadcaster/lib:/home/duser/ros2_kortex-ros2ws/install/imu_sensor_broadcaster/lib:/home/duser/ros2_kortex-ros2ws/install/gripper_controllers/lib:/home/duser/ros2_kortex-ros2ws/install/effort_controllers/lib:/home/duser/ros2_kortex-ros2ws/install/forward_command_controller/lib:/home/duser/ros2_kortex-ros2ws/install/force_torque_sensor_broadcaster/lib:/home/duser/ros2_kortex-ros2ws/install/diff_drive_controller/lib:/home/duser/ros2_kortex-ros2ws/install/controller_interface/lib:/home/duser/ros2_kortex-ros2ws/install/hardware_interface/lib:/home/duser/ros2_kortex-ros2ws/install/controller_manager_msgs/lib:/home/duser/ros2_kortex-ros2ws/install/control_msgs/lib:/opt/ros/humble/opt/rviz_ogre_vendor/lib:/opt/ros/humble/lib/x86_64-linux-gnu:/opt/ros/humble/lib'), ('HOME', '/home/duser'), ('OLDPWD', '/home/duser'), ('ROS_PYTHON_VERSION', '3'), ('ROS_LOG_DIR', '/home/duser/rbkk3-ros2ws/log'), ('COLCON_PREFIX_PATH', '/home/duser/rbkk3-ros2ws/install:/home/duser/clearpath_mecanum_drive_controller-ros2ws/install:/home/duser/ros2_kortex-ros2ws/install'), ('ROS_DISTRO', 'humble'), ('_', '/usr/bin/colcon'), ('ROS_VERSION', '2'), ('TERM', 'xterm'), ('ROS_LOCALHOST_ONLY', '0'), ('QT_X11_NO_MITSHM', '1'), ('PATH', '/opt/ros/humble/bin:/usr/local/sbin:/usr/local/bin:/usr/sbin:/usr/bin:/sbin:/bin'), ('DISPLAY', ':0'), ('LANG', 'C.UTF-8'), ('RMW_IMPLEMENTATION', 'rmw_cyclonedds_cpp'), ('AMENT_PREFIX_PATH', '/home/duser/rbkk3-ros2ws/install/whkk3_simulation:/home/duser/rbkk3-ros2ws/install/whkk3_description:/home/duser/rbkk3-ros2ws/install/ridgeback_simulation:/home/duser/rbkk3-ros2ws/install/ridgeback_hardware:/home/duser/rbkk3-ros2ws/install/ridgeback_description:/home/duser/rbkk3-ros2ws/install/rbkk3_simulation:/home/duser/rbkk3-ros2ws/install/rbkk3_rviz:/home/duser/rbkk3-ros2ws/install/rbkk3_description:/home/duser/clearpath_mecanum_drive_controller-ros2ws/install/mecanum_drive_controller:/home/duser/ros2_kortex-ros2ws/install/kortex_bringup:/home/duser/ros2_kortex-ros2ws/install/kinova_gen3_7dof_robotiq_2f_85_moveit_config:/home/duser/ros2_kortex-ros2ws/install/kinova_gen3_6dof_robotiq_2f_85_moveit_config:/home/duser/ros2_kortex-ros2ws/install/kortex_description:/home/duser/ros2_kortex-ros2ws/install/robotiq_description:/home/duser/ros2_kortex-ros2ws/install/ros2_controllers:/home/duser/ros2_kortex-ros2ws/install/velocity_controllers:/home/duser/ros2_kortex-ros2ws/install/tricycle_steering_controller:/home/duser/ros2_kortex-ros2ws/install/tricycle_controller:/home/duser/ros2_kortex-ros2ws/install/ros2_control:/home/duser/ros2_kortex-ros2ws/install/transmission_interface:/home/duser/ros2_kortex-ros2ws/install/bicycle_steering_controller:/home/duser/ros2_kortex-ros2ws/install/ackermann_steering_controller:/home/duser/ros2_kortex-ros2ws/install/steering_controllers_library:/home/duser/ros2_kortex-ros2ws/install/robotiq_hardware_tests:/home/duser/ros2_kortex-ros2ws/install/robotiq_driver:/home/duser/ros2_kortex-ros2ws/install/serial:/home/duser/ros2_kortex-ros2ws/install/rqt_joint_trajectory_controller:/home/duser/ros2_kortex-ros2ws/install/rqt_controller_manager:/home/duser/ros2_kortex-ros2ws/install/ros2controlcli:/home/duser/ros2_kortex-ros2ws/install/ros2_controllers_test_nodes:/home/duser/ros2_kortex-ros2ws/install/hardware_interface_testing:/home/duser/ros2_kortex-ros2ws/install/controller_manager:/home/duser/ros2_kortex-ros2ws/install/ros2_control_test_assets:/home/duser/ros2_kortex-ros2ws/install/robotiq_controllers:/home/duser/ros2_kortex-ros2ws/install/range_sensor_broadcaster:/home/duser/ros2_kortex-ros2ws/install/position_controllers:/home/duser/ros2_kortex-ros2ws/install/kortex_driver:/home/duser/ros2_kortex-ros2ws/install/kortex_api:/home/duser/ros2_kortex-ros2ws/install/admittance_controller:/home/duser/ros2_kortex-ros2ws/install/joint_trajectory_controller:/home/duser/ros2_kortex-ros2ws/install/joint_state_broadcaster:/home/duser/ros2_kortex-ros2ws/install/joint_limits:/home/duser/ros2_kortex-ros2ws/install/imu_sensor_broadcaster:/home/duser/ros2_kortex-ros2ws/install/gripper_controllers:/home/duser/ros2_kortex-ros2ws/install/effort_controllers:/home/duser/ros2_kortex-ros2ws/install/forward_command_controller:/home/duser/ros2_kortex-ros2ws/install/force_torque_sensor_broadcaster:/home/duser/ros2_kortex-ros2ws/install/diff_drive_controller:/home/duser/ros2_kortex-ros2ws/install/controller_interface:/home/duser/ros2_kortex-ros2ws/install/hardware_interface:/home/duser/ros2_kortex-ros2ws/install/controller_manager_msgs:/home/duser/ros2_kortex-ros2ws/install/control_msgs:/opt/ros/humble'), ('PWD', '/home/duser/clearpath_mecanum_drive_controller-ros2ws/build/mecanum_drive_controller'), ('LC_ALL', 'C.UTF-8'), ('PYTHONPATH', '/home/duser/rbkk3-ros2ws/build/whkk3_simulation:/home/duser/rbkk3-ros2ws/install/whkk3_simulation/lib/python3.10/site-packages:/home/duser/rbkk3-ros2ws/build/whkk3_description:/home/duser/rbkk3-ros2ws/install/whkk3_description/lib/python3.10/site-packages:/home/duser/rbkk3-ros2ws/build/ridgeback_simulation:/home/duser/rbkk3-ros2ws/install/ridgeback_simulation/lib/python3.10/site-packages:/home/duser/rbkk3-ros2ws/build/ridgeback_hardware:/home/duser/rbkk3-ros2ws/install/ridgeback_hardware/lib/python3.10/site-packages:/home/duser/rbkk3-ros2ws/build/ridgeback_description:/home/duser/rbkk3-ros2ws/install/ridgeback_description/lib/python3.10/site-packages:/home/duser/rbkk3-ros2ws/build/rbkk3_simulation:/home/duser/rbkk3-ros2ws/install/rbkk3_simulation/lib/python3.10/site-packages:/home/duser/rbkk3-ros2ws/build/rbkk3_rviz:/home/duser/rbkk3-ros2ws/install/rbkk3_rviz/lib/python3.10/site-packages:/home/duser/rbkk3-ros2ws/build/rbkk3_description:/home/duser/rbkk3-ros2ws/install/rbkk3_description/lib/python3.10/site-packages:/home/duser/ros2_kortex-ros2ws/install/rqt_joint_trajectory_controller/lib/python3.10/site-packages:/home/duser/ros2_kortex-ros2ws/install/rqt_controller_manager/lib/python3.10/site-packages:/home/duser/ros2_kortex-ros2ws/install/ros2controlcli/lib/python3.10/site-packages:/home/duser/ros2_kortex-ros2ws/install/ros2_controllers_test_nodes/lib/python3.10/site-packages:/home/duser/ros2_kortex-ros2ws/install/controller_manager/local/lib/python3.10/dist-packages:/home/duser/ros2_kortex-ros2ws/install/controller_manager_msgs/local/lib/python3.10/dist-packages:/home/duser/ros2_kortex-ros2ws/install/control_msgs/local/lib/python3.10/dist-packages:/opt/ros/humble/lib/python3.10/site-packages:/opt/ros/humble/local/lib/python3.10/dist-packages'), ('COLCON', '1'), ('CMAKE_PREFIX_PATH', '/home/duser/clearpath_mecanum_drive_controller-ros2ws/install/mecanum_drive_controller:/home/duser/ros2_kortex-ros2ws/install/kortex_bringup:/home/duser/ros2_kortex-ros2ws/install/kinova_gen3_7dof_robotiq_2f_85_moveit_config:/home/duser/ros2_kortex-ros2ws/install/kinova_gen3_6dof_robotiq_2f_85_moveit_config:/home/duser/ros2_kortex-ros2ws/install/kortex_description:/home/duser/ros2_kortex-ros2ws/install/robotiq_description:/home/duser/ros2_kortex-ros2ws/install/ros2_controllers:/home/duser/ros2_kortex-ros2ws/install/velocity_controllers:/home/duser/ros2_kortex-ros2ws/install/tricycle_steering_controller:/home/duser/ros2_kortex-ros2ws/install/tricycle_controller:/home/duser/ros2_kortex-ros2ws/install/ros2_control:/home/duser/ros2_kortex-ros2ws/install/transmission_interface:/home/duser/ros2_kortex-ros2ws/install/bicycle_steering_controller:/home/duser/ros2_kortex-ros2ws/install/ackermann_steering_controller:/home/duser/ros2_kortex-ros2ws/install/steering_controllers_library:/home/duser/ros2_kortex-ros2ws/install/robotiq_hardware_tests:/home/duser/ros2_kortex-ros2ws/install/robotiq_driver:/home/duser/ros2_kortex-ros2ws/install/serial:/home/duser/ros2_kortex-ros2ws/install/hardware_interface_testing:/home/duser/ros2_kortex-ros2ws/install/controller_manager:/home/duser/ros2_kortex-ros2ws/install/ros2_control_test_assets:/home/duser/ros2_kortex-ros2ws/install/robotiq_controllers:/home/duser/ros2_kortex-ros2ws/install/range_sensor_broadcaster:/home/duser/ros2_kortex-ros2ws/install/position_controllers:/home/duser/ros2_kortex-ros2ws/install/kortex_driver:/home/duser/ros2_kortex-ros2ws/install/kortex_api:/home/duser/ros2_kortex-ros2ws/install/admittance_controller:/home/duser/ros2_kortex-ros2ws/install/joint_trajectory_controller:/home/duser/ros2_kortex-ros2ws/install/joint_state_broadcaster:/home/duser/ros2_kortex-ros2ws/install/joint_limits:/home/duser/ros2_kortex-ros2ws/install/imu_sensor_broadcaster:/home/duser/ros2_kortex-ros2ws/install/gripper_controllers:/home/duser/ros2_kortex-ros2ws/install/effort_controllers:/home/duser/ros2_kortex-ros2ws/install/forward_command_controller:/home/duser/ros2_kortex-ros2ws/install/force_torque_sensor_broadcaster:/home/duser/ros2_kortex-ros2ws/install/diff_drive_controller:/home/duser/ros2_kortex-ros2ws/install/controller_interface:/home/duser/ros2_kortex-ros2ws/install/hardware_interface:/home/duser/ros2_kortex-ros2ws/install/controller_manager_msgs:/home/duser/ros2_kortex-ros2ws/install/control_msgs:/home/duser/rbkk3-ros2ws/install/whkk3_simulation:/home/duser/rbkk3-ros2ws/install/whkk3_description:/home/duser/rbkk3-ros2ws/install/ridgeback_simulation:/home/duser/rbkk3-ros2ws/install/ridgeback_hardware:/home/duser/rbkk3-ros2ws/install/ridgeback_description:/home/duser/rbkk3-ros2ws/install/rbkk3_simulation:/home/duser/rbkk3-ros2ws/install/rbkk3_rviz:/home/duser/rbkk3-ros2ws/install/rbkk3_description:/home/duser/ros2_kortex-ros2ws/install/rqt_joint_trajectory_controller:/home/duser/ros2_kortex-ros2ws/install/rqt_controller_manager:/home/duser/ros2_kortex-ros2ws/install/ros2controlcli:/home/duser/ros2_kortex-ros2ws/install/ros2_controllers_test_nodes:/opt/ros/humble')]), 'shell': False}
[7.325808] (mecanum_drive_controller) StdoutLine: {'line': b'-- Install configuration: ""\n'}
[7.326183] (mecanum_drive_controller) StdoutLine: {'line': b'-- Up-to-date: /home/duser/clearpath_mecanum_drive_controller-ros2ws/install/mecanum_drive_controller/include/mecanum_drive_controller_parameters\n'}
[7.326379] (mecanum_drive_controller) StdoutLine: {'line': b'-- Up-to-date: /home/duser/clearpath_mecanum_drive_controller-ros2ws/install/mecanum_drive_controller/include/mecanum_drive_controller_parameters/mecanum_drive_controller_parameters.hpp\n'}
[7.326473] (mecanum_drive_controller) StdoutLine: {'line': b'-- Up-to-date: /home/duser/clearpath_mecanum_drive_controller-ros2ws/install/mecanum_drive_controller/share/mecanum_drive_controller/mecanum_drive_controller.xml\n'}
[7.327217] (mecanum_drive_controller) StdoutLine: {'line': b'-- Up-to-date: /home/duser/clearpath_mecanum_drive_controller-ros2ws/install/mecanum_drive_controller/include/mecanum_drive_controller\n'}
[7.327377] (mecanum_drive_controller) StdoutLine: {'line': b'-- Up-to-date: /home/duser/clearpath_mecanum_drive_controller-ros2ws/install/mecanum_drive_controller/include/mecanum_drive_controller/mecanum_drive_controller\n'}
[7.327461] (mecanum_drive_controller) StdoutLine: {'line': b'-- Up-to-date: /home/duser/clearpath_mecanum_drive_controller-ros2ws/install/mecanum_drive_controller/include/mecanum_drive_controller/mecanum_drive_controller/odometry.hpp\n'}
[7.327524] (mecanum_drive_controller) StdoutLine: {'line': b'-- Up-to-date: /home/duser/clearpath_mecanum_drive_controller-ros2ws/install/mecanum_drive_controller/include/mecanum_drive_controller/mecanum_drive_controller/visibility_control.h\n'}
[7.327587] (mecanum_drive_controller) StdoutLine: {'line': b'-- Up-to-date: /home/duser/clearpath_mecanum_drive_controller-ros2ws/install/mecanum_drive_controller/include/mecanum_drive_controller/mecanum_drive_controller/mecanum_drive_controller.hpp\n'}
[7.327720] (mecanum_drive_controller) StdoutLine: {'line': b'-- Installing: /home/duser/clearpath_mecanum_drive_controller-ros2ws/install/mecanum_drive_controller/lib/libmecanum_drive_controller.so\n'}
[7.330627] (-) TimerEvent: {}
[7.349472] (mecanum_drive_controller) StdoutLine: {'line': b'-- Set runtime path of "/home/duser/clearpath_mecanum_drive_controller-ros2ws/install/mecanum_drive_controller/lib/libmecanum_drive_controller.so" to ""\n'}
[7.349766] (mecanum_drive_controller) StdoutLine: {'line': b'-- Up-to-date: /home/duser/clearpath_mecanum_drive_controller-ros2ws/install/mecanum_drive_controller/share/mecanum_drive_controller/environment/library_path.sh\n'}
[7.349937] (mecanum_drive_controller) StdoutLine: {'line': b'-- Up-to-date: /home/duser/clearpath_mecanum_drive_controller-ros2ws/install/mecanum_drive_controller/share/mecanum_drive_controller/environment/library_path.dsv\n'}
[7.350017] (mecanum_drive_controller) StdoutLine: {'line': b'-- Up-to-date: /home/duser/clearpath_mecanum_drive_controller-ros2ws/install/mecanum_drive_controller/share/ament_index/resource_index/package_run_dependencies/mecanum_drive_controller\n'}
[7.350119] (mecanum_drive_controller) StdoutLine: {'line': b'-- Up-to-date: /home/duser/clearpath_mecanum_drive_controller-ros2ws/install/mecanum_drive_controller/share/ament_index/resource_index/parent_prefix_path/mecanum_drive_controller\n'}
[7.350181] (mecanum_drive_controller) StdoutLine: {'line': b'-- Up-to-date: /home/duser/clearpath_mecanum_drive_controller-ros2ws/install/mecanum_drive_controller/share/mecanum_drive_controller/environment/ament_prefix_path.sh\n'}
[7.350243] (mecanum_drive_controller) StdoutLine: {'line': b'-- Up-to-date: /home/duser/clearpath_mecanum_drive_controller-ros2ws/install/mecanum_drive_controller/share/mecanum_drive_controller/environment/ament_prefix_path.dsv\n'}
[7.350304] (mecanum_drive_controller) StdoutLine: {'line': b'-- Up-to-date: /home/duser/clearpath_mecanum_drive_controller-ros2ws/install/mecanum_drive_controller/share/mecanum_drive_controller/environment/path.sh\n'}
[7.350367] (mecanum_drive_controller) StdoutLine: {'line': b'-- Up-to-date: /home/duser/clearpath_mecanum_drive_controller-ros2ws/install/mecanum_drive_controller/share/mecanum_drive_controller/environment/path.dsv\n'}
[7.350446] (mecanum_drive_controller) StdoutLine: {'line': b'-- Up-to-date: /home/duser/clearpath_mecanum_drive_controller-ros2ws/install/mecanum_drive_controller/share/mecanum_drive_controller/local_setup.bash\n'}
[7.350540] (mecanum_drive_controller) StdoutLine: {'line': b'-- Up-to-date: /home/duser/clearpath_mecanum_drive_controller-ros2ws/install/mecanum_drive_controller/share/mecanum_drive_controller/local_setup.sh\n'}
[7.350645] (mecanum_drive_controller) StdoutLine: {'line': b'-- Up-to-date: /home/duser/clearpath_mecanum_drive_controller-ros2ws/install/mecanum_drive_controller/share/mecanum_drive_controller/local_setup.zsh\n'}
[7.350706] (mecanum_drive_controller) StdoutLine: {'line': b'-- Up-to-date: /home/duser/clearpath_mecanum_drive_controller-ros2ws/install/mecanum_drive_controller/share/mecanum_drive_controller/local_setup.dsv\n'}
[7.350770] (mecanum_drive_controller) StdoutLine: {'line': b'-- Installing: /home/duser/clearpath_mecanum_drive_controller-ros2ws/install/mecanum_drive_controller/share/mecanum_drive_controller/package.dsv\n'}
[7.350842] (mecanum_drive_controller) StdoutLine: {'line': b'-- Up-to-date: /home/duser/clearpath_mecanum_drive_controller-ros2ws/install/mecanum_drive_controller/share/ament_index/resource_index/packages/mecanum_drive_controller\n'}
[7.350900] (mecanum_drive_controller) StdoutLine: {'line': b'-- Up-to-date: /home/duser/clearpath_mecanum_drive_controller-ros2ws/install/mecanum_drive_controller/share/ament_index/resource_index/controller_interface__pluginlib__plugin/mecanum_drive_controller\n'}
[7.351031] (mecanum_drive_controller) StdoutLine: {'line': b'-- Up-to-date: /home/duser/clearpath_mecanum_drive_controller-ros2ws/install/mecanum_drive_controller/share/mecanum_drive_controller/cmake/export_mecanum_drive_controllerExport.cmake\n'}
[7.351116] (mecanum_drive_controller) StdoutLine: {'line': b'-- Up-to-date: /home/duser/clearpath_mecanum_drive_controller-ros2ws/install/mecanum_drive_controller/share/mecanum_drive_controller/cmake/export_mecanum_drive_controllerExport-noconfig.cmake\n'}
[7.351215] (mecanum_drive_controller) StdoutLine: {'line': b'-- Up-to-date: /home/duser/clearpath_mecanum_drive_controller-ros2ws/install/mecanum_drive_controller/share/mecanum_drive_controller/cmake/ament_cmake_export_targets-extras.cmake\n'}
[7.351314] (mecanum_drive_controller) StdoutLine: {'line': b'-- Up-to-date: /home/duser/clearpath_mecanum_drive_controller-ros2ws/install/mecanum_drive_controller/share/mecanum_drive_controller/cmake/ament_cmake_export_dependencies-extras.cmake\n'}
[7.351394] (mecanum_drive_controller) StdoutLine: {'line': b'-- Up-to-date: /home/duser/clearpath_mecanum_drive_controller-ros2ws/install/mecanum_drive_controller/share/mecanum_drive_controller/cmake/mecanum_drive_controllerConfig.cmake\n'}
[7.351456] (mecanum_drive_controller) StdoutLine: {'line': b'-- Up-to-date: /home/duser/clearpath_mecanum_drive_controller-ros2ws/install/mecanum_drive_controller/share/mecanum_drive_controller/cmake/mecanum_drive_controllerConfig-version.cmake\n'}
[7.351531] (mecanum_drive_controller) StdoutLine: {'line': b'-- Up-to-date: /home/duser/clearpath_mecanum_drive_controller-ros2ws/install/mecanum_drive_controller/share/mecanum_drive_controller/package.xml\n'}
[7.353771] (mecanum_drive_controller) CommandEnded: {'returncode': 0}
[7.430764] (-) TimerEvent: {}
[7.496048] (mecanum_drive_controller) JobEnded: {'identifier': 'mecanum_drive_controller', 'rc': 0}
[7.497031] (-) EventReactorShutdown: {}
