[0.055s] Invoking command in '/home/duser/ros2_kortex-ros2ws/build/joint_limits': CMAKE_PREFIX_PATH=${CMAKE_PREFIX_PATH}:/opt/ros/humble /usr/bin/cmake /home/duser/ros2_kortex-ros2ws/src/ros2_control/joint_limits -DCMAKE_BUILD_TYPE=Release -DCMAKE_INSTALL_PREFIX=/home/duser/ros2_kortex-ros2ws/install/joint_limits
[0.088s] -- Found ament_cmake: 1.3.8 (/opt/ros/humble/share/ament_cmake/cmake)
[0.438s] -- Found rclcpp: 16.0.8 (/opt/ros/humble/share/rclcpp/cmake)
[0.493s] -- Found rosidl_generator_c: 3.1.5 (/opt/ros/humble/share/rosidl_generator_c/cmake)
[0.497s] -- Found rosidl_adapter: 3.1.5 (/opt/ros/humble/share/rosidl_adapter/cmake)
[0.506s] -- Found rosidl_generator_cpp: 3.1.5 (/opt/ros/humble/share/rosidl_generator_cpp/cmake)
[0.525s] -- Using all available rosidl_typesupport_c: rosidl_typesupport_fastrtps_c;rosidl_typesupport_introspection_c
[0.559s] -- Using all available rosidl_typesupport_cpp: rosidl_typesupport_fastrtps_cpp;rosidl_typesupport_introspection_cpp
[0.676s] -- Found rmw_implementation_cmake: 6.1.1 (/opt/ros/humble/share/rmw_implementation_cmake/cmake)
[0.705s] -- Found rmw_cyclonedds_cpp: 1.3.4 (/opt/ros/humble/share/rmw_cyclonedds_cpp/cmake)
[0.768s] -- Using RMW implementation 'rmw_cyclonedds_cpp' as default
[0.801s] -- Looking for pthread.h
[0.972s] -- Looking for pthread.h - found
[0.973s] -- Performing Test CMAKE_HAVE_LIBC_PTHREAD
[1.107s] -- Performing Test CMAKE_HAVE_LIBC_PTHREAD - Success
[1.109s] -- Found Threads: TRUE  
[1.347s] -- Found rclcpp_lifecycle: 16.0.8 (/opt/ros/humble/share/rclcpp_lifecycle/cmake)
[1.415s] -- Found ament_cmake_gtest: 1.3.8 (/opt/ros/humble/share/ament_cmake_gtest/cmake)
[1.420s] -- Found launch_testing_ament_cmake: 1.0.5 (/opt/ros/humble/share/launch_testing_ament_cmake/cmake)
[1.425s] -- Found python_cmake_module: 0.10.0 (/opt/ros/humble/share/python_cmake_module/cmake)
[1.463s] -- Found PythonInterp: /usr/bin/python3 (found suitable version "3.10.12", minimum required is "3.6") 
[1.472s] -- Found PythonLibs: /usr/lib/x86_64-linux-gnu/libpython3.10.so (found suitable version "3.10.12", minimum required is "3.5") 
[1.472s] -- Using PYTHON_EXECUTABLE: /usr/bin/python3
[1.473s] -- Using PYTHON_INCLUDE_DIRS: /usr/include/python3.10
[1.473s] -- Using PYTHON_LIBRARIES: /usr/lib/x86_64-linux-gnu/libpython3.10.so
[1.508s] -- Found PythonExtra: .so  
[1.515s] -- Found gtest sources under '/opt/ros/humble/src/gtest_vendor': C++ tests using 'Google Test' will be built
[1.625s] -- Configuring done
[1.650s] -- Generating done
[1.653s] -- Build files have been written to: /home/duser/ros2_kortex-ros2ws/build/joint_limits
[1.665s] Invoked command in '/home/duser/ros2_kortex-ros2ws/build/joint_limits' returned '0': CMAKE_PREFIX_PATH=${CMAKE_PREFIX_PATH}:/opt/ros/humble /usr/bin/cmake /home/duser/ros2_kortex-ros2ws/src/ros2_control/joint_limits -DCMAKE_BUILD_TYPE=Release -DCMAKE_INSTALL_PREFIX=/home/duser/ros2_kortex-ros2ws/install/joint_limits
[1.667s] Invoking command in '/home/duser/ros2_kortex-ros2ws/build/joint_limits': CMAKE_PREFIX_PATH=${CMAKE_PREFIX_PATH}:/opt/ros/humble /usr/bin/cmake --build /home/duser/ros2_kortex-ros2ws/build/joint_limits -- -j12 -l12
[1.751s] [ 16%] [32mBuilding CXX object gtest/CMakeFiles/gtest_main.dir/src/gtest_main.cc.o[0m
[1.751s] [ 33%] [32mBuilding CXX object gtest/CMakeFiles/gtest.dir/src/gtest-all.cc.o[0m
[2.653s] [ 50%] [32m[1mLinking CXX static library libgtest_main.a[0m
[2.709s] [ 50%] Built target gtest_main
[11.446s] [ 66%] [32m[1mLinking CXX static library libgtest.a[0m
[11.508s] [ 66%] Built target gtest
[11.539s] [ 83%] [32mBuilding CXX object CMakeFiles/joint_limits_rosparam_test.dir/test/joint_limits_rosparam_test.cpp.o[0m
[17.838s] [100%] [32m[1mLinking CXX executable joint_limits_rosparam_test[0m
[18.034s] [100%] Built target joint_limits_rosparam_test
[18.053s] Invoked command in '/home/duser/ros2_kortex-ros2ws/build/joint_limits' returned '0': CMAKE_PREFIX_PATH=${CMAKE_PREFIX_PATH}:/opt/ros/humble /usr/bin/cmake --build /home/duser/ros2_kortex-ros2ws/build/joint_limits -- -j12 -l12
[18.092s] Invoking command in '/home/duser/ros2_kortex-ros2ws/build/joint_limits': CMAKE_PREFIX_PATH=${CMAKE_PREFIX_PATH}:/opt/ros/humble /usr/bin/cmake --install /home/duser/ros2_kortex-ros2ws/build/joint_limits
[18.100s] -- Install configuration: "Release"
[18.100s] -- Installing: /home/duser/ros2_kortex-ros2ws/install/joint_limits/include
[18.100s] -- Installing: /home/duser/ros2_kortex-ros2ws/install/joint_limits/include/joint_limits
[18.101s] -- Installing: /home/duser/ros2_kortex-ros2ws/install/joint_limits/include/joint_limits/joint_limits_rosparam.hpp
[18.101s] -- Installing: /home/duser/ros2_kortex-ros2ws/install/joint_limits/include/joint_limits/joint_limits.hpp
[18.101s] -- Installing: /home/duser/ros2_kortex-ros2ws/install/joint_limits/lib/joint_limits/joint_limits_rosparam_test
[18.103s] -- Set runtime path of "/home/duser/ros2_kortex-ros2ws/install/joint_limits/lib/joint_limits/joint_limits_rosparam_test" to ""
[18.103s] -- Installing: /home/duser/ros2_kortex-ros2ws/install/joint_limits/share/joint_limits/test/joint_limits_rosparam.yaml
[18.104s] -- Installing: /home/duser/ros2_kortex-ros2ws/install/joint_limits/share/ament_index/resource_index/package_run_dependencies/joint_limits
[18.104s] -- Installing: /home/duser/ros2_kortex-ros2ws/install/joint_limits/share/ament_index/resource_index/parent_prefix_path/joint_limits
[18.104s] -- Installing: /home/duser/ros2_kortex-ros2ws/install/joint_limits/share/joint_limits/environment/ament_prefix_path.sh
[18.105s] -- Installing: /home/duser/ros2_kortex-ros2ws/install/joint_limits/share/joint_limits/environment/ament_prefix_path.dsv
[18.105s] -- Installing: /home/duser/ros2_kortex-ros2ws/install/joint_limits/share/joint_limits/environment/path.sh
[18.105s] -- Installing: /home/duser/ros2_kortex-ros2ws/install/joint_limits/share/joint_limits/environment/path.dsv
[18.105s] -- Installing: /home/duser/ros2_kortex-ros2ws/install/joint_limits/share/joint_limits/local_setup.bash
[18.105s] -- Installing: /home/duser/ros2_kortex-ros2ws/install/joint_limits/share/joint_limits/local_setup.sh
[18.105s] -- Installing: /home/duser/ros2_kortex-ros2ws/install/joint_limits/share/joint_limits/local_setup.zsh
[18.106s] -- Installing: /home/duser/ros2_kortex-ros2ws/install/joint_limits/share/joint_limits/local_setup.dsv
[18.106s] -- Installing: /home/duser/ros2_kortex-ros2ws/install/joint_limits/share/joint_limits/package.dsv
[18.106s] -- Installing: /home/duser/ros2_kortex-ros2ws/install/joint_limits/share/ament_index/resource_index/packages/joint_limits
[18.106s] -- Installing: /home/duser/ros2_kortex-ros2ws/install/joint_limits/share/joint_limits/cmake/ament_cmake_export_dependencies-extras.cmake
[18.107s] -- Installing: /home/duser/ros2_kortex-ros2ws/install/joint_limits/share/joint_limits/cmake/ament_cmake_export_include_directories-extras.cmake
[18.107s] -- Installing: /home/duser/ros2_kortex-ros2ws/install/joint_limits/share/joint_limits/cmake/joint_limitsConfig.cmake
[18.107s] -- Installing: /home/duser/ros2_kortex-ros2ws/install/joint_limits/share/joint_limits/cmake/joint_limitsConfig-version.cmake
[18.107s] -- Installing: /home/duser/ros2_kortex-ros2ws/install/joint_limits/share/joint_limits/package.xml
[18.111s] Invoked command in '/home/duser/ros2_kortex-ros2ws/build/joint_limits' returned '0': CMAKE_PREFIX_PATH=${CMAKE_PREFIX_PATH}:/opt/ros/humble /usr/bin/cmake --install /home/duser/ros2_kortex-ros2ws/build/joint_limits
