[0.039s] Invoking command in '/home/duser/ros2_kortex-ros2ws/build/robotiq_controllers': AMENT_PREFIX_PATH=/home/duser/ros2_kortex-ros2ws/install/controller_interface:/home/duser/ros2_kortex-ros2ws/install/hardware_interface:/home/duser/ros2_kortex-ros2ws/install/control_msgs:${AMENT_PREFIX_PATH} CMAKE_PREFIX_PATH=/home/duser/ros2_kortex-ros2ws/install/controller_interface:/home/duser/ros2_kortex-ros2ws/install/hardware_interface:/home/duser/ros2_kortex-ros2ws/install/control_msgs:/home/duser/ros2_kortex-ros2ws/install/serial:/home/duser/ros2_kortex-ros2ws/install/ros2_control_test_assets:/home/duser/ros2_kortex-ros2ws/install/kortex_api:/opt/ros/humble LD_LIBRARY_PATH=/home/duser/ros2_kortex-ros2ws/install/controller_interface/lib:/home/duser/ros2_kortex-ros2ws/install/hardware_interface/lib:/home/duser/ros2_kortex-ros2ws/install/control_msgs/lib:${LD_LIBRARY_PATH} PYTHONPATH=/home/duser/ros2_kortex-ros2ws/install/control_msgs/local/lib/python3.10/dist-packages:${PYTHONPATH} /usr/bin/cmake --build /home/duser/ros2_kortex-ros2ws/build/robotiq_controllers -- -j12 -l12
[0.141s] [ 50%] [32mBuilding CXX object CMakeFiles/robotiq_controllers.dir/src/robotiq_activation_controller.cpp.o[0m
[5.495s] [100%] [32m[1mLinking CXX shared library librobotiq_controllers.so[0m
[5.729s] [100%] Built target robotiq_controllers
[5.749s] Invoked command in '/home/duser/ros2_kortex-ros2ws/build/robotiq_controllers' returned '0': AMENT_PREFIX_PATH=/home/duser/ros2_kortex-ros2ws/install/controller_interface:/home/duser/ros2_kortex-ros2ws/install/hardware_interface:/home/duser/ros2_kortex-ros2ws/install/control_msgs:${AMENT_PREFIX_PATH} CMAKE_PREFIX_PATH=/home/duser/ros2_kortex-ros2ws/install/controller_interface:/home/duser/ros2_kortex-ros2ws/install/hardware_interface:/home/duser/ros2_kortex-ros2ws/install/control_msgs:/home/duser/ros2_kortex-ros2ws/install/serial:/home/duser/ros2_kortex-ros2ws/install/ros2_control_test_assets:/home/duser/ros2_kortex-ros2ws/install/kortex_api:/opt/ros/humble LD_LIBRARY_PATH=/home/duser/ros2_kortex-ros2ws/install/controller_interface/lib:/home/duser/ros2_kortex-ros2ws/install/hardware_interface/lib:/home/duser/ros2_kortex-ros2ws/install/control_msgs/lib:${LD_LIBRARY_PATH} PYTHONPATH=/home/duser/ros2_kortex-ros2ws/install/control_msgs/local/lib/python3.10/dist-packages:${PYTHONPATH} /usr/bin/cmake --build /home/duser/ros2_kortex-ros2ws/build/robotiq_controllers -- -j12 -l12
[5.812s] Invoking command in '/home/duser/ros2_kortex-ros2ws/build/robotiq_controllers': AMENT_PREFIX_PATH=/home/duser/ros2_kortex-ros2ws/install/controller_interface:/home/duser/ros2_kortex-ros2ws/install/hardware_interface:/home/duser/ros2_kortex-ros2ws/install/control_msgs:${AMENT_PREFIX_PATH} CMAKE_PREFIX_PATH=/home/duser/ros2_kortex-ros2ws/install/controller_interface:/home/duser/ros2_kortex-ros2ws/install/hardware_interface:/home/duser/ros2_kortex-ros2ws/install/control_msgs:/home/duser/ros2_kortex-ros2ws/install/serial:/home/duser/ros2_kortex-ros2ws/install/ros2_control_test_assets:/home/duser/ros2_kortex-ros2ws/install/kortex_api:/opt/ros/humble LD_LIBRARY_PATH=/home/duser/ros2_kortex-ros2ws/install/controller_interface/lib:/home/duser/ros2_kortex-ros2ws/install/hardware_interface/lib:/home/duser/ros2_kortex-ros2ws/install/control_msgs/lib:${LD_LIBRARY_PATH} PYTHONPATH=/home/duser/ros2_kortex-ros2ws/install/control_msgs/local/lib/python3.10/dist-packages:${PYTHONPATH} /usr/bin/cmake --install /home/duser/ros2_kortex-ros2ws/build/robotiq_controllers
[5.824s] -- Install configuration: "Release"
[5.824s] -- Installing: /home/duser/ros2_kortex-ros2ws/install/robotiq_controllers/share/robotiq_controllers/controller_plugins.xml
[5.826s] -- Installing: /home/duser/ros2_kortex-ros2ws/install/robotiq_controllers/lib/librobotiq_controllers.so
[5.827s] -- Set runtime path of "/home/duser/ros2_kortex-ros2ws/install/robotiq_controllers/lib/librobotiq_controllers.so" to ""
[5.827s] -- Installing: /home/duser/ros2_kortex-ros2ws/install/robotiq_controllers/include
[5.827s] -- Installing: /home/duser/ros2_kortex-ros2ws/install/robotiq_controllers/include/robotiq_controllers
[5.827s] -- Installing: /home/duser/ros2_kortex-ros2ws/install/robotiq_controllers/include/robotiq_controllers/robotiq_activation_controller.hpp
[5.828s] -- Installing: /home/duser/ros2_kortex-ros2ws/install/robotiq_controllers/share/robotiq_controllers/environment/library_path.sh
[5.828s] -- Installing: /home/duser/ros2_kortex-ros2ws/install/robotiq_controllers/share/robotiq_controllers/environment/library_path.dsv
[5.828s] -- Installing: /home/duser/ros2_kortex-ros2ws/install/robotiq_controllers/share/ament_index/resource_index/package_run_dependencies/robotiq_controllers
[5.829s] -- Installing: /home/duser/ros2_kortex-ros2ws/install/robotiq_controllers/share/ament_index/resource_index/parent_prefix_path/robotiq_controllers
[5.829s] -- Installing: /home/duser/ros2_kortex-ros2ws/install/robotiq_controllers/share/robotiq_controllers/environment/ament_prefix_path.sh
[5.829s] -- Installing: /home/duser/ros2_kortex-ros2ws/install/robotiq_controllers/share/robotiq_controllers/environment/ament_prefix_path.dsv
[5.830s] -- Installing: /home/duser/ros2_kortex-ros2ws/install/robotiq_controllers/share/robotiq_controllers/environment/path.sh
[5.830s] -- Installing: /home/duser/ros2_kortex-ros2ws/install/robotiq_controllers/share/robotiq_controllers/environment/path.dsv
[5.830s] -- Installing: /home/duser/ros2_kortex-ros2ws/install/robotiq_controllers/share/robotiq_controllers/local_setup.bash
[5.830s] -- Installing: /home/duser/ros2_kortex-ros2ws/install/robotiq_controllers/share/robotiq_controllers/local_setup.sh
[5.831s] -- Installing: /home/duser/ros2_kortex-ros2ws/install/robotiq_controllers/share/robotiq_controllers/local_setup.zsh
[5.831s] -- Installing: /home/duser/ros2_kortex-ros2ws/install/robotiq_controllers/share/robotiq_controllers/local_setup.dsv
[5.831s] -- Installing: /home/duser/ros2_kortex-ros2ws/install/robotiq_controllers/share/robotiq_controllers/package.dsv
[5.832s] -- Installing: /home/duser/ros2_kortex-ros2ws/install/robotiq_controllers/share/ament_index/resource_index/packages/robotiq_controllers
[5.832s] -- Installing: /home/duser/ros2_kortex-ros2ws/install/robotiq_controllers/share/ament_index/resource_index/controller_interface__pluginlib__plugin/robotiq_controllers
[5.833s] -- Installing: /home/duser/ros2_kortex-ros2ws/install/robotiq_controllers/share/robotiq_controllers/cmake/export_robotiq_controllersExport.cmake
[5.833s] -- Installing: /home/duser/ros2_kortex-ros2ws/install/robotiq_controllers/share/robotiq_controllers/cmake/export_robotiq_controllersExport-release.cmake
[5.833s] -- Installing: /home/duser/ros2_kortex-ros2ws/install/robotiq_controllers/share/robotiq_controllers/cmake/ament_cmake_export_include_directories-extras.cmake
[5.834s] -- Installing: /home/duser/ros2_kortex-ros2ws/install/robotiq_controllers/share/robotiq_controllers/cmake/ament_cmake_export_libraries-extras.cmake
[5.834s] -- Installing: /home/duser/ros2_kortex-ros2ws/install/robotiq_controllers/share/robotiq_controllers/cmake/ament_cmake_export_targets-extras.cmake
[5.834s] -- Installing: /home/duser/ros2_kortex-ros2ws/install/robotiq_controllers/share/robotiq_controllers/cmake/ament_cmake_export_dependencies-extras.cmake
[5.834s] -- Installing: /home/duser/ros2_kortex-ros2ws/install/robotiq_controllers/share/robotiq_controllers/cmake/robotiq_controllersConfig.cmake
[5.835s] -- Installing: /home/duser/ros2_kortex-ros2ws/install/robotiq_controllers/share/robotiq_controllers/cmake/robotiq_controllersConfig-version.cmake
[5.835s] -- Installing: /home/duser/ros2_kortex-ros2ws/install/robotiq_controllers/share/robotiq_controllers/package.xml
[5.839s] Invoked command in '/home/duser/ros2_kortex-ros2ws/build/robotiq_controllers' returned '0': AMENT_PREFIX_PATH=/home/duser/ros2_kortex-ros2ws/install/controller_interface:/home/duser/ros2_kortex-ros2ws/install/hardware_interface:/home/duser/ros2_kortex-ros2ws/install/control_msgs:${AMENT_PREFIX_PATH} CMAKE_PREFIX_PATH=/home/duser/ros2_kortex-ros2ws/install/controller_interface:/home/duser/ros2_kortex-ros2ws/install/hardware_interface:/home/duser/ros2_kortex-ros2ws/install/control_msgs:/home/duser/ros2_kortex-ros2ws/install/serial:/home/duser/ros2_kortex-ros2ws/install/ros2_control_test_assets:/home/duser/ros2_kortex-ros2ws/install/kortex_api:/opt/ros/humble LD_LIBRARY_PATH=/home/duser/ros2_kortex-ros2ws/install/controller_interface/lib:/home/duser/ros2_kortex-ros2ws/install/hardware_interface/lib:/home/duser/ros2_kortex-ros2ws/install/control_msgs/lib:${LD_LIBRARY_PATH} PYTHONPATH=/home/duser/ros2_kortex-ros2ws/install/control_msgs/local/lib/python3.10/dist-packages:${PYTHONPATH} /usr/bin/cmake --install /home/duser/ros2_kortex-ros2ws/build/robotiq_controllers
