[0.061s] Invoking command in '/home/duser/ros2_kortex-ros2ws/build/picknik_twist_controller': AMENT_PREFIX_PATH=/home/duser/ros2_kortex-ros2ws/install/controller_interface:/home/duser/ros2_kortex-ros2ws/install/hardware_interface:/home/duser/ros2_kortex-ros2ws/install/control_msgs:${AMENT_PREFIX_PATH} CMAKE_PREFIX_PATH=/home/duser/ros2_kortex-ros2ws/install/controller_interface:/home/duser/ros2_kortex-ros2ws/install/hardware_interface:/home/duser/ros2_kortex-ros2ws/install/control_msgs:/home/duser/ros2_kortex-ros2ws/install/serial:/home/duser/ros2_kortex-ros2ws/install/ros2_control_test_assets:/home/duser/ros2_kortex-ros2ws/install/kortex_api:/opt/ros/humble LD_LIBRARY_PATH=/home/duser/ros2_kortex-ros2ws/install/controller_interface/lib:/home/duser/ros2_kortex-ros2ws/install/hardware_interface/lib:/home/duser/ros2_kortex-ros2ws/install/control_msgs/lib:${LD_LIBRARY_PATH} PYTHONPATH=/home/duser/ros2_kortex-ros2ws/install/control_msgs/local/lib/python3.10/dist-packages:${PYTHONPATH} /usr/bin/cmake /home/duser/ros2_kortex-ros2ws/src/picknik_controllers/picknik_twist_controller -DCMAKE_BUILD_TYPE=Release -DCMAKE_INSTALL_PREFIX=/home/duser/ros2_kortex-ros2ws/install/picknik_twist_controller
[0.173s] -- The C compiler identification is GNU 11.4.0
[0.266s] -- The CXX compiler identification is GNU 11.4.0
[0.278s] -- Detecting C compiler ABI info
[0.399s] -- Detecting C compiler ABI info - done
[0.407s] -- Check for working C compiler: /usr/bin/cc - skipped
[0.407s] -- Detecting C compile features
[0.407s] -- Detecting C compile features - done
[0.412s] -- Detecting CXX compiler ABI info
[0.561s] -- Detecting CXX compiler ABI info - done
[0.573s] -- Check for working CXX compiler: /usr/bin/c++ - skipped
[0.573s] -- Detecting CXX compile features
[0.574s] -- Detecting CXX compile features - done
[0.581s] -- Found ament_cmake: 1.3.8 (/opt/ros/humble/share/ament_cmake/cmake)
[0.803s] -- Found Python3: /usr/bin/python3 (found version "3.10.12") found components: Interpreter 
[0.965s] -- Found ament_cmake_ros: 0.10.0 (/opt/ros/humble/share/ament_cmake_ros/cmake)
[0.981s] -- Found controller_interface: 2.41.0 (/home/duser/ros2_kortex-ros2ws/install/controller_interface/share/controller_interface/cmake)
[1.043s] -- Found rosidl_generator_c: 3.1.5 (/opt/ros/humble/share/rosidl_generator_c/cmake)
[1.053s] -- Found rosidl_adapter: 3.1.5 (/opt/ros/humble/share/rosidl_adapter/cmake)
[1.070s] -- Found rosidl_generator_cpp: 3.1.5 (/opt/ros/humble/share/rosidl_generator_cpp/cmake)
[1.097s] -- Using all available rosidl_typesupport_c: rosidl_typesupport_fastrtps_c;rosidl_typesupport_introspection_c
[1.133s] -- Using all available rosidl_typesupport_cpp: rosidl_typesupport_fastrtps_cpp;rosidl_typesupport_introspection_cpp
[1.972s] -- Found rmw_implementation_cmake: 6.1.1 (/opt/ros/humble/share/rmw_implementation_cmake/cmake)
[1.977s] -- Found rmw_cyclonedds_cpp: 1.3.4 (/opt/ros/humble/share/rmw_cyclonedds_cpp/cmake)
[2.027s] -- Using RMW implementation 'rmw_cyclonedds_cpp' as default
[2.043s] -- Looking for pthread.h
[2.144s] -- Looking for pthread.h - found
[2.145s] -- Performing Test CMAKE_HAVE_LIBC_PTHREAD
[2.241s] -- Performing Test CMAKE_HAVE_LIBC_PTHREAD - Success
[2.242s] -- Found Threads: TRUE  
[2.545s] [31mCMake Error at CMakeLists.txt:13 (find_package):
[2.545s]   By not providing "Findexample_interfaces.cmake" in CMAKE_MODULE_PATH this
[2.545s]   project has asked CMake to find a package configuration file provided by
[2.546s]   "example_interfaces", but CMake did not find one.
[2.546s] 
[2.546s]   Could not find a package configuration file provided by
[2.546s]   "example_interfaces" with any of the following names:
[2.546s] 
[2.546s]     example_interfacesConfig.cmake
[2.546s]     example_interfaces-config.cmake
[2.546s] 
[2.546s]   Add the installation prefix of "example_interfaces" to CMAKE_PREFIX_PATH or
[2.546s]   set "example_interfaces_DIR" to a directory containing one of the above
[2.546s]   files.  If "example_interfaces" provides a separate development package or
[2.547s]   SDK, be sure it has been installed.
[2.547s] 
[2.547s] [0m
[2.547s] -- Configuring incomplete, errors occurred!
[2.547s] See also "/home/duser/ros2_kortex-ros2ws/build/picknik_twist_controller/CMakeFiles/CMakeOutput.log".
