[35m[1mConsolidate compiler generated dependencies of target controller_manager_msgs__rosidl_generator_c[0m
[  0%] Built target controller_manager_msgs__cpp
[ 12%] Built target controller_manager_msgs__rosidl_generator_c
[35m[1mConsolidate compiler generated dependencies of target controller_manager_msgs__rosidl_typesupport_cpp[0m
[35m[1mConsolidate compiler generated dependencies of target controller_manager_msgs__rosidl_typesupport_fastrtps_cpp[0m
[35m[1mConsolidate compiler generated dependencies of target controller_manager_msgs__rosidl_typesupport_introspection_cpp[0m
[ 12%] Built target ament_cmake_python_copy_controller_manager_msgs
[35m[1mConsolidate compiler generated dependencies of target controller_manager_msgs__rosidl_typesupport_fastrtps_c[0m
[35m[1mConsolidate compiler generated dependencies of target controller_manager_msgs__rosidl_typesupport_c[0m
[35m[1mConsolidate compiler generated dependencies of target controller_manager_msgs__rosidl_typesupport_introspection_c[0m
[ 24%] Built target controller_manager_msgs__rosidl_typesupport_cpp
[ 36%] Built target controller_manager_msgs__rosidl_typesupport_introspection_cpp
[ 48%] Built target controller_manager_msgs__rosidl_typesupport_fastrtps_cpp
[ 60%] Built target controller_manager_msgs__rosidl_typesupport_c
[ 72%] Built target controller_manager_msgs__rosidl_typesupport_fastrtps_c
[ 84%] Built target controller_manager_msgs__rosidl_typesupport_introspection_c
[ 84%] Built target controller_manager_msgs
[ 85%] Built target controller_manager_msgs__py
[35m[1mConsolidate compiler generated dependencies of target controller_manager_msgs__rosidl_generator_py[0m
[ 96%] Built target controller_manager_msgs__rosidl_generator_py
[35m[1mConsolidate compiler generated dependencies of target controller_manager_msgs__rosidl_typesupport_fastrtps_c__pyext[0m
[35m[1mConsolidate compiler generated dependencies of target controller_manager_msgs__rosidl_typesupport_introspection_c__pyext[0m
[35m[1mConsolidate compiler generated dependencies of target controller_manager_msgs__rosidl_typesupport_c__pyext[0m
[ 98%] Built target controller_manager_msgs__rosidl_typesupport_fastrtps_c__pyext
[ 99%] Built target controller_manager_msgs__rosidl_typesupport_introspection_c__pyext
[100%] Built target controller_manager_msgs__rosidl_typesupport_c__pyext
running egg_info
writing controller_manager_msgs.egg-info/PKG-INFO
writing dependency_links to controller_manager_msgs.egg-info/dependency_links.txt
writing top-level names to controller_manager_msgs.egg-info/top_level.txt
reading manifest file 'controller_manager_msgs.egg-info/SOURCES.txt'
writing manifest file 'controller_manager_msgs.egg-info/SOURCES.txt'
[100%] Built target ament_cmake_python_build_controller_manager_msgs_egg
-- Install configuration: "Release"
-- Installing: /home/duser/ros2_kortex-ros2ws/install/controller_manager_msgs/share/ament_index/resource_index/rosidl_interfaces/controller_manager_msgs
-- Installing: /home/duser/ros2_kortex-ros2ws/install/controller_manager_msgs/include/controller_manager_msgs/controller_manager_msgs
-- Installing: /home/duser/ros2_kortex-ros2ws/install/controller_manager_msgs/include/controller_manager_msgs/controller_manager_msgs/msg
-- Installing: /home/duser/ros2_kortex-ros2ws/install/controller_manager_msgs/include/controller_manager_msgs/controller_manager_msgs/msg/rosidl_generator_c__visibility_control.h
-- Installing: /home/duser/ros2_kortex-ros2ws/install/controller_manager_msgs/include/controller_manager_msgs/controller_manager_msgs/msg/chain_connection.h
-- Installing: /home/duser/ros2_kortex-ros2ws/install/controller_manager_msgs/include/controller_manager_msgs/controller_manager_msgs/msg/detail
-- Installing: /home/duser/ros2_kortex-ros2ws/install/controller_manager_msgs/include/controller_manager_msgs/controller_manager_msgs/msg/detail/hardware_component_state__functions.c
-- Installing: /home/duser/ros2_kortex-ros2ws/install/controller_manager_msgs/include/controller_manager_msgs/controller_manager_msgs/msg/detail/chain_connection__functions.c
-- Installing: /home/duser/ros2_kortex-ros2ws/install/controller_manager_msgs/include/controller_manager_msgs/controller_manager_msgs/msg/detail/hardware_component_state__struct.h
-- Installing: /home/duser/ros2_kortex-ros2ws/install/controller_manager_msgs/include/controller_manager_msgs/controller_manager_msgs/msg/detail/chain_connection__functions.h
-- Installing: /home/duser/ros2_kortex-ros2ws/install/controller_manager_msgs/include/controller_manager_msgs/controller_manager_msgs/msg/detail/chain_connection__type_support.h
-- Installing: /home/duser/ros2_kortex-ros2ws/install/controller_manager_msgs/include/controller_manager_msgs/controller_manager_msgs/msg/detail/chain_connection__struct.h
-- Installing: /home/duser/ros2_kortex-ros2ws/install/controller_manager_msgs/include/controller_manager_msgs/controller_manager_msgs/msg/detail/hardware_interface__functions.c
-- Installing: /home/duser/ros2_kortex-ros2ws/install/controller_manager_msgs/include/controller_manager_msgs/controller_manager_msgs/msg/detail/controller_state__functions.c
-- Installing: /home/duser/ros2_kortex-ros2ws/install/controller_manager_msgs/include/controller_manager_msgs/controller_manager_msgs/msg/detail/hardware_interface__type_support.h
-- Installing: /home/duser/ros2_kortex-ros2ws/install/controller_manager_msgs/include/controller_manager_msgs/controller_manager_msgs/msg/detail/controller_state__type_support.h
-- Installing: /home/duser/ros2_kortex-ros2ws/install/controller_manager_msgs/include/controller_manager_msgs/controller_manager_msgs/msg/detail/hardware_component_state__functions.h
-- Installing: /home/duser/ros2_kortex-ros2ws/install/controller_manager_msgs/include/controller_manager_msgs/controller_manager_msgs/msg/detail/hardware_interface__struct.h
-- Installing: /home/duser/ros2_kortex-ros2ws/install/controller_manager_msgs/include/controller_manager_msgs/controller_manager_msgs/msg/detail/controller_state__functions.h
-- Installing: /home/duser/ros2_kortex-ros2ws/install/controller_manager_msgs/include/controller_manager_msgs/controller_manager_msgs/msg/detail/hardware_interface__functions.h
-- Installing: /home/duser/ros2_kortex-ros2ws/install/controller_manager_msgs/include/controller_manager_msgs/controller_manager_msgs/msg/detail/controller_state__struct.h
-- Installing: /home/duser/ros2_kortex-ros2ws/install/controller_manager_msgs/include/controller_manager_msgs/controller_manager_msgs/msg/detail/hardware_component_state__type_support.h
-- Installing: /home/duser/ros2_kortex-ros2ws/install/controller_manager_msgs/include/controller_manager_msgs/controller_manager_msgs/msg/hardware_component_state.h
-- Installing: /home/duser/ros2_kortex-ros2ws/install/controller_manager_msgs/include/controller_manager_msgs/controller_manager_msgs/msg/hardware_interface.h
-- Installing: /home/duser/ros2_kortex-ros2ws/install/controller_manager_msgs/include/controller_manager_msgs/controller_manager_msgs/msg/controller_state.h
-- Installing: /home/duser/ros2_kortex-ros2ws/install/controller_manager_msgs/include/controller_manager_msgs/controller_manager_msgs/srv
-- Installing: /home/duser/ros2_kortex-ros2ws/install/controller_manager_msgs/include/controller_manager_msgs/controller_manager_msgs/srv/configure_controller.h
-- Installing: /home/duser/ros2_kortex-ros2ws/install/controller_manager_msgs/include/controller_manager_msgs/controller_manager_msgs/srv/switch_controller.h
-- Installing: /home/duser/ros2_kortex-ros2ws/install/controller_manager_msgs/include/controller_manager_msgs/controller_manager_msgs/srv/set_hardware_component_state.h
-- Installing: /home/duser/ros2_kortex-ros2ws/install/controller_manager_msgs/include/controller_manager_msgs/controller_manager_msgs/srv/detail
-- Installing: /home/duser/ros2_kortex-ros2ws/install/controller_manager_msgs/include/controller_manager_msgs/controller_manager_msgs/srv/detail/list_hardware_interfaces__struct.h
-- Installing: /home/duser/ros2_kortex-ros2ws/install/controller_manager_msgs/include/controller_manager_msgs/controller_manager_msgs/srv/detail/reload_controller_libraries__struct.h
-- Installing: /home/duser/ros2_kortex-ros2ws/install/controller_manager_msgs/include/controller_manager_msgs/controller_manager_msgs/srv/detail/list_hardware_components__struct.h
-- Installing: /home/duser/ros2_kortex-ros2ws/install/controller_manager_msgs/include/controller_manager_msgs/controller_manager_msgs/srv/detail/switch_controller__type_support.h
-- Installing: /home/duser/ros2_kortex-ros2ws/install/controller_manager_msgs/include/controller_manager_msgs/controller_manager_msgs/srv/detail/configure_controller__functions.h
-- Installing: /home/duser/ros2_kortex-ros2ws/install/controller_manager_msgs/include/controller_manager_msgs/controller_manager_msgs/srv/detail/load_controller__functions.h
-- Installing: /home/duser/ros2_kortex-ros2ws/install/controller_manager_msgs/include/controller_manager_msgs/controller_manager_msgs/srv/detail/configure_controller__type_support.h
-- Installing: /home/duser/ros2_kortex-ros2ws/install/controller_manager_msgs/include/controller_manager_msgs/controller_manager_msgs/srv/detail/reload_controller_libraries__functions.c
-- Installing: /home/duser/ros2_kortex-ros2ws/install/controller_manager_msgs/include/controller_manager_msgs/controller_manager_msgs/srv/detail/list_hardware_components__functions.h
-- Installing: /home/duser/ros2_kortex-ros2ws/install/controller_manager_msgs/include/controller_manager_msgs/controller_manager_msgs/srv/detail/switch_controller__functions.c
-- Installing: /home/duser/ros2_kortex-ros2ws/install/controller_manager_msgs/include/controller_manager_msgs/controller_manager_msgs/srv/detail/reload_controller_libraries__type_support.h
-- Installing: /home/duser/ros2_kortex-ros2ws/install/controller_manager_msgs/include/controller_manager_msgs/controller_manager_msgs/srv/detail/load_controller__functions.c
-- Installing: /home/duser/ros2_kortex-ros2ws/install/controller_manager_msgs/include/controller_manager_msgs/controller_manager_msgs/srv/detail/load_controller__type_support.h
-- Installing: /home/duser/ros2_kortex-ros2ws/install/controller_manager_msgs/include/controller_manager_msgs/controller_manager_msgs/srv/detail/list_hardware_interfaces__functions.h
-- Installing: /home/duser/ros2_kortex-ros2ws/install/controller_manager_msgs/include/controller_manager_msgs/controller_manager_msgs/srv/detail/list_hardware_components__type_support.h
-- Installing: /home/duser/ros2_kortex-ros2ws/install/controller_manager_msgs/include/controller_manager_msgs/controller_manager_msgs/srv/detail/unload_controller__struct.h
-- Installing: /home/duser/ros2_kortex-ros2ws/install/controller_manager_msgs/include/controller_manager_msgs/controller_manager_msgs/srv/detail/list_hardware_interfaces__functions.c
-- Installing: /home/duser/ros2_kortex-ros2ws/install/controller_manager_msgs/include/controller_manager_msgs/controller_manager_msgs/srv/detail/list_controllers__struct.h
-- Installing: /home/duser/ros2_kortex-ros2ws/install/controller_manager_msgs/include/controller_manager_msgs/controller_manager_msgs/srv/detail/list_hardware_components__functions.c
-- Installing: /home/duser/ros2_kortex-ros2ws/install/controller_manager_msgs/include/controller_manager_msgs/controller_manager_msgs/srv/detail/list_hardware_interfaces__type_support.h
-- Installing: /home/duser/ros2_kortex-ros2ws/install/controller_manager_msgs/include/controller_manager_msgs/controller_manager_msgs/srv/detail/list_controller_types__type_support.h
-- Installing: /home/duser/ros2_kortex-ros2ws/install/controller_manager_msgs/include/controller_manager_msgs/controller_manager_msgs/srv/detail/set_hardware_component_state__struct.h
-- Installing: /home/duser/ros2_kortex-ros2ws/install/controller_manager_msgs/include/controller_manager_msgs/controller_manager_msgs/srv/detail/unload_controller__functions.c
-- Installing: /home/duser/ros2_kortex-ros2ws/install/controller_manager_msgs/include/controller_manager_msgs/controller_manager_msgs/srv/detail/set_hardware_component_state__functions.h
-- Installing: /home/duser/ros2_kortex-ros2ws/install/controller_manager_msgs/include/controller_manager_msgs/controller_manager_msgs/srv/detail/list_controller_types__struct.h
-- Installing: /home/duser/ros2_kortex-ros2ws/install/controller_manager_msgs/include/controller_manager_msgs/controller_manager_msgs/srv/detail/load_controller__struct.h
-- Installing: /home/duser/ros2_kortex-ros2ws/install/controller_manager_msgs/include/controller_manager_msgs/controller_manager_msgs/srv/detail/list_controllers__functions.c
-- Installing: /home/duser/ros2_kortex-ros2ws/install/controller_manager_msgs/include/controller_manager_msgs/controller_manager_msgs/srv/detail/reload_controller_libraries__functions.h
-- Installing: /home/duser/ros2_kortex-ros2ws/install/controller_manager_msgs/include/controller_manager_msgs/controller_manager_msgs/srv/detail/set_hardware_component_state__functions.c
-- Installing: /home/duser/ros2_kortex-ros2ws/install/controller_manager_msgs/include/controller_manager_msgs/controller_manager_msgs/srv/detail/list_controllers__functions.h
-- Installing: /home/duser/ros2_kortex-ros2ws/install/controller_manager_msgs/include/controller_manager_msgs/controller_manager_msgs/srv/detail/configure_controller__functions.c
-- Installing: /home/duser/ros2_kortex-ros2ws/install/controller_manager_msgs/include/controller_manager_msgs/controller_manager_msgs/srv/detail/configure_controller__struct.h
-- Installing: /home/duser/ros2_kortex-ros2ws/install/controller_manager_msgs/include/controller_manager_msgs/controller_manager_msgs/srv/detail/switch_controller__functions.h
-- Installing: /home/duser/ros2_kortex-ros2ws/install/controller_manager_msgs/include/controller_manager_msgs/controller_manager_msgs/srv/detail/switch_controller__struct.h
-- Installing: /home/duser/ros2_kortex-ros2ws/install/controller_manager_msgs/include/controller_manager_msgs/controller_manager_msgs/srv/detail/unload_controller__functions.h
-- Installing: /home/duser/ros2_kortex-ros2ws/install/controller_manager_msgs/include/controller_manager_msgs/controller_manager_msgs/srv/detail/unload_controller__type_support.h
-- Installing: /home/duser/ros2_kortex-ros2ws/install/controller_manager_msgs/include/controller_manager_msgs/controller_manager_msgs/srv/detail/list_controller_types__functions.h
-- Installing: /home/duser/ros2_kortex-ros2ws/install/controller_manager_msgs/include/controller_manager_msgs/controller_manager_msgs/srv/detail/list_controller_types__functions.c
-- Installing: /home/duser/ros2_kortex-ros2ws/install/controller_manager_msgs/include/controller_manager_msgs/controller_manager_msgs/srv/detail/set_hardware_component_state__type_support.h
-- Installing: /home/duser/ros2_kortex-ros2ws/install/controller_manager_msgs/include/controller_manager_msgs/controller_manager_msgs/srv/detail/list_controllers__type_support.h
-- Installing: /home/duser/ros2_kortex-ros2ws/install/controller_manager_msgs/include/controller_manager_msgs/controller_manager_msgs/srv/list_hardware_interfaces.h
-- Installing: /home/duser/ros2_kortex-ros2ws/install/controller_manager_msgs/include/controller_manager_msgs/controller_manager_msgs/srv/load_controller.h
-- Installing: /home/duser/ros2_kortex-ros2ws/install/controller_manager_msgs/include/controller_manager_msgs/controller_manager_msgs/srv/list_controllers.h
-- Installing: /home/duser/ros2_kortex-ros2ws/install/controller_manager_msgs/include/controller_manager_msgs/controller_manager_msgs/srv/list_controller_types.h
-- Installing: /home/duser/ros2_kortex-ros2ws/install/controller_manager_msgs/include/controller_manager_msgs/controller_manager_msgs/srv/unload_controller.h
-- Installing: /home/duser/ros2_kortex-ros2ws/install/controller_manager_msgs/include/controller_manager_msgs/controller_manager_msgs/srv/list_hardware_components.h
-- Installing: /home/duser/ros2_kortex-ros2ws/install/controller_manager_msgs/include/controller_manager_msgs/controller_manager_msgs/srv/reload_controller_libraries.h
-- Installing: /home/duser/ros2_kortex-ros2ws/install/controller_manager_msgs/share/controller_manager_msgs/environment/library_path.sh
-- Installing: /home/duser/ros2_kortex-ros2ws/install/controller_manager_msgs/share/controller_manager_msgs/environment/library_path.dsv
-- Installing: /home/duser/ros2_kortex-ros2ws/install/controller_manager_msgs/lib/libcontroller_manager_msgs__rosidl_generator_c.so
-- Set runtime path of "/home/duser/ros2_kortex-ros2ws/install/controller_manager_msgs/lib/libcontroller_manager_msgs__rosidl_generator_c.so" to ""
-- Up-to-date: /home/duser/ros2_kortex-ros2ws/install/controller_manager_msgs/include/controller_manager_msgs/controller_manager_msgs
-- Up-to-date: /home/duser/ros2_kortex-ros2ws/install/controller_manager_msgs/include/controller_manager_msgs/controller_manager_msgs/msg
-- Up-to-date: /home/duser/ros2_kortex-ros2ws/install/controller_manager_msgs/include/controller_manager_msgs/controller_manager_msgs/msg/detail
-- Installing: /home/duser/ros2_kortex-ros2ws/install/controller_manager_msgs/include/controller_manager_msgs/controller_manager_msgs/msg/detail/hardware_interface__rosidl_typesupport_fastrtps_c.h
-- Installing: /home/duser/ros2_kortex-ros2ws/install/controller_manager_msgs/include/controller_manager_msgs/controller_manager_msgs/msg/detail/controller_state__rosidl_typesupport_fastrtps_c.h
-- Installing: /home/duser/ros2_kortex-ros2ws/install/controller_manager_msgs/include/controller_manager_msgs/controller_manager_msgs/msg/detail/chain_connection__rosidl_typesupport_fastrtps_c.h
-- Installing: /home/duser/ros2_kortex-ros2ws/install/controller_manager_msgs/include/controller_manager_msgs/controller_manager_msgs/msg/detail/hardware_component_state__rosidl_typesupport_fastrtps_c.h
-- Installing: /home/duser/ros2_kortex-ros2ws/install/controller_manager_msgs/include/controller_manager_msgs/controller_manager_msgs/msg/rosidl_typesupport_fastrtps_c__visibility_control.h
-- Up-to-date: /home/duser/ros2_kortex-ros2ws/install/controller_manager_msgs/include/controller_manager_msgs/controller_manager_msgs/srv
-- Up-to-date: /home/duser/ros2_kortex-ros2ws/install/controller_manager_msgs/include/controller_manager_msgs/controller_manager_msgs/srv/detail
-- Installing: /home/duser/ros2_kortex-ros2ws/install/controller_manager_msgs/include/controller_manager_msgs/controller_manager_msgs/srv/detail/list_hardware_components__rosidl_typesupport_fastrtps_c.h
-- Installing: /home/duser/ros2_kortex-ros2ws/install/controller_manager_msgs/include/controller_manager_msgs/controller_manager_msgs/srv/detail/configure_controller__rosidl_typesupport_fastrtps_c.h
-- Installing: /home/duser/ros2_kortex-ros2ws/install/controller_manager_msgs/include/controller_manager_msgs/controller_manager_msgs/srv/detail/load_controller__rosidl_typesupport_fastrtps_c.h
-- Installing: /home/duser/ros2_kortex-ros2ws/install/controller_manager_msgs/include/controller_manager_msgs/controller_manager_msgs/srv/detail/set_hardware_component_state__rosidl_typesupport_fastrtps_c.h
-- Installing: /home/duser/ros2_kortex-ros2ws/install/controller_manager_msgs/include/controller_manager_msgs/controller_manager_msgs/srv/detail/switch_controller__rosidl_typesupport_fastrtps_c.h
-- Installing: /home/duser/ros2_kortex-ros2ws/install/controller_manager_msgs/include/controller_manager_msgs/controller_manager_msgs/srv/detail/unload_controller__rosidl_typesupport_fastrtps_c.h
-- Installing: /home/duser/ros2_kortex-ros2ws/install/controller_manager_msgs/include/controller_manager_msgs/controller_manager_msgs/srv/detail/list_controllers__rosidl_typesupport_fastrtps_c.h
-- Installing: /home/duser/ros2_kortex-ros2ws/install/controller_manager_msgs/include/controller_manager_msgs/controller_manager_msgs/srv/detail/list_hardware_interfaces__rosidl_typesupport_fastrtps_c.h
-- Installing: /home/duser/ros2_kortex-ros2ws/install/controller_manager_msgs/include/controller_manager_msgs/controller_manager_msgs/srv/detail/list_controller_types__rosidl_typesupport_fastrtps_c.h
-- Installing: /home/duser/ros2_kortex-ros2ws/install/controller_manager_msgs/include/controller_manager_msgs/controller_manager_msgs/srv/detail/reload_controller_libraries__rosidl_typesupport_fastrtps_c.h
-- Installing: /home/duser/ros2_kortex-ros2ws/install/controller_manager_msgs/lib/libcontroller_manager_msgs__rosidl_typesupport_fastrtps_c.so
-- Set runtime path of "/home/duser/ros2_kortex-ros2ws/install/controller_manager_msgs/lib/libcontroller_manager_msgs__rosidl_typesupport_fastrtps_c.so" to ""
-- Up-to-date: /home/duser/ros2_kortex-ros2ws/install/controller_manager_msgs/include/controller_manager_msgs/controller_manager_msgs
-- Up-to-date: /home/duser/ros2_kortex-ros2ws/install/controller_manager_msgs/include/controller_manager_msgs/controller_manager_msgs/msg
-- Installing: /home/duser/ros2_kortex-ros2ws/install/controller_manager_msgs/include/controller_manager_msgs/controller_manager_msgs/msg/hardware_interface.hpp
-- Installing: /home/duser/ros2_kortex-ros2ws/install/controller_manager_msgs/include/controller_manager_msgs/controller_manager_msgs/msg/chain_connection.hpp
-- Installing: /home/duser/ros2_kortex-ros2ws/install/controller_manager_msgs/include/controller_manager_msgs/controller_manager_msgs/msg/controller_state.hpp
-- Up-to-date: /home/duser/ros2_kortex-ros2ws/install/controller_manager_msgs/include/controller_manager_msgs/controller_manager_msgs/msg/detail
-- Installing: /home/duser/ros2_kortex-ros2ws/install/controller_manager_msgs/include/controller_manager_msgs/controller_manager_msgs/msg/detail/controller_state__builder.hpp
-- Installing: /home/duser/ros2_kortex-ros2ws/install/controller_manager_msgs/include/controller_manager_msgs/controller_manager_msgs/msg/detail/chain_connection__struct.hpp
-- Installing: /home/duser/ros2_kortex-ros2ws/install/controller_manager_msgs/include/controller_manager_msgs/controller_manager_msgs/msg/detail/hardware_interface__traits.hpp
-- Installing: /home/duser/ros2_kortex-ros2ws/install/controller_manager_msgs/include/controller_manager_msgs/controller_manager_msgs/msg/detail/controller_state__struct.hpp
-- Installing: /home/duser/ros2_kortex-ros2ws/install/controller_manager_msgs/include/controller_manager_msgs/controller_manager_msgs/msg/detail/hardware_interface__struct.hpp
-- Installing: /home/duser/ros2_kortex-ros2ws/install/controller_manager_msgs/include/controller_manager_msgs/controller_manager_msgs/msg/detail/controller_state__traits.hpp
-- Installing: /home/duser/ros2_kortex-ros2ws/install/controller_manager_msgs/include/controller_manager_msgs/controller_manager_msgs/msg/detail/hardware_component_state__struct.hpp
-- Installing: /home/duser/ros2_kortex-ros2ws/install/controller_manager_msgs/include/controller_manager_msgs/controller_manager_msgs/msg/detail/hardware_interface__builder.hpp
-- Installing: /home/duser/ros2_kortex-ros2ws/install/controller_manager_msgs/include/controller_manager_msgs/controller_manager_msgs/msg/detail/chain_connection__builder.hpp
-- Installing: /home/duser/ros2_kortex-ros2ws/install/controller_manager_msgs/include/controller_manager_msgs/controller_manager_msgs/msg/detail/hardware_component_state__builder.hpp
-- Installing: /home/duser/ros2_kortex-ros2ws/install/controller_manager_msgs/include/controller_manager_msgs/controller_manager_msgs/msg/detail/chain_connection__traits.hpp
-- Installing: /home/duser/ros2_kortex-ros2ws/install/controller_manager_msgs/include/controller_manager_msgs/controller_manager_msgs/msg/detail/hardware_component_state__traits.hpp
-- Installing: /home/duser/ros2_kortex-ros2ws/install/controller_manager_msgs/include/controller_manager_msgs/controller_manager_msgs/msg/hardware_component_state.hpp
-- Up-to-date: /home/duser/ros2_kortex-ros2ws/install/controller_manager_msgs/include/controller_manager_msgs/controller_manager_msgs/srv
-- Installing: /home/duser/ros2_kortex-ros2ws/install/controller_manager_msgs/include/controller_manager_msgs/controller_manager_msgs/srv/unload_controller.hpp
-- Installing: /home/duser/ros2_kortex-ros2ws/install/controller_manager_msgs/include/controller_manager_msgs/controller_manager_msgs/srv/list_controllers.hpp
-- Installing: /home/duser/ros2_kortex-ros2ws/install/controller_manager_msgs/include/controller_manager_msgs/controller_manager_msgs/srv/reload_controller_libraries.hpp
-- Installing: /home/duser/ros2_kortex-ros2ws/install/controller_manager_msgs/include/controller_manager_msgs/controller_manager_msgs/srv/list_hardware_components.hpp
-- Installing: /home/duser/ros2_kortex-ros2ws/install/controller_manager_msgs/include/controller_manager_msgs/controller_manager_msgs/srv/set_hardware_component_state.hpp
-- Up-to-date: /home/duser/ros2_kortex-ros2ws/install/controller_manager_msgs/include/controller_manager_msgs/controller_manager_msgs/srv/detail
-- Installing: /home/duser/ros2_kortex-ros2ws/install/controller_manager_msgs/include/controller_manager_msgs/controller_manager_msgs/srv/detail/list_hardware_interfaces__traits.hpp
-- Installing: /home/duser/ros2_kortex-ros2ws/install/controller_manager_msgs/include/controller_manager_msgs/controller_manager_msgs/srv/detail/list_hardware_components__struct.hpp
-- Installing: /home/duser/ros2_kortex-ros2ws/install/controller_manager_msgs/include/controller_manager_msgs/controller_manager_msgs/srv/detail/list_controllers__builder.hpp
-- Installing: /home/duser/ros2_kortex-ros2ws/install/controller_manager_msgs/include/controller_manager_msgs/controller_manager_msgs/srv/detail/list_controller_types__traits.hpp
-- Installing: /home/duser/ros2_kortex-ros2ws/install/controller_manager_msgs/include/controller_manager_msgs/controller_manager_msgs/srv/detail/unload_controller__builder.hpp
-- Installing: /home/duser/ros2_kortex-ros2ws/install/controller_manager_msgs/include/controller_manager_msgs/controller_manager_msgs/srv/detail/reload_controller_libraries__builder.hpp
-- Installing: /home/duser/ros2_kortex-ros2ws/install/controller_manager_msgs/include/controller_manager_msgs/controller_manager_msgs/srv/detail/list_hardware_components__traits.hpp
-- Installing: /home/duser/ros2_kortex-ros2ws/install/controller_manager_msgs/include/controller_manager_msgs/controller_manager_msgs/srv/detail/switch_controller__traits.hpp
-- Installing: /home/duser/ros2_kortex-ros2ws/install/controller_manager_msgs/include/controller_manager_msgs/controller_manager_msgs/srv/detail/list_controllers__struct.hpp
-- Installing: /home/duser/ros2_kortex-ros2ws/install/controller_manager_msgs/include/controller_manager_msgs/controller_manager_msgs/srv/detail/list_hardware_interfaces__struct.hpp
-- Installing: /home/duser/ros2_kortex-ros2ws/install/controller_manager_msgs/include/controller_manager_msgs/controller_manager_msgs/srv/detail/set_hardware_component_state__traits.hpp
-- Installing: /home/duser/ros2_kortex-ros2ws/install/controller_manager_msgs/include/controller_manager_msgs/controller_manager_msgs/srv/detail/load_controller__traits.hpp
-- Installing: /home/duser/ros2_kortex-ros2ws/install/controller_manager_msgs/include/controller_manager_msgs/controller_manager_msgs/srv/detail/load_controller__builder.hpp
-- Installing: /home/duser/ros2_kortex-ros2ws/install/controller_manager_msgs/include/controller_manager_msgs/controller_manager_msgs/srv/detail/list_hardware_components__builder.hpp
-- Installing: /home/duser/ros2_kortex-ros2ws/install/controller_manager_msgs/include/controller_manager_msgs/controller_manager_msgs/srv/detail/set_hardware_component_state__builder.hpp
-- Installing: /home/duser/ros2_kortex-ros2ws/install/controller_manager_msgs/include/controller_manager_msgs/controller_manager_msgs/srv/detail/set_hardware_component_state__struct.hpp
-- Installing: /home/duser/ros2_kortex-ros2ws/install/controller_manager_msgs/include/controller_manager_msgs/controller_manager_msgs/srv/detail/list_hardware_interfaces__builder.hpp
-- Installing: /home/duser/ros2_kortex-ros2ws/install/controller_manager_msgs/include/controller_manager_msgs/controller_manager_msgs/srv/detail/unload_controller__traits.hpp
-- Installing: /home/duser/ros2_kortex-ros2ws/install/controller_manager_msgs/include/controller_manager_msgs/controller_manager_msgs/srv/detail/list_controller_types__builder.hpp
-- Installing: /home/duser/ros2_kortex-ros2ws/install/controller_manager_msgs/include/controller_manager_msgs/controller_manager_msgs/srv/detail/configure_controller__struct.hpp
-- Installing: /home/duser/ros2_kortex-ros2ws/install/controller_manager_msgs/include/controller_manager_msgs/controller_manager_msgs/srv/detail/load_controller__struct.hpp
-- Installing: /home/duser/ros2_kortex-ros2ws/install/controller_manager_msgs/include/controller_manager_msgs/controller_manager_msgs/srv/detail/list_controllers__traits.hpp
-- Installing: /home/duser/ros2_kortex-ros2ws/install/controller_manager_msgs/include/controller_manager_msgs/controller_manager_msgs/srv/detail/list_controller_types__struct.hpp
-- Installing: /home/duser/ros2_kortex-ros2ws/install/controller_manager_msgs/include/controller_manager_msgs/controller_manager_msgs/srv/detail/reload_controller_libraries__traits.hpp
-- Installing: /home/duser/ros2_kortex-ros2ws/install/controller_manager_msgs/include/controller_manager_msgs/controller_manager_msgs/srv/detail/switch_controller__struct.hpp
-- Installing: /home/duser/ros2_kortex-ros2ws/install/controller_manager_msgs/include/controller_manager_msgs/controller_manager_msgs/srv/detail/configure_controller__traits.hpp
-- Installing: /home/duser/ros2_kortex-ros2ws/install/controller_manager_msgs/include/controller_manager_msgs/controller_manager_msgs/srv/detail/configure_controller__builder.hpp
-- Installing: /home/duser/ros2_kortex-ros2ws/install/controller_manager_msgs/include/controller_manager_msgs/controller_manager_msgs/srv/detail/switch_controller__builder.hpp
-- Installing: /home/duser/ros2_kortex-ros2ws/install/controller_manager_msgs/include/controller_manager_msgs/controller_manager_msgs/srv/detail/reload_controller_libraries__struct.hpp
-- Installing: /home/duser/ros2_kortex-ros2ws/install/controller_manager_msgs/include/controller_manager_msgs/controller_manager_msgs/srv/detail/unload_controller__struct.hpp
-- Installing: /home/duser/ros2_kortex-ros2ws/install/controller_manager_msgs/include/controller_manager_msgs/controller_manager_msgs/srv/list_hardware_interfaces.hpp
-- Installing: /home/duser/ros2_kortex-ros2ws/install/controller_manager_msgs/include/controller_manager_msgs/controller_manager_msgs/srv/load_controller.hpp
-- Installing: /home/duser/ros2_kortex-ros2ws/install/controller_manager_msgs/include/controller_manager_msgs/controller_manager_msgs/srv/list_controller_types.hpp
-- Installing: /home/duser/ros2_kortex-ros2ws/install/controller_manager_msgs/include/controller_manager_msgs/controller_manager_msgs/srv/switch_controller.hpp
-- Installing: /home/duser/ros2_kortex-ros2ws/install/controller_manager_msgs/include/controller_manager_msgs/controller_manager_msgs/srv/configure_controller.hpp
-- Up-to-date: /home/duser/ros2_kortex-ros2ws/install/controller_manager_msgs/include/controller_manager_msgs/controller_manager_msgs
-- Up-to-date: /home/duser/ros2_kortex-ros2ws/install/controller_manager_msgs/include/controller_manager_msgs/controller_manager_msgs/msg
-- Installing: /home/duser/ros2_kortex-ros2ws/install/controller_manager_msgs/include/controller_manager_msgs/controller_manager_msgs/msg/rosidl_typesupport_fastrtps_cpp__visibility_control.h
-- Up-to-date: /home/duser/ros2_kortex-ros2ws/install/controller_manager_msgs/include/controller_manager_msgs/controller_manager_msgs/msg/detail
-- Installing: /home/duser/ros2_kortex-ros2ws/install/controller_manager_msgs/include/controller_manager_msgs/controller_manager_msgs/msg/detail/dds_fastrtps
-- Installing: /home/duser/ros2_kortex-ros2ws/install/controller_manager_msgs/include/controller_manager_msgs/controller_manager_msgs/msg/detail/controller_state__rosidl_typesupport_fastrtps_cpp.hpp
-- Installing: /home/duser/ros2_kortex-ros2ws/install/controller_manager_msgs/include/controller_manager_msgs/controller_manager_msgs/msg/detail/chain_connection__rosidl_typesupport_fastrtps_cpp.hpp
-- Installing: /home/duser/ros2_kortex-ros2ws/install/controller_manager_msgs/include/controller_manager_msgs/controller_manager_msgs/msg/detail/hardware_component_state__rosidl_typesupport_fastrtps_cpp.hpp
-- Installing: /home/duser/ros2_kortex-ros2ws/install/controller_manager_msgs/include/controller_manager_msgs/controller_manager_msgs/msg/detail/hardware_interface__rosidl_typesupport_fastrtps_cpp.hpp
-- Up-to-date: /home/duser/ros2_kortex-ros2ws/install/controller_manager_msgs/include/controller_manager_msgs/controller_manager_msgs/srv
-- Up-to-date: /home/duser/ros2_kortex-ros2ws/install/controller_manager_msgs/include/controller_manager_msgs/controller_manager_msgs/srv/detail
-- Installing: /home/duser/ros2_kortex-ros2ws/install/controller_manager_msgs/include/controller_manager_msgs/controller_manager_msgs/srv/detail/switch_controller__rosidl_typesupport_fastrtps_cpp.hpp
-- Installing: /home/duser/ros2_kortex-ros2ws/install/controller_manager_msgs/include/controller_manager_msgs/controller_manager_msgs/srv/detail/configure_controller__rosidl_typesupport_fastrtps_cpp.hpp
-- Installing: /home/duser/ros2_kortex-ros2ws/install/controller_manager_msgs/include/controller_manager_msgs/controller_manager_msgs/srv/detail/load_controller__rosidl_typesupport_fastrtps_cpp.hpp
-- Installing: /home/duser/ros2_kortex-ros2ws/install/controller_manager_msgs/include/controller_manager_msgs/controller_manager_msgs/srv/detail/dds_fastrtps
-- Installing: /home/duser/ros2_kortex-ros2ws/install/controller_manager_msgs/include/controller_manager_msgs/controller_manager_msgs/srv/detail/reload_controller_libraries__rosidl_typesupport_fastrtps_cpp.hpp
-- Installing: /home/duser/ros2_kortex-ros2ws/install/controller_manager_msgs/include/controller_manager_msgs/controller_manager_msgs/srv/detail/list_controllers__rosidl_typesupport_fastrtps_cpp.hpp
-- Installing: /home/duser/ros2_kortex-ros2ws/install/controller_manager_msgs/include/controller_manager_msgs/controller_manager_msgs/srv/detail/list_hardware_interfaces__rosidl_typesupport_fastrtps_cpp.hpp
-- Installing: /home/duser/ros2_kortex-ros2ws/install/controller_manager_msgs/include/controller_manager_msgs/controller_manager_msgs/srv/detail/list_controller_types__rosidl_typesupport_fastrtps_cpp.hpp
-- Installing: /home/duser/ros2_kortex-ros2ws/install/controller_manager_msgs/include/controller_manager_msgs/controller_manager_msgs/srv/detail/set_hardware_component_state__rosidl_typesupport_fastrtps_cpp.hpp
-- Installing: /home/duser/ros2_kortex-ros2ws/install/controller_manager_msgs/include/controller_manager_msgs/controller_manager_msgs/srv/detail/list_hardware_components__rosidl_typesupport_fastrtps_cpp.hpp
-- Installing: /home/duser/ros2_kortex-ros2ws/install/controller_manager_msgs/include/controller_manager_msgs/controller_manager_msgs/srv/detail/unload_controller__rosidl_typesupport_fastrtps_cpp.hpp
-- Installing: /home/duser/ros2_kortex-ros2ws/install/controller_manager_msgs/lib/libcontroller_manager_msgs__rosidl_typesupport_fastrtps_cpp.so
-- Set runtime path of "/home/duser/ros2_kortex-ros2ws/install/controller_manager_msgs/lib/libcontroller_manager_msgs__rosidl_typesupport_fastrtps_cpp.so" to ""
-- Up-to-date: /home/duser/ros2_kortex-ros2ws/install/controller_manager_msgs/include/controller_manager_msgs/controller_manager_msgs
-- Up-to-date: /home/duser/ros2_kortex-ros2ws/install/controller_manager_msgs/include/controller_manager_msgs/controller_manager_msgs/msg
-- Installing: /home/duser/ros2_kortex-ros2ws/install/controller_manager_msgs/include/controller_manager_msgs/controller_manager_msgs/msg/rosidl_typesupport_introspection_c__visibility_control.h
-- Up-to-date: /home/duser/ros2_kortex-ros2ws/install/controller_manager_msgs/include/controller_manager_msgs/controller_manager_msgs/msg/detail
-- Installing: /home/duser/ros2_kortex-ros2ws/install/controller_manager_msgs/include/controller_manager_msgs/controller_manager_msgs/msg/detail/hardware_component_state__type_support.c
-- Installing: /home/duser/ros2_kortex-ros2ws/install/controller_manager_msgs/include/controller_manager_msgs/controller_manager_msgs/msg/detail/hardware_interface__type_support.c
-- Installing: /home/duser/ros2_kortex-ros2ws/install/controller_manager_msgs/include/controller_manager_msgs/controller_manager_msgs/msg/detail/controller_state__rosidl_typesupport_introspection_c.h
-- Installing: /home/duser/ros2_kortex-ros2ws/install/controller_manager_msgs/include/controller_manager_msgs/controller_manager_msgs/msg/detail/chain_connection__rosidl_typesupport_introspection_c.h
-- Installing: /home/duser/ros2_kortex-ros2ws/install/controller_manager_msgs/include/controller_manager_msgs/controller_manager_msgs/msg/detail/controller_state__type_support.c
-- Installing: /home/duser/ros2_kortex-ros2ws/install/controller_manager_msgs/include/controller_manager_msgs/controller_manager_msgs/msg/detail/chain_connection__type_support.c
-- Installing: /home/duser/ros2_kortex-ros2ws/install/controller_manager_msgs/include/controller_manager_msgs/controller_manager_msgs/msg/detail/hardware_interface__rosidl_typesupport_introspection_c.h
-- Installing: /home/duser/ros2_kortex-ros2ws/install/controller_manager_msgs/include/controller_manager_msgs/controller_manager_msgs/msg/detail/hardware_component_state__rosidl_typesupport_introspection_c.h
-- Up-to-date: /home/duser/ros2_kortex-ros2ws/install/controller_manager_msgs/include/controller_manager_msgs/controller_manager_msgs/srv
-- Up-to-date: /home/duser/ros2_kortex-ros2ws/install/controller_manager_msgs/include/controller_manager_msgs/controller_manager_msgs/srv/detail
-- Installing: /home/duser/ros2_kortex-ros2ws/install/controller_manager_msgs/include/controller_manager_msgs/controller_manager_msgs/srv/detail/list_hardware_interfaces__type_support.c
-- Installing: /home/duser/ros2_kortex-ros2ws/install/controller_manager_msgs/include/controller_manager_msgs/controller_manager_msgs/srv/detail/list_controller_types__rosidl_typesupport_introspection_c.h
-- Installing: /home/duser/ros2_kortex-ros2ws/install/controller_manager_msgs/include/controller_manager_msgs/controller_manager_msgs/srv/detail/unload_controller__type_support.c
-- Installing: /home/duser/ros2_kortex-ros2ws/install/controller_manager_msgs/include/controller_manager_msgs/controller_manager_msgs/srv/detail/configure_controller__type_support.c
-- Installing: /home/duser/ros2_kortex-ros2ws/install/controller_manager_msgs/include/controller_manager_msgs/controller_manager_msgs/srv/detail/list_hardware_components__rosidl_typesupport_introspection_c.h
-- Installing: /home/duser/ros2_kortex-ros2ws/install/controller_manager_msgs/include/controller_manager_msgs/controller_manager_msgs/srv/detail/configure_controller__rosidl_typesupport_introspection_c.h
-- Installing: /home/duser/ros2_kortex-ros2ws/install/controller_manager_msgs/include/controller_manager_msgs/controller_manager_msgs/srv/detail/list_controllers__type_support.c
-- Installing: /home/duser/ros2_kortex-ros2ws/install/controller_manager_msgs/include/controller_manager_msgs/controller_manager_msgs/srv/detail/list_controllers__rosidl_typesupport_introspection_c.h
-- Installing: /home/duser/ros2_kortex-ros2ws/install/controller_manager_msgs/include/controller_manager_msgs/controller_manager_msgs/srv/detail/list_hardware_components__type_support.c
-- Installing: /home/duser/ros2_kortex-ros2ws/install/controller_manager_msgs/include/controller_manager_msgs/controller_manager_msgs/srv/detail/list_hardware_interfaces__rosidl_typesupport_introspection_c.h
-- Installing: /home/duser/ros2_kortex-ros2ws/install/controller_manager_msgs/include/controller_manager_msgs/controller_manager_msgs/srv/detail/unload_controller__rosidl_typesupport_introspection_c.h
-- Installing: /home/duser/ros2_kortex-ros2ws/install/controller_manager_msgs/include/controller_manager_msgs/controller_manager_msgs/srv/detail/set_hardware_component_state__rosidl_typesupport_introspection_c.h
-- Installing: /home/duser/ros2_kortex-ros2ws/install/controller_manager_msgs/include/controller_manager_msgs/controller_manager_msgs/srv/detail/set_hardware_component_state__type_support.c
-- Installing: /home/duser/ros2_kortex-ros2ws/install/controller_manager_msgs/include/controller_manager_msgs/controller_manager_msgs/srv/detail/reload_controller_libraries__type_support.c
-- Installing: /home/duser/ros2_kortex-ros2ws/install/controller_manager_msgs/include/controller_manager_msgs/controller_manager_msgs/srv/detail/load_controller__rosidl_typesupport_introspection_c.h
-- Installing: /home/duser/ros2_kortex-ros2ws/install/controller_manager_msgs/include/controller_manager_msgs/controller_manager_msgs/srv/detail/load_controller__type_support.c
-- Installing: /home/duser/ros2_kortex-ros2ws/install/controller_manager_msgs/include/controller_manager_msgs/controller_manager_msgs/srv/detail/list_controller_types__type_support.c
-- Installing: /home/duser/ros2_kortex-ros2ws/install/controller_manager_msgs/include/controller_manager_msgs/controller_manager_msgs/srv/detail/reload_controller_libraries__rosidl_typesupport_introspection_c.h
-- Installing: /home/duser/ros2_kortex-ros2ws/install/controller_manager_msgs/include/controller_manager_msgs/controller_manager_msgs/srv/detail/switch_controller__rosidl_typesupport_introspection_c.h
-- Installing: /home/duser/ros2_kortex-ros2ws/install/controller_manager_msgs/include/controller_manager_msgs/controller_manager_msgs/srv/detail/switch_controller__type_support.c
-- Installing: /home/duser/ros2_kortex-ros2ws/install/controller_manager_msgs/lib/libcontroller_manager_msgs__rosidl_typesupport_introspection_c.so
-- Set runtime path of "/home/duser/ros2_kortex-ros2ws/install/controller_manager_msgs/lib/libcontroller_manager_msgs__rosidl_typesupport_introspection_c.so" to ""
-- Installing: /home/duser/ros2_kortex-ros2ws/install/controller_manager_msgs/lib/libcontroller_manager_msgs__rosidl_typesupport_c.so
-- Set runtime path of "/home/duser/ros2_kortex-ros2ws/install/controller_manager_msgs/lib/libcontroller_manager_msgs__rosidl_typesupport_c.so" to ""
-- Up-to-date: /home/duser/ros2_kortex-ros2ws/install/controller_manager_msgs/include/controller_manager_msgs/controller_manager_msgs
-- Up-to-date: /home/duser/ros2_kortex-ros2ws/install/controller_manager_msgs/include/controller_manager_msgs/controller_manager_msgs/msg
-- Up-to-date: /home/duser/ros2_kortex-ros2ws/install/controller_manager_msgs/include/controller_manager_msgs/controller_manager_msgs/msg/detail
-- Installing: /home/duser/ros2_kortex-ros2ws/install/controller_manager_msgs/include/controller_manager_msgs/controller_manager_msgs/msg/detail/hardware_component_state__rosidl_typesupport_introspection_cpp.hpp
-- Installing: /home/duser/ros2_kortex-ros2ws/install/controller_manager_msgs/include/controller_manager_msgs/controller_manager_msgs/msg/detail/hardware_interface__rosidl_typesupport_introspection_cpp.hpp
-- Installing: /home/duser/ros2_kortex-ros2ws/install/controller_manager_msgs/include/controller_manager_msgs/controller_manager_msgs/msg/detail/chain_connection__type_support.cpp
-- Installing: /home/duser/ros2_kortex-ros2ws/install/controller_manager_msgs/include/controller_manager_msgs/controller_manager_msgs/msg/detail/hardware_component_state__type_support.cpp
-- Installing: /home/duser/ros2_kortex-ros2ws/install/controller_manager_msgs/include/controller_manager_msgs/controller_manager_msgs/msg/detail/controller_state__rosidl_typesupport_introspection_cpp.hpp
-- Installing: /home/duser/ros2_kortex-ros2ws/install/controller_manager_msgs/include/controller_manager_msgs/controller_manager_msgs/msg/detail/chain_connection__rosidl_typesupport_introspection_cpp.hpp
-- Installing: /home/duser/ros2_kortex-ros2ws/install/controller_manager_msgs/include/controller_manager_msgs/controller_manager_msgs/msg/detail/hardware_interface__type_support.cpp
-- Installing: /home/duser/ros2_kortex-ros2ws/install/controller_manager_msgs/include/controller_manager_msgs/controller_manager_msgs/msg/detail/controller_state__type_support.cpp
-- Up-to-date: /home/duser/ros2_kortex-ros2ws/install/controller_manager_msgs/include/controller_manager_msgs/controller_manager_msgs/srv
-- Up-to-date: /home/duser/ros2_kortex-ros2ws/install/controller_manager_msgs/include/controller_manager_msgs/controller_manager_msgs/srv/detail
-- Installing: /home/duser/ros2_kortex-ros2ws/install/controller_manager_msgs/include/controller_manager_msgs/controller_manager_msgs/srv/detail/list_controller_types__type_support.cpp
-- Installing: /home/duser/ros2_kortex-ros2ws/install/controller_manager_msgs/include/controller_manager_msgs/controller_manager_msgs/srv/detail/configure_controller__rosidl_typesupport_introspection_cpp.hpp
-- Installing: /home/duser/ros2_kortex-ros2ws/install/controller_manager_msgs/include/controller_manager_msgs/controller_manager_msgs/srv/detail/set_hardware_component_state__type_support.cpp
-- Installing: /home/duser/ros2_kortex-ros2ws/install/controller_manager_msgs/include/controller_manager_msgs/controller_manager_msgs/srv/detail/reload_controller_libraries__type_support.cpp
-- Installing: /home/duser/ros2_kortex-ros2ws/install/controller_manager_msgs/include/controller_manager_msgs/controller_manager_msgs/srv/detail/unload_controller__rosidl_typesupport_introspection_cpp.hpp
-- Installing: /home/duser/ros2_kortex-ros2ws/install/controller_manager_msgs/include/controller_manager_msgs/controller_manager_msgs/srv/detail/load_controller__type_support.cpp
-- Installing: /home/duser/ros2_kortex-ros2ws/install/controller_manager_msgs/include/controller_manager_msgs/controller_manager_msgs/srv/detail/list_hardware_interfaces__rosidl_typesupport_introspection_cpp.hpp
-- Installing: /home/duser/ros2_kortex-ros2ws/install/controller_manager_msgs/include/controller_manager_msgs/controller_manager_msgs/srv/detail/reload_controller_libraries__rosidl_typesupport_introspection_cpp.hpp
-- Installing: /home/duser/ros2_kortex-ros2ws/install/controller_manager_msgs/include/controller_manager_msgs/controller_manager_msgs/srv/detail/list_controllers__type_support.cpp
-- Installing: /home/duser/ros2_kortex-ros2ws/install/controller_manager_msgs/include/controller_manager_msgs/controller_manager_msgs/srv/detail/switch_controller__rosidl_typesupport_introspection_cpp.hpp
-- Installing: /home/duser/ros2_kortex-ros2ws/install/controller_manager_msgs/include/controller_manager_msgs/controller_manager_msgs/srv/detail/list_hardware_components__type_support.cpp
-- Installing: /home/duser/ros2_kortex-ros2ws/install/controller_manager_msgs/include/controller_manager_msgs/controller_manager_msgs/srv/detail/load_controller__rosidl_typesupport_introspection_cpp.hpp
-- Installing: /home/duser/ros2_kortex-ros2ws/install/controller_manager_msgs/include/controller_manager_msgs/controller_manager_msgs/srv/detail/configure_controller__type_support.cpp
-- Installing: /home/duser/ros2_kortex-ros2ws/install/controller_manager_msgs/include/controller_manager_msgs/controller_manager_msgs/srv/detail/list_controllers__rosidl_typesupport_introspection_cpp.hpp
-- Installing: /home/duser/ros2_kortex-ros2ws/install/controller_manager_msgs/include/controller_manager_msgs/controller_manager_msgs/srv/detail/list_controller_types__rosidl_typesupport_introspection_cpp.hpp
-- Installing: /home/duser/ros2_kortex-ros2ws/install/controller_manager_msgs/include/controller_manager_msgs/controller_manager_msgs/srv/detail/list_hardware_interfaces__type_support.cpp
-- Installing: /home/duser/ros2_kortex-ros2ws/install/controller_manager_msgs/include/controller_manager_msgs/controller_manager_msgs/srv/detail/list_hardware_components__rosidl_typesupport_introspection_cpp.hpp
-- Installing: /home/duser/ros2_kortex-ros2ws/install/controller_manager_msgs/include/controller_manager_msgs/controller_manager_msgs/srv/detail/unload_controller__type_support.cpp
-- Installing: /home/duser/ros2_kortex-ros2ws/install/controller_manager_msgs/include/controller_manager_msgs/controller_manager_msgs/srv/detail/set_hardware_component_state__rosidl_typesupport_introspection_cpp.hpp
-- Installing: /home/duser/ros2_kortex-ros2ws/install/controller_manager_msgs/include/controller_manager_msgs/controller_manager_msgs/srv/detail/switch_controller__type_support.cpp
-- Installing: /home/duser/ros2_kortex-ros2ws/install/controller_manager_msgs/lib/libcontroller_manager_msgs__rosidl_typesupport_introspection_cpp.so
-- Set runtime path of "/home/duser/ros2_kortex-ros2ws/install/controller_manager_msgs/lib/libcontroller_manager_msgs__rosidl_typesupport_introspection_cpp.so" to ""
-- Installing: /home/duser/ros2_kortex-ros2ws/install/controller_manager_msgs/lib/libcontroller_manager_msgs__rosidl_typesupport_cpp.so
-- Set runtime path of "/home/duser/ros2_kortex-ros2ws/install/controller_manager_msgs/lib/libcontroller_manager_msgs__rosidl_typesupport_cpp.so" to ""
-- Installing: /home/duser/ros2_kortex-ros2ws/install/controller_manager_msgs/share/controller_manager_msgs/environment/pythonpath.sh
-- Installing: /home/duser/ros2_kortex-ros2ws/install/controller_manager_msgs/share/controller_manager_msgs/environment/pythonpath.dsv
-- Installing: /home/duser/ros2_kortex-ros2ws/install/controller_manager_msgs/local/lib/python3.10/dist-packages/controller_manager_msgs-2.41.0-py3.10.egg-info
-- Installing: /home/duser/ros2_kortex-ros2ws/install/controller_manager_msgs/local/lib/python3.10/dist-packages/controller_manager_msgs-2.41.0-py3.10.egg-info/dependency_links.txt
-- Installing: /home/duser/ros2_kortex-ros2ws/install/controller_manager_msgs/local/lib/python3.10/dist-packages/controller_manager_msgs-2.41.0-py3.10.egg-info/SOURCES.txt
-- Installing: /home/duser/ros2_kortex-ros2ws/install/controller_manager_msgs/local/lib/python3.10/dist-packages/controller_manager_msgs-2.41.0-py3.10.egg-info/PKG-INFO
-- Installing: /home/duser/ros2_kortex-ros2ws/install/controller_manager_msgs/local/lib/python3.10/dist-packages/controller_manager_msgs-2.41.0-py3.10.egg-info/top_level.txt
-- Installing: /home/duser/ros2_kortex-ros2ws/install/controller_manager_msgs/local/lib/python3.10/dist-packages/controller_manager_msgs
-- Installing: /home/duser/ros2_kortex-ros2ws/install/controller_manager_msgs/local/lib/python3.10/dist-packages/controller_manager_msgs/controller_manager_msgs_s__rosidl_typesupport_fastrtps_c.cpython-310-x86_64-linux-gnu.so
-- Installing: /home/duser/ros2_kortex-ros2ws/install/controller_manager_msgs/local/lib/python3.10/dist-packages/controller_manager_msgs/__init__.py
-- Installing: /home/duser/ros2_kortex-ros2ws/install/controller_manager_msgs/local/lib/python3.10/dist-packages/controller_manager_msgs/controller_manager_msgs_s__rosidl_typesupport_introspection_c.cpython-310-x86_64-linux-gnu.so
-- Installing: /home/duser/ros2_kortex-ros2ws/install/controller_manager_msgs/local/lib/python3.10/dist-packages/controller_manager_msgs/msg
-- Installing: /home/duser/ros2_kortex-ros2ws/install/controller_manager_msgs/local/lib/python3.10/dist-packages/controller_manager_msgs/msg/_hardware_component_state_s.c
-- Installing: /home/duser/ros2_kortex-ros2ws/install/controller_manager_msgs/local/lib/python3.10/dist-packages/controller_manager_msgs/msg/__init__.py
-- Installing: /home/duser/ros2_kortex-ros2ws/install/controller_manager_msgs/local/lib/python3.10/dist-packages/controller_manager_msgs/msg/_hardware_interface.py
-- Installing: /home/duser/ros2_kortex-ros2ws/install/controller_manager_msgs/local/lib/python3.10/dist-packages/controller_manager_msgs/msg/_hardware_interface_s.c
-- Installing: /home/duser/ros2_kortex-ros2ws/install/controller_manager_msgs/local/lib/python3.10/dist-packages/controller_manager_msgs/msg/_chain_connection_s.c
-- Installing: /home/duser/ros2_kortex-ros2ws/install/controller_manager_msgs/local/lib/python3.10/dist-packages/controller_manager_msgs/msg/_controller_state.py
-- Installing: /home/duser/ros2_kortex-ros2ws/install/controller_manager_msgs/local/lib/python3.10/dist-packages/controller_manager_msgs/msg/_controller_state_s.c
-- Installing: /home/duser/ros2_kortex-ros2ws/install/controller_manager_msgs/local/lib/python3.10/dist-packages/controller_manager_msgs/msg/_hardware_component_state.py
-- Installing: /home/duser/ros2_kortex-ros2ws/install/controller_manager_msgs/local/lib/python3.10/dist-packages/controller_manager_msgs/msg/_chain_connection.py
-- Installing: /home/duser/ros2_kortex-ros2ws/install/controller_manager_msgs/local/lib/python3.10/dist-packages/controller_manager_msgs/controller_manager_msgs_s__rosidl_typesupport_c.cpython-310-x86_64-linux-gnu.so
-- Installing: /home/duser/ros2_kortex-ros2ws/install/controller_manager_msgs/local/lib/python3.10/dist-packages/controller_manager_msgs/_controller_manager_msgs_s.ep.rosidl_typesupport_introspection_c.c
-- Installing: /home/duser/ros2_kortex-ros2ws/install/controller_manager_msgs/local/lib/python3.10/dist-packages/controller_manager_msgs/_controller_manager_msgs_s.ep.rosidl_typesupport_c.c
-- Installing: /home/duser/ros2_kortex-ros2ws/install/controller_manager_msgs/local/lib/python3.10/dist-packages/controller_manager_msgs/_controller_manager_msgs_s.ep.rosidl_typesupport_fastrtps_c.c
-- Installing: /home/duser/ros2_kortex-ros2ws/install/controller_manager_msgs/local/lib/python3.10/dist-packages/controller_manager_msgs/libcontroller_manager_msgs__rosidl_generator_py.so
-- Installing: /home/duser/ros2_kortex-ros2ws/install/controller_manager_msgs/local/lib/python3.10/dist-packages/controller_manager_msgs/srv
-- Installing: /home/duser/ros2_kortex-ros2ws/install/controller_manager_msgs/local/lib/python3.10/dist-packages/controller_manager_msgs/srv/_set_hardware_component_state.py
-- Installing: /home/duser/ros2_kortex-ros2ws/install/controller_manager_msgs/local/lib/python3.10/dist-packages/controller_manager_msgs/srv/_list_hardware_interfaces.py
-- Installing: /home/duser/ros2_kortex-ros2ws/install/controller_manager_msgs/local/lib/python3.10/dist-packages/controller_manager_msgs/srv/_list_controllers.py
-- Installing: /home/duser/ros2_kortex-ros2ws/install/controller_manager_msgs/local/lib/python3.10/dist-packages/controller_manager_msgs/srv/_configure_controller_s.c
-- Installing: /home/duser/ros2_kortex-ros2ws/install/controller_manager_msgs/local/lib/python3.10/dist-packages/controller_manager_msgs/srv/_unload_controller.py
-- Installing: /home/duser/ros2_kortex-ros2ws/install/controller_manager_msgs/local/lib/python3.10/dist-packages/controller_manager_msgs/srv/_list_controller_types.py
-- Installing: /home/duser/ros2_kortex-ros2ws/install/controller_manager_msgs/local/lib/python3.10/dist-packages/controller_manager_msgs/srv/_list_hardware_components_s.c
-- Installing: /home/duser/ros2_kortex-ros2ws/install/controller_manager_msgs/local/lib/python3.10/dist-packages/controller_manager_msgs/srv/__init__.py
-- Installing: /home/duser/ros2_kortex-ros2ws/install/controller_manager_msgs/local/lib/python3.10/dist-packages/controller_manager_msgs/srv/_switch_controller.py
-- Installing: /home/duser/ros2_kortex-ros2ws/install/controller_manager_msgs/local/lib/python3.10/dist-packages/controller_manager_msgs/srv/_set_hardware_component_state_s.c
-- Installing: /home/duser/ros2_kortex-ros2ws/install/controller_manager_msgs/local/lib/python3.10/dist-packages/controller_manager_msgs/srv/_reload_controller_libraries.py
-- Installing: /home/duser/ros2_kortex-ros2ws/install/controller_manager_msgs/local/lib/python3.10/dist-packages/controller_manager_msgs/srv/_reload_controller_libraries_s.c
-- Installing: /home/duser/ros2_kortex-ros2ws/install/controller_manager_msgs/local/lib/python3.10/dist-packages/controller_manager_msgs/srv/_switch_controller_s.c
-- Installing: /home/duser/ros2_kortex-ros2ws/install/controller_manager_msgs/local/lib/python3.10/dist-packages/controller_manager_msgs/srv/_configure_controller.py
-- Installing: /home/duser/ros2_kortex-ros2ws/install/controller_manager_msgs/local/lib/python3.10/dist-packages/controller_manager_msgs/srv/_unload_controller_s.c
-- Installing: /home/duser/ros2_kortex-ros2ws/install/controller_manager_msgs/local/lib/python3.10/dist-packages/controller_manager_msgs/srv/_list_controller_types_s.c
-- Installing: /home/duser/ros2_kortex-ros2ws/install/controller_manager_msgs/local/lib/python3.10/dist-packages/controller_manager_msgs/srv/_load_controller_s.c
-- Installing: /home/duser/ros2_kortex-ros2ws/install/controller_manager_msgs/local/lib/python3.10/dist-packages/controller_manager_msgs/srv/_list_controllers_s.c
-- Installing: /home/duser/ros2_kortex-ros2ws/install/controller_manager_msgs/local/lib/python3.10/dist-packages/controller_manager_msgs/srv/_list_hardware_components.py
-- Installing: /home/duser/ros2_kortex-ros2ws/install/controller_manager_msgs/local/lib/python3.10/dist-packages/controller_manager_msgs/srv/_list_hardware_interfaces_s.c
-- Installing: /home/duser/ros2_kortex-ros2ws/install/controller_manager_msgs/local/lib/python3.10/dist-packages/controller_manager_msgs/srv/_load_controller.py
Listing '/home/duser/ros2_kortex-ros2ws/install/controller_manager_msgs/local/lib/python3.10/dist-packages/controller_manager_msgs'...
Compiling '/home/duser/ros2_kortex-ros2ws/install/controller_manager_msgs/local/lib/python3.10/dist-packages/controller_manager_msgs/__init__.py'...
Listing '/home/duser/ros2_kortex-ros2ws/install/controller_manager_msgs/local/lib/python3.10/dist-packages/controller_manager_msgs/msg'...
Compiling '/home/duser/ros2_kortex-ros2ws/install/controller_manager_msgs/local/lib/python3.10/dist-packages/controller_manager_msgs/msg/__init__.py'...
Compiling '/home/duser/ros2_kortex-ros2ws/install/controller_manager_msgs/local/lib/python3.10/dist-packages/controller_manager_msgs/msg/_chain_connection.py'...
Compiling '/home/duser/ros2_kortex-ros2ws/install/controller_manager_msgs/local/lib/python3.10/dist-packages/controller_manager_msgs/msg/_controller_state.py'...
Compiling '/home/duser/ros2_kortex-ros2ws/install/controller_manager_msgs/local/lib/python3.10/dist-packages/controller_manager_msgs/msg/_hardware_component_state.py'...
Compiling '/home/duser/ros2_kortex-ros2ws/install/controller_manager_msgs/local/lib/python3.10/dist-packages/controller_manager_msgs/msg/_hardware_interface.py'...
Listing '/home/duser/ros2_kortex-ros2ws/install/controller_manager_msgs/local/lib/python3.10/dist-packages/controller_manager_msgs/srv'...
Compiling '/home/duser/ros2_kortex-ros2ws/install/controller_manager_msgs/local/lib/python3.10/dist-packages/controller_manager_msgs/srv/__init__.py'...
Compiling '/home/duser/ros2_kortex-ros2ws/install/controller_manager_msgs/local/lib/python3.10/dist-packages/controller_manager_msgs/srv/_configure_controller.py'...
Compiling '/home/duser/ros2_kortex-ros2ws/install/controller_manager_msgs/local/lib/python3.10/dist-packages/controller_manager_msgs/srv/_list_controller_types.py'...
Compiling '/home/duser/ros2_kortex-ros2ws/install/controller_manager_msgs/local/lib/python3.10/dist-packages/controller_manager_msgs/srv/_list_controllers.py'...
Compiling '/home/duser/ros2_kortex-ros2ws/install/controller_manager_msgs/local/lib/python3.10/dist-packages/controller_manager_msgs/srv/_list_hardware_components.py'...
Compiling '/home/duser/ros2_kortex-ros2ws/install/controller_manager_msgs/local/lib/python3.10/dist-packages/controller_manager_msgs/srv/_list_hardware_interfaces.py'...
Compiling '/home/duser/ros2_kortex-ros2ws/install/controller_manager_msgs/local/lib/python3.10/dist-packages/controller_manager_msgs/srv/_load_controller.py'...
Compiling '/home/duser/ros2_kortex-ros2ws/install/controller_manager_msgs/local/lib/python3.10/dist-packages/controller_manager_msgs/srv/_reload_controller_libraries.py'...
Compiling '/home/duser/ros2_kortex-ros2ws/install/controller_manager_msgs/local/lib/python3.10/dist-packages/controller_manager_msgs/srv/_set_hardware_component_state.py'...
Compiling '/home/duser/ros2_kortex-ros2ws/install/controller_manager_msgs/local/lib/python3.10/dist-packages/controller_manager_msgs/srv/_switch_controller.py'...
Compiling '/home/duser/ros2_kortex-ros2ws/install/controller_manager_msgs/local/lib/python3.10/dist-packages/controller_manager_msgs/srv/_unload_controller.py'...
-- Installing: /home/duser/ros2_kortex-ros2ws/install/controller_manager_msgs/local/lib/python3.10/dist-packages/controller_manager_msgs/controller_manager_msgs_s__rosidl_typesupport_fastrtps_c.cpython-310-x86_64-linux-gnu.so
-- Set runtime path of "/home/duser/ros2_kortex-ros2ws/install/controller_manager_msgs/local/lib/python3.10/dist-packages/controller_manager_msgs/controller_manager_msgs_s__rosidl_typesupport_fastrtps_c.cpython-310-x86_64-linux-gnu.so" to ""
-- Installing: /home/duser/ros2_kortex-ros2ws/install/controller_manager_msgs/local/lib/python3.10/dist-packages/controller_manager_msgs/controller_manager_msgs_s__rosidl_typesupport_introspection_c.cpython-310-x86_64-linux-gnu.so
-- Set runtime path of "/home/duser/ros2_kortex-ros2ws/install/controller_manager_msgs/local/lib/python3.10/dist-packages/controller_manager_msgs/controller_manager_msgs_s__rosidl_typesupport_introspection_c.cpython-310-x86_64-linux-gnu.so" to ""
-- Installing: /home/duser/ros2_kortex-ros2ws/install/controller_manager_msgs/local/lib/python3.10/dist-packages/controller_manager_msgs/controller_manager_msgs_s__rosidl_typesupport_c.cpython-310-x86_64-linux-gnu.so
-- Set runtime path of "/home/duser/ros2_kortex-ros2ws/install/controller_manager_msgs/local/lib/python3.10/dist-packages/controller_manager_msgs/controller_manager_msgs_s__rosidl_typesupport_c.cpython-310-x86_64-linux-gnu.so" to ""
-- Installing: /home/duser/ros2_kortex-ros2ws/install/controller_manager_msgs/lib/libcontroller_manager_msgs__rosidl_generator_py.so
-- Set runtime path of "/home/duser/ros2_kortex-ros2ws/install/controller_manager_msgs/lib/libcontroller_manager_msgs__rosidl_generator_py.so" to ""
-- Installing: /home/duser/ros2_kortex-ros2ws/install/controller_manager_msgs/share/controller_manager_msgs/msg/ControllerState.idl
-- Installing: /home/duser/ros2_kortex-ros2ws/install/controller_manager_msgs/share/controller_manager_msgs/msg/ChainConnection.idl
-- Installing: /home/duser/ros2_kortex-ros2ws/install/controller_manager_msgs/share/controller_manager_msgs/msg/HardwareComponentState.idl
-- Installing: /home/duser/ros2_kortex-ros2ws/install/controller_manager_msgs/share/controller_manager_msgs/msg/HardwareInterface.idl
-- Installing: /home/duser/ros2_kortex-ros2ws/install/controller_manager_msgs/share/controller_manager_msgs/srv/ConfigureController.idl
-- Installing: /home/duser/ros2_kortex-ros2ws/install/controller_manager_msgs/share/controller_manager_msgs/srv/ListControllers.idl
-- Installing: /home/duser/ros2_kortex-ros2ws/install/controller_manager_msgs/share/controller_manager_msgs/srv/ListControllerTypes.idl
-- Installing: /home/duser/ros2_kortex-ros2ws/install/controller_manager_msgs/share/controller_manager_msgs/srv/ListHardwareComponents.idl
-- Installing: /home/duser/ros2_kortex-ros2ws/install/controller_manager_msgs/share/controller_manager_msgs/srv/ListHardwareInterfaces.idl
-- Installing: /home/duser/ros2_kortex-ros2ws/install/controller_manager_msgs/share/controller_manager_msgs/srv/LoadController.idl
-- Installing: /home/duser/ros2_kortex-ros2ws/install/controller_manager_msgs/share/controller_manager_msgs/srv/ReloadControllerLibraries.idl
-- Installing: /home/duser/ros2_kortex-ros2ws/install/controller_manager_msgs/share/controller_manager_msgs/srv/SetHardwareComponentState.idl
-- Installing: /home/duser/ros2_kortex-ros2ws/install/controller_manager_msgs/share/controller_manager_msgs/srv/SwitchController.idl
-- Installing: /home/duser/ros2_kortex-ros2ws/install/controller_manager_msgs/share/controller_manager_msgs/srv/UnloadController.idl
-- Installing: /home/duser/ros2_kortex-ros2ws/install/controller_manager_msgs/share/controller_manager_msgs/msg/ControllerState.msg
-- Installing: /home/duser/ros2_kortex-ros2ws/install/controller_manager_msgs/share/controller_manager_msgs/msg/ChainConnection.msg
-- Installing: /home/duser/ros2_kortex-ros2ws/install/controller_manager_msgs/share/controller_manager_msgs/msg/HardwareComponentState.msg
-- Installing: /home/duser/ros2_kortex-ros2ws/install/controller_manager_msgs/share/controller_manager_msgs/msg/HardwareInterface.msg
-- Installing: /home/duser/ros2_kortex-ros2ws/install/controller_manager_msgs/share/controller_manager_msgs/srv/ConfigureController.srv
-- Installing: /home/duser/ros2_kortex-ros2ws/install/controller_manager_msgs/share/controller_manager_msgs/srv/ConfigureController_Request.msg
-- Installing: /home/duser/ros2_kortex-ros2ws/install/controller_manager_msgs/share/controller_manager_msgs/srv/ConfigureController_Response.msg
-- Installing: /home/duser/ros2_kortex-ros2ws/install/controller_manager_msgs/share/controller_manager_msgs/srv/ListControllers.srv
-- Installing: /home/duser/ros2_kortex-ros2ws/install/controller_manager_msgs/share/controller_manager_msgs/srv/ListControllers_Request.msg
-- Installing: /home/duser/ros2_kortex-ros2ws/install/controller_manager_msgs/share/controller_manager_msgs/srv/ListControllers_Response.msg
-- Installing: /home/duser/ros2_kortex-ros2ws/install/controller_manager_msgs/share/controller_manager_msgs/srv/ListControllerTypes.srv
-- Installing: /home/duser/ros2_kortex-ros2ws/install/controller_manager_msgs/share/controller_manager_msgs/srv/ListControllerTypes_Request.msg
-- Installing: /home/duser/ros2_kortex-ros2ws/install/controller_manager_msgs/share/controller_manager_msgs/srv/ListControllerTypes_Response.msg
-- Installing: /home/duser/ros2_kortex-ros2ws/install/controller_manager_msgs/share/controller_manager_msgs/srv/ListHardwareComponents.srv
-- Installing: /home/duser/ros2_kortex-ros2ws/install/controller_manager_msgs/share/controller_manager_msgs/srv/ListHardwareComponents_Request.msg
-- Installing: /home/duser/ros2_kortex-ros2ws/install/controller_manager_msgs/share/controller_manager_msgs/srv/ListHardwareComponents_Response.msg
-- Installing: /home/duser/ros2_kortex-ros2ws/install/controller_manager_msgs/share/controller_manager_msgs/srv/ListHardwareInterfaces.srv
-- Installing: /home/duser/ros2_kortex-ros2ws/install/controller_manager_msgs/share/controller_manager_msgs/srv/ListHardwareInterfaces_Request.msg
-- Installing: /home/duser/ros2_kortex-ros2ws/install/controller_manager_msgs/share/controller_manager_msgs/srv/ListHardwareInterfaces_Response.msg
-- Installing: /home/duser/ros2_kortex-ros2ws/install/controller_manager_msgs/share/controller_manager_msgs/srv/LoadController.srv
-- Installing: /home/duser/ros2_kortex-ros2ws/install/controller_manager_msgs/share/controller_manager_msgs/srv/LoadController_Request.msg
-- Installing: /home/duser/ros2_kortex-ros2ws/install/controller_manager_msgs/share/controller_manager_msgs/srv/LoadController_Response.msg
-- Installing: /home/duser/ros2_kortex-ros2ws/install/controller_manager_msgs/share/controller_manager_msgs/srv/ReloadControllerLibraries.srv
-- Installing: /home/duser/ros2_kortex-ros2ws/install/controller_manager_msgs/share/controller_manager_msgs/srv/ReloadControllerLibraries_Request.msg
-- Installing: /home/duser/ros2_kortex-ros2ws/install/controller_manager_msgs/share/controller_manager_msgs/srv/ReloadControllerLibraries_Response.msg
-- Installing: /home/duser/ros2_kortex-ros2ws/install/controller_manager_msgs/share/controller_manager_msgs/srv/SetHardwareComponentState.srv
-- Installing: /home/duser/ros2_kortex-ros2ws/install/controller_manager_msgs/share/controller_manager_msgs/srv/SetHardwareComponentState_Request.msg
-- Installing: /home/duser/ros2_kortex-ros2ws/install/controller_manager_msgs/share/controller_manager_msgs/srv/SetHardwareComponentState_Response.msg
-- Installing: /home/duser/ros2_kortex-ros2ws/install/controller_manager_msgs/share/controller_manager_msgs/srv/SwitchController.srv
-- Installing: /home/duser/ros2_kortex-ros2ws/install/controller_manager_msgs/share/controller_manager_msgs/srv/SwitchController_Request.msg
-- Installing: /home/duser/ros2_kortex-ros2ws/install/controller_manager_msgs/share/controller_manager_msgs/srv/SwitchController_Response.msg
-- Installing: /home/duser/ros2_kortex-ros2ws/install/controller_manager_msgs/share/controller_manager_msgs/srv/UnloadController.srv
-- Installing: /home/duser/ros2_kortex-ros2ws/install/controller_manager_msgs/share/controller_manager_msgs/srv/UnloadController_Request.msg
-- Installing: /home/duser/ros2_kortex-ros2ws/install/controller_manager_msgs/share/controller_manager_msgs/srv/UnloadController_Response.msg
-- Installing: /home/duser/ros2_kortex-ros2ws/install/controller_manager_msgs/share/ament_index/resource_index/package_run_dependencies/controller_manager_msgs
-- Installing: /home/duser/ros2_kortex-ros2ws/install/controller_manager_msgs/share/ament_index/resource_index/parent_prefix_path/controller_manager_msgs
-- Installing: /home/duser/ros2_kortex-ros2ws/install/controller_manager_msgs/share/controller_manager_msgs/environment/ament_prefix_path.sh
-- Installing: /home/duser/ros2_kortex-ros2ws/install/controller_manager_msgs/share/controller_manager_msgs/environment/ament_prefix_path.dsv
-- Installing: /home/duser/ros2_kortex-ros2ws/install/controller_manager_msgs/share/controller_manager_msgs/environment/path.sh
-- Installing: /home/duser/ros2_kortex-ros2ws/install/controller_manager_msgs/share/controller_manager_msgs/environment/path.dsv
-- Installing: /home/duser/ros2_kortex-ros2ws/install/controller_manager_msgs/share/controller_manager_msgs/local_setup.bash
-- Installing: /home/duser/ros2_kortex-ros2ws/install/controller_manager_msgs/share/controller_manager_msgs/local_setup.sh
-- Installing: /home/duser/ros2_kortex-ros2ws/install/controller_manager_msgs/share/controller_manager_msgs/local_setup.zsh
-- Installing: /home/duser/ros2_kortex-ros2ws/install/controller_manager_msgs/share/controller_manager_msgs/local_setup.dsv
-- Installing: /home/duser/ros2_kortex-ros2ws/install/controller_manager_msgs/share/controller_manager_msgs/package.dsv
-- Installing: /home/duser/ros2_kortex-ros2ws/install/controller_manager_msgs/share/ament_index/resource_index/packages/controller_manager_msgs
-- Installing: /home/duser/ros2_kortex-ros2ws/install/controller_manager_msgs/share/controller_manager_msgs/cmake/export_controller_manager_msgs__rosidl_generator_cExport.cmake
-- Installing: /home/duser/ros2_kortex-ros2ws/install/controller_manager_msgs/share/controller_manager_msgs/cmake/export_controller_manager_msgs__rosidl_generator_cExport-release.cmake
-- Installing: /home/duser/ros2_kortex-ros2ws/install/controller_manager_msgs/share/controller_manager_msgs/cmake/export_controller_manager_msgs__rosidl_typesupport_fastrtps_cExport.cmake
-- Installing: /home/duser/ros2_kortex-ros2ws/install/controller_manager_msgs/share/controller_manager_msgs/cmake/export_controller_manager_msgs__rosidl_typesupport_fastrtps_cExport-release.cmake
-- Installing: /home/duser/ros2_kortex-ros2ws/install/controller_manager_msgs/share/controller_manager_msgs/cmake/export_controller_manager_msgs__rosidl_generator_cppExport.cmake
-- Installing: /home/duser/ros2_kortex-ros2ws/install/controller_manager_msgs/share/controller_manager_msgs/cmake/export_controller_manager_msgs__rosidl_typesupport_fastrtps_cppExport.cmake
-- Installing: /home/duser/ros2_kortex-ros2ws/install/controller_manager_msgs/share/controller_manager_msgs/cmake/export_controller_manager_msgs__rosidl_typesupport_fastrtps_cppExport-release.cmake
-- Installing: /home/duser/ros2_kortex-ros2ws/install/controller_manager_msgs/share/controller_manager_msgs/cmake/controller_manager_msgs__rosidl_typesupport_introspection_cExport.cmake
-- Installing: /home/duser/ros2_kortex-ros2ws/install/controller_manager_msgs/share/controller_manager_msgs/cmake/controller_manager_msgs__rosidl_typesupport_introspection_cExport-release.cmake
-- Installing: /home/duser/ros2_kortex-ros2ws/install/controller_manager_msgs/share/controller_manager_msgs/cmake/controller_manager_msgs__rosidl_typesupport_cExport.cmake
-- Installing: /home/duser/ros2_kortex-ros2ws/install/controller_manager_msgs/share/controller_manager_msgs/cmake/controller_manager_msgs__rosidl_typesupport_cExport-release.cmake
-- Installing: /home/duser/ros2_kortex-ros2ws/install/controller_manager_msgs/share/controller_manager_msgs/cmake/controller_manager_msgs__rosidl_typesupport_introspection_cppExport.cmake
-- Installing: /home/duser/ros2_kortex-ros2ws/install/controller_manager_msgs/share/controller_manager_msgs/cmake/controller_manager_msgs__rosidl_typesupport_introspection_cppExport-release.cmake
-- Installing: /home/duser/ros2_kortex-ros2ws/install/controller_manager_msgs/share/controller_manager_msgs/cmake/controller_manager_msgs__rosidl_typesupport_cppExport.cmake
-- Installing: /home/duser/ros2_kortex-ros2ws/install/controller_manager_msgs/share/controller_manager_msgs/cmake/controller_manager_msgs__rosidl_typesupport_cppExport-release.cmake
-- Installing: /home/duser/ros2_kortex-ros2ws/install/controller_manager_msgs/share/controller_manager_msgs/cmake/export_controller_manager_msgs__rosidl_generator_pyExport.cmake
-- Installing: /home/duser/ros2_kortex-ros2ws/install/controller_manager_msgs/share/controller_manager_msgs/cmake/export_controller_manager_msgs__rosidl_generator_pyExport-release.cmake
-- Installing: /home/duser/ros2_kortex-ros2ws/install/controller_manager_msgs/share/controller_manager_msgs/cmake/rosidl_cmake-extras.cmake
-- Installing: /home/duser/ros2_kortex-ros2ws/install/controller_manager_msgs/share/controller_manager_msgs/cmake/ament_cmake_export_dependencies-extras.cmake
-- Installing: /home/duser/ros2_kortex-ros2ws/install/controller_manager_msgs/share/controller_manager_msgs/cmake/ament_cmake_export_include_directories-extras.cmake
-- Installing: /home/duser/ros2_kortex-ros2ws/install/controller_manager_msgs/share/controller_manager_msgs/cmake/ament_cmake_export_libraries-extras.cmake
-- Installing: /home/duser/ros2_kortex-ros2ws/install/controller_manager_msgs/share/controller_manager_msgs/cmake/ament_cmake_export_targets-extras.cmake
-- Installing: /home/duser/ros2_kortex-ros2ws/install/controller_manager_msgs/share/controller_manager_msgs/cmake/rosidl_cmake_export_typesupport_targets-extras.cmake
-- Installing: /home/duser/ros2_kortex-ros2ws/install/controller_manager_msgs/share/controller_manager_msgs/cmake/rosidl_cmake_export_typesupport_libraries-extras.cmake
-- Installing: /home/duser/ros2_kortex-ros2ws/install/controller_manager_msgs/share/controller_manager_msgs/cmake/controller_manager_msgsConfig.cmake
-- Installing: /home/duser/ros2_kortex-ros2ws/install/controller_manager_msgs/share/controller_manager_msgs/cmake/controller_manager_msgsConfig-version.cmake
-- Installing: /home/duser/ros2_kortex-ros2ws/install/controller_manager_msgs/share/controller_manager_msgs/package.xml
