[0.061s] Invoking command in '/home/duser/ros2_kortex-ros2ws/build/controller_manager_msgs': CMAKE_PREFIX_PATH=${CMAKE_PREFIX_PATH}:/opt/ros/humble /usr/bin/cmake --build /home/duser/ros2_kortex-ros2ws/build/controller_manager_msgs -- -j12 -l12
[0.173s] [35m[1mConsolidate compiler generated dependencies of target controller_manager_msgs__rosidl_generator_c[0m
[0.190s] [  0%] Built target controller_manager_msgs__cpp
[0.232s] [ 12%] Built target controller_manager_msgs__rosidl_generator_c
[0.236s] [35m[1mConsolidate compiler generated dependencies of target controller_manager_msgs__rosidl_typesupport_cpp[0m
[0.237s] [35m[1mConsolidate compiler generated dependencies of target controller_manager_msgs__rosidl_typesupport_fastrtps_cpp[0m
[0.238s] [35m[1mConsolidate compiler generated dependencies of target controller_manager_msgs__rosidl_typesupport_introspection_cpp[0m
[0.243s] [ 12%] Built target ament_cmake_python_copy_controller_manager_msgs
[0.285s] [35m[1mConsolidate compiler generated dependencies of target controller_manager_msgs__rosidl_typesupport_fastrtps_c[0m
[0.295s] [35m[1mConsolidate compiler generated dependencies of target controller_manager_msgs__rosidl_typesupport_c[0m
[0.315s] [35m[1mConsolidate compiler generated dependencies of target controller_manager_msgs__rosidl_typesupport_introspection_c[0m
[0.321s] [ 24%] Built target controller_manager_msgs__rosidl_typesupport_cpp
[0.322s] [ 36%] Built target controller_manager_msgs__rosidl_typesupport_introspection_cpp
[0.334s] [ 48%] Built target controller_manager_msgs__rosidl_typesupport_fastrtps_cpp
[0.361s] [ 60%] Built target controller_manager_msgs__rosidl_typesupport_c
[0.396s] [ 72%] Built target controller_manager_msgs__rosidl_typesupport_fastrtps_c
[0.406s] [ 84%] Built target controller_manager_msgs__rosidl_typesupport_introspection_c
[0.460s] [ 84%] Built target controller_manager_msgs
[0.500s] [ 85%] Built target controller_manager_msgs__py
[0.528s] [35m[1mConsolidate compiler generated dependencies of target controller_manager_msgs__rosidl_generator_py[0m
[0.596s] [ 96%] Built target controller_manager_msgs__rosidl_generator_py
[0.623s] [35m[1mConsolidate compiler generated dependencies of target controller_manager_msgs__rosidl_typesupport_fastrtps_c__pyext[0m
[0.626s] [35m[1mConsolidate compiler generated dependencies of target controller_manager_msgs__rosidl_typesupport_introspection_c__pyext[0m
[0.626s] [35m[1mConsolidate compiler generated dependencies of target controller_manager_msgs__rosidl_typesupport_c__pyext[0m
[0.660s] [ 98%] Built target controller_manager_msgs__rosidl_typesupport_fastrtps_c__pyext
[0.661s] [ 99%] Built target controller_manager_msgs__rosidl_typesupport_introspection_c__pyext
[0.664s] [100%] Built target controller_manager_msgs__rosidl_typesupport_c__pyext
[0.758s] running egg_info
[0.759s] writing controller_manager_msgs.egg-info/PKG-INFO
[0.759s] writing dependency_links to controller_manager_msgs.egg-info/dependency_links.txt
[0.759s] writing top-level names to controller_manager_msgs.egg-info/top_level.txt
[0.759s] reading manifest file 'controller_manager_msgs.egg-info/SOURCES.txt'
[0.759s] writing manifest file 'controller_manager_msgs.egg-info/SOURCES.txt'
[0.839s] [100%] Built target ament_cmake_python_build_controller_manager_msgs_egg
[0.875s] Invoked command in '/home/duser/ros2_kortex-ros2ws/build/controller_manager_msgs' returned '0': CMAKE_PREFIX_PATH=${CMAKE_PREFIX_PATH}:/opt/ros/humble /usr/bin/cmake --build /home/duser/ros2_kortex-ros2ws/build/controller_manager_msgs -- -j12 -l12
[1.480s] Invoking command in '/home/duser/ros2_kortex-ros2ws/build/controller_manager_msgs': CMAKE_PREFIX_PATH=${CMAKE_PREFIX_PATH}:/opt/ros/humble /usr/bin/cmake --install /home/duser/ros2_kortex-ros2ws/build/controller_manager_msgs
[1.493s] -- Install configuration: "Release"
[1.494s] -- Installing: /home/duser/ros2_kortex-ros2ws/install/controller_manager_msgs/share/ament_index/resource_index/rosidl_interfaces/controller_manager_msgs
[1.494s] -- Installing: /home/duser/ros2_kortex-ros2ws/install/controller_manager_msgs/include/controller_manager_msgs/controller_manager_msgs
[1.494s] -- Installing: /home/duser/ros2_kortex-ros2ws/install/controller_manager_msgs/include/controller_manager_msgs/controller_manager_msgs/msg
[1.495s] -- Installing: /home/duser/ros2_kortex-ros2ws/install/controller_manager_msgs/include/controller_manager_msgs/controller_manager_msgs/msg/rosidl_generator_c__visibility_control.h
[1.495s] -- Installing: /home/duser/ros2_kortex-ros2ws/install/controller_manager_msgs/include/controller_manager_msgs/controller_manager_msgs/msg/chain_connection.h
[1.495s] -- Installing: /home/duser/ros2_kortex-ros2ws/install/controller_manager_msgs/include/controller_manager_msgs/controller_manager_msgs/msg/detail
[1.496s] -- Installing: /home/duser/ros2_kortex-ros2ws/install/controller_manager_msgs/include/controller_manager_msgs/controller_manager_msgs/msg/detail/hardware_component_state__functions.c
[1.496s] -- Installing: /home/duser/ros2_kortex-ros2ws/install/controller_manager_msgs/include/controller_manager_msgs/controller_manager_msgs/msg/detail/chain_connection__functions.c
[1.497s] -- Installing: /home/duser/ros2_kortex-ros2ws/install/controller_manager_msgs/include/controller_manager_msgs/controller_manager_msgs/msg/detail/hardware_component_state__struct.h
[1.497s] -- Installing: /home/duser/ros2_kortex-ros2ws/install/controller_manager_msgs/include/controller_manager_msgs/controller_manager_msgs/msg/detail/chain_connection__functions.h
[1.497s] -- Installing: /home/duser/ros2_kortex-ros2ws/install/controller_manager_msgs/include/controller_manager_msgs/controller_manager_msgs/msg/detail/chain_connection__type_support.h
[1.498s] -- Installing: /home/duser/ros2_kortex-ros2ws/install/controller_manager_msgs/include/controller_manager_msgs/controller_manager_msgs/msg/detail/chain_connection__struct.h
[1.498s] -- Installing: /home/duser/ros2_kortex-ros2ws/install/controller_manager_msgs/include/controller_manager_msgs/controller_manager_msgs/msg/detail/hardware_interface__functions.c
[1.498s] -- Installing: /home/duser/ros2_kortex-ros2ws/install/controller_manager_msgs/include/controller_manager_msgs/controller_manager_msgs/msg/detail/controller_state__functions.c
[1.499s] -- Installing: /home/duser/ros2_kortex-ros2ws/install/controller_manager_msgs/include/controller_manager_msgs/controller_manager_msgs/msg/detail/hardware_interface__type_support.h
[1.499s] -- Installing: /home/duser/ros2_kortex-ros2ws/install/controller_manager_msgs/include/controller_manager_msgs/controller_manager_msgs/msg/detail/controller_state__type_support.h
[1.499s] -- Installing: /home/duser/ros2_kortex-ros2ws/install/controller_manager_msgs/include/controller_manager_msgs/controller_manager_msgs/msg/detail/hardware_component_state__functions.h
[1.500s] -- Installing: /home/duser/ros2_kortex-ros2ws/install/controller_manager_msgs/include/controller_manager_msgs/controller_manager_msgs/msg/detail/hardware_interface__struct.h
[1.500s] -- Installing: /home/duser/ros2_kortex-ros2ws/install/controller_manager_msgs/include/controller_manager_msgs/controller_manager_msgs/msg/detail/controller_state__functions.h
[1.501s] -- Installing: /home/duser/ros2_kortex-ros2ws/install/controller_manager_msgs/include/controller_manager_msgs/controller_manager_msgs/msg/detail/hardware_interface__functions.h
[1.501s] -- Installing: /home/duser/ros2_kortex-ros2ws/install/controller_manager_msgs/include/controller_manager_msgs/controller_manager_msgs/msg/detail/controller_state__struct.h
[1.501s] -- Installing: /home/duser/ros2_kortex-ros2ws/install/controller_manager_msgs/include/controller_manager_msgs/controller_manager_msgs/msg/detail/hardware_component_state__type_support.h
[1.502s] -- Installing: /home/duser/ros2_kortex-ros2ws/install/controller_manager_msgs/include/controller_manager_msgs/controller_manager_msgs/msg/hardware_component_state.h
[1.502s] -- Installing: /home/duser/ros2_kortex-ros2ws/install/controller_manager_msgs/include/controller_manager_msgs/controller_manager_msgs/msg/hardware_interface.h
[1.503s] -- Installing: /home/duser/ros2_kortex-ros2ws/install/controller_manager_msgs/include/controller_manager_msgs/controller_manager_msgs/msg/controller_state.h
[1.503s] -- Installing: /home/duser/ros2_kortex-ros2ws/install/controller_manager_msgs/include/controller_manager_msgs/controller_manager_msgs/srv
[1.503s] -- Installing: /home/duser/ros2_kortex-ros2ws/install/controller_manager_msgs/include/controller_manager_msgs/controller_manager_msgs/srv/configure_controller.h
[1.504s] -- Installing: /home/duser/ros2_kortex-ros2ws/install/controller_manager_msgs/include/controller_manager_msgs/controller_manager_msgs/srv/switch_controller.h
[1.504s] -- Installing: /home/duser/ros2_kortex-ros2ws/install/controller_manager_msgs/include/controller_manager_msgs/controller_manager_msgs/srv/set_hardware_component_state.h
[1.504s] -- Installing: /home/duser/ros2_kortex-ros2ws/install/controller_manager_msgs/include/controller_manager_msgs/controller_manager_msgs/srv/detail
[1.504s] -- Installing: /home/duser/ros2_kortex-ros2ws/install/controller_manager_msgs/include/controller_manager_msgs/controller_manager_msgs/srv/detail/list_hardware_interfaces__struct.h
[1.505s] -- Installing: /home/duser/ros2_kortex-ros2ws/install/controller_manager_msgs/include/controller_manager_msgs/controller_manager_msgs/srv/detail/reload_controller_libraries__struct.h
[1.505s] -- Installing: /home/duser/ros2_kortex-ros2ws/install/controller_manager_msgs/include/controller_manager_msgs/controller_manager_msgs/srv/detail/list_hardware_components__struct.h
[1.506s] -- Installing: /home/duser/ros2_kortex-ros2ws/install/controller_manager_msgs/include/controller_manager_msgs/controller_manager_msgs/srv/detail/switch_controller__type_support.h
[1.506s] -- Installing: /home/duser/ros2_kortex-ros2ws/install/controller_manager_msgs/include/controller_manager_msgs/controller_manager_msgs/srv/detail/configure_controller__functions.h
[1.506s] -- Installing: /home/duser/ros2_kortex-ros2ws/install/controller_manager_msgs/include/controller_manager_msgs/controller_manager_msgs/srv/detail/load_controller__functions.h
[1.507s] -- Installing: /home/duser/ros2_kortex-ros2ws/install/controller_manager_msgs/include/controller_manager_msgs/controller_manager_msgs/srv/detail/configure_controller__type_support.h
[1.507s] -- Installing: /home/duser/ros2_kortex-ros2ws/install/controller_manager_msgs/include/controller_manager_msgs/controller_manager_msgs/srv/detail/reload_controller_libraries__functions.c
[1.508s] -- Installing: /home/duser/ros2_kortex-ros2ws/install/controller_manager_msgs/include/controller_manager_msgs/controller_manager_msgs/srv/detail/list_hardware_components__functions.h
[1.508s] -- Installing: /home/duser/ros2_kortex-ros2ws/install/controller_manager_msgs/include/controller_manager_msgs/controller_manager_msgs/srv/detail/switch_controller__functions.c
[1.509s] -- Installing: /home/duser/ros2_kortex-ros2ws/install/controller_manager_msgs/include/controller_manager_msgs/controller_manager_msgs/srv/detail/reload_controller_libraries__type_support.h
[1.509s] -- Installing: /home/duser/ros2_kortex-ros2ws/install/controller_manager_msgs/include/controller_manager_msgs/controller_manager_msgs/srv/detail/load_controller__functions.c
[1.510s] -- Installing: /home/duser/ros2_kortex-ros2ws/install/controller_manager_msgs/include/controller_manager_msgs/controller_manager_msgs/srv/detail/load_controller__type_support.h
[1.510s] -- Installing: /home/duser/ros2_kortex-ros2ws/install/controller_manager_msgs/include/controller_manager_msgs/controller_manager_msgs/srv/detail/list_hardware_interfaces__functions.h
[1.510s] -- Installing: /home/duser/ros2_kortex-ros2ws/install/controller_manager_msgs/include/controller_manager_msgs/controller_manager_msgs/srv/detail/list_hardware_components__type_support.h
[1.511s] -- Installing: /home/duser/ros2_kortex-ros2ws/install/controller_manager_msgs/include/controller_manager_msgs/controller_manager_msgs/srv/detail/unload_controller__struct.h
[1.511s] -- Installing: /home/duser/ros2_kortex-ros2ws/install/controller_manager_msgs/include/controller_manager_msgs/controller_manager_msgs/srv/detail/list_hardware_interfaces__functions.c
[1.512s] -- Installing: /home/duser/ros2_kortex-ros2ws/install/controller_manager_msgs/include/controller_manager_msgs/controller_manager_msgs/srv/detail/list_controllers__struct.h
[1.512s] -- Installing: /home/duser/ros2_kortex-ros2ws/install/controller_manager_msgs/include/controller_manager_msgs/controller_manager_msgs/srv/detail/list_hardware_components__functions.c
[1.513s] -- Installing: /home/duser/ros2_kortex-ros2ws/install/controller_manager_msgs/include/controller_manager_msgs/controller_manager_msgs/srv/detail/list_hardware_interfaces__type_support.h
[1.513s] -- Installing: /home/duser/ros2_kortex-ros2ws/install/controller_manager_msgs/include/controller_manager_msgs/controller_manager_msgs/srv/detail/list_controller_types__type_support.h
[1.513s] -- Installing: /home/duser/ros2_kortex-ros2ws/install/controller_manager_msgs/include/controller_manager_msgs/controller_manager_msgs/srv/detail/set_hardware_component_state__struct.h
[1.513s] -- Installing: /home/duser/ros2_kortex-ros2ws/install/controller_manager_msgs/include/controller_manager_msgs/controller_manager_msgs/srv/detail/unload_controller__functions.c
[1.514s] -- Installing: /home/duser/ros2_kortex-ros2ws/install/controller_manager_msgs/include/controller_manager_msgs/controller_manager_msgs/srv/detail/set_hardware_component_state__functions.h
[1.514s] -- Installing: /home/duser/ros2_kortex-ros2ws/install/controller_manager_msgs/include/controller_manager_msgs/controller_manager_msgs/srv/detail/list_controller_types__struct.h
[1.515s] -- Installing: /home/duser/ros2_kortex-ros2ws/install/controller_manager_msgs/include/controller_manager_msgs/controller_manager_msgs/srv/detail/load_controller__struct.h
[1.515s] -- Installing: /home/duser/ros2_kortex-ros2ws/install/controller_manager_msgs/include/controller_manager_msgs/controller_manager_msgs/srv/detail/list_controllers__functions.c
[1.515s] -- Installing: /home/duser/ros2_kortex-ros2ws/install/controller_manager_msgs/include/controller_manager_msgs/controller_manager_msgs/srv/detail/reload_controller_libraries__functions.h
[1.516s] -- Installing: /home/duser/ros2_kortex-ros2ws/install/controller_manager_msgs/include/controller_manager_msgs/controller_manager_msgs/srv/detail/set_hardware_component_state__functions.c
[1.516s] -- Installing: /home/duser/ros2_kortex-ros2ws/install/controller_manager_msgs/include/controller_manager_msgs/controller_manager_msgs/srv/detail/list_controllers__functions.h
[1.517s] -- Installing: /home/duser/ros2_kortex-ros2ws/install/controller_manager_msgs/include/controller_manager_msgs/controller_manager_msgs/srv/detail/configure_controller__functions.c
[1.517s] -- Installing: /home/duser/ros2_kortex-ros2ws/install/controller_manager_msgs/include/controller_manager_msgs/controller_manager_msgs/srv/detail/configure_controller__struct.h
[1.517s] -- Installing: /home/duser/ros2_kortex-ros2ws/install/controller_manager_msgs/include/controller_manager_msgs/controller_manager_msgs/srv/detail/switch_controller__functions.h
[1.518s] -- Installing: /home/duser/ros2_kortex-ros2ws/install/controller_manager_msgs/include/controller_manager_msgs/controller_manager_msgs/srv/detail/switch_controller__struct.h
[1.518s] -- Installing: /home/duser/ros2_kortex-ros2ws/install/controller_manager_msgs/include/controller_manager_msgs/controller_manager_msgs/srv/detail/unload_controller__functions.h
[1.519s] -- Installing: /home/duser/ros2_kortex-ros2ws/install/controller_manager_msgs/include/controller_manager_msgs/controller_manager_msgs/srv/detail/unload_controller__type_support.h
[1.519s] -- Installing: /home/duser/ros2_kortex-ros2ws/install/controller_manager_msgs/include/controller_manager_msgs/controller_manager_msgs/srv/detail/list_controller_types__functions.h
[1.519s] -- Installing: /home/duser/ros2_kortex-ros2ws/install/controller_manager_msgs/include/controller_manager_msgs/controller_manager_msgs/srv/detail/list_controller_types__functions.c
[1.520s] -- Installing: /home/duser/ros2_kortex-ros2ws/install/controller_manager_msgs/include/controller_manager_msgs/controller_manager_msgs/srv/detail/set_hardware_component_state__type_support.h
[1.520s] -- Installing: /home/duser/ros2_kortex-ros2ws/install/controller_manager_msgs/include/controller_manager_msgs/controller_manager_msgs/srv/detail/list_controllers__type_support.h
[1.521s] -- Installing: /home/duser/ros2_kortex-ros2ws/install/controller_manager_msgs/include/controller_manager_msgs/controller_manager_msgs/srv/list_hardware_interfaces.h
[1.521s] -- Installing: /home/duser/ros2_kortex-ros2ws/install/controller_manager_msgs/include/controller_manager_msgs/controller_manager_msgs/srv/load_controller.h
[1.522s] -- Installing: /home/duser/ros2_kortex-ros2ws/install/controller_manager_msgs/include/controller_manager_msgs/controller_manager_msgs/srv/list_controllers.h
[1.522s] -- Installing: /home/duser/ros2_kortex-ros2ws/install/controller_manager_msgs/include/controller_manager_msgs/controller_manager_msgs/srv/list_controller_types.h
[1.522s] -- Installing: /home/duser/ros2_kortex-ros2ws/install/controller_manager_msgs/include/controller_manager_msgs/controller_manager_msgs/srv/unload_controller.h
[1.522s] -- Installing: /home/duser/ros2_kortex-ros2ws/install/controller_manager_msgs/include/controller_manager_msgs/controller_manager_msgs/srv/list_hardware_components.h
[1.523s] -- Installing: /home/duser/ros2_kortex-ros2ws/install/controller_manager_msgs/include/controller_manager_msgs/controller_manager_msgs/srv/reload_controller_libraries.h
[1.523s] -- Installing: /home/duser/ros2_kortex-ros2ws/install/controller_manager_msgs/share/controller_manager_msgs/environment/library_path.sh
[1.524s] -- Installing: /home/duser/ros2_kortex-ros2ws/install/controller_manager_msgs/share/controller_manager_msgs/environment/library_path.dsv
[1.524s] -- Installing: /home/duser/ros2_kortex-ros2ws/install/controller_manager_msgs/lib/libcontroller_manager_msgs__rosidl_generator_c.so
[1.526s] -- Set runtime path of "/home/duser/ros2_kortex-ros2ws/install/controller_manager_msgs/lib/libcontroller_manager_msgs__rosidl_generator_c.so" to ""
[1.526s] -- Up-to-date: /home/duser/ros2_kortex-ros2ws/install/controller_manager_msgs/include/controller_manager_msgs/controller_manager_msgs
[1.526s] -- Up-to-date: /home/duser/ros2_kortex-ros2ws/install/controller_manager_msgs/include/controller_manager_msgs/controller_manager_msgs/msg
[1.527s] -- Up-to-date: /home/duser/ros2_kortex-ros2ws/install/controller_manager_msgs/include/controller_manager_msgs/controller_manager_msgs/msg/detail
[1.527s] -- Installing: /home/duser/ros2_kortex-ros2ws/install/controller_manager_msgs/include/controller_manager_msgs/controller_manager_msgs/msg/detail/hardware_interface__rosidl_typesupport_fastrtps_c.h
[1.527s] -- Installing: /home/duser/ros2_kortex-ros2ws/install/controller_manager_msgs/include/controller_manager_msgs/controller_manager_msgs/msg/detail/controller_state__rosidl_typesupport_fastrtps_c.h
[1.528s] -- Installing: /home/duser/ros2_kortex-ros2ws/install/controller_manager_msgs/include/controller_manager_msgs/controller_manager_msgs/msg/detail/chain_connection__rosidl_typesupport_fastrtps_c.h
[1.528s] -- Installing: /home/duser/ros2_kortex-ros2ws/install/controller_manager_msgs/include/controller_manager_msgs/controller_manager_msgs/msg/detail/hardware_component_state__rosidl_typesupport_fastrtps_c.h
[1.528s] -- Installing: /home/duser/ros2_kortex-ros2ws/install/controller_manager_msgs/include/controller_manager_msgs/controller_manager_msgs/msg/rosidl_typesupport_fastrtps_c__visibility_control.h
[1.529s] -- Up-to-date: /home/duser/ros2_kortex-ros2ws/install/controller_manager_msgs/include/controller_manager_msgs/controller_manager_msgs/srv
[1.530s] -- Up-to-date: /home/duser/ros2_kortex-ros2ws/install/controller_manager_msgs/include/controller_manager_msgs/controller_manager_msgs/srv/detail
[1.530s] -- Installing: /home/duser/ros2_kortex-ros2ws/install/controller_manager_msgs/include/controller_manager_msgs/controller_manager_msgs/srv/detail/list_hardware_components__rosidl_typesupport_fastrtps_c.h
[1.531s] -- Installing: /home/duser/ros2_kortex-ros2ws/install/controller_manager_msgs/include/controller_manager_msgs/controller_manager_msgs/srv/detail/configure_controller__rosidl_typesupport_fastrtps_c.h
[1.531s] -- Installing: /home/duser/ros2_kortex-ros2ws/install/controller_manager_msgs/include/controller_manager_msgs/controller_manager_msgs/srv/detail/load_controller__rosidl_typesupport_fastrtps_c.h
[1.532s] -- Installing: /home/duser/ros2_kortex-ros2ws/install/controller_manager_msgs/include/controller_manager_msgs/controller_manager_msgs/srv/detail/set_hardware_component_state__rosidl_typesupport_fastrtps_c.h
[1.532s] -- Installing: /home/duser/ros2_kortex-ros2ws/install/controller_manager_msgs/include/controller_manager_msgs/controller_manager_msgs/srv/detail/switch_controller__rosidl_typesupport_fastrtps_c.h
[1.532s] -- Installing: /home/duser/ros2_kortex-ros2ws/install/controller_manager_msgs/include/controller_manager_msgs/controller_manager_msgs/srv/detail/unload_controller__rosidl_typesupport_fastrtps_c.h
[1.533s] -- Installing: /home/duser/ros2_kortex-ros2ws/install/controller_manager_msgs/include/controller_manager_msgs/controller_manager_msgs/srv/detail/list_controllers__rosidl_typesupport_fastrtps_c.h
[1.533s] -- Installing: /home/duser/ros2_kortex-ros2ws/install/controller_manager_msgs/include/controller_manager_msgs/controller_manager_msgs/srv/detail/list_hardware_interfaces__rosidl_typesupport_fastrtps_c.h
[1.533s] -- Installing: /home/duser/ros2_kortex-ros2ws/install/controller_manager_msgs/include/controller_manager_msgs/controller_manager_msgs/srv/detail/list_controller_types__rosidl_typesupport_fastrtps_c.h
[1.534s] -- Installing: /home/duser/ros2_kortex-ros2ws/install/controller_manager_msgs/include/controller_manager_msgs/controller_manager_msgs/srv/detail/reload_controller_libraries__rosidl_typesupport_fastrtps_c.h
[1.534s] -- Installing: /home/duser/ros2_kortex-ros2ws/install/controller_manager_msgs/lib/libcontroller_manager_msgs__rosidl_typesupport_fastrtps_c.so
[1.536s] -- Set runtime path of "/home/duser/ros2_kortex-ros2ws/install/controller_manager_msgs/lib/libcontroller_manager_msgs__rosidl_typesupport_fastrtps_c.so" to ""
[1.536s] -- Up-to-date: /home/duser/ros2_kortex-ros2ws/install/controller_manager_msgs/include/controller_manager_msgs/controller_manager_msgs
[1.536s] -- Up-to-date: /home/duser/ros2_kortex-ros2ws/install/controller_manager_msgs/include/controller_manager_msgs/controller_manager_msgs/msg
[1.536s] -- Installing: /home/duser/ros2_kortex-ros2ws/install/controller_manager_msgs/include/controller_manager_msgs/controller_manager_msgs/msg/hardware_interface.hpp
[1.537s] -- Installing: /home/duser/ros2_kortex-ros2ws/install/controller_manager_msgs/include/controller_manager_msgs/controller_manager_msgs/msg/chain_connection.hpp
[1.537s] -- Installing: /home/duser/ros2_kortex-ros2ws/install/controller_manager_msgs/include/controller_manager_msgs/controller_manager_msgs/msg/controller_state.hpp
[1.537s] -- Up-to-date: /home/duser/ros2_kortex-ros2ws/install/controller_manager_msgs/include/controller_manager_msgs/controller_manager_msgs/msg/detail
[1.538s] -- Installing: /home/duser/ros2_kortex-ros2ws/install/controller_manager_msgs/include/controller_manager_msgs/controller_manager_msgs/msg/detail/controller_state__builder.hpp
[1.538s] -- Installing: /home/duser/ros2_kortex-ros2ws/install/controller_manager_msgs/include/controller_manager_msgs/controller_manager_msgs/msg/detail/chain_connection__struct.hpp
[1.538s] -- Installing: /home/duser/ros2_kortex-ros2ws/install/controller_manager_msgs/include/controller_manager_msgs/controller_manager_msgs/msg/detail/hardware_interface__traits.hpp
[1.539s] -- Installing: /home/duser/ros2_kortex-ros2ws/install/controller_manager_msgs/include/controller_manager_msgs/controller_manager_msgs/msg/detail/controller_state__struct.hpp
[1.539s] -- Installing: /home/duser/ros2_kortex-ros2ws/install/controller_manager_msgs/include/controller_manager_msgs/controller_manager_msgs/msg/detail/hardware_interface__struct.hpp
[1.539s] -- Installing: /home/duser/ros2_kortex-ros2ws/install/controller_manager_msgs/include/controller_manager_msgs/controller_manager_msgs/msg/detail/controller_state__traits.hpp
[1.540s] -- Installing: /home/duser/ros2_kortex-ros2ws/install/controller_manager_msgs/include/controller_manager_msgs/controller_manager_msgs/msg/detail/hardware_component_state__struct.hpp
[1.540s] -- Installing: /home/duser/ros2_kortex-ros2ws/install/controller_manager_msgs/include/controller_manager_msgs/controller_manager_msgs/msg/detail/hardware_interface__builder.hpp
[1.540s] -- Installing: /home/duser/ros2_kortex-ros2ws/install/controller_manager_msgs/include/controller_manager_msgs/controller_manager_msgs/msg/detail/chain_connection__builder.hpp
[1.541s] -- Installing: /home/duser/ros2_kortex-ros2ws/install/controller_manager_msgs/include/controller_manager_msgs/controller_manager_msgs/msg/detail/hardware_component_state__builder.hpp
[1.541s] -- Installing: /home/duser/ros2_kortex-ros2ws/install/controller_manager_msgs/include/controller_manager_msgs/controller_manager_msgs/msg/detail/chain_connection__traits.hpp
[1.542s] -- Installing: /home/duser/ros2_kortex-ros2ws/install/controller_manager_msgs/include/controller_manager_msgs/controller_manager_msgs/msg/detail/hardware_component_state__traits.hpp
[1.542s] -- Installing: /home/duser/ros2_kortex-ros2ws/install/controller_manager_msgs/include/controller_manager_msgs/controller_manager_msgs/msg/hardware_component_state.hpp
[1.542s] -- Up-to-date: /home/duser/ros2_kortex-ros2ws/install/controller_manager_msgs/include/controller_manager_msgs/controller_manager_msgs/srv
[1.543s] -- Installing: /home/duser/ros2_kortex-ros2ws/install/controller_manager_msgs/include/controller_manager_msgs/controller_manager_msgs/srv/unload_controller.hpp
[1.543s] -- Installing: /home/duser/ros2_kortex-ros2ws/install/controller_manager_msgs/include/controller_manager_msgs/controller_manager_msgs/srv/list_controllers.hpp
[1.543s] -- Installing: /home/duser/ros2_kortex-ros2ws/install/controller_manager_msgs/include/controller_manager_msgs/controller_manager_msgs/srv/reload_controller_libraries.hpp
[1.544s] -- Installing: /home/duser/ros2_kortex-ros2ws/install/controller_manager_msgs/include/controller_manager_msgs/controller_manager_msgs/srv/list_hardware_components.hpp
[1.544s] -- Installing: /home/duser/ros2_kortex-ros2ws/install/controller_manager_msgs/include/controller_manager_msgs/controller_manager_msgs/srv/set_hardware_component_state.hpp
[1.544s] -- Up-to-date: /home/duser/ros2_kortex-ros2ws/install/controller_manager_msgs/include/controller_manager_msgs/controller_manager_msgs/srv/detail
[1.545s] -- Installing: /home/duser/ros2_kortex-ros2ws/install/controller_manager_msgs/include/controller_manager_msgs/controller_manager_msgs/srv/detail/list_hardware_interfaces__traits.hpp
[1.545s] -- Installing: /home/duser/ros2_kortex-ros2ws/install/controller_manager_msgs/include/controller_manager_msgs/controller_manager_msgs/srv/detail/list_hardware_components__struct.hpp
[1.545s] -- Installing: /home/duser/ros2_kortex-ros2ws/install/controller_manager_msgs/include/controller_manager_msgs/controller_manager_msgs/srv/detail/list_controllers__builder.hpp
[1.546s] -- Installing: /home/duser/ros2_kortex-ros2ws/install/controller_manager_msgs/include/controller_manager_msgs/controller_manager_msgs/srv/detail/list_controller_types__traits.hpp
[1.546s] -- Installing: /home/duser/ros2_kortex-ros2ws/install/controller_manager_msgs/include/controller_manager_msgs/controller_manager_msgs/srv/detail/unload_controller__builder.hpp
[1.547s] -- Installing: /home/duser/ros2_kortex-ros2ws/install/controller_manager_msgs/include/controller_manager_msgs/controller_manager_msgs/srv/detail/reload_controller_libraries__builder.hpp
[1.547s] -- Installing: /home/duser/ros2_kortex-ros2ws/install/controller_manager_msgs/include/controller_manager_msgs/controller_manager_msgs/srv/detail/list_hardware_components__traits.hpp
[1.547s] -- Installing: /home/duser/ros2_kortex-ros2ws/install/controller_manager_msgs/include/controller_manager_msgs/controller_manager_msgs/srv/detail/switch_controller__traits.hpp
[1.548s] -- Installing: /home/duser/ros2_kortex-ros2ws/install/controller_manager_msgs/include/controller_manager_msgs/controller_manager_msgs/srv/detail/list_controllers__struct.hpp
[1.548s] -- Installing: /home/duser/ros2_kortex-ros2ws/install/controller_manager_msgs/include/controller_manager_msgs/controller_manager_msgs/srv/detail/list_hardware_interfaces__struct.hpp
[1.549s] -- Installing: /home/duser/ros2_kortex-ros2ws/install/controller_manager_msgs/include/controller_manager_msgs/controller_manager_msgs/srv/detail/set_hardware_component_state__traits.hpp
[1.549s] -- Installing: /home/duser/ros2_kortex-ros2ws/install/controller_manager_msgs/include/controller_manager_msgs/controller_manager_msgs/srv/detail/load_controller__traits.hpp
[1.549s] -- Installing: /home/duser/ros2_kortex-ros2ws/install/controller_manager_msgs/include/controller_manager_msgs/controller_manager_msgs/srv/detail/load_controller__builder.hpp
[1.550s] -- Installing: /home/duser/ros2_kortex-ros2ws/install/controller_manager_msgs/include/controller_manager_msgs/controller_manager_msgs/srv/detail/list_hardware_components__builder.hpp
[1.550s] -- Installing: /home/duser/ros2_kortex-ros2ws/install/controller_manager_msgs/include/controller_manager_msgs/controller_manager_msgs/srv/detail/set_hardware_component_state__builder.hpp
[1.551s] -- Installing: /home/duser/ros2_kortex-ros2ws/install/controller_manager_msgs/include/controller_manager_msgs/controller_manager_msgs/srv/detail/set_hardware_component_state__struct.hpp
[1.551s] -- Installing: /home/duser/ros2_kortex-ros2ws/install/controller_manager_msgs/include/controller_manager_msgs/controller_manager_msgs/srv/detail/list_hardware_interfaces__builder.hpp
[1.551s] -- Installing: /home/duser/ros2_kortex-ros2ws/install/controller_manager_msgs/include/controller_manager_msgs/controller_manager_msgs/srv/detail/unload_controller__traits.hpp
[1.552s] -- Installing: /home/duser/ros2_kortex-ros2ws/install/controller_manager_msgs/include/controller_manager_msgs/controller_manager_msgs/srv/detail/list_controller_types__builder.hpp
[1.552s] -- Installing: /home/duser/ros2_kortex-ros2ws/install/controller_manager_msgs/include/controller_manager_msgs/controller_manager_msgs/srv/detail/configure_controller__struct.hpp
[1.553s] -- Installing: /home/duser/ros2_kortex-ros2ws/install/controller_manager_msgs/include/controller_manager_msgs/controller_manager_msgs/srv/detail/load_controller__struct.hpp
[1.553s] -- Installing: /home/duser/ros2_kortex-ros2ws/install/controller_manager_msgs/include/controller_manager_msgs/controller_manager_msgs/srv/detail/list_controllers__traits.hpp
[1.553s] -- Installing: /home/duser/ros2_kortex-ros2ws/install/controller_manager_msgs/include/controller_manager_msgs/controller_manager_msgs/srv/detail/list_controller_types__struct.hpp
[1.554s] -- Installing: /home/duser/ros2_kortex-ros2ws/install/controller_manager_msgs/include/controller_manager_msgs/controller_manager_msgs/srv/detail/reload_controller_libraries__traits.hpp
[1.554s] -- Installing: /home/duser/ros2_kortex-ros2ws/install/controller_manager_msgs/include/controller_manager_msgs/controller_manager_msgs/srv/detail/switch_controller__struct.hpp
[1.555s] -- Installing: /home/duser/ros2_kortex-ros2ws/install/controller_manager_msgs/include/controller_manager_msgs/controller_manager_msgs/srv/detail/configure_controller__traits.hpp
[1.555s] -- Installing: /home/duser/ros2_kortex-ros2ws/install/controller_manager_msgs/include/controller_manager_msgs/controller_manager_msgs/srv/detail/configure_controller__builder.hpp
[1.556s] -- Installing: /home/duser/ros2_kortex-ros2ws/install/controller_manager_msgs/include/controller_manager_msgs/controller_manager_msgs/srv/detail/switch_controller__builder.hpp
[1.556s] -- Installing: /home/duser/ros2_kortex-ros2ws/install/controller_manager_msgs/include/controller_manager_msgs/controller_manager_msgs/srv/detail/reload_controller_libraries__struct.hpp
[1.556s] -- Installing: /home/duser/ros2_kortex-ros2ws/install/controller_manager_msgs/include/controller_manager_msgs/controller_manager_msgs/srv/detail/unload_controller__struct.hpp
[1.557s] -- Installing: /home/duser/ros2_kortex-ros2ws/install/controller_manager_msgs/include/controller_manager_msgs/controller_manager_msgs/srv/list_hardware_interfaces.hpp
[1.557s] -- Installing: /home/duser/ros2_kortex-ros2ws/install/controller_manager_msgs/include/controller_manager_msgs/controller_manager_msgs/srv/load_controller.hpp
[1.557s] -- Installing: /home/duser/ros2_kortex-ros2ws/install/controller_manager_msgs/include/controller_manager_msgs/controller_manager_msgs/srv/list_controller_types.hpp
[1.558s] -- Installing: /home/duser/ros2_kortex-ros2ws/install/controller_manager_msgs/include/controller_manager_msgs/controller_manager_msgs/srv/switch_controller.hpp
[1.558s] -- Installing: /home/duser/ros2_kortex-ros2ws/install/controller_manager_msgs/include/controller_manager_msgs/controller_manager_msgs/srv/configure_controller.hpp
[1.559s] -- Up-to-date: /home/duser/ros2_kortex-ros2ws/install/controller_manager_msgs/include/controller_manager_msgs/controller_manager_msgs
[1.559s] -- Up-to-date: /home/duser/ros2_kortex-ros2ws/install/controller_manager_msgs/include/controller_manager_msgs/controller_manager_msgs/msg
[1.559s] -- Installing: /home/duser/ros2_kortex-ros2ws/install/controller_manager_msgs/include/controller_manager_msgs/controller_manager_msgs/msg/rosidl_typesupport_fastrtps_cpp__visibility_control.h
[1.560s] -- Up-to-date: /home/duser/ros2_kortex-ros2ws/install/controller_manager_msgs/include/controller_manager_msgs/controller_manager_msgs/msg/detail
[1.560s] -- Installing: /home/duser/ros2_kortex-ros2ws/install/controller_manager_msgs/include/controller_manager_msgs/controller_manager_msgs/msg/detail/dds_fastrtps
[1.561s] -- Installing: /home/duser/ros2_kortex-ros2ws/install/controller_manager_msgs/include/controller_manager_msgs/controller_manager_msgs/msg/detail/controller_state__rosidl_typesupport_fastrtps_cpp.hpp
[1.561s] -- Installing: /home/duser/ros2_kortex-ros2ws/install/controller_manager_msgs/include/controller_manager_msgs/controller_manager_msgs/msg/detail/chain_connection__rosidl_typesupport_fastrtps_cpp.hpp
[1.561s] -- Installing: /home/duser/ros2_kortex-ros2ws/install/controller_manager_msgs/include/controller_manager_msgs/controller_manager_msgs/msg/detail/hardware_component_state__rosidl_typesupport_fastrtps_cpp.hpp
[1.561s] -- Installing: /home/duser/ros2_kortex-ros2ws/install/controller_manager_msgs/include/controller_manager_msgs/controller_manager_msgs/msg/detail/hardware_interface__rosidl_typesupport_fastrtps_cpp.hpp
[1.561s] -- Up-to-date: /home/duser/ros2_kortex-ros2ws/install/controller_manager_msgs/include/controller_manager_msgs/controller_manager_msgs/srv
[1.562s] -- Up-to-date: /home/duser/ros2_kortex-ros2ws/install/controller_manager_msgs/include/controller_manager_msgs/controller_manager_msgs/srv/detail
[1.562s] -- Installing: /home/duser/ros2_kortex-ros2ws/install/controller_manager_msgs/include/controller_manager_msgs/controller_manager_msgs/srv/detail/switch_controller__rosidl_typesupport_fastrtps_cpp.hpp
[1.562s] -- Installing: /home/duser/ros2_kortex-ros2ws/install/controller_manager_msgs/include/controller_manager_msgs/controller_manager_msgs/srv/detail/configure_controller__rosidl_typesupport_fastrtps_cpp.hpp
[1.563s] -- Installing: /home/duser/ros2_kortex-ros2ws/install/controller_manager_msgs/include/controller_manager_msgs/controller_manager_msgs/srv/detail/load_controller__rosidl_typesupport_fastrtps_cpp.hpp
[1.563s] -- Installing: /home/duser/ros2_kortex-ros2ws/install/controller_manager_msgs/include/controller_manager_msgs/controller_manager_msgs/srv/detail/dds_fastrtps
[1.563s] -- Installing: /home/duser/ros2_kortex-ros2ws/install/controller_manager_msgs/include/controller_manager_msgs/controller_manager_msgs/srv/detail/reload_controller_libraries__rosidl_typesupport_fastrtps_cpp.hpp
[1.564s] -- Installing: /home/duser/ros2_kortex-ros2ws/install/controller_manager_msgs/include/controller_manager_msgs/controller_manager_msgs/srv/detail/list_controllers__rosidl_typesupport_fastrtps_cpp.hpp
[1.564s] -- Installing: /home/duser/ros2_kortex-ros2ws/install/controller_manager_msgs/include/controller_manager_msgs/controller_manager_msgs/srv/detail/list_hardware_interfaces__rosidl_typesupport_fastrtps_cpp.hpp
[1.565s] -- Installing: /home/duser/ros2_kortex-ros2ws/install/controller_manager_msgs/include/controller_manager_msgs/controller_manager_msgs/srv/detail/list_controller_types__rosidl_typesupport_fastrtps_cpp.hpp
[1.565s] -- Installing: /home/duser/ros2_kortex-ros2ws/install/controller_manager_msgs/include/controller_manager_msgs/controller_manager_msgs/srv/detail/set_hardware_component_state__rosidl_typesupport_fastrtps_cpp.hpp
[1.566s] -- Installing: /home/duser/ros2_kortex-ros2ws/install/controller_manager_msgs/include/controller_manager_msgs/controller_manager_msgs/srv/detail/list_hardware_components__rosidl_typesupport_fastrtps_cpp.hpp
[1.566s] -- Installing: /home/duser/ros2_kortex-ros2ws/install/controller_manager_msgs/include/controller_manager_msgs/controller_manager_msgs/srv/detail/unload_controller__rosidl_typesupport_fastrtps_cpp.hpp
[1.567s] -- Installing: /home/duser/ros2_kortex-ros2ws/install/controller_manager_msgs/lib/libcontroller_manager_msgs__rosidl_typesupport_fastrtps_cpp.so
[1.568s] -- Set runtime path of "/home/duser/ros2_kortex-ros2ws/install/controller_manager_msgs/lib/libcontroller_manager_msgs__rosidl_typesupport_fastrtps_cpp.so" to ""
[1.569s] -- Up-to-date: /home/duser/ros2_kortex-ros2ws/install/controller_manager_msgs/include/controller_manager_msgs/controller_manager_msgs
[1.569s] -- Up-to-date: /home/duser/ros2_kortex-ros2ws/install/controller_manager_msgs/include/controller_manager_msgs/controller_manager_msgs/msg
[1.569s] -- Installing: /home/duser/ros2_kortex-ros2ws/install/controller_manager_msgs/include/controller_manager_msgs/controller_manager_msgs/msg/rosidl_typesupport_introspection_c__visibility_control.h
[1.569s] -- Up-to-date: /home/duser/ros2_kortex-ros2ws/install/controller_manager_msgs/include/controller_manager_msgs/controller_manager_msgs/msg/detail
[1.569s] -- Installing: /home/duser/ros2_kortex-ros2ws/install/controller_manager_msgs/include/controller_manager_msgs/controller_manager_msgs/msg/detail/hardware_component_state__type_support.c
[1.570s] -- Installing: /home/duser/ros2_kortex-ros2ws/install/controller_manager_msgs/include/controller_manager_msgs/controller_manager_msgs/msg/detail/hardware_interface__type_support.c
[1.570s] -- Installing: /home/duser/ros2_kortex-ros2ws/install/controller_manager_msgs/include/controller_manager_msgs/controller_manager_msgs/msg/detail/controller_state__rosidl_typesupport_introspection_c.h
[1.571s] -- Installing: /home/duser/ros2_kortex-ros2ws/install/controller_manager_msgs/include/controller_manager_msgs/controller_manager_msgs/msg/detail/chain_connection__rosidl_typesupport_introspection_c.h
[1.571s] -- Installing: /home/duser/ros2_kortex-ros2ws/install/controller_manager_msgs/include/controller_manager_msgs/controller_manager_msgs/msg/detail/controller_state__type_support.c
[1.572s] -- Installing: /home/duser/ros2_kortex-ros2ws/install/controller_manager_msgs/include/controller_manager_msgs/controller_manager_msgs/msg/detail/chain_connection__type_support.c
[1.572s] -- Installing: /home/duser/ros2_kortex-ros2ws/install/controller_manager_msgs/include/controller_manager_msgs/controller_manager_msgs/msg/detail/hardware_interface__rosidl_typesupport_introspection_c.h
[1.572s] -- Installing: /home/duser/ros2_kortex-ros2ws/install/controller_manager_msgs/include/controller_manager_msgs/controller_manager_msgs/msg/detail/hardware_component_state__rosidl_typesupport_introspection_c.h
[1.573s] -- Up-to-date: /home/duser/ros2_kortex-ros2ws/install/controller_manager_msgs/include/controller_manager_msgs/controller_manager_msgs/srv
[1.573s] -- Up-to-date: /home/duser/ros2_kortex-ros2ws/install/controller_manager_msgs/include/controller_manager_msgs/controller_manager_msgs/srv/detail
[1.573s] -- Installing: /home/duser/ros2_kortex-ros2ws/install/controller_manager_msgs/include/controller_manager_msgs/controller_manager_msgs/srv/detail/list_hardware_interfaces__type_support.c
[1.574s] -- Installing: /home/duser/ros2_kortex-ros2ws/install/controller_manager_msgs/include/controller_manager_msgs/controller_manager_msgs/srv/detail/list_controller_types__rosidl_typesupport_introspection_c.h
[1.574s] -- Installing: /home/duser/ros2_kortex-ros2ws/install/controller_manager_msgs/include/controller_manager_msgs/controller_manager_msgs/srv/detail/unload_controller__type_support.c
[1.574s] -- Installing: /home/duser/ros2_kortex-ros2ws/install/controller_manager_msgs/include/controller_manager_msgs/controller_manager_msgs/srv/detail/configure_controller__type_support.c
[1.575s] -- Installing: /home/duser/ros2_kortex-ros2ws/install/controller_manager_msgs/include/controller_manager_msgs/controller_manager_msgs/srv/detail/list_hardware_components__rosidl_typesupport_introspection_c.h
[1.575s] -- Installing: /home/duser/ros2_kortex-ros2ws/install/controller_manager_msgs/include/controller_manager_msgs/controller_manager_msgs/srv/detail/configure_controller__rosidl_typesupport_introspection_c.h
[1.576s] -- Installing: /home/duser/ros2_kortex-ros2ws/install/controller_manager_msgs/include/controller_manager_msgs/controller_manager_msgs/srv/detail/list_controllers__type_support.c
[1.576s] -- Installing: /home/duser/ros2_kortex-ros2ws/install/controller_manager_msgs/include/controller_manager_msgs/controller_manager_msgs/srv/detail/list_controllers__rosidl_typesupport_introspection_c.h
[1.577s] -- Installing: /home/duser/ros2_kortex-ros2ws/install/controller_manager_msgs/include/controller_manager_msgs/controller_manager_msgs/srv/detail/list_hardware_components__type_support.c
[1.577s] -- Installing: /home/duser/ros2_kortex-ros2ws/install/controller_manager_msgs/include/controller_manager_msgs/controller_manager_msgs/srv/detail/list_hardware_interfaces__rosidl_typesupport_introspection_c.h
[1.577s] -- Installing: /home/duser/ros2_kortex-ros2ws/install/controller_manager_msgs/include/controller_manager_msgs/controller_manager_msgs/srv/detail/unload_controller__rosidl_typesupport_introspection_c.h
[1.578s] -- Installing: /home/duser/ros2_kortex-ros2ws/install/controller_manager_msgs/include/controller_manager_msgs/controller_manager_msgs/srv/detail/set_hardware_component_state__rosidl_typesupport_introspection_c.h
[1.578s] -- Installing: /home/duser/ros2_kortex-ros2ws/install/controller_manager_msgs/include/controller_manager_msgs/controller_manager_msgs/srv/detail/set_hardware_component_state__type_support.c
[1.579s] -- Installing: /home/duser/ros2_kortex-ros2ws/install/controller_manager_msgs/include/controller_manager_msgs/controller_manager_msgs/srv/detail/reload_controller_libraries__type_support.c
[1.579s] -- Installing: /home/duser/ros2_kortex-ros2ws/install/controller_manager_msgs/include/controller_manager_msgs/controller_manager_msgs/srv/detail/load_controller__rosidl_typesupport_introspection_c.h
[1.580s] -- Installing: /home/duser/ros2_kortex-ros2ws/install/controller_manager_msgs/include/controller_manager_msgs/controller_manager_msgs/srv/detail/load_controller__type_support.c
[1.580s] -- Installing: /home/duser/ros2_kortex-ros2ws/install/controller_manager_msgs/include/controller_manager_msgs/controller_manager_msgs/srv/detail/list_controller_types__type_support.c
[1.581s] -- Installing: /home/duser/ros2_kortex-ros2ws/install/controller_manager_msgs/include/controller_manager_msgs/controller_manager_msgs/srv/detail/reload_controller_libraries__rosidl_typesupport_introspection_c.h
[1.581s] -- Installing: /home/duser/ros2_kortex-ros2ws/install/controller_manager_msgs/include/controller_manager_msgs/controller_manager_msgs/srv/detail/switch_controller__rosidl_typesupport_introspection_c.h
[1.581s] -- Installing: /home/duser/ros2_kortex-ros2ws/install/controller_manager_msgs/include/controller_manager_msgs/controller_manager_msgs/srv/detail/switch_controller__type_support.c
[1.582s] -- Installing: /home/duser/ros2_kortex-ros2ws/install/controller_manager_msgs/lib/libcontroller_manager_msgs__rosidl_typesupport_introspection_c.so
[1.584s] -- Set runtime path of "/home/duser/ros2_kortex-ros2ws/install/controller_manager_msgs/lib/libcontroller_manager_msgs__rosidl_typesupport_introspection_c.so" to ""
[1.584s] -- Installing: /home/duser/ros2_kortex-ros2ws/install/controller_manager_msgs/lib/libcontroller_manager_msgs__rosidl_typesupport_c.so
[1.585s] -- Set runtime path of "/home/duser/ros2_kortex-ros2ws/install/controller_manager_msgs/lib/libcontroller_manager_msgs__rosidl_typesupport_c.so" to ""
[1.585s] -- Up-to-date: /home/duser/ros2_kortex-ros2ws/install/controller_manager_msgs/include/controller_manager_msgs/controller_manager_msgs
[1.585s] -- Up-to-date: /home/duser/ros2_kortex-ros2ws/install/controller_manager_msgs/include/controller_manager_msgs/controller_manager_msgs/msg
[1.585s] -- Up-to-date: /home/duser/ros2_kortex-ros2ws/install/controller_manager_msgs/include/controller_manager_msgs/controller_manager_msgs/msg/detail
[1.586s] -- Installing: /home/duser/ros2_kortex-ros2ws/install/controller_manager_msgs/include/controller_manager_msgs/controller_manager_msgs/msg/detail/hardware_component_state__rosidl_typesupport_introspection_cpp.hpp
[1.586s] -- Installing: /home/duser/ros2_kortex-ros2ws/install/controller_manager_msgs/include/controller_manager_msgs/controller_manager_msgs/msg/detail/hardware_interface__rosidl_typesupport_introspection_cpp.hpp
[1.586s] -- Installing: /home/duser/ros2_kortex-ros2ws/install/controller_manager_msgs/include/controller_manager_msgs/controller_manager_msgs/msg/detail/chain_connection__type_support.cpp
[1.586s] -- Installing: /home/duser/ros2_kortex-ros2ws/install/controller_manager_msgs/include/controller_manager_msgs/controller_manager_msgs/msg/detail/hardware_component_state__type_support.cpp
[1.587s] -- Installing: /home/duser/ros2_kortex-ros2ws/install/controller_manager_msgs/include/controller_manager_msgs/controller_manager_msgs/msg/detail/controller_state__rosidl_typesupport_introspection_cpp.hpp
[1.587s] -- Installing: /home/duser/ros2_kortex-ros2ws/install/controller_manager_msgs/include/controller_manager_msgs/controller_manager_msgs/msg/detail/chain_connection__rosidl_typesupport_introspection_cpp.hpp
[1.588s] -- Installing: /home/duser/ros2_kortex-ros2ws/install/controller_manager_msgs/include/controller_manager_msgs/controller_manager_msgs/msg/detail/hardware_interface__type_support.cpp
[1.588s] -- Installing: /home/duser/ros2_kortex-ros2ws/install/controller_manager_msgs/include/controller_manager_msgs/controller_manager_msgs/msg/detail/controller_state__type_support.cpp
[1.589s] -- Up-to-date: /home/duser/ros2_kortex-ros2ws/install/controller_manager_msgs/include/controller_manager_msgs/controller_manager_msgs/srv
[1.589s] -- Up-to-date: /home/duser/ros2_kortex-ros2ws/install/controller_manager_msgs/include/controller_manager_msgs/controller_manager_msgs/srv/detail
[1.590s] -- Installing: /home/duser/ros2_kortex-ros2ws/install/controller_manager_msgs/include/controller_manager_msgs/controller_manager_msgs/srv/detail/list_controller_types__type_support.cpp
[1.590s] -- Installing: /home/duser/ros2_kortex-ros2ws/install/controller_manager_msgs/include/controller_manager_msgs/controller_manager_msgs/srv/detail/configure_controller__rosidl_typesupport_introspection_cpp.hpp
[1.590s] -- Installing: /home/duser/ros2_kortex-ros2ws/install/controller_manager_msgs/include/controller_manager_msgs/controller_manager_msgs/srv/detail/set_hardware_component_state__type_support.cpp
[1.591s] -- Installing: /home/duser/ros2_kortex-ros2ws/install/controller_manager_msgs/include/controller_manager_msgs/controller_manager_msgs/srv/detail/reload_controller_libraries__type_support.cpp
[1.591s] -- Installing: /home/duser/ros2_kortex-ros2ws/install/controller_manager_msgs/include/controller_manager_msgs/controller_manager_msgs/srv/detail/unload_controller__rosidl_typesupport_introspection_cpp.hpp
[1.592s] -- Installing: /home/duser/ros2_kortex-ros2ws/install/controller_manager_msgs/include/controller_manager_msgs/controller_manager_msgs/srv/detail/load_controller__type_support.cpp
[1.592s] -- Installing: /home/duser/ros2_kortex-ros2ws/install/controller_manager_msgs/include/controller_manager_msgs/controller_manager_msgs/srv/detail/list_hardware_interfaces__rosidl_typesupport_introspection_cpp.hpp
[1.593s] -- Installing: /home/duser/ros2_kortex-ros2ws/install/controller_manager_msgs/include/controller_manager_msgs/controller_manager_msgs/srv/detail/reload_controller_libraries__rosidl_typesupport_introspection_cpp.hpp
[1.593s] -- Installing: /home/duser/ros2_kortex-ros2ws/install/controller_manager_msgs/include/controller_manager_msgs/controller_manager_msgs/srv/detail/list_controllers__type_support.cpp
[1.593s] -- Installing: /home/duser/ros2_kortex-ros2ws/install/controller_manager_msgs/include/controller_manager_msgs/controller_manager_msgs/srv/detail/switch_controller__rosidl_typesupport_introspection_cpp.hpp
[1.594s] -- Installing: /home/duser/ros2_kortex-ros2ws/install/controller_manager_msgs/include/controller_manager_msgs/controller_manager_msgs/srv/detail/list_hardware_components__type_support.cpp
[1.594s] -- Installing: /home/duser/ros2_kortex-ros2ws/install/controller_manager_msgs/include/controller_manager_msgs/controller_manager_msgs/srv/detail/load_controller__rosidl_typesupport_introspection_cpp.hpp
[1.595s] -- Installing: /home/duser/ros2_kortex-ros2ws/install/controller_manager_msgs/include/controller_manager_msgs/controller_manager_msgs/srv/detail/configure_controller__type_support.cpp
[1.595s] -- Installing: /home/duser/ros2_kortex-ros2ws/install/controller_manager_msgs/include/controller_manager_msgs/controller_manager_msgs/srv/detail/list_controllers__rosidl_typesupport_introspection_cpp.hpp
[1.596s] -- Installing: /home/duser/ros2_kortex-ros2ws/install/controller_manager_msgs/include/controller_manager_msgs/controller_manager_msgs/srv/detail/list_controller_types__rosidl_typesupport_introspection_cpp.hpp
[1.596s] -- Installing: /home/duser/ros2_kortex-ros2ws/install/controller_manager_msgs/include/controller_manager_msgs/controller_manager_msgs/srv/detail/list_hardware_interfaces__type_support.cpp
[1.596s] -- Installing: /home/duser/ros2_kortex-ros2ws/install/controller_manager_msgs/include/controller_manager_msgs/controller_manager_msgs/srv/detail/list_hardware_components__rosidl_typesupport_introspection_cpp.hpp
[1.597s] -- Installing: /home/duser/ros2_kortex-ros2ws/install/controller_manager_msgs/include/controller_manager_msgs/controller_manager_msgs/srv/detail/unload_controller__type_support.cpp
[1.597s] -- Installing: /home/duser/ros2_kortex-ros2ws/install/controller_manager_msgs/include/controller_manager_msgs/controller_manager_msgs/srv/detail/set_hardware_component_state__rosidl_typesupport_introspection_cpp.hpp
[1.598s] -- Installing: /home/duser/ros2_kortex-ros2ws/install/controller_manager_msgs/include/controller_manager_msgs/controller_manager_msgs/srv/detail/switch_controller__type_support.cpp
[1.599s] -- Installing: /home/duser/ros2_kortex-ros2ws/install/controller_manager_msgs/lib/libcontroller_manager_msgs__rosidl_typesupport_introspection_cpp.so
[1.600s] -- Set runtime path of "/home/duser/ros2_kortex-ros2ws/install/controller_manager_msgs/lib/libcontroller_manager_msgs__rosidl_typesupport_introspection_cpp.so" to ""
[1.600s] -- Installing: /home/duser/ros2_kortex-ros2ws/install/controller_manager_msgs/lib/libcontroller_manager_msgs__rosidl_typesupport_cpp.so
[1.602s] -- Set runtime path of "/home/duser/ros2_kortex-ros2ws/install/controller_manager_msgs/lib/libcontroller_manager_msgs__rosidl_typesupport_cpp.so" to ""
[1.602s] -- Installing: /home/duser/ros2_kortex-ros2ws/install/controller_manager_msgs/share/controller_manager_msgs/environment/pythonpath.sh
[1.603s] -- Installing: /home/duser/ros2_kortex-ros2ws/install/controller_manager_msgs/share/controller_manager_msgs/environment/pythonpath.dsv
[1.603s] -- Installing: /home/duser/ros2_kortex-ros2ws/install/controller_manager_msgs/local/lib/python3.10/dist-packages/controller_manager_msgs-2.41.0-py3.10.egg-info
[1.603s] -- Installing: /home/duser/ros2_kortex-ros2ws/install/controller_manager_msgs/local/lib/python3.10/dist-packages/controller_manager_msgs-2.41.0-py3.10.egg-info/dependency_links.txt
[1.603s] -- Installing: /home/duser/ros2_kortex-ros2ws/install/controller_manager_msgs/local/lib/python3.10/dist-packages/controller_manager_msgs-2.41.0-py3.10.egg-info/SOURCES.txt
[1.604s] -- Installing: /home/duser/ros2_kortex-ros2ws/install/controller_manager_msgs/local/lib/python3.10/dist-packages/controller_manager_msgs-2.41.0-py3.10.egg-info/PKG-INFO
[1.604s] -- Installing: /home/duser/ros2_kortex-ros2ws/install/controller_manager_msgs/local/lib/python3.10/dist-packages/controller_manager_msgs-2.41.0-py3.10.egg-info/top_level.txt
[1.604s] -- Installing: /home/duser/ros2_kortex-ros2ws/install/controller_manager_msgs/local/lib/python3.10/dist-packages/controller_manager_msgs
[1.605s] -- Installing: /home/duser/ros2_kortex-ros2ws/install/controller_manager_msgs/local/lib/python3.10/dist-packages/controller_manager_msgs/controller_manager_msgs_s__rosidl_typesupport_fastrtps_c.cpython-310-x86_64-linux-gnu.so
[1.605s] -- Installing: /home/duser/ros2_kortex-ros2ws/install/controller_manager_msgs/local/lib/python3.10/dist-packages/controller_manager_msgs/__init__.py
[1.606s] -- Installing: /home/duser/ros2_kortex-ros2ws/install/controller_manager_msgs/local/lib/python3.10/dist-packages/controller_manager_msgs/controller_manager_msgs_s__rosidl_typesupport_introspection_c.cpython-310-x86_64-linux-gnu.so
[1.606s] -- Installing: /home/duser/ros2_kortex-ros2ws/install/controller_manager_msgs/local/lib/python3.10/dist-packages/controller_manager_msgs/msg
[1.606s] -- Installing: /home/duser/ros2_kortex-ros2ws/install/controller_manager_msgs/local/lib/python3.10/dist-packages/controller_manager_msgs/msg/_hardware_component_state_s.c
[1.607s] -- Installing: /home/duser/ros2_kortex-ros2ws/install/controller_manager_msgs/local/lib/python3.10/dist-packages/controller_manager_msgs/msg/__init__.py
[1.607s] -- Installing: /home/duser/ros2_kortex-ros2ws/install/controller_manager_msgs/local/lib/python3.10/dist-packages/controller_manager_msgs/msg/_hardware_interface.py
[1.607s] -- Installing: /home/duser/ros2_kortex-ros2ws/install/controller_manager_msgs/local/lib/python3.10/dist-packages/controller_manager_msgs/msg/_hardware_interface_s.c
[1.608s] -- Installing: /home/duser/ros2_kortex-ros2ws/install/controller_manager_msgs/local/lib/python3.10/dist-packages/controller_manager_msgs/msg/_chain_connection_s.c
[1.608s] -- Installing: /home/duser/ros2_kortex-ros2ws/install/controller_manager_msgs/local/lib/python3.10/dist-packages/controller_manager_msgs/msg/_controller_state.py
[1.608s] -- Installing: /home/duser/ros2_kortex-ros2ws/install/controller_manager_msgs/local/lib/python3.10/dist-packages/controller_manager_msgs/msg/_controller_state_s.c
[1.608s] -- Installing: /home/duser/ros2_kortex-ros2ws/install/controller_manager_msgs/local/lib/python3.10/dist-packages/controller_manager_msgs/msg/_hardware_component_state.py
[1.609s] -- Installing: /home/duser/ros2_kortex-ros2ws/install/controller_manager_msgs/local/lib/python3.10/dist-packages/controller_manager_msgs/msg/_chain_connection.py
[1.609s] -- Installing: /home/duser/ros2_kortex-ros2ws/install/controller_manager_msgs/local/lib/python3.10/dist-packages/controller_manager_msgs/controller_manager_msgs_s__rosidl_typesupport_c.cpython-310-x86_64-linux-gnu.so
[1.610s] -- Installing: /home/duser/ros2_kortex-ros2ws/install/controller_manager_msgs/local/lib/python3.10/dist-packages/controller_manager_msgs/_controller_manager_msgs_s.ep.rosidl_typesupport_introspection_c.c
[1.611s] -- Installing: /home/duser/ros2_kortex-ros2ws/install/controller_manager_msgs/local/lib/python3.10/dist-packages/controller_manager_msgs/_controller_manager_msgs_s.ep.rosidl_typesupport_c.c
[1.611s] -- Installing: /home/duser/ros2_kortex-ros2ws/install/controller_manager_msgs/local/lib/python3.10/dist-packages/controller_manager_msgs/_controller_manager_msgs_s.ep.rosidl_typesupport_fastrtps_c.c
[1.612s] -- Installing: /home/duser/ros2_kortex-ros2ws/install/controller_manager_msgs/local/lib/python3.10/dist-packages/controller_manager_msgs/libcontroller_manager_msgs__rosidl_generator_py.so
[1.612s] -- Installing: /home/duser/ros2_kortex-ros2ws/install/controller_manager_msgs/local/lib/python3.10/dist-packages/controller_manager_msgs/srv
[1.613s] -- Installing: /home/duser/ros2_kortex-ros2ws/install/controller_manager_msgs/local/lib/python3.10/dist-packages/controller_manager_msgs/srv/_set_hardware_component_state.py
[1.613s] -- Installing: /home/duser/ros2_kortex-ros2ws/install/controller_manager_msgs/local/lib/python3.10/dist-packages/controller_manager_msgs/srv/_list_hardware_interfaces.py
[1.613s] -- Installing: /home/duser/ros2_kortex-ros2ws/install/controller_manager_msgs/local/lib/python3.10/dist-packages/controller_manager_msgs/srv/_list_controllers.py
[1.613s] -- Installing: /home/duser/ros2_kortex-ros2ws/install/controller_manager_msgs/local/lib/python3.10/dist-packages/controller_manager_msgs/srv/_configure_controller_s.c
[1.614s] -- Installing: /home/duser/ros2_kortex-ros2ws/install/controller_manager_msgs/local/lib/python3.10/dist-packages/controller_manager_msgs/srv/_unload_controller.py
[1.614s] -- Installing: /home/duser/ros2_kortex-ros2ws/install/controller_manager_msgs/local/lib/python3.10/dist-packages/controller_manager_msgs/srv/_list_controller_types.py
[1.614s] -- Installing: /home/duser/ros2_kortex-ros2ws/install/controller_manager_msgs/local/lib/python3.10/dist-packages/controller_manager_msgs/srv/_list_hardware_components_s.c
[1.615s] -- Installing: /home/duser/ros2_kortex-ros2ws/install/controller_manager_msgs/local/lib/python3.10/dist-packages/controller_manager_msgs/srv/__init__.py
[1.615s] -- Installing: /home/duser/ros2_kortex-ros2ws/install/controller_manager_msgs/local/lib/python3.10/dist-packages/controller_manager_msgs/srv/_switch_controller.py
[1.615s] -- Installing: /home/duser/ros2_kortex-ros2ws/install/controller_manager_msgs/local/lib/python3.10/dist-packages/controller_manager_msgs/srv/_set_hardware_component_state_s.c
[1.615s] -- Installing: /home/duser/ros2_kortex-ros2ws/install/controller_manager_msgs/local/lib/python3.10/dist-packages/controller_manager_msgs/srv/_reload_controller_libraries.py
[1.616s] -- Installing: /home/duser/ros2_kortex-ros2ws/install/controller_manager_msgs/local/lib/python3.10/dist-packages/controller_manager_msgs/srv/_reload_controller_libraries_s.c
[1.616s] -- Installing: /home/duser/ros2_kortex-ros2ws/install/controller_manager_msgs/local/lib/python3.10/dist-packages/controller_manager_msgs/srv/_switch_controller_s.c
[1.616s] -- Installing: /home/duser/ros2_kortex-ros2ws/install/controller_manager_msgs/local/lib/python3.10/dist-packages/controller_manager_msgs/srv/_configure_controller.py
[1.617s] -- Installing: /home/duser/ros2_kortex-ros2ws/install/controller_manager_msgs/local/lib/python3.10/dist-packages/controller_manager_msgs/srv/_unload_controller_s.c
[1.617s] -- Installing: /home/duser/ros2_kortex-ros2ws/install/controller_manager_msgs/local/lib/python3.10/dist-packages/controller_manager_msgs/srv/_list_controller_types_s.c
[1.617s] -- Installing: /home/duser/ros2_kortex-ros2ws/install/controller_manager_msgs/local/lib/python3.10/dist-packages/controller_manager_msgs/srv/_load_controller_s.c
[1.618s] -- Installing: /home/duser/ros2_kortex-ros2ws/install/controller_manager_msgs/local/lib/python3.10/dist-packages/controller_manager_msgs/srv/_list_controllers_s.c
[1.618s] -- Installing: /home/duser/ros2_kortex-ros2ws/install/controller_manager_msgs/local/lib/python3.10/dist-packages/controller_manager_msgs/srv/_list_hardware_components.py
[1.618s] -- Installing: /home/duser/ros2_kortex-ros2ws/install/controller_manager_msgs/local/lib/python3.10/dist-packages/controller_manager_msgs/srv/_list_hardware_interfaces_s.c
[1.618s] -- Installing: /home/duser/ros2_kortex-ros2ws/install/controller_manager_msgs/local/lib/python3.10/dist-packages/controller_manager_msgs/srv/_load_controller.py
[1.690s] Listing '/home/duser/ros2_kortex-ros2ws/install/controller_manager_msgs/local/lib/python3.10/dist-packages/controller_manager_msgs'...
[1.690s] Compiling '/home/duser/ros2_kortex-ros2ws/install/controller_manager_msgs/local/lib/python3.10/dist-packages/controller_manager_msgs/__init__.py'...
[1.690s] Listing '/home/duser/ros2_kortex-ros2ws/install/controller_manager_msgs/local/lib/python3.10/dist-packages/controller_manager_msgs/msg'...
[1.690s] Compiling '/home/duser/ros2_kortex-ros2ws/install/controller_manager_msgs/local/lib/python3.10/dist-packages/controller_manager_msgs/msg/__init__.py'...
[1.691s] Compiling '/home/duser/ros2_kortex-ros2ws/install/controller_manager_msgs/local/lib/python3.10/dist-packages/controller_manager_msgs/msg/_chain_connection.py'...
[1.691s] Compiling '/home/duser/ros2_kortex-ros2ws/install/controller_manager_msgs/local/lib/python3.10/dist-packages/controller_manager_msgs/msg/_controller_state.py'...
[1.691s] Compiling '/home/duser/ros2_kortex-ros2ws/install/controller_manager_msgs/local/lib/python3.10/dist-packages/controller_manager_msgs/msg/_hardware_component_state.py'...
[1.691s] Compiling '/home/duser/ros2_kortex-ros2ws/install/controller_manager_msgs/local/lib/python3.10/dist-packages/controller_manager_msgs/msg/_hardware_interface.py'...
[1.691s] Listing '/home/duser/ros2_kortex-ros2ws/install/controller_manager_msgs/local/lib/python3.10/dist-packages/controller_manager_msgs/srv'...
[1.691s] Compiling '/home/duser/ros2_kortex-ros2ws/install/controller_manager_msgs/local/lib/python3.10/dist-packages/controller_manager_msgs/srv/__init__.py'...
[1.691s] Compiling '/home/duser/ros2_kortex-ros2ws/install/controller_manager_msgs/local/lib/python3.10/dist-packages/controller_manager_msgs/srv/_configure_controller.py'...
[1.691s] Compiling '/home/duser/ros2_kortex-ros2ws/install/controller_manager_msgs/local/lib/python3.10/dist-packages/controller_manager_msgs/srv/_list_controller_types.py'...
[1.692s] Compiling '/home/duser/ros2_kortex-ros2ws/install/controller_manager_msgs/local/lib/python3.10/dist-packages/controller_manager_msgs/srv/_list_controllers.py'...
[1.692s] Compiling '/home/duser/ros2_kortex-ros2ws/install/controller_manager_msgs/local/lib/python3.10/dist-packages/controller_manager_msgs/srv/_list_hardware_components.py'...
[1.692s] Compiling '/home/duser/ros2_kortex-ros2ws/install/controller_manager_msgs/local/lib/python3.10/dist-packages/controller_manager_msgs/srv/_list_hardware_interfaces.py'...
[1.692s] Compiling '/home/duser/ros2_kortex-ros2ws/install/controller_manager_msgs/local/lib/python3.10/dist-packages/controller_manager_msgs/srv/_load_controller.py'...
[1.692s] Compiling '/home/duser/ros2_kortex-ros2ws/install/controller_manager_msgs/local/lib/python3.10/dist-packages/controller_manager_msgs/srv/_reload_controller_libraries.py'...
[1.692s] Compiling '/home/duser/ros2_kortex-ros2ws/install/controller_manager_msgs/local/lib/python3.10/dist-packages/controller_manager_msgs/srv/_set_hardware_component_state.py'...
[1.692s] Compiling '/home/duser/ros2_kortex-ros2ws/install/controller_manager_msgs/local/lib/python3.10/dist-packages/controller_manager_msgs/srv/_switch_controller.py'...
[1.692s] Compiling '/home/duser/ros2_kortex-ros2ws/install/controller_manager_msgs/local/lib/python3.10/dist-packages/controller_manager_msgs/srv/_unload_controller.py'...
[1.698s] -- Installing: /home/duser/ros2_kortex-ros2ws/install/controller_manager_msgs/local/lib/python3.10/dist-packages/controller_manager_msgs/controller_manager_msgs_s__rosidl_typesupport_fastrtps_c.cpython-310-x86_64-linux-gnu.so
[1.699s] -- Set runtime path of "/home/duser/ros2_kortex-ros2ws/install/controller_manager_msgs/local/lib/python3.10/dist-packages/controller_manager_msgs/controller_manager_msgs_s__rosidl_typesupport_fastrtps_c.cpython-310-x86_64-linux-gnu.so" to ""
[1.699s] -- Installing: /home/duser/ros2_kortex-ros2ws/install/controller_manager_msgs/local/lib/python3.10/dist-packages/controller_manager_msgs/controller_manager_msgs_s__rosidl_typesupport_introspection_c.cpython-310-x86_64-linux-gnu.so
[1.700s] -- Set runtime path of "/home/duser/ros2_kortex-ros2ws/install/controller_manager_msgs/local/lib/python3.10/dist-packages/controller_manager_msgs/controller_manager_msgs_s__rosidl_typesupport_introspection_c.cpython-310-x86_64-linux-gnu.so" to ""
[1.701s] -- Installing: /home/duser/ros2_kortex-ros2ws/install/controller_manager_msgs/local/lib/python3.10/dist-packages/controller_manager_msgs/controller_manager_msgs_s__rosidl_typesupport_c.cpython-310-x86_64-linux-gnu.so
[1.702s] -- Set runtime path of "/home/duser/ros2_kortex-ros2ws/install/controller_manager_msgs/local/lib/python3.10/dist-packages/controller_manager_msgs/controller_manager_msgs_s__rosidl_typesupport_c.cpython-310-x86_64-linux-gnu.so" to ""
[1.702s] -- Installing: /home/duser/ros2_kortex-ros2ws/install/controller_manager_msgs/lib/libcontroller_manager_msgs__rosidl_generator_py.so
[1.703s] -- Set runtime path of "/home/duser/ros2_kortex-ros2ws/install/controller_manager_msgs/lib/libcontroller_manager_msgs__rosidl_generator_py.so" to ""
[1.703s] -- Installing: /home/duser/ros2_kortex-ros2ws/install/controller_manager_msgs/share/controller_manager_msgs/msg/ControllerState.idl
[1.704s] -- Installing: /home/duser/ros2_kortex-ros2ws/install/controller_manager_msgs/share/controller_manager_msgs/msg/ChainConnection.idl
[1.704s] -- Installing: /home/duser/ros2_kortex-ros2ws/install/controller_manager_msgs/share/controller_manager_msgs/msg/HardwareComponentState.idl
[1.704s] -- Installing: /home/duser/ros2_kortex-ros2ws/install/controller_manager_msgs/share/controller_manager_msgs/msg/HardwareInterface.idl
[1.705s] -- Installing: /home/duser/ros2_kortex-ros2ws/install/controller_manager_msgs/share/controller_manager_msgs/srv/ConfigureController.idl
[1.706s] -- Installing: /home/duser/ros2_kortex-ros2ws/install/controller_manager_msgs/share/controller_manager_msgs/srv/ListControllers.idl
[1.706s] -- Installing: /home/duser/ros2_kortex-ros2ws/install/controller_manager_msgs/share/controller_manager_msgs/srv/ListControllerTypes.idl
[1.707s] -- Installing: /home/duser/ros2_kortex-ros2ws/install/controller_manager_msgs/share/controller_manager_msgs/srv/ListHardwareComponents.idl
[1.707s] -- Installing: /home/duser/ros2_kortex-ros2ws/install/controller_manager_msgs/share/controller_manager_msgs/srv/ListHardwareInterfaces.idl
[1.708s] -- Installing: /home/duser/ros2_kortex-ros2ws/install/controller_manager_msgs/share/controller_manager_msgs/srv/LoadController.idl
[1.708s] -- Installing: /home/duser/ros2_kortex-ros2ws/install/controller_manager_msgs/share/controller_manager_msgs/srv/ReloadControllerLibraries.idl
[1.709s] -- Installing: /home/duser/ros2_kortex-ros2ws/install/controller_manager_msgs/share/controller_manager_msgs/srv/SetHardwareComponentState.idl
[1.709s] -- Installing: /home/duser/ros2_kortex-ros2ws/install/controller_manager_msgs/share/controller_manager_msgs/srv/SwitchController.idl
[1.710s] -- Installing: /home/duser/ros2_kortex-ros2ws/install/controller_manager_msgs/share/controller_manager_msgs/srv/UnloadController.idl
[1.710s] -- Installing: /home/duser/ros2_kortex-ros2ws/install/controller_manager_msgs/share/controller_manager_msgs/msg/ControllerState.msg
[1.711s] -- Installing: /home/duser/ros2_kortex-ros2ws/install/controller_manager_msgs/share/controller_manager_msgs/msg/ChainConnection.msg
[1.711s] -- Installing: /home/duser/ros2_kortex-ros2ws/install/controller_manager_msgs/share/controller_manager_msgs/msg/HardwareComponentState.msg
[1.712s] -- Installing: /home/duser/ros2_kortex-ros2ws/install/controller_manager_msgs/share/controller_manager_msgs/msg/HardwareInterface.msg
[1.712s] -- Installing: /home/duser/ros2_kortex-ros2ws/install/controller_manager_msgs/share/controller_manager_msgs/srv/ConfigureController.srv
[1.713s] -- Installing: /home/duser/ros2_kortex-ros2ws/install/controller_manager_msgs/share/controller_manager_msgs/srv/ConfigureController_Request.msg
[1.713s] -- Installing: /home/duser/ros2_kortex-ros2ws/install/controller_manager_msgs/share/controller_manager_msgs/srv/ConfigureController_Response.msg
[1.713s] -- Installing: /home/duser/ros2_kortex-ros2ws/install/controller_manager_msgs/share/controller_manager_msgs/srv/ListControllers.srv
[1.714s] -- Installing: /home/duser/ros2_kortex-ros2ws/install/controller_manager_msgs/share/controller_manager_msgs/srv/ListControllers_Request.msg
[1.714s] -- Installing: /home/duser/ros2_kortex-ros2ws/install/controller_manager_msgs/share/controller_manager_msgs/srv/ListControllers_Response.msg
[1.715s] -- Installing: /home/duser/ros2_kortex-ros2ws/install/controller_manager_msgs/share/controller_manager_msgs/srv/ListControllerTypes.srv
[1.715s] -- Installing: /home/duser/ros2_kortex-ros2ws/install/controller_manager_msgs/share/controller_manager_msgs/srv/ListControllerTypes_Request.msg
[1.716s] -- Installing: /home/duser/ros2_kortex-ros2ws/install/controller_manager_msgs/share/controller_manager_msgs/srv/ListControllerTypes_Response.msg
[1.716s] -- Installing: /home/duser/ros2_kortex-ros2ws/install/controller_manager_msgs/share/controller_manager_msgs/srv/ListHardwareComponents.srv
[1.717s] -- Installing: /home/duser/ros2_kortex-ros2ws/install/controller_manager_msgs/share/controller_manager_msgs/srv/ListHardwareComponents_Request.msg
[1.717s] -- Installing: /home/duser/ros2_kortex-ros2ws/install/controller_manager_msgs/share/controller_manager_msgs/srv/ListHardwareComponents_Response.msg
[1.718s] -- Installing: /home/duser/ros2_kortex-ros2ws/install/controller_manager_msgs/share/controller_manager_msgs/srv/ListHardwareInterfaces.srv
[1.719s] -- Installing: /home/duser/ros2_kortex-ros2ws/install/controller_manager_msgs/share/controller_manager_msgs/srv/ListHardwareInterfaces_Request.msg
[1.719s] -- Installing: /home/duser/ros2_kortex-ros2ws/install/controller_manager_msgs/share/controller_manager_msgs/srv/ListHardwareInterfaces_Response.msg
[1.719s] -- Installing: /home/duser/ros2_kortex-ros2ws/install/controller_manager_msgs/share/controller_manager_msgs/srv/LoadController.srv
[1.720s] -- Installing: /home/duser/ros2_kortex-ros2ws/install/controller_manager_msgs/share/controller_manager_msgs/srv/LoadController_Request.msg
[1.720s] -- Installing: /home/duser/ros2_kortex-ros2ws/install/controller_manager_msgs/share/controller_manager_msgs/srv/LoadController_Response.msg
[1.721s] -- Installing: /home/duser/ros2_kortex-ros2ws/install/controller_manager_msgs/share/controller_manager_msgs/srv/ReloadControllerLibraries.srv
[1.722s] -- Installing: /home/duser/ros2_kortex-ros2ws/install/controller_manager_msgs/share/controller_manager_msgs/srv/ReloadControllerLibraries_Request.msg
[1.722s] -- Installing: /home/duser/ros2_kortex-ros2ws/install/controller_manager_msgs/share/controller_manager_msgs/srv/ReloadControllerLibraries_Response.msg
[1.722s] -- Installing: /home/duser/ros2_kortex-ros2ws/install/controller_manager_msgs/share/controller_manager_msgs/srv/SetHardwareComponentState.srv
[1.723s] -- Installing: /home/duser/ros2_kortex-ros2ws/install/controller_manager_msgs/share/controller_manager_msgs/srv/SetHardwareComponentState_Request.msg
[1.723s] -- Installing: /home/duser/ros2_kortex-ros2ws/install/controller_manager_msgs/share/controller_manager_msgs/srv/SetHardwareComponentState_Response.msg
[1.724s] -- Installing: /home/duser/ros2_kortex-ros2ws/install/controller_manager_msgs/share/controller_manager_msgs/srv/SwitchController.srv
[1.724s] -- Installing: /home/duser/ros2_kortex-ros2ws/install/controller_manager_msgs/share/controller_manager_msgs/srv/SwitchController_Request.msg
[1.724s] -- Installing: /home/duser/ros2_kortex-ros2ws/install/controller_manager_msgs/share/controller_manager_msgs/srv/SwitchController_Response.msg
[1.725s] -- Installing: /home/duser/ros2_kortex-ros2ws/install/controller_manager_msgs/share/controller_manager_msgs/srv/UnloadController.srv
[1.726s] -- Installing: /home/duser/ros2_kortex-ros2ws/install/controller_manager_msgs/share/controller_manager_msgs/srv/UnloadController_Request.msg
[1.726s] -- Installing: /home/duser/ros2_kortex-ros2ws/install/controller_manager_msgs/share/controller_manager_msgs/srv/UnloadController_Response.msg
[1.727s] -- Installing: /home/duser/ros2_kortex-ros2ws/install/controller_manager_msgs/share/ament_index/resource_index/package_run_dependencies/controller_manager_msgs
[1.727s] -- Installing: /home/duser/ros2_kortex-ros2ws/install/controller_manager_msgs/share/ament_index/resource_index/parent_prefix_path/controller_manager_msgs
[1.728s] -- Installing: /home/duser/ros2_kortex-ros2ws/install/controller_manager_msgs/share/controller_manager_msgs/environment/ament_prefix_path.sh
[1.728s] -- Installing: /home/duser/ros2_kortex-ros2ws/install/controller_manager_msgs/share/controller_manager_msgs/environment/ament_prefix_path.dsv
[1.729s] -- Installing: /home/duser/ros2_kortex-ros2ws/install/controller_manager_msgs/share/controller_manager_msgs/environment/path.sh
[1.729s] -- Installing: /home/duser/ros2_kortex-ros2ws/install/controller_manager_msgs/share/controller_manager_msgs/environment/path.dsv
[1.729s] -- Installing: /home/duser/ros2_kortex-ros2ws/install/controller_manager_msgs/share/controller_manager_msgs/local_setup.bash
[1.730s] -- Installing: /home/duser/ros2_kortex-ros2ws/install/controller_manager_msgs/share/controller_manager_msgs/local_setup.sh
[1.730s] -- Installing: /home/duser/ros2_kortex-ros2ws/install/controller_manager_msgs/share/controller_manager_msgs/local_setup.zsh
[1.731s] -- Installing: /home/duser/ros2_kortex-ros2ws/install/controller_manager_msgs/share/controller_manager_msgs/local_setup.dsv
[1.731s] -- Installing: /home/duser/ros2_kortex-ros2ws/install/controller_manager_msgs/share/controller_manager_msgs/package.dsv
[1.732s] -- Installing: /home/duser/ros2_kortex-ros2ws/install/controller_manager_msgs/share/ament_index/resource_index/packages/controller_manager_msgs
[1.732s] -- Installing: /home/duser/ros2_kortex-ros2ws/install/controller_manager_msgs/share/controller_manager_msgs/cmake/export_controller_manager_msgs__rosidl_generator_cExport.cmake
[1.733s] -- Installing: /home/duser/ros2_kortex-ros2ws/install/controller_manager_msgs/share/controller_manager_msgs/cmake/export_controller_manager_msgs__rosidl_generator_cExport-release.cmake
[1.733s] -- Installing: /home/duser/ros2_kortex-ros2ws/install/controller_manager_msgs/share/controller_manager_msgs/cmake/export_controller_manager_msgs__rosidl_typesupport_fastrtps_cExport.cmake
[1.734s] -- Installing: /home/duser/ros2_kortex-ros2ws/install/controller_manager_msgs/share/controller_manager_msgs/cmake/export_controller_manager_msgs__rosidl_typesupport_fastrtps_cExport-release.cmake
[1.734s] -- Installing: /home/duser/ros2_kortex-ros2ws/install/controller_manager_msgs/share/controller_manager_msgs/cmake/export_controller_manager_msgs__rosidl_generator_cppExport.cmake
[1.735s] -- Installing: /home/duser/ros2_kortex-ros2ws/install/controller_manager_msgs/share/controller_manager_msgs/cmake/export_controller_manager_msgs__rosidl_typesupport_fastrtps_cppExport.cmake
[1.735s] -- Installing: /home/duser/ros2_kortex-ros2ws/install/controller_manager_msgs/share/controller_manager_msgs/cmake/export_controller_manager_msgs__rosidl_typesupport_fastrtps_cppExport-release.cmake
[1.736s] -- Installing: /home/duser/ros2_kortex-ros2ws/install/controller_manager_msgs/share/controller_manager_msgs/cmake/controller_manager_msgs__rosidl_typesupport_introspection_cExport.cmake
[1.736s] -- Installing: /home/duser/ros2_kortex-ros2ws/install/controller_manager_msgs/share/controller_manager_msgs/cmake/controller_manager_msgs__rosidl_typesupport_introspection_cExport-release.cmake
[1.736s] -- Installing: /home/duser/ros2_kortex-ros2ws/install/controller_manager_msgs/share/controller_manager_msgs/cmake/controller_manager_msgs__rosidl_typesupport_cExport.cmake
[1.737s] -- Installing: /home/duser/ros2_kortex-ros2ws/install/controller_manager_msgs/share/controller_manager_msgs/cmake/controller_manager_msgs__rosidl_typesupport_cExport-release.cmake
[1.737s] -- Installing: /home/duser/ros2_kortex-ros2ws/install/controller_manager_msgs/share/controller_manager_msgs/cmake/controller_manager_msgs__rosidl_typesupport_introspection_cppExport.cmake
[1.738s] -- Installing: /home/duser/ros2_kortex-ros2ws/install/controller_manager_msgs/share/controller_manager_msgs/cmake/controller_manager_msgs__rosidl_typesupport_introspection_cppExport-release.cmake
[1.739s] -- Installing: /home/duser/ros2_kortex-ros2ws/install/controller_manager_msgs/share/controller_manager_msgs/cmake/controller_manager_msgs__rosidl_typesupport_cppExport.cmake
[1.739s] -- Installing: /home/duser/ros2_kortex-ros2ws/install/controller_manager_msgs/share/controller_manager_msgs/cmake/controller_manager_msgs__rosidl_typesupport_cppExport-release.cmake
[1.740s] -- Installing: /home/duser/ros2_kortex-ros2ws/install/controller_manager_msgs/share/controller_manager_msgs/cmake/export_controller_manager_msgs__rosidl_generator_pyExport.cmake
[1.740s] -- Installing: /home/duser/ros2_kortex-ros2ws/install/controller_manager_msgs/share/controller_manager_msgs/cmake/export_controller_manager_msgs__rosidl_generator_pyExport-release.cmake
[1.741s] -- Installing: /home/duser/ros2_kortex-ros2ws/install/controller_manager_msgs/share/controller_manager_msgs/cmake/rosidl_cmake-extras.cmake
[1.741s] -- Installing: /home/duser/ros2_kortex-ros2ws/install/controller_manager_msgs/share/controller_manager_msgs/cmake/ament_cmake_export_dependencies-extras.cmake
[1.741s] -- Installing: /home/duser/ros2_kortex-ros2ws/install/controller_manager_msgs/share/controller_manager_msgs/cmake/ament_cmake_export_include_directories-extras.cmake
[1.742s] -- Installing: /home/duser/ros2_kortex-ros2ws/install/controller_manager_msgs/share/controller_manager_msgs/cmake/ament_cmake_export_libraries-extras.cmake
[1.742s] -- Installing: /home/duser/ros2_kortex-ros2ws/install/controller_manager_msgs/share/controller_manager_msgs/cmake/ament_cmake_export_targets-extras.cmake
[1.743s] -- Installing: /home/duser/ros2_kortex-ros2ws/install/controller_manager_msgs/share/controller_manager_msgs/cmake/rosidl_cmake_export_typesupport_targets-extras.cmake
[1.743s] -- Installing: /home/duser/ros2_kortex-ros2ws/install/controller_manager_msgs/share/controller_manager_msgs/cmake/rosidl_cmake_export_typesupport_libraries-extras.cmake
[1.744s] -- Installing: /home/duser/ros2_kortex-ros2ws/install/controller_manager_msgs/share/controller_manager_msgs/cmake/controller_manager_msgsConfig.cmake
[1.744s] -- Installing: /home/duser/ros2_kortex-ros2ws/install/controller_manager_msgs/share/controller_manager_msgs/cmake/controller_manager_msgsConfig-version.cmake
[1.744s] -- Installing: /home/duser/ros2_kortex-ros2ws/install/controller_manager_msgs/share/controller_manager_msgs/package.xml
[1.749s] Invoked command in '/home/duser/ros2_kortex-ros2ws/build/controller_manager_msgs' returned '0': CMAKE_PREFIX_PATH=${CMAKE_PREFIX_PATH}:/opt/ros/humble /usr/bin/cmake --install /home/duser/ros2_kortex-ros2ws/build/controller_manager_msgs
