[0.077s] Invoking command in '/home/duser/ros2_kortex-ros2ws/build/effort_controllers': AMENT_PREFIX_PATH=/home/duser/ros2_kortex-ros2ws/install/forward_command_controller:/home/duser/ros2_kortex-ros2ws/install/controller_manager:/home/duser/ros2_kortex-ros2ws/install/hardware_interface_testing:/home/duser/ros2_kortex-ros2ws/install/controller_interface:/home/duser/ros2_kortex-ros2ws/install/hardware_interface:/home/duser/ros2_kortex-ros2ws/install/controller_manager_msgs:/home/duser/ros2_kortex-ros2ws/install/control_msgs:${AMENT_PREFIX_PATH} CMAKE_PREFIX_PATH=/home/duser/ros2_kortex-ros2ws/install/forward_command_controller:/home/duser/ros2_kortex-ros2ws/install/controller_manager:/home/duser/ros2_kortex-ros2ws/install/hardware_interface_testing:/home/duser/ros2_kortex-ros2ws/install/controller_interface:/home/duser/ros2_kortex-ros2ws/install/hardware_interface:/home/duser/ros2_kortex-ros2ws/install/ros2_control_test_assets:/home/duser/ros2_kortex-ros2ws/install/controller_manager_msgs:/home/duser/ros2_kortex-ros2ws/install/control_msgs:/home/duser/ros2_kortex-ros2ws/install/serial:/home/duser/ros2_kortex-ros2ws/install/kortex_api:/opt/ros/humble LD_LIBRARY_PATH=/home/duser/ros2_kortex-ros2ws/install/forward_command_controller/lib:/home/duser/ros2_kortex-ros2ws/install/controller_manager/lib:/home/duser/ros2_kortex-ros2ws/install/hardware_interface_testing/lib:/home/duser/ros2_kortex-ros2ws/install/controller_interface/lib:/home/duser/ros2_kortex-ros2ws/install/hardware_interface/lib:/home/duser/ros2_kortex-ros2ws/install/controller_manager_msgs/lib:/home/duser/ros2_kortex-ros2ws/install/control_msgs/lib:${LD_LIBRARY_PATH} PYTHONPATH=/home/duser/ros2_kortex-ros2ws/install/controller_manager/local/lib/python3.10/dist-packages:/home/duser/ros2_kortex-ros2ws/install/controller_manager_msgs/local/lib/python3.10/dist-packages:/home/duser/ros2_kortex-ros2ws/install/control_msgs/local/lib/python3.10/dist-packages:${PYTHONPATH} /usr/bin/cmake --build /home/duser/ros2_kortex-ros2ws/build/effort_controllers -- -j12 -l12
[0.178s] [35m[1mConsolidate compiler generated dependencies of target gmock_main[0m
[0.178s] [35m[1mConsolidate compiler generated dependencies of target gmock[0m
[0.183s] [35m[1mConsolidate compiler generated dependencies of target effort_controllers[0m
[0.253s] [ 18%] Built target gmock_main
[0.260s] [ 36%] Built target effort_controllers
[0.278s] [ 63%] Built target gmock
[0.324s] [35m[1mConsolidate compiler generated dependencies of target test_joint_group_effort_controller[0m
[0.359s] [35m[1mConsolidate compiler generated dependencies of target test_load_joint_group_effort_controller[0m
[0.395s] [ 81%] Built target test_joint_group_effort_controller
[0.442s] [100%] Built target test_load_joint_group_effort_controller
[0.476s] Invoked command in '/home/duser/ros2_kortex-ros2ws/build/effort_controllers' returned '0': AMENT_PREFIX_PATH=/home/duser/ros2_kortex-ros2ws/install/forward_command_controller:/home/duser/ros2_kortex-ros2ws/install/controller_manager:/home/duser/ros2_kortex-ros2ws/install/hardware_interface_testing:/home/duser/ros2_kortex-ros2ws/install/controller_interface:/home/duser/ros2_kortex-ros2ws/install/hardware_interface:/home/duser/ros2_kortex-ros2ws/install/controller_manager_msgs:/home/duser/ros2_kortex-ros2ws/install/control_msgs:${AMENT_PREFIX_PATH} CMAKE_PREFIX_PATH=/home/duser/ros2_kortex-ros2ws/install/forward_command_controller:/home/duser/ros2_kortex-ros2ws/install/controller_manager:/home/duser/ros2_kortex-ros2ws/install/hardware_interface_testing:/home/duser/ros2_kortex-ros2ws/install/controller_interface:/home/duser/ros2_kortex-ros2ws/install/hardware_interface:/home/duser/ros2_kortex-ros2ws/install/ros2_control_test_assets:/home/duser/ros2_kortex-ros2ws/install/controller_manager_msgs:/home/duser/ros2_kortex-ros2ws/install/control_msgs:/home/duser/ros2_kortex-ros2ws/install/serial:/home/duser/ros2_kortex-ros2ws/install/kortex_api:/opt/ros/humble LD_LIBRARY_PATH=/home/duser/ros2_kortex-ros2ws/install/forward_command_controller/lib:/home/duser/ros2_kortex-ros2ws/install/controller_manager/lib:/home/duser/ros2_kortex-ros2ws/install/hardware_interface_testing/lib:/home/duser/ros2_kortex-ros2ws/install/controller_interface/lib:/home/duser/ros2_kortex-ros2ws/install/hardware_interface/lib:/home/duser/ros2_kortex-ros2ws/install/controller_manager_msgs/lib:/home/duser/ros2_kortex-ros2ws/install/control_msgs/lib:${LD_LIBRARY_PATH} PYTHONPATH=/home/duser/ros2_kortex-ros2ws/install/controller_manager/local/lib/python3.10/dist-packages:/home/duser/ros2_kortex-ros2ws/install/controller_manager_msgs/local/lib/python3.10/dist-packages:/home/duser/ros2_kortex-ros2ws/install/control_msgs/local/lib/python3.10/dist-packages:${PYTHONPATH} /usr/bin/cmake --build /home/duser/ros2_kortex-ros2ws/build/effort_controllers -- -j12 -l12
[0.579s] Invoking command in '/home/duser/ros2_kortex-ros2ws/build/effort_controllers': AMENT_PREFIX_PATH=/home/duser/ros2_kortex-ros2ws/install/forward_command_controller:/home/duser/ros2_kortex-ros2ws/install/controller_manager:/home/duser/ros2_kortex-ros2ws/install/hardware_interface_testing:/home/duser/ros2_kortex-ros2ws/install/controller_interface:/home/duser/ros2_kortex-ros2ws/install/hardware_interface:/home/duser/ros2_kortex-ros2ws/install/controller_manager_msgs:/home/duser/ros2_kortex-ros2ws/install/control_msgs:${AMENT_PREFIX_PATH} CMAKE_PREFIX_PATH=/home/duser/ros2_kortex-ros2ws/install/forward_command_controller:/home/duser/ros2_kortex-ros2ws/install/controller_manager:/home/duser/ros2_kortex-ros2ws/install/hardware_interface_testing:/home/duser/ros2_kortex-ros2ws/install/controller_interface:/home/duser/ros2_kortex-ros2ws/install/hardware_interface:/home/duser/ros2_kortex-ros2ws/install/ros2_control_test_assets:/home/duser/ros2_kortex-ros2ws/install/controller_manager_msgs:/home/duser/ros2_kortex-ros2ws/install/control_msgs:/home/duser/ros2_kortex-ros2ws/install/serial:/home/duser/ros2_kortex-ros2ws/install/kortex_api:/opt/ros/humble LD_LIBRARY_PATH=/home/duser/ros2_kortex-ros2ws/install/forward_command_controller/lib:/home/duser/ros2_kortex-ros2ws/install/controller_manager/lib:/home/duser/ros2_kortex-ros2ws/install/hardware_interface_testing/lib:/home/duser/ros2_kortex-ros2ws/install/controller_interface/lib:/home/duser/ros2_kortex-ros2ws/install/hardware_interface/lib:/home/duser/ros2_kortex-ros2ws/install/controller_manager_msgs/lib:/home/duser/ros2_kortex-ros2ws/install/control_msgs/lib:${LD_LIBRARY_PATH} PYTHONPATH=/home/duser/ros2_kortex-ros2ws/install/controller_manager/local/lib/python3.10/dist-packages:/home/duser/ros2_kortex-ros2ws/install/controller_manager_msgs/local/lib/python3.10/dist-packages:/home/duser/ros2_kortex-ros2ws/install/control_msgs/local/lib/python3.10/dist-packages:${PYTHONPATH} /usr/bin/cmake --install /home/duser/ros2_kortex-ros2ws/build/effort_controllers
[0.599s] -- Install configuration: "Release"
[0.600s] -- Installing: /home/duser/ros2_kortex-ros2ws/install/effort_controllers/share/effort_controllers/effort_controllers_plugins.xml
[0.600s] -- Installing: /home/duser/ros2_kortex-ros2ws/install/effort_controllers/include/effort_controllers
[0.600s] -- Installing: /home/duser/ros2_kortex-ros2ws/install/effort_controllers/include/effort_controllers/effort_controllers
[0.601s] -- Installing: /home/duser/ros2_kortex-ros2ws/install/effort_controllers/include/effort_controllers/effort_controllers/joint_group_effort_controller.hpp
[0.601s] -- Installing: /home/duser/ros2_kortex-ros2ws/install/effort_controllers/include/effort_controllers/effort_controllers/visibility_control.h
[0.601s] -- Installing: /home/duser/ros2_kortex-ros2ws/install/effort_controllers/lib/libeffort_controllers.so
[0.601s] -- Set runtime path of "/home/duser/ros2_kortex-ros2ws/install/effort_controllers/lib/libeffort_controllers.so" to ""
[0.601s] -- Installing: /home/duser/ros2_kortex-ros2ws/install/effort_controllers/share/effort_controllers/environment/library_path.sh
[0.601s] -- Installing: /home/duser/ros2_kortex-ros2ws/install/effort_controllers/share/effort_controllers/environment/library_path.dsv
[0.602s] -- Installing: /home/duser/ros2_kortex-ros2ws/install/effort_controllers/share/ament_index/resource_index/package_run_dependencies/effort_controllers
[0.606s] -- Installing: /home/duser/ros2_kortex-ros2ws/install/effort_controllers/share/ament_index/resource_index/parent_prefix_path/effort_controllers
[0.608s] -- Installing: /home/duser/ros2_kortex-ros2ws/install/effort_controllers/share/effort_controllers/environment/ament_prefix_path.sh
[0.608s] -- Installing: /home/duser/ros2_kortex-ros2ws/install/effort_controllers/share/effort_controllers/environment/ament_prefix_path.dsv
[0.608s] -- Installing: /home/duser/ros2_kortex-ros2ws/install/effort_controllers/share/effort_controllers/environment/path.sh
[0.609s] -- Installing: /home/duser/ros2_kortex-ros2ws/install/effort_controllers/share/effort_controllers/environment/path.dsv
[0.610s] -- Installing: /home/duser/ros2_kortex-ros2ws/install/effort_controllers/share/effort_controllers/local_setup.bash
[0.611s] -- Installing: /home/duser/ros2_kortex-ros2ws/install/effort_controllers/share/effort_controllers/local_setup.sh
[0.616s] -- Installing: /home/duser/ros2_kortex-ros2ws/install/effort_controllers/share/effort_controllers/local_setup.zsh
[0.617s] -- Installing: /home/duser/ros2_kortex-ros2ws/install/effort_controllers/share/effort_controllers/local_setup.dsv
[0.617s] -- Installing: /home/duser/ros2_kortex-ros2ws/install/effort_controllers/share/effort_controllers/package.dsv
[0.617s] -- Installing: /home/duser/ros2_kortex-ros2ws/install/effort_controllers/share/ament_index/resource_index/packages/effort_controllers
[0.618s] -- Installing: /home/duser/ros2_kortex-ros2ws/install/effort_controllers/share/ament_index/resource_index/controller_interface__pluginlib__plugin/effort_controllers
[0.619s] -- Installing: /home/duser/ros2_kortex-ros2ws/install/effort_controllers/share/effort_controllers/cmake/export_effort_controllersExport.cmake
[0.620s] -- Installing: /home/duser/ros2_kortex-ros2ws/install/effort_controllers/share/effort_controllers/cmake/export_effort_controllersExport-release.cmake
[0.620s] -- Installing: /home/duser/ros2_kortex-ros2ws/install/effort_controllers/share/effort_controllers/cmake/ament_cmake_export_targets-extras.cmake
[0.621s] -- Installing: /home/duser/ros2_kortex-ros2ws/install/effort_controllers/share/effort_controllers/cmake/ament_cmake_export_dependencies-extras.cmake
[0.622s] -- Installing: /home/duser/ros2_kortex-ros2ws/install/effort_controllers/share/effort_controllers/cmake/effort_controllersConfig.cmake
[0.623s] -- Installing: /home/duser/ros2_kortex-ros2ws/install/effort_controllers/share/effort_controllers/cmake/effort_controllersConfig-version.cmake
[0.623s] -- Installing: /home/duser/ros2_kortex-ros2ws/install/effort_controllers/share/effort_controllers/package.xml
[0.631s] Invoked command in '/home/duser/ros2_kortex-ros2ws/build/effort_controllers' returned '0': AMENT_PREFIX_PATH=/home/duser/ros2_kortex-ros2ws/install/forward_command_controller:/home/duser/ros2_kortex-ros2ws/install/controller_manager:/home/duser/ros2_kortex-ros2ws/install/hardware_interface_testing:/home/duser/ros2_kortex-ros2ws/install/controller_interface:/home/duser/ros2_kortex-ros2ws/install/hardware_interface:/home/duser/ros2_kortex-ros2ws/install/controller_manager_msgs:/home/duser/ros2_kortex-ros2ws/install/control_msgs:${AMENT_PREFIX_PATH} CMAKE_PREFIX_PATH=/home/duser/ros2_kortex-ros2ws/install/forward_command_controller:/home/duser/ros2_kortex-ros2ws/install/controller_manager:/home/duser/ros2_kortex-ros2ws/install/hardware_interface_testing:/home/duser/ros2_kortex-ros2ws/install/controller_interface:/home/duser/ros2_kortex-ros2ws/install/hardware_interface:/home/duser/ros2_kortex-ros2ws/install/ros2_control_test_assets:/home/duser/ros2_kortex-ros2ws/install/controller_manager_msgs:/home/duser/ros2_kortex-ros2ws/install/control_msgs:/home/duser/ros2_kortex-ros2ws/install/serial:/home/duser/ros2_kortex-ros2ws/install/kortex_api:/opt/ros/humble LD_LIBRARY_PATH=/home/duser/ros2_kortex-ros2ws/install/forward_command_controller/lib:/home/duser/ros2_kortex-ros2ws/install/controller_manager/lib:/home/duser/ros2_kortex-ros2ws/install/hardware_interface_testing/lib:/home/duser/ros2_kortex-ros2ws/install/controller_interface/lib:/home/duser/ros2_kortex-ros2ws/install/hardware_interface/lib:/home/duser/ros2_kortex-ros2ws/install/controller_manager_msgs/lib:/home/duser/ros2_kortex-ros2ws/install/control_msgs/lib:${LD_LIBRARY_PATH} PYTHONPATH=/home/duser/ros2_kortex-ros2ws/install/controller_manager/local/lib/python3.10/dist-packages:/home/duser/ros2_kortex-ros2ws/install/controller_manager_msgs/local/lib/python3.10/dist-packages:/home/duser/ros2_kortex-ros2ws/install/control_msgs/local/lib/python3.10/dist-packages:${PYTHONPATH} /usr/bin/cmake --install /home/duser/ros2_kortex-ros2ws/build/effort_controllers
