[0.018s] Invoking command in '/home/duser/clearpath_mecanum_drive_controller-ros2ws/build/mecanum_drive_controller': CMAKE_PREFIX_PATH=${CMAKE_PREFIX_PATH}:/opt/ros/humble /usr/bin/cmake --build /home/duser/clearpath_mecanum_drive_controller-ros2ws/build/mecanum_drive_controller -- -j12 -l12
[0.149s] [35m[1mConsolidate compiler generated dependencies of target gmock_main[0m
[0.149s] [35m[1mConsolidate compiler generated dependencies of target gmock[0m
[0.160s] [  6%] Built target mecanum_drive_controller_parameters
[0.177s] [35m[1mConsolidate compiler generated dependencies of target mecanum_drive_controller[0m
[0.182s] [ 40%] Built target gmock_main
[0.182s] [ 40%] Built target gmock
[0.198s] [35m[1mConsolidate compiler generated dependencies of target test_load_mecanum_drive_controller[0m
[0.235s] [ 53%] Built target test_load_mecanum_drive_controller
[0.236s] [ 60%] [32mBuilding CXX object CMakeFiles/mecanum_drive_controller.dir/src/mecanum_drive_controller.cpp.o[0m
[3.163s] In file included from [01m[K/opt/ros/humble/include/rclcpp/rclcpp/logging.hpp:24[m[K,
[3.163s]                  from [01m[K/opt/ros/humble/include/rclcpp/rclcpp/client.hpp:40[m[K,
[3.163s]                  from [01m[K/opt/ros/humble/include/rclcpp/rclcpp/callback_group.hpp:24[m[K,
[3.163s]                  from [01m[K/opt/ros/humble/include/rclcpp/rclcpp/any_executable.hpp:20[m[K,
[3.163s]                  from [01m[K/opt/ros/humble/include/rclcpp/rclcpp/memory_strategy.hpp:25[m[K,
[3.164s]                  from [01m[K/opt/ros/humble/include/rclcpp/rclcpp/memory_strategies.hpp:18[m[K,
[3.164s]                  from [01m[K/opt/ros/humble/include/rclcpp/rclcpp/executor_options.hpp:20[m[K,
[3.164s]                  from [01m[K/opt/ros/humble/include/rclcpp/rclcpp/executor.hpp:37[m[K,
[3.164s]                  from [01m[K/opt/ros/humble/include/rclcpp/rclcpp/executors/multi_threaded_executor.hpp:25[m[K,
[3.164s]                  from [01m[K/opt/ros/humble/include/rclcpp/rclcpp/executors.hpp:21[m[K,
[3.164s]                  from [01m[K/opt/ros/humble/include/rclcpp/rclcpp/rclcpp.hpp:155[m[K,
[3.164s]                  from [01m[K/opt/ros/humble/include/controller_interface/controller_interface_base.hpp:28[m[K,
[3.164s]                  from [01m[K/opt/ros/humble/include/controller_interface/chainable_controller_interface.hpp:20[m[K,
[3.164s]                  from [01m[K/home/duser/clearpath_mecanum_drive_controller-ros2ws/src/ros2_controllers/mecanum_drive_controller/include/mecanum_drive_controller/mecanum_drive_controller.hpp:26[m[K,
[3.164s]                  from [01m[K/home/duser/clearpath_mecanum_drive_controller-ros2ws/src/ros2_controllers/mecanum_drive_controller/src/mecanum_drive_controller.cpp:15[m[K:
[3.165s] [01m[K/home/duser/clearpath_mecanum_drive_controller-ros2ws/src/ros2_controllers/mecanum_drive_controller/src/mecanum_drive_controller.cpp:[m[K In member function ‘[01m[Kvirtual controller_interface::InterfaceConfiguration mecanum_drive_controller::MecanumDriveController::command_interface_configuration() const[m[K’:
[3.165s] [01m[K/home/duser/clearpath_mecanum_drive_controller-ros2ws/src/ros2_controllers/mecanum_drive_controller/src/mecanum_drive_controller.cpp:268:92:[m[K [01;31m[Kerror: [m[Kcannot convert ‘[01m[Kstd::__cxx11::basic_string<char>[m[K’ to ‘[01m[Kconst char*[m[K’
[3.165s]   268 |     RCLCPP_INFO(get_node()->get_logger(), [01;31m[K"Pushing command interface name: " + joint + "/" + params_.interface_name[m[K);
[3.165s]       |                                           [01;31m[K~~~~~~~~~~~~~~~~~~~~~~~~~~~~~~~~~~~~~~~~~~~~~~~~~^~~~~~~~~~~~~~~~~~~~~~~~[m[K
[3.165s]       |                                                                                            [01;31m[K|[m[K
[3.165s]       |                                                                                            [01;31m[Kstd::__cxx11::basic_string<char>[m[K
[3.165s] In file included from [01m[K/opt/ros/humble/include/rmw/rmw/types.h:28[m[K,
[3.165s]                  from [01m[K/opt/ros/humble/include/rcl/rcl/types.h:20[m[K,
[3.165s]                  from [01m[K/opt/ros/humble/include/rcl/rcl/log_level.h:22[m[K,
[3.165s]                  from [01m[K/opt/ros/humble/include/rcl/rcl/arguments.h:21[m[K,
[3.165s]                  from [01m[K/opt/ros/humble/include/rcl/rcl/context.h:28[m[K,
[3.165s]                  from [01m[K/opt/ros/humble/include/rcl/rcl/guard_condition.h:26[m[K,
[3.165s]                  from [01m[K/opt/ros/humble/include/rclcpp/rclcpp/executor.hpp:30[m[K,
[3.165s]                  from [01m[K/opt/ros/humble/include/rclcpp/rclcpp/executors/multi_threaded_executor.hpp:25[m[K,
[3.165s]                  from [01m[K/opt/ros/humble/include/rclcpp/rclcpp/executors.hpp:21[m[K,
[3.166s]                  from [01m[K/opt/ros/humble/include/rclcpp/rclcpp/rclcpp.hpp:155[m[K,
[3.166s]                  from [01m[K/opt/ros/humble/include/controller_interface/controller_interface_base.hpp:28[m[K,
[3.166s]                  from [01m[K/opt/ros/humble/include/controller_interface/chainable_controller_interface.hpp:20[m[K,
[3.166s]                  from [01m[K/home/duser/clearpath_mecanum_drive_controller-ros2ws/src/ros2_controllers/mecanum_drive_controller/include/mecanum_drive_controller/mecanum_drive_controller.hpp:26[m[K,
[3.166s]                  from [01m[K/home/duser/clearpath_mecanum_drive_controller-ros2ws/src/ros2_controllers/mecanum_drive_controller/src/mecanum_drive_controller.cpp:15[m[K:
[3.166s] [01m[K/opt/ros/humble/include/rcutils/rcutils/logging.h:479:16:[m[K [01;36m[Knote: [m[K  initializing argument 4 of ‘[01m[Kvoid rcutils_log(const rcutils_log_location_t*, int, const char*, const char*, ...)[m[K’
[3.166s]   479 |   [01;36m[Kconst char * format[m[K,
[3.166s]       |   [01;36m[K~~~~~~~~~~~~~^~~~~~[m[K
[6.394s] gmake[2]: *** [CMakeFiles/mecanum_drive_controller.dir/build.make:76: CMakeFiles/mecanum_drive_controller.dir/src/mecanum_drive_controller.cpp.o] Error 1
[6.395s] gmake[1]: *** [CMakeFiles/Makefile2:208: CMakeFiles/mecanum_drive_controller.dir/all] Error 2
[6.395s] gmake: *** [Makefile:146: all] Error 2
[6.403s] Invoked command in '/home/duser/clearpath_mecanum_drive_controller-ros2ws/build/mecanum_drive_controller' returned '2': CMAKE_PREFIX_PATH=${CMAKE_PREFIX_PATH}:/opt/ros/humble /usr/bin/cmake --build /home/duser/clearpath_mecanum_drive_controller-ros2ws/build/mecanum_drive_controller -- -j12 -l12
