[0.029s] Invoking command in '/home/duser/ros2_kortex-ros2ws/build/controller_interface': AMENT_PREFIX_PATH=/home/duser/ros2_kortex-ros2ws/install/hardware_interface:/home/duser/ros2_kortex-ros2ws/install/control_msgs:${AMENT_PREFIX_PATH} CMAKE_PREFIX_PATH=/home/duser/ros2_kortex-ros2ws/install/hardware_interface:/home/duser/ros2_kortex-ros2ws/install/control_msgs:/home/duser/ros2_kortex-ros2ws/install/serial:/home/duser/ros2_kortex-ros2ws/install/ros2_control_test_assets:/home/duser/ros2_kortex-ros2ws/install/kortex_api:/opt/ros/humble LD_LIBRARY_PATH=/home/duser/ros2_kortex-ros2ws/install/hardware_interface/lib:/home/duser/ros2_kortex-ros2ws/install/control_msgs/lib:${LD_LIBRARY_PATH} PYTHONPATH=/home/duser/ros2_kortex-ros2ws/install/control_msgs/local/lib/python3.10/dist-packages:${PYTHONPATH} /usr/bin/cmake /home/duser/ros2_kortex-ros2ws/src/ros2_control/controller_interface -DCMAKE_BUILD_TYPE=Release -DCMAKE_INSTALL_PREFIX=/home/duser/ros2_kortex-ros2ws/install/controller_interface
[0.145s] -- The C compiler identification is GNU 11.4.0
[0.216s] -- The CXX compiler identification is GNU 11.4.0
[0.226s] -- Detecting C compiler ABI info
[0.317s] -- Detecting C compiler ABI info - done
[0.328s] -- Check for working C compiler: /usr/bin/cc - skipped
[0.328s] -- Detecting C compile features
[0.329s] -- Detecting C compile features - done
[0.333s] -- Detecting CXX compiler ABI info
[0.431s] -- Detecting CXX compiler ABI info - done
[0.439s] -- Check for working CXX compiler: /usr/bin/c++ - skipped
[0.440s] -- Detecting CXX compile features
[0.440s] -- Detecting CXX compile features - done
[0.444s] -- Found ament_cmake: 1.3.8 (/opt/ros/humble/share/ament_cmake/cmake)
[0.619s] -- Found Python3: /usr/bin/python3 (found version "3.10.12") found components: Interpreter 
[0.737s] -- Found hardware_interface: 2.41.0 (/home/duser/ros2_kortex-ros2ws/install/hardware_interface/share/hardware_interface/cmake)
[0.792s] -- Found rosidl_generator_c: 3.1.5 (/opt/ros/humble/share/rosidl_generator_c/cmake)
[0.801s] -- Found rosidl_adapter: 3.1.5 (/opt/ros/humble/share/rosidl_adapter/cmake)
[0.813s] -- Found rosidl_generator_cpp: 3.1.5 (/opt/ros/humble/share/rosidl_generator_cpp/cmake)
[0.833s] -- Using all available rosidl_typesupport_c: rosidl_typesupport_fastrtps_c;rosidl_typesupport_introspection_c
[0.861s] -- Using all available rosidl_typesupport_cpp: rosidl_typesupport_fastrtps_cpp;rosidl_typesupport_introspection_cpp
[1.579s] -- Found rmw_implementation_cmake: 6.1.1 (/opt/ros/humble/share/rmw_implementation_cmake/cmake)
[1.584s] -- Found rmw_cyclonedds_cpp: 1.3.4 (/opt/ros/humble/share/rmw_cyclonedds_cpp/cmake)
[1.631s] -- Using RMW implementation 'rmw_cyclonedds_cpp' as default
[1.649s] -- Looking for pthread.h
[1.753s] -- Looking for pthread.h - found
[1.753s] -- Performing Test CMAKE_HAVE_LIBC_PTHREAD
[1.844s] -- Performing Test CMAKE_HAVE_LIBC_PTHREAD - Success
[1.846s] -- Found Threads: TRUE  
[2.081s] -- Found ament_cmake_gmock: 1.3.8 (/opt/ros/humble/share/ament_cmake_gmock/cmake)
[2.087s] -- Found gmock sources under '/opt/ros/humble/src/gmock_vendor': C++ tests using 'Google Mock' will be built
[2.097s] -- Found ament_cmake_gtest: 1.3.8 (/opt/ros/humble/share/ament_cmake_gtest/cmake)
[2.098s] -- Found gtest sources under '/opt/ros/humble/src/gtest_vendor': C++ tests using 'Google Test' will be built
[2.444s] -- Configuring done
[2.702s] -- Generating done
[2.707s] -- Build files have been written to: /home/duser/ros2_kortex-ros2ws/build/controller_interface
[2.725s] Invoked command in '/home/duser/ros2_kortex-ros2ws/build/controller_interface' returned '0': AMENT_PREFIX_PATH=/home/duser/ros2_kortex-ros2ws/install/hardware_interface:/home/duser/ros2_kortex-ros2ws/install/control_msgs:${AMENT_PREFIX_PATH} CMAKE_PREFIX_PATH=/home/duser/ros2_kortex-ros2ws/install/hardware_interface:/home/duser/ros2_kortex-ros2ws/install/control_msgs:/home/duser/ros2_kortex-ros2ws/install/serial:/home/duser/ros2_kortex-ros2ws/install/ros2_control_test_assets:/home/duser/ros2_kortex-ros2ws/install/kortex_api:/opt/ros/humble LD_LIBRARY_PATH=/home/duser/ros2_kortex-ros2ws/install/hardware_interface/lib:/home/duser/ros2_kortex-ros2ws/install/control_msgs/lib:${LD_LIBRARY_PATH} PYTHONPATH=/home/duser/ros2_kortex-ros2ws/install/control_msgs/local/lib/python3.10/dist-packages:${PYTHONPATH} /usr/bin/cmake /home/duser/ros2_kortex-ros2ws/src/ros2_control/controller_interface -DCMAKE_BUILD_TYPE=Release -DCMAKE_INSTALL_PREFIX=/home/duser/ros2_kortex-ros2ws/install/controller_interface
[2.726s] Invoking command in '/home/duser/ros2_kortex-ros2ws/build/controller_interface': AMENT_PREFIX_PATH=/home/duser/ros2_kortex-ros2ws/install/hardware_interface:/home/duser/ros2_kortex-ros2ws/install/control_msgs:${AMENT_PREFIX_PATH} CMAKE_PREFIX_PATH=/home/duser/ros2_kortex-ros2ws/install/hardware_interface:/home/duser/ros2_kortex-ros2ws/install/control_msgs:/home/duser/ros2_kortex-ros2ws/install/serial:/home/duser/ros2_kortex-ros2ws/install/ros2_control_test_assets:/home/duser/ros2_kortex-ros2ws/install/kortex_api:/opt/ros/humble LD_LIBRARY_PATH=/home/duser/ros2_kortex-ros2ws/install/hardware_interface/lib:/home/duser/ros2_kortex-ros2ws/install/control_msgs/lib:${LD_LIBRARY_PATH} PYTHONPATH=/home/duser/ros2_kortex-ros2ws/install/control_msgs/local/lib/python3.10/dist-packages:${PYTHONPATH} /usr/bin/cmake --build /home/duser/ros2_kortex-ros2ws/build/controller_interface -- -j12 -l12
[2.813s] [  4%] [32mBuilding CXX object gmock/CMakeFiles/gmock_main.dir/src/gmock_main.cc.o[0m
[2.819s] [  9%] [32mBuilding CXX object CMakeFiles/controller_interface.dir/src/controller_interface_base.cpp.o[0m
[2.835s] [ 14%] [32mBuilding CXX object CMakeFiles/controller_interface.dir/src/controller_interface.cpp.o[0m
[2.838s] [ 19%] [32mBuilding CXX object CMakeFiles/controller_interface.dir/src/chainable_controller_interface.cpp.o[0m
[2.844s] [ 23%] [32mBuilding CXX object gmock/CMakeFiles/gmock.dir/opt/ros/humble/src/gtest_vendor/src/gtest-all.cc.o[0m
[2.851s] [ 28%] [32mBuilding CXX object gmock/CMakeFiles/gmock.dir/src/gmock-all.cc.o[0m
[9.544s] [ 33%] [32m[1mLinking CXX static library libgmock_main.a[0m
[11.319s] [ 33%] Built target gmock_main
[23.415s] [ 38%] [32m[1mLinking CXX shared library libcontroller_interface.so[0m
[23.753s] [ 38%] Built target controller_interface
[28.092s] [ 42%] [32m[1mLinking CXX static library libgmock.a[0m
[28.173s] [ 42%] Built target gmock
[28.208s] [ 47%] [32mBuilding CXX object CMakeFiles/test_controller_interface.dir/test/test_controller_interface.cpp.o[0m
[33.976s] [ 52%] [32m[1mLinking CXX executable test_controller_interface[0m
[34.318s] [ 52%] Built target test_controller_interface
[34.361s] [ 57%] [32mBuilding CXX object CMakeFiles/test_force_torque_sensor.dir/test/test_force_torque_sensor.cpp.o[0m
[34.366s] [ 66%] [32mBuilding CXX object CMakeFiles/test_imu_sensor.dir/test/test_imu_sensor.cpp.o[0m
[34.366s] [ 66%] [32mBuilding CXX object CMakeFiles/test_semantic_component_interface.dir/test/test_semantic_component_interface.cpp.o[0m
[39.723s] [ 71%] [32m[1mLinking CXX executable test_semantic_component_interface[0m
[39.760s] [ 76%] [32m[1mLinking CXX executable test_imu_sensor[0m
[40.266s] [ 76%] Built target test_imu_sensor
[40.296s] [ 76%] Built target test_semantic_component_interface
[40.318s] [ 80%] [32mBuilding CXX object CMakeFiles/test_chainable_controller_interface.dir/test/test_chainable_controller_interface.cpp.o[0m
[40.326s] [ 85%] [32mBuilding CXX object CMakeFiles/test_controller_with_options.dir/test/test_controller_with_options.cpp.o[0m
[40.943s] [ 90%] [32m[1mLinking CXX executable test_force_torque_sensor[0m
[41.539s] [ 90%] Built target test_force_torque_sensor
[47.506s] [ 95%] [32m[1mLinking CXX executable test_controller_with_options[0m
[47.921s] [ 95%] Built target test_controller_with_options
[49.758s] [100%] [32m[1mLinking CXX executable test_chainable_controller_interface[0m
[50.069s] [100%] Built target test_chainable_controller_interface
[50.105s] Invoked command in '/home/duser/ros2_kortex-ros2ws/build/controller_interface' returned '0': AMENT_PREFIX_PATH=/home/duser/ros2_kortex-ros2ws/install/hardware_interface:/home/duser/ros2_kortex-ros2ws/install/control_msgs:${AMENT_PREFIX_PATH} CMAKE_PREFIX_PATH=/home/duser/ros2_kortex-ros2ws/install/hardware_interface:/home/duser/ros2_kortex-ros2ws/install/control_msgs:/home/duser/ros2_kortex-ros2ws/install/serial:/home/duser/ros2_kortex-ros2ws/install/ros2_control_test_assets:/home/duser/ros2_kortex-ros2ws/install/kortex_api:/opt/ros/humble LD_LIBRARY_PATH=/home/duser/ros2_kortex-ros2ws/install/hardware_interface/lib:/home/duser/ros2_kortex-ros2ws/install/control_msgs/lib:${LD_LIBRARY_PATH} PYTHONPATH=/home/duser/ros2_kortex-ros2ws/install/control_msgs/local/lib/python3.10/dist-packages:${PYTHONPATH} /usr/bin/cmake --build /home/duser/ros2_kortex-ros2ws/build/controller_interface -- -j12 -l12
[50.190s] Invoking command in '/home/duser/ros2_kortex-ros2ws/build/controller_interface': AMENT_PREFIX_PATH=/home/duser/ros2_kortex-ros2ws/install/hardware_interface:/home/duser/ros2_kortex-ros2ws/install/control_msgs:${AMENT_PREFIX_PATH} CMAKE_PREFIX_PATH=/home/duser/ros2_kortex-ros2ws/install/hardware_interface:/home/duser/ros2_kortex-ros2ws/install/control_msgs:/home/duser/ros2_kortex-ros2ws/install/serial:/home/duser/ros2_kortex-ros2ws/install/ros2_control_test_assets:/home/duser/ros2_kortex-ros2ws/install/kortex_api:/opt/ros/humble LD_LIBRARY_PATH=/home/duser/ros2_kortex-ros2ws/install/hardware_interface/lib:/home/duser/ros2_kortex-ros2ws/install/control_msgs/lib:${LD_LIBRARY_PATH} PYTHONPATH=/home/duser/ros2_kortex-ros2ws/install/control_msgs/local/lib/python3.10/dist-packages:${PYTHONPATH} /usr/bin/cmake --install /home/duser/ros2_kortex-ros2ws/build/controller_interface
[50.201s] -- Install configuration: "Release"
[50.201s] -- Installing: /home/duser/ros2_kortex-ros2ws/install/controller_interface/include
[50.201s] -- Installing: /home/duser/ros2_kortex-ros2ws/install/controller_interface/include/semantic_components
[50.202s] -- Installing: /home/duser/ros2_kortex-ros2ws/install/controller_interface/include/semantic_components/semantic_component_interface.hpp
[50.202s] -- Installing: /home/duser/ros2_kortex-ros2ws/install/controller_interface/include/semantic_components/force_torque_sensor.hpp
[50.202s] -- Installing: /home/duser/ros2_kortex-ros2ws/install/controller_interface/include/semantic_components/range_sensor.hpp
[50.202s] -- Installing: /home/duser/ros2_kortex-ros2ws/install/controller_interface/include/semantic_components/imu_sensor.hpp
[50.202s] -- Installing: /home/duser/ros2_kortex-ros2ws/install/controller_interface/include/controller_interface
[50.202s] -- Installing: /home/duser/ros2_kortex-ros2ws/install/controller_interface/include/controller_interface/helpers.hpp
[50.202s] -- Installing: /home/duser/ros2_kortex-ros2ws/install/controller_interface/include/controller_interface/chainable_controller_interface.hpp
[50.203s] -- Installing: /home/duser/ros2_kortex-ros2ws/install/controller_interface/include/controller_interface/controller_interface_base.hpp
[50.203s] -- Installing: /home/duser/ros2_kortex-ros2ws/install/controller_interface/include/controller_interface/visibility_control.h
[50.203s] -- Installing: /home/duser/ros2_kortex-ros2ws/install/controller_interface/include/controller_interface/controller_interface.hpp
[50.204s] -- Installing: /home/duser/ros2_kortex-ros2ws/install/controller_interface/lib/libcontroller_interface.so
[50.205s] -- Set runtime path of "/home/duser/ros2_kortex-ros2ws/install/controller_interface/lib/libcontroller_interface.so" to ""
[50.205s] -- Installing: /home/duser/ros2_kortex-ros2ws/install/controller_interface/share/controller_interface/environment/library_path.sh
[50.205s] -- Installing: /home/duser/ros2_kortex-ros2ws/install/controller_interface/share/controller_interface/environment/library_path.dsv
[50.206s] -- Installing: /home/duser/ros2_kortex-ros2ws/install/controller_interface/share/ament_index/resource_index/package_run_dependencies/controller_interface
[50.207s] -- Installing: /home/duser/ros2_kortex-ros2ws/install/controller_interface/share/ament_index/resource_index/parent_prefix_path/controller_interface
[50.207s] -- Installing: /home/duser/ros2_kortex-ros2ws/install/controller_interface/share/controller_interface/environment/ament_prefix_path.sh
[50.207s] -- Installing: /home/duser/ros2_kortex-ros2ws/install/controller_interface/share/controller_interface/environment/ament_prefix_path.dsv
[50.208s] -- Installing: /home/duser/ros2_kortex-ros2ws/install/controller_interface/share/controller_interface/environment/path.sh
[50.208s] -- Installing: /home/duser/ros2_kortex-ros2ws/install/controller_interface/share/controller_interface/environment/path.dsv
[50.209s] -- Installing: /home/duser/ros2_kortex-ros2ws/install/controller_interface/share/controller_interface/local_setup.bash
[50.209s] -- Installing: /home/duser/ros2_kortex-ros2ws/install/controller_interface/share/controller_interface/local_setup.sh
[50.210s] -- Installing: /home/duser/ros2_kortex-ros2ws/install/controller_interface/share/controller_interface/local_setup.zsh
[50.210s] -- Installing: /home/duser/ros2_kortex-ros2ws/install/controller_interface/share/controller_interface/local_setup.dsv
[50.210s] -- Installing: /home/duser/ros2_kortex-ros2ws/install/controller_interface/share/controller_interface/package.dsv
[50.211s] -- Installing: /home/duser/ros2_kortex-ros2ws/install/controller_interface/share/ament_index/resource_index/packages/controller_interface
[50.211s] -- Installing: /home/duser/ros2_kortex-ros2ws/install/controller_interface/share/controller_interface/cmake/ament_cmake_export_dependencies-extras.cmake
[50.212s] -- Installing: /home/duser/ros2_kortex-ros2ws/install/controller_interface/share/controller_interface/cmake/ament_cmake_export_include_directories-extras.cmake
[50.213s] -- Installing: /home/duser/ros2_kortex-ros2ws/install/controller_interface/share/controller_interface/cmake/ament_cmake_export_libraries-extras.cmake
[50.213s] -- Installing: /home/duser/ros2_kortex-ros2ws/install/controller_interface/share/controller_interface/cmake/controller_interfaceConfig.cmake
[50.213s] -- Installing: /home/duser/ros2_kortex-ros2ws/install/controller_interface/share/controller_interface/cmake/controller_interfaceConfig-version.cmake
[50.214s] -- Installing: /home/duser/ros2_kortex-ros2ws/install/controller_interface/share/controller_interface/package.xml
[50.219s] Invoked command in '/home/duser/ros2_kortex-ros2ws/build/controller_interface' returned '0': AMENT_PREFIX_PATH=/home/duser/ros2_kortex-ros2ws/install/hardware_interface:/home/duser/ros2_kortex-ros2ws/install/control_msgs:${AMENT_PREFIX_PATH} CMAKE_PREFIX_PATH=/home/duser/ros2_kortex-ros2ws/install/hardware_interface:/home/duser/ros2_kortex-ros2ws/install/control_msgs:/home/duser/ros2_kortex-ros2ws/install/serial:/home/duser/ros2_kortex-ros2ws/install/ros2_control_test_assets:/home/duser/ros2_kortex-ros2ws/install/kortex_api:/opt/ros/humble LD_LIBRARY_PATH=/home/duser/ros2_kortex-ros2ws/install/hardware_interface/lib:/home/duser/ros2_kortex-ros2ws/install/control_msgs/lib:${LD_LIBRARY_PATH} PYTHONPATH=/home/duser/ros2_kortex-ros2ws/install/control_msgs/local/lib/python3.10/dist-packages:${PYTHONPATH} /usr/bin/cmake --install /home/duser/ros2_kortex-ros2ws/build/controller_interface
