[0.067s] Invoking command in '/home/duser/ros2_kortex-ros2ws/build/velocity_controllers': AMENT_PREFIX_PATH=/home/duser/ros2_kortex-ros2ws/install/forward_command_controller:/home/duser/ros2_kortex-ros2ws/install/controller_manager:/home/duser/ros2_kortex-ros2ws/install/hardware_interface_testing:/home/duser/ros2_kortex-ros2ws/install/controller_interface:/home/duser/ros2_kortex-ros2ws/install/hardware_interface:/home/duser/ros2_kortex-ros2ws/install/controller_manager_msgs:/home/duser/ros2_kortex-ros2ws/install/control_msgs:${AMENT_PREFIX_PATH} CMAKE_PREFIX_PATH=/home/duser/ros2_kortex-ros2ws/install/forward_command_controller:/home/duser/ros2_kortex-ros2ws/install/controller_manager:/home/duser/ros2_kortex-ros2ws/install/hardware_interface_testing:/home/duser/ros2_kortex-ros2ws/install/controller_interface:/home/duser/ros2_kortex-ros2ws/install/hardware_interface:/home/duser/ros2_kortex-ros2ws/install/ros2_control_test_assets:/home/duser/ros2_kortex-ros2ws/install/controller_manager_msgs:/home/duser/ros2_kortex-ros2ws/install/control_msgs:/home/duser/ros2_kortex-ros2ws/install/serial:/home/duser/ros2_kortex-ros2ws/install/kortex_api:/opt/ros/humble LD_LIBRARY_PATH=/home/duser/ros2_kortex-ros2ws/install/forward_command_controller/lib:/home/duser/ros2_kortex-ros2ws/install/controller_manager/lib:/home/duser/ros2_kortex-ros2ws/install/hardware_interface_testing/lib:/home/duser/ros2_kortex-ros2ws/install/controller_interface/lib:/home/duser/ros2_kortex-ros2ws/install/hardware_interface/lib:/home/duser/ros2_kortex-ros2ws/install/controller_manager_msgs/lib:/home/duser/ros2_kortex-ros2ws/install/control_msgs/lib:${LD_LIBRARY_PATH} PYTHONPATH=/home/duser/ros2_kortex-ros2ws/install/controller_manager/local/lib/python3.10/dist-packages:/home/duser/ros2_kortex-ros2ws/install/controller_manager_msgs/local/lib/python3.10/dist-packages:/home/duser/ros2_kortex-ros2ws/install/control_msgs/local/lib/python3.10/dist-packages:${PYTHONPATH} /usr/bin/cmake --build /home/duser/ros2_kortex-ros2ws/build/velocity_controllers -- -j12 -l12
[0.207s] [35m[1mConsolidate compiler generated dependencies of target gmock[0m
[0.211s] [35m[1mConsolidate compiler generated dependencies of target velocity_controllers[0m
[0.225s] [35m[1mConsolidate compiler generated dependencies of target gmock_main[0m
[0.283s] [ 45%] Built target gmock_main
[0.284s] [ 45%] Built target gmock
[0.288s] [ 63%] Built target velocity_controllers
[0.326s] [35m[1mConsolidate compiler generated dependencies of target test_joint_group_velocity_controller[0m
[0.332s] [35m[1mConsolidate compiler generated dependencies of target test_load_joint_group_velocity_controller[0m
[0.398s] [ 81%] Built target test_joint_group_velocity_controller
[0.421s] [100%] Built target test_load_joint_group_velocity_controller
[0.467s] Invoked command in '/home/duser/ros2_kortex-ros2ws/build/velocity_controllers' returned '0': AMENT_PREFIX_PATH=/home/duser/ros2_kortex-ros2ws/install/forward_command_controller:/home/duser/ros2_kortex-ros2ws/install/controller_manager:/home/duser/ros2_kortex-ros2ws/install/hardware_interface_testing:/home/duser/ros2_kortex-ros2ws/install/controller_interface:/home/duser/ros2_kortex-ros2ws/install/hardware_interface:/home/duser/ros2_kortex-ros2ws/install/controller_manager_msgs:/home/duser/ros2_kortex-ros2ws/install/control_msgs:${AMENT_PREFIX_PATH} CMAKE_PREFIX_PATH=/home/duser/ros2_kortex-ros2ws/install/forward_command_controller:/home/duser/ros2_kortex-ros2ws/install/controller_manager:/home/duser/ros2_kortex-ros2ws/install/hardware_interface_testing:/home/duser/ros2_kortex-ros2ws/install/controller_interface:/home/duser/ros2_kortex-ros2ws/install/hardware_interface:/home/duser/ros2_kortex-ros2ws/install/ros2_control_test_assets:/home/duser/ros2_kortex-ros2ws/install/controller_manager_msgs:/home/duser/ros2_kortex-ros2ws/install/control_msgs:/home/duser/ros2_kortex-ros2ws/install/serial:/home/duser/ros2_kortex-ros2ws/install/kortex_api:/opt/ros/humble LD_LIBRARY_PATH=/home/duser/ros2_kortex-ros2ws/install/forward_command_controller/lib:/home/duser/ros2_kortex-ros2ws/install/controller_manager/lib:/home/duser/ros2_kortex-ros2ws/install/hardware_interface_testing/lib:/home/duser/ros2_kortex-ros2ws/install/controller_interface/lib:/home/duser/ros2_kortex-ros2ws/install/hardware_interface/lib:/home/duser/ros2_kortex-ros2ws/install/controller_manager_msgs/lib:/home/duser/ros2_kortex-ros2ws/install/control_msgs/lib:${LD_LIBRARY_PATH} PYTHONPATH=/home/duser/ros2_kortex-ros2ws/install/controller_manager/local/lib/python3.10/dist-packages:/home/duser/ros2_kortex-ros2ws/install/controller_manager_msgs/local/lib/python3.10/dist-packages:/home/duser/ros2_kortex-ros2ws/install/control_msgs/local/lib/python3.10/dist-packages:${PYTHONPATH} /usr/bin/cmake --build /home/duser/ros2_kortex-ros2ws/build/velocity_controllers -- -j12 -l12
[0.554s] Invoking command in '/home/duser/ros2_kortex-ros2ws/build/velocity_controllers': AMENT_PREFIX_PATH=/home/duser/ros2_kortex-ros2ws/install/forward_command_controller:/home/duser/ros2_kortex-ros2ws/install/controller_manager:/home/duser/ros2_kortex-ros2ws/install/hardware_interface_testing:/home/duser/ros2_kortex-ros2ws/install/controller_interface:/home/duser/ros2_kortex-ros2ws/install/hardware_interface:/home/duser/ros2_kortex-ros2ws/install/controller_manager_msgs:/home/duser/ros2_kortex-ros2ws/install/control_msgs:${AMENT_PREFIX_PATH} CMAKE_PREFIX_PATH=/home/duser/ros2_kortex-ros2ws/install/forward_command_controller:/home/duser/ros2_kortex-ros2ws/install/controller_manager:/home/duser/ros2_kortex-ros2ws/install/hardware_interface_testing:/home/duser/ros2_kortex-ros2ws/install/controller_interface:/home/duser/ros2_kortex-ros2ws/install/hardware_interface:/home/duser/ros2_kortex-ros2ws/install/ros2_control_test_assets:/home/duser/ros2_kortex-ros2ws/install/controller_manager_msgs:/home/duser/ros2_kortex-ros2ws/install/control_msgs:/home/duser/ros2_kortex-ros2ws/install/serial:/home/duser/ros2_kortex-ros2ws/install/kortex_api:/opt/ros/humble LD_LIBRARY_PATH=/home/duser/ros2_kortex-ros2ws/install/forward_command_controller/lib:/home/duser/ros2_kortex-ros2ws/install/controller_manager/lib:/home/duser/ros2_kortex-ros2ws/install/hardware_interface_testing/lib:/home/duser/ros2_kortex-ros2ws/install/controller_interface/lib:/home/duser/ros2_kortex-ros2ws/install/hardware_interface/lib:/home/duser/ros2_kortex-ros2ws/install/controller_manager_msgs/lib:/home/duser/ros2_kortex-ros2ws/install/control_msgs/lib:${LD_LIBRARY_PATH} PYTHONPATH=/home/duser/ros2_kortex-ros2ws/install/controller_manager/local/lib/python3.10/dist-packages:/home/duser/ros2_kortex-ros2ws/install/controller_manager_msgs/local/lib/python3.10/dist-packages:/home/duser/ros2_kortex-ros2ws/install/control_msgs/local/lib/python3.10/dist-packages:${PYTHONPATH} /usr/bin/cmake --install /home/duser/ros2_kortex-ros2ws/build/velocity_controllers
[0.573s] -- Install configuration: "Release"
[0.577s] -- Installing: /home/duser/ros2_kortex-ros2ws/install/velocity_controllers/share/velocity_controllers/velocity_controllers_plugins.xml
[0.578s] -- Installing: /home/duser/ros2_kortex-ros2ws/install/velocity_controllers/include/velocity_controllers
[0.579s] -- Installing: /home/duser/ros2_kortex-ros2ws/install/velocity_controllers/include/velocity_controllers/velocity_controllers
[0.579s] -- Installing: /home/duser/ros2_kortex-ros2ws/install/velocity_controllers/include/velocity_controllers/velocity_controllers/joint_group_velocity_controller.hpp
[0.579s] -- Installing: /home/duser/ros2_kortex-ros2ws/install/velocity_controllers/include/velocity_controllers/velocity_controllers/visibility_control.h
[0.581s] -- Installing: /home/duser/ros2_kortex-ros2ws/install/velocity_controllers/lib/libvelocity_controllers.so
[0.588s] -- Set runtime path of "/home/duser/ros2_kortex-ros2ws/install/velocity_controllers/lib/libvelocity_controllers.so" to ""
[0.588s] -- Installing: /home/duser/ros2_kortex-ros2ws/install/velocity_controllers/share/velocity_controllers/environment/library_path.sh
[0.589s] -- Installing: /home/duser/ros2_kortex-ros2ws/install/velocity_controllers/share/velocity_controllers/environment/library_path.dsv
[0.589s] -- Installing: /home/duser/ros2_kortex-ros2ws/install/velocity_controllers/share/ament_index/resource_index/package_run_dependencies/velocity_controllers
[0.590s] -- Installing: /home/duser/ros2_kortex-ros2ws/install/velocity_controllers/share/ament_index/resource_index/parent_prefix_path/velocity_controllers
[0.591s] -- Installing: /home/duser/ros2_kortex-ros2ws/install/velocity_controllers/share/velocity_controllers/environment/ament_prefix_path.sh
[0.591s] -- Installing: /home/duser/ros2_kortex-ros2ws/install/velocity_controllers/share/velocity_controllers/environment/ament_prefix_path.dsv
[0.592s] -- Installing: /home/duser/ros2_kortex-ros2ws/install/velocity_controllers/share/velocity_controllers/environment/path.sh
[0.592s] -- Installing: /home/duser/ros2_kortex-ros2ws/install/velocity_controllers/share/velocity_controllers/environment/path.dsv
[0.593s] -- Installing: /home/duser/ros2_kortex-ros2ws/install/velocity_controllers/share/velocity_controllers/local_setup.bash
[0.593s] -- Installing: /home/duser/ros2_kortex-ros2ws/install/velocity_controllers/share/velocity_controllers/local_setup.sh
[0.593s] -- Installing: /home/duser/ros2_kortex-ros2ws/install/velocity_controllers/share/velocity_controllers/local_setup.zsh
[0.593s] -- Installing: /home/duser/ros2_kortex-ros2ws/install/velocity_controllers/share/velocity_controllers/local_setup.dsv
[0.594s] -- Installing: /home/duser/ros2_kortex-ros2ws/install/velocity_controllers/share/velocity_controllers/package.dsv
[0.595s] -- Installing: /home/duser/ros2_kortex-ros2ws/install/velocity_controllers/share/ament_index/resource_index/packages/velocity_controllers
[0.595s] -- Installing: /home/duser/ros2_kortex-ros2ws/install/velocity_controllers/share/ament_index/resource_index/controller_interface__pluginlib__plugin/velocity_controllers
[0.595s] -- Installing: /home/duser/ros2_kortex-ros2ws/install/velocity_controllers/share/velocity_controllers/cmake/export_velocity_controllersExport.cmake
[0.596s] -- Installing: /home/duser/ros2_kortex-ros2ws/install/velocity_controllers/share/velocity_controllers/cmake/export_velocity_controllersExport-release.cmake
[0.598s] -- Installing: /home/duser/ros2_kortex-ros2ws/install/velocity_controllers/share/velocity_controllers/cmake/ament_cmake_export_targets-extras.cmake
[0.598s] -- Installing: /home/duser/ros2_kortex-ros2ws/install/velocity_controllers/share/velocity_controllers/cmake/ament_cmake_export_dependencies-extras.cmake
[0.599s] -- Installing: /home/duser/ros2_kortex-ros2ws/install/velocity_controllers/share/velocity_controllers/cmake/velocity_controllersConfig.cmake
[0.599s] -- Installing: /home/duser/ros2_kortex-ros2ws/install/velocity_controllers/share/velocity_controllers/cmake/velocity_controllersConfig-version.cmake
[0.599s] -- Installing: /home/duser/ros2_kortex-ros2ws/install/velocity_controllers/share/velocity_controllers/package.xml
[0.648s] Invoked command in '/home/duser/ros2_kortex-ros2ws/build/velocity_controllers' returned '0': AMENT_PREFIX_PATH=/home/duser/ros2_kortex-ros2ws/install/forward_command_controller:/home/duser/ros2_kortex-ros2ws/install/controller_manager:/home/duser/ros2_kortex-ros2ws/install/hardware_interface_testing:/home/duser/ros2_kortex-ros2ws/install/controller_interface:/home/duser/ros2_kortex-ros2ws/install/hardware_interface:/home/duser/ros2_kortex-ros2ws/install/controller_manager_msgs:/home/duser/ros2_kortex-ros2ws/install/control_msgs:${AMENT_PREFIX_PATH} CMAKE_PREFIX_PATH=/home/duser/ros2_kortex-ros2ws/install/forward_command_controller:/home/duser/ros2_kortex-ros2ws/install/controller_manager:/home/duser/ros2_kortex-ros2ws/install/hardware_interface_testing:/home/duser/ros2_kortex-ros2ws/install/controller_interface:/home/duser/ros2_kortex-ros2ws/install/hardware_interface:/home/duser/ros2_kortex-ros2ws/install/ros2_control_test_assets:/home/duser/ros2_kortex-ros2ws/install/controller_manager_msgs:/home/duser/ros2_kortex-ros2ws/install/control_msgs:/home/duser/ros2_kortex-ros2ws/install/serial:/home/duser/ros2_kortex-ros2ws/install/kortex_api:/opt/ros/humble LD_LIBRARY_PATH=/home/duser/ros2_kortex-ros2ws/install/forward_command_controller/lib:/home/duser/ros2_kortex-ros2ws/install/controller_manager/lib:/home/duser/ros2_kortex-ros2ws/install/hardware_interface_testing/lib:/home/duser/ros2_kortex-ros2ws/install/controller_interface/lib:/home/duser/ros2_kortex-ros2ws/install/hardware_interface/lib:/home/duser/ros2_kortex-ros2ws/install/controller_manager_msgs/lib:/home/duser/ros2_kortex-ros2ws/install/control_msgs/lib:${LD_LIBRARY_PATH} PYTHONPATH=/home/duser/ros2_kortex-ros2ws/install/controller_manager/local/lib/python3.10/dist-packages:/home/duser/ros2_kortex-ros2ws/install/controller_manager_msgs/local/lib/python3.10/dist-packages:/home/duser/ros2_kortex-ros2ws/install/control_msgs/local/lib/python3.10/dist-packages:${PYTHONPATH} /usr/bin/cmake --install /home/duser/ros2_kortex-ros2ws/build/velocity_controllers
