[0.108s] Invoking command in '/home/duser/ros2_kortex-ros2ws/build/forward_command_controller': AMENT_PREFIX_PATH=/home/duser/ros2_kortex-ros2ws/install/controller_manager:/home/duser/ros2_kortex-ros2ws/install/hardware_interface_testing:/home/duser/ros2_kortex-ros2ws/install/controller_interface:/home/duser/ros2_kortex-ros2ws/install/hardware_interface:/home/duser/ros2_kortex-ros2ws/install/controller_manager_msgs:/home/duser/ros2_kortex-ros2ws/install/control_msgs:${AMENT_PREFIX_PATH} CMAKE_PREFIX_PATH=/home/duser/ros2_kortex-ros2ws/install/controller_manager:/home/duser/ros2_kortex-ros2ws/install/hardware_interface_testing:/home/duser/ros2_kortex-ros2ws/install/controller_interface:/home/duser/ros2_kortex-ros2ws/install/hardware_interface:/home/duser/ros2_kortex-ros2ws/install/ros2_control_test_assets:/home/duser/ros2_kortex-ros2ws/install/controller_manager_msgs:/home/duser/ros2_kortex-ros2ws/install/control_msgs:/home/duser/ros2_kortex-ros2ws/install/serial:/home/duser/ros2_kortex-ros2ws/install/kortex_api:/opt/ros/humble LD_LIBRARY_PATH=/home/duser/ros2_kortex-ros2ws/install/controller_manager/lib:/home/duser/ros2_kortex-ros2ws/install/hardware_interface_testing/lib:/home/duser/ros2_kortex-ros2ws/install/controller_interface/lib:/home/duser/ros2_kortex-ros2ws/install/hardware_interface/lib:/home/duser/ros2_kortex-ros2ws/install/controller_manager_msgs/lib:/home/duser/ros2_kortex-ros2ws/install/control_msgs/lib:${LD_LIBRARY_PATH} PYTHONPATH=/home/duser/ros2_kortex-ros2ws/install/controller_manager/local/lib/python3.10/dist-packages:/home/duser/ros2_kortex-ros2ws/install/controller_manager_msgs/local/lib/python3.10/dist-packages:/home/duser/ros2_kortex-ros2ws/install/control_msgs/local/lib/python3.10/dist-packages:${PYTHONPATH} /usr/bin/cmake /home/duser/ros2_kortex-ros2ws/src/ros2_controllers/forward_command_controller -DCMAKE_BUILD_TYPE=Release -DCMAKE_INSTALL_PREFIX=/home/duser/ros2_kortex-ros2ws/install/forward_command_controller
[0.722s] -- The CXX compiler identification is GNU 11.4.0
[0.722s] -- Detecting CXX compiler ABI info
[0.722s] -- Detecting CXX compiler ABI info - done
[0.722s] -- Check for working CXX compiler: /usr/bin/c++ - skipped
[0.723s] -- Detecting CXX compile features
[0.724s] -- Detecting CXX compile features - done
[0.724s] -- Found ament_cmake: 1.3.8 (/opt/ros/humble/share/ament_cmake/cmake)
[0.760s] -- Found Python3: /usr/bin/python3 (found version "3.10.12") found components: Interpreter 
[0.991s] -- Found backward_ros: 1.0.2 (/opt/ros/humble/share/backward_ros/cmake)
[1.008s] -- Found libdw: /usr/lib/x86_64-linux-gnu/libdw.so  
[1.026s] -- Could NOT find libbfd (missing: LIBBFD_LIBRARY LIBBFD_INCLUDE_DIR) 
[1.026s] -- BACKWARD_HAS_UNWIND=1
[1.027s] -- BACKWARD_HAS_BACKTRACE=0
[1.027s] -- BACKWARD_HAS_BACKTRACE_SYMBOL=0
[1.027s] -- BACKWARD_HAS_DW=1
[1.027s] -- BACKWARD_HAS_BFD=0
[1.032s] -- Found Backward: /opt/ros/humble/share/backward_ros/cmake  
[1.033s] -- Found controller_interface: 2.41.0 (/home/duser/ros2_kortex-ros2ws/install/controller_interface/share/controller_interface/cmake)
[1.134s] -- Found rosidl_generator_c: 3.1.5 (/opt/ros/humble/share/rosidl_generator_c/cmake)
[1.154s] -- Found rosidl_adapter: 3.1.5 (/opt/ros/humble/share/rosidl_adapter/cmake)
[1.179s] -- Found rosidl_generator_cpp: 3.1.5 (/opt/ros/humble/share/rosidl_generator_cpp/cmake)
[1.220s] -- Using all available rosidl_typesupport_c: rosidl_typesupport_fastrtps_c;rosidl_typesupport_introspection_c
[1.279s] -- Using all available rosidl_typesupport_cpp: rosidl_typesupport_fastrtps_cpp;rosidl_typesupport_introspection_cpp
[2.727s] -- Found rmw_implementation_cmake: 6.1.1 (/opt/ros/humble/share/rmw_implementation_cmake/cmake)
[2.735s] -- Found rmw_cyclonedds_cpp: 1.3.4 (/opt/ros/humble/share/rmw_cyclonedds_cpp/cmake)
[2.820s] -- Using RMW implementation 'rmw_cyclonedds_cpp' as default
[2.850s] -- Looking for C++ include pthread.h
[3.118s] -- Looking for C++ include pthread.h - found
[3.118s] -- Performing Test CMAKE_HAVE_LIBC_PTHREAD
[3.384s] -- Performing Test CMAKE_HAVE_LIBC_PTHREAD - Success
[3.386s] -- Found Threads: TRUE  
[3.843s] -- Found generate_parameter_library: 0.3.8 (/opt/ros/humble/share/generate_parameter_library/cmake)
[3.847s] -- Found parameter_traits: 0.3.8 (/opt/ros/humble/share/parameter_traits/cmake)
[3.922s] -- Found realtime_tools: 2.5.0 (/opt/ros/humble/share/realtime_tools/cmake)
[4.377s] -- Found ament_cmake_gmock: 1.3.8 (/opt/ros/humble/share/ament_cmake_gmock/cmake)
[4.378s] -- Found controller_manager: 2.41.0 (/home/duser/ros2_kortex-ros2ws/install/controller_manager/share/controller_manager/cmake)
[4.882s] -- Found ros2_control_test_assets: 2.41.0 (/home/duser/ros2_kortex-ros2ws/install/ros2_control_test_assets/share/ros2_control_test_assets/cmake)
[4.892s] -- Found gmock sources under '/opt/ros/humble/src/gmock_vendor': C++ tests using 'Google Mock' will be built
[4.966s] -- The C compiler identification is GNU 11.4.0
[4.980s] -- Detecting C compiler ABI info
[5.185s] -- Detecting C compiler ABI info - done
[5.199s] -- Check for working C compiler: /usr/bin/cc - skipped
[5.200s] -- Detecting C compile features
[5.201s] -- Detecting C compile features - done
[5.215s] -- Found ament_cmake_gtest: 1.3.8 (/opt/ros/humble/share/ament_cmake_gtest/cmake)
[5.216s] -- Found gtest sources under '/opt/ros/humble/src/gtest_vendor': C++ tests using 'Google Test' will be built
[8.308s] -- Configuring done
[8.893s] -- Generating done
[8.923s] -- Build files have been written to: /home/duser/ros2_kortex-ros2ws/build/forward_command_controller
[9.098s] Invoked command in '/home/duser/ros2_kortex-ros2ws/build/forward_command_controller' returned '0': AMENT_PREFIX_PATH=/home/duser/ros2_kortex-ros2ws/install/controller_manager:/home/duser/ros2_kortex-ros2ws/install/hardware_interface_testing:/home/duser/ros2_kortex-ros2ws/install/controller_interface:/home/duser/ros2_kortex-ros2ws/install/hardware_interface:/home/duser/ros2_kortex-ros2ws/install/controller_manager_msgs:/home/duser/ros2_kortex-ros2ws/install/control_msgs:${AMENT_PREFIX_PATH} CMAKE_PREFIX_PATH=/home/duser/ros2_kortex-ros2ws/install/controller_manager:/home/duser/ros2_kortex-ros2ws/install/hardware_interface_testing:/home/duser/ros2_kortex-ros2ws/install/controller_interface:/home/duser/ros2_kortex-ros2ws/install/hardware_interface:/home/duser/ros2_kortex-ros2ws/install/ros2_control_test_assets:/home/duser/ros2_kortex-ros2ws/install/controller_manager_msgs:/home/duser/ros2_kortex-ros2ws/install/control_msgs:/home/duser/ros2_kortex-ros2ws/install/serial:/home/duser/ros2_kortex-ros2ws/install/kortex_api:/opt/ros/humble LD_LIBRARY_PATH=/home/duser/ros2_kortex-ros2ws/install/controller_manager/lib:/home/duser/ros2_kortex-ros2ws/install/hardware_interface_testing/lib:/home/duser/ros2_kortex-ros2ws/install/controller_interface/lib:/home/duser/ros2_kortex-ros2ws/install/hardware_interface/lib:/home/duser/ros2_kortex-ros2ws/install/controller_manager_msgs/lib:/home/duser/ros2_kortex-ros2ws/install/control_msgs/lib:${LD_LIBRARY_PATH} PYTHONPATH=/home/duser/ros2_kortex-ros2ws/install/controller_manager/local/lib/python3.10/dist-packages:/home/duser/ros2_kortex-ros2ws/install/controller_manager_msgs/local/lib/python3.10/dist-packages:/home/duser/ros2_kortex-ros2ws/install/control_msgs/local/lib/python3.10/dist-packages:${PYTHONPATH} /usr/bin/cmake /home/duser/ros2_kortex-ros2ws/src/ros2_controllers/forward_command_controller -DCMAKE_BUILD_TYPE=Release -DCMAKE_INSTALL_PREFIX=/home/duser/ros2_kortex-ros2ws/install/forward_command_controller
[9.105s] Invoking command in '/home/duser/ros2_kortex-ros2ws/build/forward_command_controller': AMENT_PREFIX_PATH=/home/duser/ros2_kortex-ros2ws/install/controller_manager:/home/duser/ros2_kortex-ros2ws/install/hardware_interface_testing:/home/duser/ros2_kortex-ros2ws/install/controller_interface:/home/duser/ros2_kortex-ros2ws/install/hardware_interface:/home/duser/ros2_kortex-ros2ws/install/controller_manager_msgs:/home/duser/ros2_kortex-ros2ws/install/control_msgs:${AMENT_PREFIX_PATH} CMAKE_PREFIX_PATH=/home/duser/ros2_kortex-ros2ws/install/controller_manager:/home/duser/ros2_kortex-ros2ws/install/hardware_interface_testing:/home/duser/ros2_kortex-ros2ws/install/controller_interface:/home/duser/ros2_kortex-ros2ws/install/hardware_interface:/home/duser/ros2_kortex-ros2ws/install/ros2_control_test_assets:/home/duser/ros2_kortex-ros2ws/install/controller_manager_msgs:/home/duser/ros2_kortex-ros2ws/install/control_msgs:/home/duser/ros2_kortex-ros2ws/install/serial:/home/duser/ros2_kortex-ros2ws/install/kortex_api:/opt/ros/humble LD_LIBRARY_PATH=/home/duser/ros2_kortex-ros2ws/install/controller_manager/lib:/home/duser/ros2_kortex-ros2ws/install/hardware_interface_testing/lib:/home/duser/ros2_kortex-ros2ws/install/controller_interface/lib:/home/duser/ros2_kortex-ros2ws/install/hardware_interface/lib:/home/duser/ros2_kortex-ros2ws/install/controller_manager_msgs/lib:/home/duser/ros2_kortex-ros2ws/install/control_msgs/lib:${LD_LIBRARY_PATH} PYTHONPATH=/home/duser/ros2_kortex-ros2ws/install/controller_manager/local/lib/python3.10/dist-packages:/home/duser/ros2_kortex-ros2ws/install/controller_manager_msgs/local/lib/python3.10/dist-packages:/home/duser/ros2_kortex-ros2ws/install/control_msgs/local/lib/python3.10/dist-packages:${PYTHONPATH} /usr/bin/cmake --build /home/duser/ros2_kortex-ros2ws/build/forward_command_controller -- -j12 -l12
[225.961s] [  5%] [32mBuilding CXX object gmock/CMakeFiles/gmock_main.dir/src/gmock_main.cc.o[0m
[225.970s] [ 10%] [32mBuilding CXX object gmock/CMakeFiles/gmock.dir/src/gmock-all.cc.o[0m
[225.984s] [ 15%] [34m[1mRunning `/opt/ros/humble/bin/generate_parameter_library_cpp /home/duser/ros2_kortex-ros2ws/build/forward_command_controller/forward_command_controller_parameters/include//forward_command_controller_parameters.hpp /home/duser/ros2_kortex-ros2ws/src/ros2_controllers/forward_command_controller/src/forward_command_controller_parameters.yaml `[0m
[225.985s] [ 21%] [32mBuilding CXX object gmock/CMakeFiles/gmock.dir/opt/ros/humble/src/gtest_vendor/src/gtest-all.cc.o[0m
[225.985s] [ 26%] [34m[1mRunning `/opt/ros/humble/bin/generate_parameter_library_cpp /home/duser/ros2_kortex-ros2ws/build/forward_command_controller/multi_interface_forward_command_controller_parameters/include//multi_interface_forward_command_controller_parameters.hpp /home/duser/ros2_kortex-ros2ws/src/ros2_controllers/forward_command_controller/src/multi_interface_forward_command_controller_parameters.yaml `[0m
[225.986s] [ 26%] Built target multi_interface_forward_command_controller_parameters
[225.986s] [ 26%] Built target forward_command_controller_parameters
[225.986s] [ 36%] [32mBuilding CXX object CMakeFiles/forward_command_controller.dir/src/forward_controllers_base.cpp.o[0m
[225.986s] [ 42%] [32mBuilding CXX object CMakeFiles/forward_command_controller.dir/src/forward_command_controller.cpp.o[0m
[225.986s] [ 42%] [32mBuilding CXX object CMakeFiles/forward_command_controller.dir/src/multi_interface_forward_command_controller.cpp.o[0m
[225.988s] [ 47%] [32m[1mLinking CXX static library libgmock_main.a[0m
[225.988s] [ 47%] Built target gmock_main
[225.989s] [ 52%] [32m[1mLinking CXX static library libgmock.a[0m
[225.989s] [ 52%] Built target gmock
[225.989s] [ 57%] [32m[1mLinking CXX shared library libforward_command_controller.so[0m
[225.990s] [ 57%] Built target forward_command_controller
[225.991s] [ 63%] [32mBuilding CXX object CMakeFiles/test_load_forward_command_controller.dir/test/test_load_forward_command_controller.cpp.o[0m
[225.991s] [ 68%] [32m[1mLinking CXX executable test_load_forward_command_controller[0m
[225.991s] [ 68%] Built target test_load_forward_command_controller
[225.991s] [ 73%] [32mBuilding CXX object CMakeFiles/test_multi_interface_forward_command_controller.dir/test/test_multi_interface_forward_command_controller.cpp.o[0m
[230.363s] [ 78%] [32m[1mLinking CXX executable test_multi_interface_forward_command_controller[0m
[231.192s] [ 78%] Built target test_multi_interface_forward_command_controller
[231.231s] [ 84%] [32mBuilding CXX object CMakeFiles/test_load_multi_interface_forward_command_controller.dir/test/test_load_multi_interface_forward_command_controller.cpp.o[0m
[238.311s] [ 89%] [32m[1mLinking CXX executable test_load_multi_interface_forward_command_controller[0m
[238.762s] [ 89%] Built target test_load_multi_interface_forward_command_controller
[238.814s] [ 94%] [32mBuilding CXX object CMakeFiles/test_forward_command_controller.dir/test/test_forward_command_controller.cpp.o[0m
[249.377s] [100%] [32m[1mLinking CXX executable test_forward_command_controller[0m
[249.756s] [100%] Built target test_forward_command_controller
[249.805s] Invoked command in '/home/duser/ros2_kortex-ros2ws/build/forward_command_controller' returned '0': AMENT_PREFIX_PATH=/home/duser/ros2_kortex-ros2ws/install/controller_manager:/home/duser/ros2_kortex-ros2ws/install/hardware_interface_testing:/home/duser/ros2_kortex-ros2ws/install/controller_interface:/home/duser/ros2_kortex-ros2ws/install/hardware_interface:/home/duser/ros2_kortex-ros2ws/install/controller_manager_msgs:/home/duser/ros2_kortex-ros2ws/install/control_msgs:${AMENT_PREFIX_PATH} CMAKE_PREFIX_PATH=/home/duser/ros2_kortex-ros2ws/install/controller_manager:/home/duser/ros2_kortex-ros2ws/install/hardware_interface_testing:/home/duser/ros2_kortex-ros2ws/install/controller_interface:/home/duser/ros2_kortex-ros2ws/install/hardware_interface:/home/duser/ros2_kortex-ros2ws/install/ros2_control_test_assets:/home/duser/ros2_kortex-ros2ws/install/controller_manager_msgs:/home/duser/ros2_kortex-ros2ws/install/control_msgs:/home/duser/ros2_kortex-ros2ws/install/serial:/home/duser/ros2_kortex-ros2ws/install/kortex_api:/opt/ros/humble LD_LIBRARY_PATH=/home/duser/ros2_kortex-ros2ws/install/controller_manager/lib:/home/duser/ros2_kortex-ros2ws/install/hardware_interface_testing/lib:/home/duser/ros2_kortex-ros2ws/install/controller_interface/lib:/home/duser/ros2_kortex-ros2ws/install/hardware_interface/lib:/home/duser/ros2_kortex-ros2ws/install/controller_manager_msgs/lib:/home/duser/ros2_kortex-ros2ws/install/control_msgs/lib:${LD_LIBRARY_PATH} PYTHONPATH=/home/duser/ros2_kortex-ros2ws/install/controller_manager/local/lib/python3.10/dist-packages:/home/duser/ros2_kortex-ros2ws/install/controller_manager_msgs/local/lib/python3.10/dist-packages:/home/duser/ros2_kortex-ros2ws/install/control_msgs/local/lib/python3.10/dist-packages:${PYTHONPATH} /usr/bin/cmake --build /home/duser/ros2_kortex-ros2ws/build/forward_command_controller -- -j12 -l12
[249.878s] Invoking command in '/home/duser/ros2_kortex-ros2ws/build/forward_command_controller': AMENT_PREFIX_PATH=/home/duser/ros2_kortex-ros2ws/install/controller_manager:/home/duser/ros2_kortex-ros2ws/install/hardware_interface_testing:/home/duser/ros2_kortex-ros2ws/install/controller_interface:/home/duser/ros2_kortex-ros2ws/install/hardware_interface:/home/duser/ros2_kortex-ros2ws/install/controller_manager_msgs:/home/duser/ros2_kortex-ros2ws/install/control_msgs:${AMENT_PREFIX_PATH} CMAKE_PREFIX_PATH=/home/duser/ros2_kortex-ros2ws/install/controller_manager:/home/duser/ros2_kortex-ros2ws/install/hardware_interface_testing:/home/duser/ros2_kortex-ros2ws/install/controller_interface:/home/duser/ros2_kortex-ros2ws/install/hardware_interface:/home/duser/ros2_kortex-ros2ws/install/ros2_control_test_assets:/home/duser/ros2_kortex-ros2ws/install/controller_manager_msgs:/home/duser/ros2_kortex-ros2ws/install/control_msgs:/home/duser/ros2_kortex-ros2ws/install/serial:/home/duser/ros2_kortex-ros2ws/install/kortex_api:/opt/ros/humble LD_LIBRARY_PATH=/home/duser/ros2_kortex-ros2ws/install/controller_manager/lib:/home/duser/ros2_kortex-ros2ws/install/hardware_interface_testing/lib:/home/duser/ros2_kortex-ros2ws/install/controller_interface/lib:/home/duser/ros2_kortex-ros2ws/install/hardware_interface/lib:/home/duser/ros2_kortex-ros2ws/install/controller_manager_msgs/lib:/home/duser/ros2_kortex-ros2ws/install/control_msgs/lib:${LD_LIBRARY_PATH} PYTHONPATH=/home/duser/ros2_kortex-ros2ws/install/controller_manager/local/lib/python3.10/dist-packages:/home/duser/ros2_kortex-ros2ws/install/controller_manager_msgs/local/lib/python3.10/dist-packages:/home/duser/ros2_kortex-ros2ws/install/control_msgs/local/lib/python3.10/dist-packages:${PYTHONPATH} /usr/bin/cmake --install /home/duser/ros2_kortex-ros2ws/build/forward_command_controller
[249.894s] -- Install configuration: "Release"
[249.894s] -- Installing: /home/duser/ros2_kortex-ros2ws/install/forward_command_controller/include/forward_command_controller_parameters
[249.895s] -- Installing: /home/duser/ros2_kortex-ros2ws/install/forward_command_controller/include/forward_command_controller_parameters/forward_command_controller_parameters.hpp
[249.895s] -- Installing: /home/duser/ros2_kortex-ros2ws/install/forward_command_controller/include/multi_interface_forward_command_controller_parameters
[249.895s] -- Installing: /home/duser/ros2_kortex-ros2ws/install/forward_command_controller/include/multi_interface_forward_command_controller_parameters/multi_interface_forward_command_controller_parameters.hpp
[249.896s] -- Installing: /home/duser/ros2_kortex-ros2ws/install/forward_command_controller/share/forward_command_controller/forward_command_plugin.xml
[249.897s] -- Installing: /home/duser/ros2_kortex-ros2ws/install/forward_command_controller/include/forward_command_controller
[249.897s] -- Installing: /home/duser/ros2_kortex-ros2ws/install/forward_command_controller/include/forward_command_controller/forward_command_controller
[249.897s] -- Installing: /home/duser/ros2_kortex-ros2ws/install/forward_command_controller/include/forward_command_controller/forward_command_controller/visibility_control.h
[249.898s] -- Installing: /home/duser/ros2_kortex-ros2ws/install/forward_command_controller/include/forward_command_controller/forward_command_controller/forward_controllers_base.hpp
[249.898s] -- Installing: /home/duser/ros2_kortex-ros2ws/install/forward_command_controller/include/forward_command_controller/forward_command_controller/multi_interface_forward_command_controller.hpp
[249.898s] -- Installing: /home/duser/ros2_kortex-ros2ws/install/forward_command_controller/include/forward_command_controller/forward_command_controller/forward_command_controller.hpp
[249.899s] -- Installing: /home/duser/ros2_kortex-ros2ws/install/forward_command_controller/lib/libforward_command_controller.so
[249.902s] -- Set runtime path of "/home/duser/ros2_kortex-ros2ws/install/forward_command_controller/lib/libforward_command_controller.so" to ""
[249.902s] -- Installing: /home/duser/ros2_kortex-ros2ws/install/forward_command_controller/share/forward_command_controller/environment/library_path.sh
[249.902s] -- Installing: /home/duser/ros2_kortex-ros2ws/install/forward_command_controller/share/forward_command_controller/environment/library_path.dsv
[249.904s] -- Installing: /home/duser/ros2_kortex-ros2ws/install/forward_command_controller/share/ament_index/resource_index/package_run_dependencies/forward_command_controller
[249.905s] -- Installing: /home/duser/ros2_kortex-ros2ws/install/forward_command_controller/share/ament_index/resource_index/parent_prefix_path/forward_command_controller
[249.905s] -- Installing: /home/duser/ros2_kortex-ros2ws/install/forward_command_controller/share/forward_command_controller/environment/ament_prefix_path.sh
[249.906s] -- Installing: /home/duser/ros2_kortex-ros2ws/install/forward_command_controller/share/forward_command_controller/environment/ament_prefix_path.dsv
[249.906s] -- Installing: /home/duser/ros2_kortex-ros2ws/install/forward_command_controller/share/forward_command_controller/environment/path.sh
[249.906s] -- Installing: /home/duser/ros2_kortex-ros2ws/install/forward_command_controller/share/forward_command_controller/environment/path.dsv
[249.907s] -- Installing: /home/duser/ros2_kortex-ros2ws/install/forward_command_controller/share/forward_command_controller/local_setup.bash
[249.907s] -- Installing: /home/duser/ros2_kortex-ros2ws/install/forward_command_controller/share/forward_command_controller/local_setup.sh
[249.908s] -- Installing: /home/duser/ros2_kortex-ros2ws/install/forward_command_controller/share/forward_command_controller/local_setup.zsh
[249.908s] -- Installing: /home/duser/ros2_kortex-ros2ws/install/forward_command_controller/share/forward_command_controller/local_setup.dsv
[249.909s] -- Installing: /home/duser/ros2_kortex-ros2ws/install/forward_command_controller/share/forward_command_controller/package.dsv
[249.910s] -- Installing: /home/duser/ros2_kortex-ros2ws/install/forward_command_controller/share/ament_index/resource_index/packages/forward_command_controller
[249.911s] -- Installing: /home/duser/ros2_kortex-ros2ws/install/forward_command_controller/share/ament_index/resource_index/controller_interface__pluginlib__plugin/forward_command_controller
[249.912s] -- Installing: /home/duser/ros2_kortex-ros2ws/install/forward_command_controller/share/forward_command_controller/cmake/export_forward_command_controllerExport.cmake
[249.913s] -- Installing: /home/duser/ros2_kortex-ros2ws/install/forward_command_controller/share/forward_command_controller/cmake/export_forward_command_controllerExport-release.cmake
[249.914s] -- Installing: /home/duser/ros2_kortex-ros2ws/install/forward_command_controller/share/forward_command_controller/cmake/ament_cmake_export_targets-extras.cmake
[249.914s] -- Installing: /home/duser/ros2_kortex-ros2ws/install/forward_command_controller/share/forward_command_controller/cmake/ament_cmake_export_dependencies-extras.cmake
[249.915s] -- Installing: /home/duser/ros2_kortex-ros2ws/install/forward_command_controller/share/forward_command_controller/cmake/forward_command_controllerConfig.cmake
[249.916s] -- Installing: /home/duser/ros2_kortex-ros2ws/install/forward_command_controller/share/forward_command_controller/cmake/forward_command_controllerConfig-version.cmake
[249.916s] -- Installing: /home/duser/ros2_kortex-ros2ws/install/forward_command_controller/share/forward_command_controller/package.xml
[249.920s] Invoked command in '/home/duser/ros2_kortex-ros2ws/build/forward_command_controller' returned '0': AMENT_PREFIX_PATH=/home/duser/ros2_kortex-ros2ws/install/controller_manager:/home/duser/ros2_kortex-ros2ws/install/hardware_interface_testing:/home/duser/ros2_kortex-ros2ws/install/controller_interface:/home/duser/ros2_kortex-ros2ws/install/hardware_interface:/home/duser/ros2_kortex-ros2ws/install/controller_manager_msgs:/home/duser/ros2_kortex-ros2ws/install/control_msgs:${AMENT_PREFIX_PATH} CMAKE_PREFIX_PATH=/home/duser/ros2_kortex-ros2ws/install/controller_manager:/home/duser/ros2_kortex-ros2ws/install/hardware_interface_testing:/home/duser/ros2_kortex-ros2ws/install/controller_interface:/home/duser/ros2_kortex-ros2ws/install/hardware_interface:/home/duser/ros2_kortex-ros2ws/install/ros2_control_test_assets:/home/duser/ros2_kortex-ros2ws/install/controller_manager_msgs:/home/duser/ros2_kortex-ros2ws/install/control_msgs:/home/duser/ros2_kortex-ros2ws/install/serial:/home/duser/ros2_kortex-ros2ws/install/kortex_api:/opt/ros/humble LD_LIBRARY_PATH=/home/duser/ros2_kortex-ros2ws/install/controller_manager/lib:/home/duser/ros2_kortex-ros2ws/install/hardware_interface_testing/lib:/home/duser/ros2_kortex-ros2ws/install/controller_interface/lib:/home/duser/ros2_kortex-ros2ws/install/hardware_interface/lib:/home/duser/ros2_kortex-ros2ws/install/controller_manager_msgs/lib:/home/duser/ros2_kortex-ros2ws/install/control_msgs/lib:${LD_LIBRARY_PATH} PYTHONPATH=/home/duser/ros2_kortex-ros2ws/install/controller_manager/local/lib/python3.10/dist-packages:/home/duser/ros2_kortex-ros2ws/install/controller_manager_msgs/local/lib/python3.10/dist-packages:/home/duser/ros2_kortex-ros2ws/install/control_msgs/local/lib/python3.10/dist-packages:${PYTHONPATH} /usr/bin/cmake --install /home/duser/ros2_kortex-ros2ws/build/forward_command_controller
