[0.000000] (-) TimerEvent: {}
[0.000538] (mecanum_drive_controller) JobQueued: {'identifier': 'mecanum_drive_controller', 'dependencies': OrderedDict()}
[0.000580] (mecanum_drive_controller) JobStarted: {'identifier': 'mecanum_drive_controller'}
[0.012109] (mecanum_drive_controller) JobProgress: {'identifier': 'mecanum_drive_controller', 'progress': 'cmake'}
[0.013423] (mecanum_drive_controller) JobProgress: {'identifier': 'mecanum_drive_controller', 'progress': 'build'}
[0.014136] (mecanum_drive_controller) Command: {'cmd': ['/usr/bin/cmake', '--build', '/home/duser/clearpath_mecanum_drive_controller-ros2ws/build/mecanum_drive_controller', '--', '-j12', '-l12'], 'cwd': '/home/duser/clearpath_mecanum_drive_controller-ros2ws/build/mecanum_drive_controller', 'env': OrderedDict([('PYTHONWARNINGS', 'ignore:::setuptools.command.install,ignore:::setuptools.command.easy_install,ignore:::pkg_resources'), ('HOSTNAME', 'guillermo-ideapad3'), ('SHLVL', '1'), ('LD_LIBRARY_PATH', '/home/duser/clearpath_mecanum_drive_controller-ros2ws/install/mecanum_drive_controller/lib:/opt/ros/humble/opt/rviz_ogre_vendor/lib:/opt/ros/humble/lib/x86_64-linux-gnu:/opt/ros/humble/lib'), ('HOME', '/home/duser'), ('OLDPWD', '/home/duser'), ('ROS_PYTHON_VERSION', '3'), ('ROS_LOG_DIR', '/home/duser/rbkk3-ros2ws/log'), ('COLCON_PREFIX_PATH', '/home/duser/clearpath_mecanum_drive_controller-ros2ws/install'), ('ROS_DISTRO', 'humble'), ('_', '/usr/bin/colcon'), ('ROS_VERSION', '2'), ('TERM', 'xterm'), ('ROS_LOCALHOST_ONLY', '0'), ('QT_X11_NO_MITSHM', '1'), ('PATH', '/opt/ros/humble/bin:/usr/local/sbin:/usr/local/bin:/usr/sbin:/usr/bin:/sbin:/bin'), ('DISPLAY', ':0'), ('LANG', 'C.UTF-8'), ('RMW_IMPLEMENTATION', 'rmw_cyclonedds_cpp'), ('AMENT_PREFIX_PATH', '/home/duser/clearpath_mecanum_drive_controller-ros2ws/install/mecanum_drive_controller:/opt/ros/humble'), ('PWD', '/home/duser/clearpath_mecanum_drive_controller-ros2ws/build/mecanum_drive_controller'), ('LC_ALL', 'C.UTF-8'), ('PYTHONPATH', '/opt/ros/humble/lib/python3.10/site-packages:/opt/ros/humble/local/lib/python3.10/dist-packages'), ('COLCON', '1'), ('CMAKE_PREFIX_PATH', '/home/duser/clearpath_mecanum_drive_controller-ros2ws/install/mecanum_drive_controller:/opt/ros/humble')]), 'shell': False}
[0.086261] (mecanum_drive_controller) StdoutLine: {'line': b'[  6%] Built target mecanum_drive_controller_parameters\n'}
[0.090305] (mecanum_drive_controller) StdoutLine: {'line': b'[ 20%] Built target gmock_main\n'}
[0.091736] (mecanum_drive_controller) StdoutLine: {'line': b'[ 40%] Built target gmock\n'}
[0.099585] (-) TimerEvent: {}
[0.103196] (mecanum_drive_controller) StdoutLine: {'line': b'\x1b[35m\x1b[1mConsolidate compiler generated dependencies of target mecanum_drive_controller\x1b[0m\n'}
[0.127976] (mecanum_drive_controller) StdoutLine: {'line': b'[ 53%] Built target test_load_mecanum_drive_controller\n'}
[0.135351] (mecanum_drive_controller) StdoutLine: {'line': b'[ 60%] \x1b[32mBuilding CXX object CMakeFiles/mecanum_drive_controller.dir/src/mecanum_drive_controller.cpp.o\x1b[0m\n'}
[0.199743] (-) TimerEvent: {}
[0.300063] (-) TimerEvent: {}
[0.400351] (-) TimerEvent: {}
[0.500694] (-) TimerEvent: {}
[0.601173] (-) TimerEvent: {}
[0.701608] (-) TimerEvent: {}
[0.802310] (-) TimerEvent: {}
[0.902755] (-) TimerEvent: {}
[1.003203] (-) TimerEvent: {}
[1.103816] (-) TimerEvent: {}
[1.204217] (-) TimerEvent: {}
[1.304625] (-) TimerEvent: {}
[1.405437] (-) TimerEvent: {}
[1.505893] (-) TimerEvent: {}
[1.606320] (-) TimerEvent: {}
[1.706704] (-) TimerEvent: {}
[1.807031] (-) TimerEvent: {}
[1.907427] (-) TimerEvent: {}
[2.007788] (-) TimerEvent: {}
[2.108105] (-) TimerEvent: {}
[2.208446] (-) TimerEvent: {}
[2.308835] (-) TimerEvent: {}
[2.409227] (-) TimerEvent: {}
[2.509645] (-) TimerEvent: {}
[2.610088] (-) TimerEvent: {}
[2.710494] (-) TimerEvent: {}
[2.810884] (-) TimerEvent: {}
[2.911271] (-) TimerEvent: {}
[3.011635] (-) TimerEvent: {}
[3.049713] (mecanum_drive_controller) StderrLine: {'line': b'\x1b[01m\x1b[K/home/duser/clearpath_mecanum_drive_controller-ros2ws/src/ros2_controllers/mecanum_drive_controller/src/mecanum_drive_controller.cpp:\x1b[m\x1b[K In member function \xe2\x80\x98\x1b[01m\x1b[Kvirtual controller_interface::return_type mecanum_drive_controller::MecanumDriveController::update_reference_from_subscribers()\x1b[m\x1b[K\xe2\x80\x99:\n'}
[3.050230] (mecanum_drive_controller) StderrLine: {'line': b'\x1b[01m\x1b[K/home/duser/clearpath_mecanum_drive_controller-ros2ws/src/ros2_controllers/mecanum_drive_controller/src/mecanum_drive_controller.cpp:392:12:\x1b[m\x1b[K \x1b[01;31m\x1b[Kerror: \x1b[m\x1b[Kfound \xe2\x80\x98\x1b[01m\x1b[K:\x1b[m\x1b[K\xe2\x80\x99 in nested-name-specifier, expected \xe2\x80\x98\x1b[01m\x1b[K::\x1b[m\x1b[K\xe2\x80\x99\n'}
[3.050314] (mecanum_drive_controller) StderrLine: {'line': b'  392 |     if (std\x1b[01;31m\x1b[K:\x1b[m\x1b[Kisnan(current_ref_unstamped->linear.x)){\n'}
[3.050375] (mecanum_drive_controller) StderrLine: {'line': b'      |            \x1b[01;31m\x1b[K^\x1b[m\x1b[K\n'}
[3.050432] (mecanum_drive_controller) StderrLine: {'line': b'      |            \x1b[32m\x1b[K::\x1b[m\x1b[K\n'}
[3.050489] (mecanum_drive_controller) StderrLine: {'line': b'\x1b[01m\x1b[K/home/duser/clearpath_mecanum_drive_controller-ros2ws/src/ros2_controllers/mecanum_drive_controller/src/mecanum_drive_controller.cpp:399:12:\x1b[m\x1b[K \x1b[01;31m\x1b[Kerror: \x1b[m\x1b[Kfound \xe2\x80\x98\x1b[01m\x1b[K:\x1b[m\x1b[K\xe2\x80\x99 in nested-name-specifier, expected \xe2\x80\x98\x1b[01m\x1b[K::\x1b[m\x1b[K\xe2\x80\x99\n'}
[3.050600] (mecanum_drive_controller) StderrLine: {'line': b'  399 |     if (std\x1b[01;31m\x1b[K:\x1b[m\x1b[Kisnan(current_ref_unstamped->linear.y)){\n'}
[3.050660] (mecanum_drive_controller) StderrLine: {'line': b'      |            \x1b[01;31m\x1b[K^\x1b[m\x1b[K\n'}
[3.050717] (mecanum_drive_controller) StderrLine: {'line': b'      |            \x1b[32m\x1b[K::\x1b[m\x1b[K\n'}
[3.050773] (mecanum_drive_controller) StderrLine: {'line': b'\x1b[01m\x1b[K/home/duser/clearpath_mecanum_drive_controller-ros2ws/src/ros2_controllers/mecanum_drive_controller/src/mecanum_drive_controller.cpp:406:12:\x1b[m\x1b[K \x1b[01;31m\x1b[Kerror: \x1b[m\x1b[Kfound \xe2\x80\x98\x1b[01m\x1b[K:\x1b[m\x1b[K\xe2\x80\x99 in nested-name-specifier, expected \xe2\x80\x98\x1b[01m\x1b[K::\x1b[m\x1b[K\xe2\x80\x99\n'}
[3.050832] (mecanum_drive_controller) StderrLine: {'line': b'  406 |     if (std\x1b[01;31m\x1b[K:\x1b[m\x1b[Kisnan(current_ref_unstamped->angular.z)){\n'}
[3.050889] (mecanum_drive_controller) StderrLine: {'line': b'      |            \x1b[01;31m\x1b[K^\x1b[m\x1b[K\n'}
[3.050945] (mecanum_drive_controller) StderrLine: {'line': b'      |            \x1b[32m\x1b[K::\x1b[m\x1b[K\n'}
[3.111763] (-) TimerEvent: {}
[3.212085] (-) TimerEvent: {}
[3.312443] (-) TimerEvent: {}
[3.413297] (-) TimerEvent: {}
[3.513669] (-) TimerEvent: {}
[3.614082] (-) TimerEvent: {}
[3.714473] (-) TimerEvent: {}
[3.814861] (-) TimerEvent: {}
[3.915224] (-) TimerEvent: {}
[4.015550] (-) TimerEvent: {}
[4.115866] (-) TimerEvent: {}
[4.216198] (-) TimerEvent: {}
[4.316543] (-) TimerEvent: {}
[4.416896] (-) TimerEvent: {}
[4.517244] (-) TimerEvent: {}
[4.617576] (-) TimerEvent: {}
[4.717889] (-) TimerEvent: {}
[4.818219] (-) TimerEvent: {}
[4.918543] (-) TimerEvent: {}
[5.018878] (-) TimerEvent: {}
[5.119236] (-) TimerEvent: {}
[5.219592] (-) TimerEvent: {}
[5.319903] (-) TimerEvent: {}
[5.420254] (-) TimerEvent: {}
[5.520751] (-) TimerEvent: {}
[5.621478] (-) TimerEvent: {}
[5.721972] (-) TimerEvent: {}
[5.822320] (-) TimerEvent: {}
[5.922701] (-) TimerEvent: {}
[6.023050] (-) TimerEvent: {}
[6.123499] (-) TimerEvent: {}
[6.223966] (-) TimerEvent: {}
[6.324332] (-) TimerEvent: {}
[6.415663] (mecanum_drive_controller) StderrLine: {'line': b'gmake[2]: *** [CMakeFiles/mecanum_drive_controller.dir/build.make:76: CMakeFiles/mecanum_drive_controller.dir/src/mecanum_drive_controller.cpp.o] Error 1\n'}
[6.415966] (mecanum_drive_controller) StderrLine: {'line': b'gmake[1]: *** [CMakeFiles/Makefile2:208: CMakeFiles/mecanum_drive_controller.dir/all] Error 2\n'}
[6.416240] (mecanum_drive_controller) StderrLine: {'line': b'gmake: *** [Makefile:146: all] Error 2\n'}
[6.418974] (mecanum_drive_controller) CommandEnded: {'returncode': 2}
[6.424454] (-) TimerEvent: {}
[6.486385] (mecanum_drive_controller) JobEnded: {'identifier': 'mecanum_drive_controller', 'rc': 2}
[6.497079] (-) EventReactorShutdown: {}
