[0.000000] (-) TimerEvent: {}
[0.000144] (mecanum_drive_controller) JobQueued: {'identifier': 'mecanum_drive_controller', 'dependencies': OrderedDict()}
[0.000174] (mecanum_drive_controller) JobStarted: {'identifier': 'mecanum_drive_controller'}
[0.012759] (mecanum_drive_controller) JobProgress: {'identifier': 'mecanum_drive_controller', 'progress': 'cmake'}
[0.014089] (mecanum_drive_controller) JobProgress: {'identifier': 'mecanum_drive_controller', 'progress': 'build'}
[0.014243] (mecanum_drive_controller) Command: {'cmd': ['/usr/bin/cmake', '--build', '/home/duser/clearpath_mecanum_drive_controller-ros2ws/build/mecanum_drive_controller', '--', '-j12', '-l12'], 'cwd': '/home/duser/clearpath_mecanum_drive_controller-ros2ws/build/mecanum_drive_controller', 'env': OrderedDict([('PYTHONWARNINGS', 'ignore:::setuptools.command.install,ignore:::setuptools.command.easy_install,ignore:::pkg_resources'), ('HOSTNAME', 'guillermo-ideapad3'), ('SHLVL', '1'), ('LD_LIBRARY_PATH', '/home/duser/clearpath_mecanum_drive_controller-ros2ws/install/mecanum_drive_controller/lib:/opt/ros/humble/opt/rviz_ogre_vendor/lib:/opt/ros/humble/lib/x86_64-linux-gnu:/opt/ros/humble/lib'), ('HOME', '/home/duser'), ('OLDPWD', '/home/duser'), ('ROS_PYTHON_VERSION', '3'), ('ROS_LOG_DIR', '/home/duser/rbkk3-ros2ws/log'), ('COLCON_PREFIX_PATH', '/home/duser/clearpath_mecanum_drive_controller-ros2ws/install'), ('ROS_DISTRO', 'humble'), ('_', '/usr/bin/colcon'), ('ROS_VERSION', '2'), ('TERM', 'xterm'), ('ROS_LOCALHOST_ONLY', '0'), ('QT_X11_NO_MITSHM', '1'), ('PATH', '/opt/ros/humble/bin:/usr/local/sbin:/usr/local/bin:/usr/sbin:/usr/bin:/sbin:/bin'), ('DISPLAY', ':0'), ('LANG', 'C.UTF-8'), ('RMW_IMPLEMENTATION', 'rmw_cyclonedds_cpp'), ('AMENT_PREFIX_PATH', '/home/duser/clearpath_mecanum_drive_controller-ros2ws/install/mecanum_drive_controller:/opt/ros/humble'), ('PWD', '/home/duser/clearpath_mecanum_drive_controller-ros2ws/build/mecanum_drive_controller'), ('LC_ALL', 'C.UTF-8'), ('PYTHONPATH', '/opt/ros/humble/lib/python3.10/site-packages:/opt/ros/humble/local/lib/python3.10/dist-packages'), ('COLCON', '1'), ('CMAKE_PREFIX_PATH', '/home/duser/clearpath_mecanum_drive_controller-ros2ws/install/mecanum_drive_controller:/opt/ros/humble')]), 'shell': False}
[0.083066] (mecanum_drive_controller) StdoutLine: {'line': b'[  6%] Built target mecanum_drive_controller_parameters\n'}
[0.085963] (mecanum_drive_controller) StdoutLine: {'line': b'[ 20%] Built target gmock_main\n'}
[0.086770] (mecanum_drive_controller) StdoutLine: {'line': b'[ 40%] Built target gmock\n'}
[0.099067] (-) TimerEvent: {}
[0.100897] (mecanum_drive_controller) StdoutLine: {'line': b'\x1b[35m\x1b[1mConsolidate compiler generated dependencies of target mecanum_drive_controller\x1b[0m\n'}
[0.126418] (mecanum_drive_controller) StdoutLine: {'line': b'[ 53%] Built target test_load_mecanum_drive_controller\n'}
[0.132151] (mecanum_drive_controller) StdoutLine: {'line': b'[ 60%] \x1b[32mBuilding CXX object CMakeFiles/mecanum_drive_controller.dir/src/mecanum_drive_controller.cpp.o\x1b[0m\n'}
[0.199178] (-) TimerEvent: {}
[0.299462] (-) TimerEvent: {}
[0.399786] (-) TimerEvent: {}
[0.500179] (-) TimerEvent: {}
[0.600591] (-) TimerEvent: {}
[0.701200] (-) TimerEvent: {}
[0.801662] (-) TimerEvent: {}
[0.902119] (-) TimerEvent: {}
[1.004270] (-) TimerEvent: {}
[1.105308] (-) TimerEvent: {}
[1.205745] (-) TimerEvent: {}
[1.306245] (-) TimerEvent: {}
[1.406631] (-) TimerEvent: {}
[1.507014] (-) TimerEvent: {}
[1.607810] (-) TimerEvent: {}
[1.708200] (-) TimerEvent: {}
[1.808590] (-) TimerEvent: {}
[1.908947] (-) TimerEvent: {}
[2.009394] (-) TimerEvent: {}
[2.109849] (-) TimerEvent: {}
[2.210313] (-) TimerEvent: {}
[2.310778] (-) TimerEvent: {}
[2.411099] (-) TimerEvent: {}
[2.511442] (-) TimerEvent: {}
[2.611850] (-) TimerEvent: {}
[2.712143] (-) TimerEvent: {}
[2.812653] (-) TimerEvent: {}
[2.913047] (-) TimerEvent: {}
[3.013557] (-) TimerEvent: {}
[3.114082] (-) TimerEvent: {}
[3.214894] (-) TimerEvent: {}
[3.315490] (-) TimerEvent: {}
[3.415875] (-) TimerEvent: {}
[3.516281] (-) TimerEvent: {}
[3.616680] (-) TimerEvent: {}
[3.717104] (-) TimerEvent: {}
[3.817495] (-) TimerEvent: {}
[3.917898] (-) TimerEvent: {}
[4.018289] (-) TimerEvent: {}
[4.118682] (-) TimerEvent: {}
[4.219070] (-) TimerEvent: {}
[4.319460] (-) TimerEvent: {}
[4.419828] (-) TimerEvent: {}
[4.520149] (-) TimerEvent: {}
[4.620672] (-) TimerEvent: {}
[4.721054] (-) TimerEvent: {}
[4.821431] (-) TimerEvent: {}
[4.921871] (-) TimerEvent: {}
[5.022379] (-) TimerEvent: {}
[5.122829] (-) TimerEvent: {}
[5.223205] (-) TimerEvent: {}
[5.323604] (-) TimerEvent: {}
[5.424032] (-) TimerEvent: {}
[5.524388] (-) TimerEvent: {}
[5.624783] (-) TimerEvent: {}
[5.725258] (-) TimerEvent: {}
[5.825683] (-) TimerEvent: {}
[5.926136] (-) TimerEvent: {}
[6.026654] (-) TimerEvent: {}
[6.127105] (-) TimerEvent: {}
[6.227622] (-) TimerEvent: {}
[6.327951] (-) TimerEvent: {}
[6.428298] (-) TimerEvent: {}
[6.528699] (-) TimerEvent: {}
[6.629125] (-) TimerEvent: {}
[6.729537] (-) TimerEvent: {}
[6.829961] (-) TimerEvent: {}
[6.930373] (-) TimerEvent: {}
[7.030747] (-) TimerEvent: {}
[7.131074] (-) TimerEvent: {}
[7.231413] (-) TimerEvent: {}
[7.331756] (-) TimerEvent: {}
[7.432098] (-) TimerEvent: {}
[7.532436] (-) TimerEvent: {}
[7.632783] (-) TimerEvent: {}
[7.733163] (-) TimerEvent: {}
[7.833546] (-) TimerEvent: {}
[7.933878] (-) TimerEvent: {}
[8.034210] (-) TimerEvent: {}
[8.134553] (-) TimerEvent: {}
[8.234916] (-) TimerEvent: {}
[8.335257] (-) TimerEvent: {}
[8.435606] (-) TimerEvent: {}
[8.535938] (-) TimerEvent: {}
[8.636272] (-) TimerEvent: {}
[8.736593] (-) TimerEvent: {}
[8.836946] (-) TimerEvent: {}
[8.937273] (-) TimerEvent: {}
[9.037607] (-) TimerEvent: {}
[9.137937] (-) TimerEvent: {}
[9.238288] (-) TimerEvent: {}
[9.338627] (-) TimerEvent: {}
[9.438980] (-) TimerEvent: {}
[9.539326] (-) TimerEvent: {}
[9.639671] (-) TimerEvent: {}
[9.740006] (-) TimerEvent: {}
[9.840367] (-) TimerEvent: {}
[9.940712] (-) TimerEvent: {}
[10.041070] (-) TimerEvent: {}
[10.141431] (-) TimerEvent: {}
[10.241779] (-) TimerEvent: {}
[10.342117] (-) TimerEvent: {}
[10.442454] (-) TimerEvent: {}
[10.542784] (-) TimerEvent: {}
[10.643114] (-) TimerEvent: {}
[10.743420] (-) TimerEvent: {}
[10.843765] (-) TimerEvent: {}
[10.944103] (-) TimerEvent: {}
[11.044446] (-) TimerEvent: {}
[11.144780] (-) TimerEvent: {}
[11.245131] (-) TimerEvent: {}
[11.345481] (-) TimerEvent: {}
[11.445875] (-) TimerEvent: {}
[11.546219] (-) TimerEvent: {}
[11.646625] (-) TimerEvent: {}
[11.747124] (-) TimerEvent: {}
[11.847581] (-) TimerEvent: {}
[11.948040] (-) TimerEvent: {}
[12.048512] (-) TimerEvent: {}
[12.148976] (-) TimerEvent: {}
[12.165915] (mecanum_drive_controller) StdoutLine: {'line': b'[ 66%] \x1b[32m\x1b[1mLinking CXX shared library libmecanum_drive_controller.so\x1b[0m\n'}
[12.249187] (-) TimerEvent: {}
[12.349646] (-) TimerEvent: {}
[12.450202] (-) TimerEvent: {}
[12.550617] (-) TimerEvent: {}
[12.651052] (-) TimerEvent: {}
[12.751516] (-) TimerEvent: {}
[12.851983] (-) TimerEvent: {}
[12.952517] (-) TimerEvent: {}
[13.053215] (-) TimerEvent: {}
[13.153649] (-) TimerEvent: {}
[13.254043] (-) TimerEvent: {}
[13.354458] (-) TimerEvent: {}
[13.454863] (-) TimerEvent: {}
[13.509388] (mecanum_drive_controller) StdoutLine: {'line': b'[ 73%] Built target mecanum_drive_controller\n'}
[13.546030] (mecanum_drive_controller) StdoutLine: {'line': b'[ 80%] \x1b[32m\x1b[1mLinking CXX executable test_mecanum_drive_controller_preceeding\x1b[0m\n'}
[13.546606] (mecanum_drive_controller) StdoutLine: {'line': b'[ 86%] \x1b[32m\x1b[1mLinking CXX executable test_mecanum_drive_controller\x1b[0m\n'}
[13.554997] (-) TimerEvent: {}
[13.655412] (-) TimerEvent: {}
[13.755969] (-) TimerEvent: {}
[13.856507] (-) TimerEvent: {}
[13.957033] (-) TimerEvent: {}
[14.057849] (-) TimerEvent: {}
[14.158312] (-) TimerEvent: {}
[14.259344] (-) TimerEvent: {}
[14.359818] (-) TimerEvent: {}
[14.460289] (-) TimerEvent: {}
[14.560803] (-) TimerEvent: {}
[14.661300] (-) TimerEvent: {}
[14.761793] (-) TimerEvent: {}
[14.862340] (-) TimerEvent: {}
[14.962815] (-) TimerEvent: {}
[15.063587] (-) TimerEvent: {}
[15.164524] (-) TimerEvent: {}
[15.264990] (-) TimerEvent: {}
[15.308734] (mecanum_drive_controller) StdoutLine: {'line': b'[ 93%] Built target test_mecanum_drive_controller_preceeding\n'}
[15.365284] (-) TimerEvent: {}
[15.465692] (-) TimerEvent: {}
[15.566019] (-) TimerEvent: {}
[15.666383] (-) TimerEvent: {}
[15.766851] (-) TimerEvent: {}
[15.791872] (mecanum_drive_controller) StdoutLine: {'line': b'[100%] Built target test_mecanum_drive_controller\n'}
[15.805977] (mecanum_drive_controller) CommandEnded: {'returncode': 0}
[15.859575] (mecanum_drive_controller) JobProgress: {'identifier': 'mecanum_drive_controller', 'progress': 'install'}
[15.867006] (-) TimerEvent: {}
[15.869990] (mecanum_drive_controller) Command: {'cmd': ['/usr/bin/cmake', '--install', '/home/duser/clearpath_mecanum_drive_controller-ros2ws/build/mecanum_drive_controller'], 'cwd': '/home/duser/clearpath_mecanum_drive_controller-ros2ws/build/mecanum_drive_controller', 'env': OrderedDict([('PYTHONWARNINGS', 'ignore:::setuptools.command.install,ignore:::setuptools.command.easy_install,ignore:::pkg_resources'), ('HOSTNAME', 'guillermo-ideapad3'), ('SHLVL', '1'), ('LD_LIBRARY_PATH', '/home/duser/clearpath_mecanum_drive_controller-ros2ws/install/mecanum_drive_controller/lib:/opt/ros/humble/opt/rviz_ogre_vendor/lib:/opt/ros/humble/lib/x86_64-linux-gnu:/opt/ros/humble/lib'), ('HOME', '/home/duser'), ('OLDPWD', '/home/duser'), ('ROS_PYTHON_VERSION', '3'), ('ROS_LOG_DIR', '/home/duser/rbkk3-ros2ws/log'), ('COLCON_PREFIX_PATH', '/home/duser/clearpath_mecanum_drive_controller-ros2ws/install'), ('ROS_DISTRO', 'humble'), ('_', '/usr/bin/colcon'), ('ROS_VERSION', '2'), ('TERM', 'xterm'), ('ROS_LOCALHOST_ONLY', '0'), ('QT_X11_NO_MITSHM', '1'), ('PATH', '/opt/ros/humble/bin:/usr/local/sbin:/usr/local/bin:/usr/sbin:/usr/bin:/sbin:/bin'), ('DISPLAY', ':0'), ('LANG', 'C.UTF-8'), ('RMW_IMPLEMENTATION', 'rmw_cyclonedds_cpp'), ('AMENT_PREFIX_PATH', '/home/duser/clearpath_mecanum_drive_controller-ros2ws/install/mecanum_drive_controller:/opt/ros/humble'), ('PWD', '/home/duser/clearpath_mecanum_drive_controller-ros2ws/build/mecanum_drive_controller'), ('LC_ALL', 'C.UTF-8'), ('PYTHONPATH', '/opt/ros/humble/lib/python3.10/site-packages:/opt/ros/humble/local/lib/python3.10/dist-packages'), ('COLCON', '1'), ('CMAKE_PREFIX_PATH', '/home/duser/clearpath_mecanum_drive_controller-ros2ws/install/mecanum_drive_controller:/opt/ros/humble')]), 'shell': False}
[15.880482] (mecanum_drive_controller) StdoutLine: {'line': b'-- Install configuration: ""\n'}
[15.880950] (mecanum_drive_controller) StdoutLine: {'line': b'-- Up-to-date: /home/duser/clearpath_mecanum_drive_controller-ros2ws/install/mecanum_drive_controller/include/mecanum_drive_controller_parameters\n'}
[15.881146] (mecanum_drive_controller) StdoutLine: {'line': b'-- Up-to-date: /home/duser/clearpath_mecanum_drive_controller-ros2ws/install/mecanum_drive_controller/include/mecanum_drive_controller_parameters/mecanum_drive_controller_parameters.hpp\n'}
[15.881311] (mecanum_drive_controller) StdoutLine: {'line': b'-- Up-to-date: /home/duser/clearpath_mecanum_drive_controller-ros2ws/install/mecanum_drive_controller/share/mecanum_drive_controller/mecanum_drive_controller.xml\n'}
[15.881583] (mecanum_drive_controller) StdoutLine: {'line': b'-- Up-to-date: /home/duser/clearpath_mecanum_drive_controller-ros2ws/install/mecanum_drive_controller/include/mecanum_drive_controller\n'}
[15.881815] (mecanum_drive_controller) StdoutLine: {'line': b'-- Up-to-date: /home/duser/clearpath_mecanum_drive_controller-ros2ws/install/mecanum_drive_controller/include/mecanum_drive_controller/mecanum_drive_controller\n'}
[15.881939] (mecanum_drive_controller) StdoutLine: {'line': b'-- Up-to-date: /home/duser/clearpath_mecanum_drive_controller-ros2ws/install/mecanum_drive_controller/include/mecanum_drive_controller/mecanum_drive_controller/odometry.hpp\n'}
[15.882061] (mecanum_drive_controller) StdoutLine: {'line': b'-- Up-to-date: /home/duser/clearpath_mecanum_drive_controller-ros2ws/install/mecanum_drive_controller/include/mecanum_drive_controller/mecanum_drive_controller/visibility_control.h\n'}
[15.882182] (mecanum_drive_controller) StdoutLine: {'line': b'-- Up-to-date: /home/duser/clearpath_mecanum_drive_controller-ros2ws/install/mecanum_drive_controller/include/mecanum_drive_controller/mecanum_drive_controller/mecanum_drive_controller.hpp\n'}
[15.882957] (mecanum_drive_controller) StdoutLine: {'line': b'-- Installing: /home/duser/clearpath_mecanum_drive_controller-ros2ws/install/mecanum_drive_controller/lib/libmecanum_drive_controller.so\n'}
[15.903666] (mecanum_drive_controller) StdoutLine: {'line': b'-- Set runtime path of "/home/duser/clearpath_mecanum_drive_controller-ros2ws/install/mecanum_drive_controller/lib/libmecanum_drive_controller.so" to ""\n'}
[15.904714] (mecanum_drive_controller) StdoutLine: {'line': b'-- Up-to-date: /home/duser/clearpath_mecanum_drive_controller-ros2ws/install/mecanum_drive_controller/share/mecanum_drive_controller/environment/library_path.sh\n'}
[15.904882] (mecanum_drive_controller) StdoutLine: {'line': b'-- Up-to-date: /home/duser/clearpath_mecanum_drive_controller-ros2ws/install/mecanum_drive_controller/share/mecanum_drive_controller/environment/library_path.dsv\n'}
[15.905127] (mecanum_drive_controller) StdoutLine: {'line': b'-- Up-to-date: /home/duser/clearpath_mecanum_drive_controller-ros2ws/install/mecanum_drive_controller/share/ament_index/resource_index/package_run_dependencies/mecanum_drive_controller\n'}
[15.905258] (mecanum_drive_controller) StdoutLine: {'line': b'-- Up-to-date: /home/duser/clearpath_mecanum_drive_controller-ros2ws/install/mecanum_drive_controller/share/ament_index/resource_index/parent_prefix_path/mecanum_drive_controller\n'}
[15.905406] (mecanum_drive_controller) StdoutLine: {'line': b'-- Up-to-date: /home/duser/clearpath_mecanum_drive_controller-ros2ws/install/mecanum_drive_controller/share/mecanum_drive_controller/environment/ament_prefix_path.sh\n'}
[15.905556] (mecanum_drive_controller) StdoutLine: {'line': b'-- Up-to-date: /home/duser/clearpath_mecanum_drive_controller-ros2ws/install/mecanum_drive_controller/share/mecanum_drive_controller/environment/ament_prefix_path.dsv\n'}
[15.905720] (mecanum_drive_controller) StdoutLine: {'line': b'-- Up-to-date: /home/duser/clearpath_mecanum_drive_controller-ros2ws/install/mecanum_drive_controller/share/mecanum_drive_controller/environment/path.sh\n'}
[15.905832] (mecanum_drive_controller) StdoutLine: {'line': b'-- Up-to-date: /home/duser/clearpath_mecanum_drive_controller-ros2ws/install/mecanum_drive_controller/share/mecanum_drive_controller/environment/path.dsv\n'}
[15.905912] (mecanum_drive_controller) StdoutLine: {'line': b'-- Up-to-date: /home/duser/clearpath_mecanum_drive_controller-ros2ws/install/mecanum_drive_controller/share/mecanum_drive_controller/local_setup.bash\n'}
[15.905989] (mecanum_drive_controller) StdoutLine: {'line': b'-- Up-to-date: /home/duser/clearpath_mecanum_drive_controller-ros2ws/install/mecanum_drive_controller/share/mecanum_drive_controller/local_setup.sh\n'}
[15.906050] (mecanum_drive_controller) StdoutLine: {'line': b'-- Up-to-date: /home/duser/clearpath_mecanum_drive_controller-ros2ws/install/mecanum_drive_controller/share/mecanum_drive_controller/local_setup.zsh\n'}
[15.906231] (mecanum_drive_controller) StdoutLine: {'line': b'-- Up-to-date: /home/duser/clearpath_mecanum_drive_controller-ros2ws/install/mecanum_drive_controller/share/mecanum_drive_controller/local_setup.dsv\n'}
[15.906288] (mecanum_drive_controller) StdoutLine: {'line': b'-- Installing: /home/duser/clearpath_mecanum_drive_controller-ros2ws/install/mecanum_drive_controller/share/mecanum_drive_controller/package.dsv\n'}
[15.906344] (mecanum_drive_controller) StdoutLine: {'line': b'-- Up-to-date: /home/duser/clearpath_mecanum_drive_controller-ros2ws/install/mecanum_drive_controller/share/ament_index/resource_index/packages/mecanum_drive_controller\n'}
[15.906398] (mecanum_drive_controller) StdoutLine: {'line': b'-- Up-to-date: /home/duser/clearpath_mecanum_drive_controller-ros2ws/install/mecanum_drive_controller/share/ament_index/resource_index/controller_interface__pluginlib__plugin/mecanum_drive_controller\n'}
[15.906463] (mecanum_drive_controller) StdoutLine: {'line': b'-- Up-to-date: /home/duser/clearpath_mecanum_drive_controller-ros2ws/install/mecanum_drive_controller/share/mecanum_drive_controller/cmake/export_mecanum_drive_controllerExport.cmake\n'}
[15.906519] (mecanum_drive_controller) StdoutLine: {'line': b'-- Up-to-date: /home/duser/clearpath_mecanum_drive_controller-ros2ws/install/mecanum_drive_controller/share/mecanum_drive_controller/cmake/export_mecanum_drive_controllerExport-noconfig.cmake\n'}
[15.906574] (mecanum_drive_controller) StdoutLine: {'line': b'-- Up-to-date: /home/duser/clearpath_mecanum_drive_controller-ros2ws/install/mecanum_drive_controller/share/mecanum_drive_controller/cmake/ament_cmake_export_targets-extras.cmake\n'}
[15.906628] (mecanum_drive_controller) StdoutLine: {'line': b'-- Up-to-date: /home/duser/clearpath_mecanum_drive_controller-ros2ws/install/mecanum_drive_controller/share/mecanum_drive_controller/cmake/ament_cmake_export_dependencies-extras.cmake\n'}
[15.906681] (mecanum_drive_controller) StdoutLine: {'line': b'-- Up-to-date: /home/duser/clearpath_mecanum_drive_controller-ros2ws/install/mecanum_drive_controller/share/mecanum_drive_controller/cmake/mecanum_drive_controllerConfig.cmake\n'}
[15.906736] (mecanum_drive_controller) StdoutLine: {'line': b'-- Up-to-date: /home/duser/clearpath_mecanum_drive_controller-ros2ws/install/mecanum_drive_controller/share/mecanum_drive_controller/cmake/mecanum_drive_controllerConfig-version.cmake\n'}
[15.906791] (mecanum_drive_controller) StdoutLine: {'line': b'-- Up-to-date: /home/duser/clearpath_mecanum_drive_controller-ros2ws/install/mecanum_drive_controller/share/mecanum_drive_controller/package.xml\n'}
[15.908526] (mecanum_drive_controller) CommandEnded: {'returncode': 0}
[15.967125] (-) TimerEvent: {}
[15.978578] (mecanum_drive_controller) JobEnded: {'identifier': 'mecanum_drive_controller', 'rc': 0}
[15.979591] (-) EventReactorShutdown: {}
