[0.102s] DEBUG:colcon:Command line arguments: ['/usr/bin/colcon', 'build']
[0.102s] DEBUG:colcon:Parsed command line arguments: Namespace(log_base=None, log_level=None, verb_name='build', build_base='build', install_base='install', merge_install=False, symlink_install=False, test_result_base=None, continue_on_error=False, executor='parallel', parallel_workers=12, event_handlers=None, ignore_user_meta=False, metas=['./colcon.meta'], base_paths=['.'], packages_ignore=None, packages_ignore_regex=None, paths=None, packages_up_to=None, packages_up_to_regex=None, packages_above=None, packages_above_and_dependencies=None, packages_above_depth=None, packages_select_by_dep=None, packages_skip_by_dep=None, packages_skip_up_to=None, packages_select_build_failed=False, packages_skip_build_finished=False, packages_select_test_failures=False, packages_skip_test_passed=False, packages_select=None, packages_skip=None, packages_select_regex=None, packages_skip_regex=None, packages_start=None, packages_end=None, cmake_args=None, cmake_target=None, cmake_target_skip_unavailable=False, cmake_clean_cache=False, cmake_clean_first=False, cmake_force_configure=False, ament_cmake_args=None, catkin_cmake_args=None, catkin_skip_building_tests=False, mixin_files=None, mixin=None, verb_parser=<colcon_mixin.mixin.mixin_argument.MixinArgumentDecorator object at 0x75f71171a2f0>, verb_extension=<colcon_core.verb.build.BuildVerb object at 0x75f711719d20>, main=<bound method BuildVerb.main of <colcon_core.verb.build.BuildVerb object at 0x75f711719d20>>, mixin_verb=('build',))
[0.238s] Level 1:colcon.colcon_core.package_discovery:discover_packages(colcon_meta) check parameters
[0.238s] Level 1:colcon.colcon_core.package_discovery:discover_packages(recursive) check parameters
[0.238s] Level 1:colcon.colcon_core.package_discovery:discover_packages(ignore) check parameters
[0.238s] Level 1:colcon.colcon_core.package_discovery:discover_packages(path) check parameters
[0.238s] Level 1:colcon.colcon_core.package_discovery:discover_packages(colcon_meta) discover
[0.239s] Level 1:colcon.colcon_core.package_discovery:discover_packages(recursive) discover
[0.239s] INFO:colcon.colcon_core.package_discovery:Crawling recursively for packages in '/home/duser/clearpath_mecanum_drive_controller-ros2ws'
[0.239s] Level 1:colcon.colcon_core.package_identification:_identify(.) by extensions ['ignore', 'ignore_ament_install']
[0.239s] Level 1:colcon.colcon_core.package_identification:_identify(.) by extension 'ignore'
[0.239s] Level 1:colcon.colcon_core.package_identification:_identify(.) by extension 'ignore_ament_install'
[0.239s] Level 1:colcon.colcon_core.package_identification:_identify(.) by extensions ['colcon_pkg']
[0.239s] Level 1:colcon.colcon_core.package_identification:_identify(.) by extension 'colcon_pkg'
[0.239s] Level 1:colcon.colcon_core.package_identification:_identify(.) by extensions ['colcon_meta']
[0.239s] Level 1:colcon.colcon_core.package_identification:_identify(.) by extension 'colcon_meta'
[0.239s] Level 1:colcon.colcon_core.package_identification:_identify(.) by extensions ['ros']
[0.239s] Level 1:colcon.colcon_core.package_identification:_identify(.) by extension 'ros'
[0.249s] Level 1:colcon.colcon_core.package_identification:_identify(.) by extensions ['cmake', 'python']
[0.249s] Level 1:colcon.colcon_core.package_identification:_identify(.) by extension 'cmake'
[0.249s] Level 1:colcon.colcon_core.package_identification:_identify(.) by extension 'python'
[0.249s] Level 1:colcon.colcon_core.package_identification:_identify(.) by extensions ['python_setup_py']
[0.249s] Level 1:colcon.colcon_core.package_identification:_identify(.) by extension 'python_setup_py'
[0.249s] Level 1:colcon.colcon_core.package_identification:_identify(build) by extensions ['ignore', 'ignore_ament_install']
[0.250s] Level 1:colcon.colcon_core.package_identification:_identify(build) by extension 'ignore'
[0.250s] Level 1:colcon.colcon_core.package_identification:_identify(build) ignored
[0.250s] Level 1:colcon.colcon_core.package_identification:_identify(install) by extensions ['ignore', 'ignore_ament_install']
[0.250s] Level 1:colcon.colcon_core.package_identification:_identify(install) by extension 'ignore'
[0.250s] Level 1:colcon.colcon_core.package_identification:_identify(install) ignored
[0.250s] Level 1:colcon.colcon_core.package_identification:_identify(log) by extensions ['ignore', 'ignore_ament_install']
[0.250s] Level 1:colcon.colcon_core.package_identification:_identify(log) by extension 'ignore'
[0.250s] Level 1:colcon.colcon_core.package_identification:_identify(log) ignored
[0.250s] Level 1:colcon.colcon_core.package_identification:_identify(src) by extensions ['ignore', 'ignore_ament_install']
[0.250s] Level 1:colcon.colcon_core.package_identification:_identify(src) by extension 'ignore'
[0.250s] Level 1:colcon.colcon_core.package_identification:_identify(src) by extension 'ignore_ament_install'
[0.250s] Level 1:colcon.colcon_core.package_identification:_identify(src) by extensions ['colcon_pkg']
[0.250s] Level 1:colcon.colcon_core.package_identification:_identify(src) by extension 'colcon_pkg'
[0.250s] Level 1:colcon.colcon_core.package_identification:_identify(src) by extensions ['colcon_meta']
[0.250s] Level 1:colcon.colcon_core.package_identification:_identify(src) by extension 'colcon_meta'
[0.250s] Level 1:colcon.colcon_core.package_identification:_identify(src) by extensions ['ros']
[0.250s] Level 1:colcon.colcon_core.package_identification:_identify(src) by extension 'ros'
[0.250s] Level 1:colcon.colcon_core.package_identification:_identify(src) by extensions ['cmake', 'python']
[0.250s] Level 1:colcon.colcon_core.package_identification:_identify(src) by extension 'cmake'
[0.251s] Level 1:colcon.colcon_core.package_identification:_identify(src) by extension 'python'
[0.251s] Level 1:colcon.colcon_core.package_identification:_identify(src) by extensions ['python_setup_py']
[0.251s] Level 1:colcon.colcon_core.package_identification:_identify(src) by extension 'python_setup_py'
[0.251s] Level 1:colcon.colcon_core.package_identification:_identify(src/ros2_controllers) by extensions ['ignore', 'ignore_ament_install']
[0.251s] Level 1:colcon.colcon_core.package_identification:_identify(src/ros2_controllers) by extension 'ignore'
[0.251s] Level 1:colcon.colcon_core.package_identification:_identify(src/ros2_controllers) by extension 'ignore_ament_install'
[0.251s] Level 1:colcon.colcon_core.package_identification:_identify(src/ros2_controllers) by extensions ['colcon_pkg']
[0.251s] Level 1:colcon.colcon_core.package_identification:_identify(src/ros2_controllers) by extension 'colcon_pkg'
[0.251s] Level 1:colcon.colcon_core.package_identification:_identify(src/ros2_controllers) by extensions ['colcon_meta']
[0.251s] Level 1:colcon.colcon_core.package_identification:_identify(src/ros2_controllers) by extension 'colcon_meta'
[0.251s] Level 1:colcon.colcon_core.package_identification:_identify(src/ros2_controllers) by extensions ['ros']
[0.251s] Level 1:colcon.colcon_core.package_identification:_identify(src/ros2_controllers) by extension 'ros'
[0.251s] Level 1:colcon.colcon_core.package_identification:_identify(src/ros2_controllers) by extensions ['cmake', 'python']
[0.251s] Level 1:colcon.colcon_core.package_identification:_identify(src/ros2_controllers) by extension 'cmake'
[0.251s] Level 1:colcon.colcon_core.package_identification:_identify(src/ros2_controllers) by extension 'python'
[0.251s] Level 1:colcon.colcon_core.package_identification:_identify(src/ros2_controllers) by extensions ['python_setup_py']
[0.251s] Level 1:colcon.colcon_core.package_identification:_identify(src/ros2_controllers) by extension 'python_setup_py'
[0.251s] Level 1:colcon.colcon_core.package_identification:_identify(src/ros2_controllers/mecanum_drive_controller) by extensions ['ignore', 'ignore_ament_install']
[0.251s] Level 1:colcon.colcon_core.package_identification:_identify(src/ros2_controllers/mecanum_drive_controller) by extension 'ignore'
[0.251s] Level 1:colcon.colcon_core.package_identification:_identify(src/ros2_controllers/mecanum_drive_controller) by extension 'ignore_ament_install'
[0.251s] Level 1:colcon.colcon_core.package_identification:_identify(src/ros2_controllers/mecanum_drive_controller) by extensions ['colcon_pkg']
[0.251s] Level 1:colcon.colcon_core.package_identification:_identify(src/ros2_controllers/mecanum_drive_controller) by extension 'colcon_pkg'
[0.252s] Level 1:colcon.colcon_core.package_identification:_identify(src/ros2_controllers/mecanum_drive_controller) by extensions ['colcon_meta']
[0.252s] Level 1:colcon.colcon_core.package_identification:_identify(src/ros2_controllers/mecanum_drive_controller) by extension 'colcon_meta'
[0.252s] Level 1:colcon.colcon_core.package_identification:_identify(src/ros2_controllers/mecanum_drive_controller) by extensions ['ros']
[0.252s] Level 1:colcon.colcon_core.package_identification:_identify(src/ros2_controllers/mecanum_drive_controller) by extension 'ros'
[0.255s] DEBUG:colcon.colcon_core.package_identification:Package 'src/ros2_controllers/mecanum_drive_controller' with type 'ros.ament_cmake' and name 'mecanum_drive_controller'
[0.255s] Level 1:colcon.colcon_core.package_discovery:discover_packages(recursive) using defaults
[0.255s] Level 1:colcon.colcon_core.package_discovery:discover_packages(ignore) discover
[0.255s] Level 1:colcon.colcon_core.package_discovery:discover_packages(ignore) using defaults
[0.255s] Level 1:colcon.colcon_core.package_discovery:discover_packages(path) discover
[0.255s] Level 1:colcon.colcon_core.package_discovery:discover_packages(path) using defaults
[0.274s] Level 5:colcon.colcon_core.verb:set package 'mecanum_drive_controller' build argument 'cmake_args' from command line to 'None'
[0.274s] Level 5:colcon.colcon_core.verb:set package 'mecanum_drive_controller' build argument 'cmake_target' from command line to 'None'
[0.274s] Level 5:colcon.colcon_core.verb:set package 'mecanum_drive_controller' build argument 'cmake_target_skip_unavailable' from command line to 'False'
[0.274s] Level 5:colcon.colcon_core.verb:set package 'mecanum_drive_controller' build argument 'cmake_clean_cache' from command line to 'False'
[0.274s] Level 5:colcon.colcon_core.verb:set package 'mecanum_drive_controller' build argument 'cmake_clean_first' from command line to 'False'
[0.274s] Level 5:colcon.colcon_core.verb:set package 'mecanum_drive_controller' build argument 'cmake_force_configure' from command line to 'False'
[0.274s] Level 5:colcon.colcon_core.verb:set package 'mecanum_drive_controller' build argument 'ament_cmake_args' from command line to 'None'
[0.274s] Level 5:colcon.colcon_core.verb:set package 'mecanum_drive_controller' build argument 'catkin_cmake_args' from command line to 'None'
[0.274s] Level 5:colcon.colcon_core.verb:set package 'mecanum_drive_controller' build argument 'catkin_skip_building_tests' from command line to 'False'
[0.274s] DEBUG:colcon.colcon_core.verb:Building package 'mecanum_drive_controller' with the following arguments: {'ament_cmake_args': None, 'build_base': '/home/duser/clearpath_mecanum_drive_controller-ros2ws/build/mecanum_drive_controller', 'catkin_cmake_args': None, 'catkin_skip_building_tests': False, 'cmake_args': None, 'cmake_clean_cache': False, 'cmake_clean_first': False, 'cmake_force_configure': False, 'cmake_target': None, 'cmake_target_skip_unavailable': False, 'install_base': '/home/duser/clearpath_mecanum_drive_controller-ros2ws/install/mecanum_drive_controller', 'merge_install': False, 'path': '/home/duser/clearpath_mecanum_drive_controller-ros2ws/src/ros2_controllers/mecanum_drive_controller', 'symlink_install': False, 'test_result_base': None}
[0.274s] INFO:colcon.colcon_core.executor:Executing jobs using 'parallel' executor
[0.276s] DEBUG:colcon.colcon_parallel_executor.executor.parallel:run_until_complete
[0.276s] INFO:colcon.colcon_ros.task.ament_cmake.build:Building ROS package in '/home/duser/clearpath_mecanum_drive_controller-ros2ws/src/ros2_controllers/mecanum_drive_controller' with build type 'ament_cmake'
[0.276s] INFO:colcon.colcon_cmake.task.cmake.build:Building CMake package in '/home/duser/clearpath_mecanum_drive_controller-ros2ws/src/ros2_controllers/mecanum_drive_controller'
[0.278s] INFO:colcon.colcon_core.plugin_system:Skipping extension 'colcon_core.shell.bat': Not used on non-Windows systems
[0.278s] INFO:colcon.colcon_core.shell:Skip shell extension 'powershell' for command environment: Not usable outside of PowerShell
[0.279s] DEBUG:colcon.colcon_core.shell:Skip shell extension 'dsv' for command environment
[0.297s] DEBUG:colcon.colcon_core.event_handler.log_command:Invoking command in '/home/duser/clearpath_mecanum_drive_controller-ros2ws/build/mecanum_drive_controller': CMAKE_PREFIX_PATH=${CMAKE_PREFIX_PATH}:/home/duser/rbkk3-ros2ws/install/whkk3_simulation:/home/duser/rbkk3-ros2ws/install/whkk3_description:/home/duser/rbkk3-ros2ws/install/ridgeback_simulation:/home/duser/rbkk3-ros2ws/install/ridgeback_hardware:/home/duser/rbkk3-ros2ws/install/ridgeback_description:/home/duser/rbkk3-ros2ws/install/rbkk3_simulation:/home/duser/rbkk3-ros2ws/install/rbkk3_rviz:/home/duser/rbkk3-ros2ws/install/rbkk3_description:/home/duser/ros2_kortex-ros2ws/install/rqt_joint_trajectory_controller:/home/duser/ros2_kortex-ros2ws/install/rqt_controller_manager:/home/duser/ros2_kortex-ros2ws/install/ros2controlcli:/home/duser/ros2_kortex-ros2ws/install/ros2_controllers_test_nodes:/opt/ros/humble /usr/bin/cmake --build /home/duser/clearpath_mecanum_drive_controller-ros2ws/build/mecanum_drive_controller -- -j12 -l12
[0.529s] DEBUG:colcon.colcon_core.event_handler.log_command:Invoked command in '/home/duser/clearpath_mecanum_drive_controller-ros2ws/build/mecanum_drive_controller' returned '0': CMAKE_PREFIX_PATH=${CMAKE_PREFIX_PATH}:/home/duser/rbkk3-ros2ws/install/whkk3_simulation:/home/duser/rbkk3-ros2ws/install/whkk3_description:/home/duser/rbkk3-ros2ws/install/ridgeback_simulation:/home/duser/rbkk3-ros2ws/install/ridgeback_hardware:/home/duser/rbkk3-ros2ws/install/ridgeback_description:/home/duser/rbkk3-ros2ws/install/rbkk3_simulation:/home/duser/rbkk3-ros2ws/install/rbkk3_rviz:/home/duser/rbkk3-ros2ws/install/rbkk3_description:/home/duser/ros2_kortex-ros2ws/install/rqt_joint_trajectory_controller:/home/duser/ros2_kortex-ros2ws/install/rqt_controller_manager:/home/duser/ros2_kortex-ros2ws/install/ros2controlcli:/home/duser/ros2_kortex-ros2ws/install/ros2_controllers_test_nodes:/opt/ros/humble /usr/bin/cmake --build /home/duser/clearpath_mecanum_drive_controller-ros2ws/build/mecanum_drive_controller -- -j12 -l12
[0.672s] DEBUG:colcon.colcon_core.event_handler.log_command:Invoking command in '/home/duser/clearpath_mecanum_drive_controller-ros2ws/build/mecanum_drive_controller': CMAKE_PREFIX_PATH=${CMAKE_PREFIX_PATH}:/home/duser/rbkk3-ros2ws/install/whkk3_simulation:/home/duser/rbkk3-ros2ws/install/whkk3_description:/home/duser/rbkk3-ros2ws/install/ridgeback_simulation:/home/duser/rbkk3-ros2ws/install/ridgeback_hardware:/home/duser/rbkk3-ros2ws/install/ridgeback_description:/home/duser/rbkk3-ros2ws/install/rbkk3_simulation:/home/duser/rbkk3-ros2ws/install/rbkk3_rviz:/home/duser/rbkk3-ros2ws/install/rbkk3_description:/home/duser/ros2_kortex-ros2ws/install/rqt_joint_trajectory_controller:/home/duser/ros2_kortex-ros2ws/install/rqt_controller_manager:/home/duser/ros2_kortex-ros2ws/install/ros2controlcli:/home/duser/ros2_kortex-ros2ws/install/ros2_controllers_test_nodes:/opt/ros/humble /usr/bin/cmake --install /home/duser/clearpath_mecanum_drive_controller-ros2ws/build/mecanum_drive_controller
[0.689s] Level 1:colcon.colcon_core.environment:create_environment_scripts_only(mecanum_drive_controller)
[0.690s] DEBUG:colcon.colcon_core.event_handler.log_command:Invoked command in '/home/duser/clearpath_mecanum_drive_controller-ros2ws/build/mecanum_drive_controller' returned '0': CMAKE_PREFIX_PATH=${CMAKE_PREFIX_PATH}:/home/duser/rbkk3-ros2ws/install/whkk3_simulation:/home/duser/rbkk3-ros2ws/install/whkk3_description:/home/duser/rbkk3-ros2ws/install/ridgeback_simulation:/home/duser/rbkk3-ros2ws/install/ridgeback_hardware:/home/duser/rbkk3-ros2ws/install/ridgeback_description:/home/duser/rbkk3-ros2ws/install/rbkk3_simulation:/home/duser/rbkk3-ros2ws/install/rbkk3_rviz:/home/duser/rbkk3-ros2ws/install/rbkk3_description:/home/duser/ros2_kortex-ros2ws/install/rqt_joint_trajectory_controller:/home/duser/ros2_kortex-ros2ws/install/rqt_controller_manager:/home/duser/ros2_kortex-ros2ws/install/ros2controlcli:/home/duser/ros2_kortex-ros2ws/install/ros2_controllers_test_nodes:/opt/ros/humble /usr/bin/cmake --install /home/duser/clearpath_mecanum_drive_controller-ros2ws/build/mecanum_drive_controller
[0.692s] Level 1:colcon.colcon_core.environment:checking '/home/duser/clearpath_mecanum_drive_controller-ros2ws/install/mecanum_drive_controller' for CMake module files
[0.693s] Level 1:colcon.colcon_core.environment:checking '/home/duser/clearpath_mecanum_drive_controller-ros2ws/install/mecanum_drive_controller' for CMake config files
[0.693s] Level 1:colcon.colcon_core.shell:create_environment_hook('mecanum_drive_controller', 'cmake_prefix_path')
[0.693s] INFO:colcon.colcon_core.shell:Creating environment hook '/home/duser/clearpath_mecanum_drive_controller-ros2ws/install/mecanum_drive_controller/share/mecanum_drive_controller/hook/cmake_prefix_path.ps1'
[0.694s] INFO:colcon.colcon_core.shell:Creating environment descriptor '/home/duser/clearpath_mecanum_drive_controller-ros2ws/install/mecanum_drive_controller/share/mecanum_drive_controller/hook/cmake_prefix_path.dsv'
[0.694s] INFO:colcon.colcon_core.shell:Creating environment hook '/home/duser/clearpath_mecanum_drive_controller-ros2ws/install/mecanum_drive_controller/share/mecanum_drive_controller/hook/cmake_prefix_path.sh'
[0.696s] Level 1:colcon.colcon_core.environment:checking '/home/duser/clearpath_mecanum_drive_controller-ros2ws/install/mecanum_drive_controller/lib'
[0.697s] Level 1:colcon.colcon_core.shell:create_environment_hook('mecanum_drive_controller', 'ld_library_path_lib')
[0.697s] INFO:colcon.colcon_core.shell:Creating environment hook '/home/duser/clearpath_mecanum_drive_controller-ros2ws/install/mecanum_drive_controller/share/mecanum_drive_controller/hook/ld_library_path_lib.ps1'
[0.698s] INFO:colcon.colcon_core.shell:Creating environment descriptor '/home/duser/clearpath_mecanum_drive_controller-ros2ws/install/mecanum_drive_controller/share/mecanum_drive_controller/hook/ld_library_path_lib.dsv'
[0.698s] INFO:colcon.colcon_core.shell:Creating environment hook '/home/duser/clearpath_mecanum_drive_controller-ros2ws/install/mecanum_drive_controller/share/mecanum_drive_controller/hook/ld_library_path_lib.sh'
[0.698s] Level 1:colcon.colcon_core.environment:checking '/home/duser/clearpath_mecanum_drive_controller-ros2ws/install/mecanum_drive_controller/bin'
[0.698s] Level 1:colcon.colcon_core.environment:checking '/home/duser/clearpath_mecanum_drive_controller-ros2ws/install/mecanum_drive_controller/lib/pkgconfig/mecanum_drive_controller.pc'
[0.700s] Level 1:colcon.colcon_core.environment:checking '/home/duser/clearpath_mecanum_drive_controller-ros2ws/install/mecanum_drive_controller/lib/python3.10/site-packages'
[0.701s] Level 1:colcon.colcon_core.environment:checking '/home/duser/clearpath_mecanum_drive_controller-ros2ws/install/mecanum_drive_controller/bin'
[0.701s] INFO:colcon.colcon_core.shell:Creating package script '/home/duser/clearpath_mecanum_drive_controller-ros2ws/install/mecanum_drive_controller/share/mecanum_drive_controller/package.ps1'
[0.703s] INFO:colcon.colcon_core.shell:Creating package descriptor '/home/duser/clearpath_mecanum_drive_controller-ros2ws/install/mecanum_drive_controller/share/mecanum_drive_controller/package.dsv'
[0.704s] INFO:colcon.colcon_core.shell:Creating package script '/home/duser/clearpath_mecanum_drive_controller-ros2ws/install/mecanum_drive_controller/share/mecanum_drive_controller/package.sh'
[0.705s] INFO:colcon.colcon_core.shell:Creating package script '/home/duser/clearpath_mecanum_drive_controller-ros2ws/install/mecanum_drive_controller/share/mecanum_drive_controller/package.bash'
[0.706s] INFO:colcon.colcon_core.shell:Creating package script '/home/duser/clearpath_mecanum_drive_controller-ros2ws/install/mecanum_drive_controller/share/mecanum_drive_controller/package.zsh'
[0.708s] Level 1:colcon.colcon_core.environment:create_file_with_runtime_dependencies(/home/duser/clearpath_mecanum_drive_controller-ros2ws/install/mecanum_drive_controller/share/colcon-core/packages/mecanum_drive_controller)
[0.836s] Level 1:colcon.colcon_core.environment:create_environment_scripts_only(mecanum_drive_controller)
[0.836s] Level 1:colcon.colcon_core.environment:checking '/home/duser/clearpath_mecanum_drive_controller-ros2ws/install/mecanum_drive_controller' for CMake module files
[0.837s] Level 1:colcon.colcon_core.environment:checking '/home/duser/clearpath_mecanum_drive_controller-ros2ws/install/mecanum_drive_controller' for CMake config files
[0.838s] Level 1:colcon.colcon_core.shell:create_environment_hook('mecanum_drive_controller', 'cmake_prefix_path')
[0.838s] INFO:colcon.colcon_core.shell:Creating environment hook '/home/duser/clearpath_mecanum_drive_controller-ros2ws/install/mecanum_drive_controller/share/mecanum_drive_controller/hook/cmake_prefix_path.ps1'
[0.839s] INFO:colcon.colcon_core.shell:Creating environment descriptor '/home/duser/clearpath_mecanum_drive_controller-ros2ws/install/mecanum_drive_controller/share/mecanum_drive_controller/hook/cmake_prefix_path.dsv'
[0.839s] INFO:colcon.colcon_core.shell:Creating environment hook '/home/duser/clearpath_mecanum_drive_controller-ros2ws/install/mecanum_drive_controller/share/mecanum_drive_controller/hook/cmake_prefix_path.sh'
[0.839s] Level 1:colcon.colcon_core.environment:checking '/home/duser/clearpath_mecanum_drive_controller-ros2ws/install/mecanum_drive_controller/lib'
[0.839s] Level 1:colcon.colcon_core.shell:create_environment_hook('mecanum_drive_controller', 'ld_library_path_lib')
[0.840s] INFO:colcon.colcon_core.shell:Creating environment hook '/home/duser/clearpath_mecanum_drive_controller-ros2ws/install/mecanum_drive_controller/share/mecanum_drive_controller/hook/ld_library_path_lib.ps1'
[0.840s] INFO:colcon.colcon_core.shell:Creating environment descriptor '/home/duser/clearpath_mecanum_drive_controller-ros2ws/install/mecanum_drive_controller/share/mecanum_drive_controller/hook/ld_library_path_lib.dsv'
[0.840s] INFO:colcon.colcon_core.shell:Creating environment hook '/home/duser/clearpath_mecanum_drive_controller-ros2ws/install/mecanum_drive_controller/share/mecanum_drive_controller/hook/ld_library_path_lib.sh'
[0.840s] Level 1:colcon.colcon_core.environment:checking '/home/duser/clearpath_mecanum_drive_controller-ros2ws/install/mecanum_drive_controller/bin'
[0.840s] Level 1:colcon.colcon_core.environment:checking '/home/duser/clearpath_mecanum_drive_controller-ros2ws/install/mecanum_drive_controller/lib/pkgconfig/mecanum_drive_controller.pc'
[0.841s] Level 1:colcon.colcon_core.environment:checking '/home/duser/clearpath_mecanum_drive_controller-ros2ws/install/mecanum_drive_controller/lib/python3.10/site-packages'
[0.841s] Level 1:colcon.colcon_core.environment:checking '/home/duser/clearpath_mecanum_drive_controller-ros2ws/install/mecanum_drive_controller/bin'
[0.841s] INFO:colcon.colcon_core.shell:Creating package script '/home/duser/clearpath_mecanum_drive_controller-ros2ws/install/mecanum_drive_controller/share/mecanum_drive_controller/package.ps1'
[0.842s] INFO:colcon.colcon_core.shell:Creating package descriptor '/home/duser/clearpath_mecanum_drive_controller-ros2ws/install/mecanum_drive_controller/share/mecanum_drive_controller/package.dsv'
[0.842s] INFO:colcon.colcon_core.shell:Creating package script '/home/duser/clearpath_mecanum_drive_controller-ros2ws/install/mecanum_drive_controller/share/mecanum_drive_controller/package.sh'
[0.842s] INFO:colcon.colcon_core.shell:Creating package script '/home/duser/clearpath_mecanum_drive_controller-ros2ws/install/mecanum_drive_controller/share/mecanum_drive_controller/package.bash'
[0.843s] INFO:colcon.colcon_core.shell:Creating package script '/home/duser/clearpath_mecanum_drive_controller-ros2ws/install/mecanum_drive_controller/share/mecanum_drive_controller/package.zsh'
[0.843s] Level 1:colcon.colcon_core.environment:create_file_with_runtime_dependencies(/home/duser/clearpath_mecanum_drive_controller-ros2ws/install/mecanum_drive_controller/share/colcon-core/packages/mecanum_drive_controller)
[0.843s] DEBUG:colcon.colcon_parallel_executor.executor.parallel:closing loop
[0.843s] DEBUG:colcon.colcon_parallel_executor.executor.parallel:loop closed
[0.844s] DEBUG:colcon.colcon_parallel_executor.executor.parallel:run_until_complete finished with '0'
[0.844s] DEBUG:colcon.colcon_core.event_reactor:joining thread
[0.864s] INFO:colcon.colcon_core.plugin_system:Skipping extension 'colcon_notification.desktop_notification.notify_send': Could not find 'notify-send'
[0.864s] INFO:colcon.colcon_core.plugin_system:Skipping extension 'colcon_notification.desktop_notification.terminal_notifier': Not used on non-Darwin systems
[0.864s] INFO:colcon.colcon_core.plugin_system:Skipping extension 'colcon_notification.desktop_notification.win32': Not used on non-Windows systems
[0.864s] INFO:colcon.colcon_notification.desktop_notification:Sending desktop notification using 'notify2'
[0.868s] DEBUG:colcon.colcon_notification.desktop_notification.notify2:Failed to initialize notify2: org.freedesktop.DBus.Error.Spawn.ExecFailed: /usr/bin/dbus-launch terminated abnormally without any error message
[0.869s] DEBUG:colcon.colcon_core.event_reactor:joined thread
[0.869s] INFO:colcon.colcon_core.shell:Creating prefix script '/home/duser/clearpath_mecanum_drive_controller-ros2ws/install/local_setup.ps1'
[0.871s] INFO:colcon.colcon_core.shell:Creating prefix util module '/home/duser/clearpath_mecanum_drive_controller-ros2ws/install/_local_setup_util_ps1.py'
[0.872s] INFO:colcon.colcon_core.shell:Creating prefix chain script '/home/duser/clearpath_mecanum_drive_controller-ros2ws/install/setup.ps1'
[0.875s] INFO:colcon.colcon_core.shell:Creating prefix script '/home/duser/clearpath_mecanum_drive_controller-ros2ws/install/local_setup.sh'
[0.875s] INFO:colcon.colcon_core.shell:Creating prefix util module '/home/duser/clearpath_mecanum_drive_controller-ros2ws/install/_local_setup_util_sh.py'
[0.876s] INFO:colcon.colcon_core.shell:Creating prefix chain script '/home/duser/clearpath_mecanum_drive_controller-ros2ws/install/setup.sh'
[0.879s] INFO:colcon.colcon_core.shell:Creating prefix script '/home/duser/clearpath_mecanum_drive_controller-ros2ws/install/local_setup.bash'
[0.879s] INFO:colcon.colcon_core.shell:Creating prefix chain script '/home/duser/clearpath_mecanum_drive_controller-ros2ws/install/setup.bash'
[0.882s] INFO:colcon.colcon_core.shell:Creating prefix script '/home/duser/clearpath_mecanum_drive_controller-ros2ws/install/local_setup.zsh'
[0.883s] INFO:colcon.colcon_core.shell:Creating prefix chain script '/home/duser/clearpath_mecanum_drive_controller-ros2ws/install/setup.zsh'
