[0.014s] Invoking command in '/home/duser/clearpath_mecanum_drive_controller-ros2ws/build/mecanum_drive_controller': CMAKE_PREFIX_PATH=${CMAKE_PREFIX_PATH}:/opt/ros/humble /usr/bin/cmake --build /home/duser/clearpath_mecanum_drive_controller-ros2ws/build/mecanum_drive_controller -- -j12 -l12
[0.079s] [  6%] Built target mecanum_drive_controller_parameters
[0.082s] [ 20%] Built target gmock_main
[0.084s] [ 40%] Built target gmock
[0.096s] [35m[1mConsolidate compiler generated dependencies of target mecanum_drive_controller[0m
[0.119s] [ 53%] Built target test_load_mecanum_drive_controller
[0.131s] [ 60%] [32mBuilding CXX object CMakeFiles/mecanum_drive_controller.dir/src/mecanum_drive_controller.cpp.o[0m
[12.025s] [ 66%] [32m[1mLinking CXX shared library libmecanum_drive_controller.so[0m
[13.404s] [ 73%] Built target mecanum_drive_controller
[13.442s] [ 86%] [32m[1mLinking CXX executable test_mecanum_drive_controller_preceeding[0m
[13.442s] [ 86%] [32m[1mLinking CXX executable test_mecanum_drive_controller[0m
[15.147s] [ 93%] Built target test_mecanum_drive_controller_preceeding
[15.638s] [100%] Built target test_mecanum_drive_controller
[15.653s] Invoked command in '/home/duser/clearpath_mecanum_drive_controller-ros2ws/build/mecanum_drive_controller' returned '0': CMAKE_PREFIX_PATH=${CMAKE_PREFIX_PATH}:/opt/ros/humble /usr/bin/cmake --build /home/duser/clearpath_mecanum_drive_controller-ros2ws/build/mecanum_drive_controller -- -j12 -l12
[15.724s] Invoking command in '/home/duser/clearpath_mecanum_drive_controller-ros2ws/build/mecanum_drive_controller': CMAKE_PREFIX_PATH=${CMAKE_PREFIX_PATH}:/opt/ros/humble /usr/bin/cmake --install /home/duser/clearpath_mecanum_drive_controller-ros2ws/build/mecanum_drive_controller
[15.733s] -- Install configuration: ""
[15.733s] -- Up-to-date: /home/duser/clearpath_mecanum_drive_controller-ros2ws/install/mecanum_drive_controller/include/mecanum_drive_controller_parameters
[15.734s] -- Up-to-date: /home/duser/clearpath_mecanum_drive_controller-ros2ws/install/mecanum_drive_controller/include/mecanum_drive_controller_parameters/mecanum_drive_controller_parameters.hpp
[15.734s] -- Up-to-date: /home/duser/clearpath_mecanum_drive_controller-ros2ws/install/mecanum_drive_controller/share/mecanum_drive_controller/mecanum_drive_controller.xml
[15.736s] -- Up-to-date: /home/duser/clearpath_mecanum_drive_controller-ros2ws/install/mecanum_drive_controller/include/mecanum_drive_controller
[15.736s] -- Up-to-date: /home/duser/clearpath_mecanum_drive_controller-ros2ws/install/mecanum_drive_controller/include/mecanum_drive_controller/mecanum_drive_controller
[15.736s] -- Up-to-date: /home/duser/clearpath_mecanum_drive_controller-ros2ws/install/mecanum_drive_controller/include/mecanum_drive_controller/mecanum_drive_controller/odometry.hpp
[15.736s] -- Up-to-date: /home/duser/clearpath_mecanum_drive_controller-ros2ws/install/mecanum_drive_controller/include/mecanum_drive_controller/mecanum_drive_controller/visibility_control.h
[15.736s] -- Up-to-date: /home/duser/clearpath_mecanum_drive_controller-ros2ws/install/mecanum_drive_controller/include/mecanum_drive_controller/mecanum_drive_controller/mecanum_drive_controller.hpp
[15.737s] -- Installing: /home/duser/clearpath_mecanum_drive_controller-ros2ws/install/mecanum_drive_controller/lib/libmecanum_drive_controller.so
[15.757s] -- Set runtime path of "/home/duser/clearpath_mecanum_drive_controller-ros2ws/install/mecanum_drive_controller/lib/libmecanum_drive_controller.so" to ""
[15.758s] -- Up-to-date: /home/duser/clearpath_mecanum_drive_controller-ros2ws/install/mecanum_drive_controller/share/mecanum_drive_controller/environment/library_path.sh
[15.758s] -- Up-to-date: /home/duser/clearpath_mecanum_drive_controller-ros2ws/install/mecanum_drive_controller/share/mecanum_drive_controller/environment/library_path.dsv
[15.758s] -- Up-to-date: /home/duser/clearpath_mecanum_drive_controller-ros2ws/install/mecanum_drive_controller/share/ament_index/resource_index/package_run_dependencies/mecanum_drive_controller
[15.758s] -- Up-to-date: /home/duser/clearpath_mecanum_drive_controller-ros2ws/install/mecanum_drive_controller/share/ament_index/resource_index/parent_prefix_path/mecanum_drive_controller
[15.758s] -- Up-to-date: /home/duser/clearpath_mecanum_drive_controller-ros2ws/install/mecanum_drive_controller/share/mecanum_drive_controller/environment/ament_prefix_path.sh
[15.758s] -- Up-to-date: /home/duser/clearpath_mecanum_drive_controller-ros2ws/install/mecanum_drive_controller/share/mecanum_drive_controller/environment/ament_prefix_path.dsv
[15.758s] -- Up-to-date: /home/duser/clearpath_mecanum_drive_controller-ros2ws/install/mecanum_drive_controller/share/mecanum_drive_controller/environment/path.sh
[15.758s] -- Up-to-date: /home/duser/clearpath_mecanum_drive_controller-ros2ws/install/mecanum_drive_controller/share/mecanum_drive_controller/environment/path.dsv
[15.758s] -- Up-to-date: /home/duser/clearpath_mecanum_drive_controller-ros2ws/install/mecanum_drive_controller/share/mecanum_drive_controller/local_setup.bash
[15.758s] -- Up-to-date: /home/duser/clearpath_mecanum_drive_controller-ros2ws/install/mecanum_drive_controller/share/mecanum_drive_controller/local_setup.sh
[15.758s] -- Up-to-date: /home/duser/clearpath_mecanum_drive_controller-ros2ws/install/mecanum_drive_controller/share/mecanum_drive_controller/local_setup.zsh
[15.759s] -- Up-to-date: /home/duser/clearpath_mecanum_drive_controller-ros2ws/install/mecanum_drive_controller/share/mecanum_drive_controller/local_setup.dsv
[15.759s] -- Installing: /home/duser/clearpath_mecanum_drive_controller-ros2ws/install/mecanum_drive_controller/share/mecanum_drive_controller/package.dsv
[15.759s] -- Up-to-date: /home/duser/clearpath_mecanum_drive_controller-ros2ws/install/mecanum_drive_controller/share/ament_index/resource_index/packages/mecanum_drive_controller
[15.759s] -- Up-to-date: /home/duser/clearpath_mecanum_drive_controller-ros2ws/install/mecanum_drive_controller/share/ament_index/resource_index/controller_interface__pluginlib__plugin/mecanum_drive_controller
[15.759s] -- Up-to-date: /home/duser/clearpath_mecanum_drive_controller-ros2ws/install/mecanum_drive_controller/share/mecanum_drive_controller/cmake/export_mecanum_drive_controllerExport.cmake
[15.759s] -- Up-to-date: /home/duser/clearpath_mecanum_drive_controller-ros2ws/install/mecanum_drive_controller/share/mecanum_drive_controller/cmake/export_mecanum_drive_controllerExport-noconfig.cmake
[15.759s] -- Up-to-date: /home/duser/clearpath_mecanum_drive_controller-ros2ws/install/mecanum_drive_controller/share/mecanum_drive_controller/cmake/ament_cmake_export_targets-extras.cmake
[15.759s] -- Up-to-date: /home/duser/clearpath_mecanum_drive_controller-ros2ws/install/mecanum_drive_controller/share/mecanum_drive_controller/cmake/ament_cmake_export_dependencies-extras.cmake
[15.759s] -- Up-to-date: /home/duser/clearpath_mecanum_drive_controller-ros2ws/install/mecanum_drive_controller/share/mecanum_drive_controller/cmake/mecanum_drive_controllerConfig.cmake
[15.759s] -- Up-to-date: /home/duser/clearpath_mecanum_drive_controller-ros2ws/install/mecanum_drive_controller/share/mecanum_drive_controller/cmake/mecanum_drive_controllerConfig-version.cmake
[15.759s] -- Up-to-date: /home/duser/clearpath_mecanum_drive_controller-ros2ws/install/mecanum_drive_controller/share/mecanum_drive_controller/package.xml
[15.762s] Invoked command in '/home/duser/clearpath_mecanum_drive_controller-ros2ws/build/mecanum_drive_controller' returned '0': CMAKE_PREFIX_PATH=${CMAKE_PREFIX_PATH}:/opt/ros/humble /usr/bin/cmake --install /home/duser/clearpath_mecanum_drive_controller-ros2ws/build/mecanum_drive_controller
