[0.025s] Invoking command in '/home/duser/ros2_kortex-ros2ws/build/transmission_interface': AMENT_PREFIX_PATH=/home/duser/ros2_kortex-ros2ws/install/hardware_interface:/home/duser/ros2_kortex-ros2ws/install/control_msgs:${AMENT_PREFIX_PATH} CMAKE_PREFIX_PATH=/home/duser/ros2_kortex-ros2ws/install/hardware_interface:/home/duser/ros2_kortex-ros2ws/install/control_msgs:/home/duser/ros2_kortex-ros2ws/install/serial:/home/duser/ros2_kortex-ros2ws/install/ros2_control_test_assets:/home/duser/ros2_kortex-ros2ws/install/kortex_api:/opt/ros/humble LD_LIBRARY_PATH=/home/duser/ros2_kortex-ros2ws/install/hardware_interface/lib:/home/duser/ros2_kortex-ros2ws/install/control_msgs/lib:${LD_LIBRARY_PATH} PYTHONPATH=/home/duser/ros2_kortex-ros2ws/install/control_msgs/local/lib/python3.10/dist-packages:${PYTHONPATH} /usr/bin/cmake /home/duser/ros2_kortex-ros2ws/src/ros2_control/transmission_interface -DCMAKE_BUILD_TYPE=Release -DCMAKE_INSTALL_PREFIX=/home/duser/ros2_kortex-ros2ws/install/transmission_interface
[0.135s] -- The C compiler identification is GNU 11.4.0
[0.205s] -- The CXX compiler identification is GNU 11.4.0
[0.215s] -- Detecting C compiler ABI info
[0.304s] -- Detecting C compiler ABI info - done
[0.315s] -- Check for working C compiler: /usr/bin/cc - skipped
[0.316s] -- Detecting C compile features
[0.316s] -- Detecting C compile features - done
[0.320s] -- Detecting CXX compiler ABI info
[0.420s] -- Detecting CXX compiler ABI info - done
[0.428s] -- Check for working CXX compiler: /usr/bin/c++ - skipped
[0.428s] -- Detecting CXX compile features
[0.429s] -- Detecting CXX compile features - done
[0.433s] -- Found ament_cmake: 1.3.8 (/opt/ros/humble/share/ament_cmake/cmake)
[0.611s] -- Found Python3: /usr/bin/python3 (found version "3.10.12") found components: Interpreter 
[0.725s] -- Found hardware_interface: 2.41.0 (/home/duser/ros2_kortex-ros2ws/install/hardware_interface/share/hardware_interface/cmake)
[0.780s] -- Found rosidl_generator_c: 3.1.5 (/opt/ros/humble/share/rosidl_generator_c/cmake)
[0.789s] -- Found rosidl_adapter: 3.1.5 (/opt/ros/humble/share/rosidl_adapter/cmake)
[0.801s] -- Found rosidl_generator_cpp: 3.1.5 (/opt/ros/humble/share/rosidl_generator_cpp/cmake)
[0.818s] -- Using all available rosidl_typesupport_c: rosidl_typesupport_fastrtps_c;rosidl_typesupport_introspection_c
[0.845s] -- Using all available rosidl_typesupport_cpp: rosidl_typesupport_fastrtps_cpp;rosidl_typesupport_introspection_cpp
[1.567s] -- Found rmw_implementation_cmake: 6.1.1 (/opt/ros/humble/share/rmw_implementation_cmake/cmake)
[1.572s] -- Found rmw_cyclonedds_cpp: 1.3.4 (/opt/ros/humble/share/rmw_cyclonedds_cpp/cmake)
[1.619s] -- Using RMW implementation 'rmw_cyclonedds_cpp' as default
[1.637s] -- Looking for pthread.h
[1.739s] -- Looking for pthread.h - found
[1.739s] -- Performing Test CMAKE_HAVE_LIBC_PTHREAD
[1.833s] -- Performing Test CMAKE_HAVE_LIBC_PTHREAD - Success
[1.833s] -- Found Threads: TRUE  
[2.073s] -- Found ament_cmake_gmock: 1.3.8 (/opt/ros/humble/share/ament_cmake_gmock/cmake)
[2.076s] -- Found gmock sources under '/opt/ros/humble/src/gmock_vendor': C++ tests using 'Google Mock' will be built
[2.085s] -- Found ament_cmake_gtest: 1.3.8 (/opt/ros/humble/share/ament_cmake_gtest/cmake)
[2.086s] -- Found gtest sources under '/opt/ros/humble/src/gtest_vendor': C++ tests using 'Google Test' will be built
[2.613s] -- Configuring done
[3.007s] -- Generating done
[3.015s] -- Build files have been written to: /home/duser/ros2_kortex-ros2ws/build/transmission_interface
[3.053s] Invoked command in '/home/duser/ros2_kortex-ros2ws/build/transmission_interface' returned '0': AMENT_PREFIX_PATH=/home/duser/ros2_kortex-ros2ws/install/hardware_interface:/home/duser/ros2_kortex-ros2ws/install/control_msgs:${AMENT_PREFIX_PATH} CMAKE_PREFIX_PATH=/home/duser/ros2_kortex-ros2ws/install/hardware_interface:/home/duser/ros2_kortex-ros2ws/install/control_msgs:/home/duser/ros2_kortex-ros2ws/install/serial:/home/duser/ros2_kortex-ros2ws/install/ros2_control_test_assets:/home/duser/ros2_kortex-ros2ws/install/kortex_api:/opt/ros/humble LD_LIBRARY_PATH=/home/duser/ros2_kortex-ros2ws/install/hardware_interface/lib:/home/duser/ros2_kortex-ros2ws/install/control_msgs/lib:${LD_LIBRARY_PATH} PYTHONPATH=/home/duser/ros2_kortex-ros2ws/install/control_msgs/local/lib/python3.10/dist-packages:${PYTHONPATH} /usr/bin/cmake /home/duser/ros2_kortex-ros2ws/src/ros2_control/transmission_interface -DCMAKE_BUILD_TYPE=Release -DCMAKE_INSTALL_PREFIX=/home/duser/ros2_kortex-ros2ws/install/transmission_interface
[3.054s] Invoking command in '/home/duser/ros2_kortex-ros2ws/build/transmission_interface': AMENT_PREFIX_PATH=/home/duser/ros2_kortex-ros2ws/install/hardware_interface:/home/duser/ros2_kortex-ros2ws/install/control_msgs:${AMENT_PREFIX_PATH} CMAKE_PREFIX_PATH=/home/duser/ros2_kortex-ros2ws/install/hardware_interface:/home/duser/ros2_kortex-ros2ws/install/control_msgs:/home/duser/ros2_kortex-ros2ws/install/serial:/home/duser/ros2_kortex-ros2ws/install/ros2_control_test_assets:/home/duser/ros2_kortex-ros2ws/install/kortex_api:/opt/ros/humble LD_LIBRARY_PATH=/home/duser/ros2_kortex-ros2ws/install/hardware_interface/lib:/home/duser/ros2_kortex-ros2ws/install/control_msgs/lib:${LD_LIBRARY_PATH} PYTHONPATH=/home/duser/ros2_kortex-ros2ws/install/control_msgs/local/lib/python3.10/dist-packages:${PYTHONPATH} /usr/bin/cmake --build /home/duser/ros2_kortex-ros2ws/build/transmission_interface -- -j12 -l12
[3.412s] [  4%] [32mBuilding CXX object gmock/CMakeFiles/gmock.dir/opt/ros/humble/src/gtest_vendor/src/gtest-all.cc.o[0m
[3.431s] [  8%] [32mBuilding CXX object gmock/CMakeFiles/gmock_main.dir/src/gmock_main.cc.o[0m
[3.451s] [ 13%] [32mBuilding CXX object gmock/CMakeFiles/gmock.dir/src/gmock-all.cc.o[0m
[3.454s] [ 17%] [32mBuilding CXX object CMakeFiles/transmission_interface.dir/src/four_bar_linkage_transmission_loader.cpp.o[0m
[3.479s] [ 26%] [32mBuilding CXX object CMakeFiles/transmission_interface.dir/src/differential_transmission_loader.cpp.o[0m
[3.480s] [ 26%] [32mBuilding CXX object CMakeFiles/transmission_interface.dir/src/simple_transmission_loader.cpp.o[0m
[16.080s] [ 30%] [32m[1mLinking CXX static library libgmock_main.a[0m
[16.325s] [ 30%] Built target gmock_main
[24.464s] [ 34%] [32m[1mLinking CXX shared library libtransmission_interface.so[0m
[24.815s] [ 34%] Built target transmission_interface
[28.883s] [ 39%] [32m[1mLinking CXX static library libgmock.a[0m
[28.954s] [ 39%] Built target gmock
[28.985s] [ 43%] [32mBuilding CXX object CMakeFiles/test_simple_transmission.dir/test/simple_transmission_test.cpp.o[0m
[33.140s] [ 47%] [32m[1mLinking CXX executable test_simple_transmission[0m
[33.504s] [ 47%] Built target test_simple_transmission
[33.538s] [ 52%] [32mBuilding CXX object CMakeFiles/test_four_bar_linkage_transmission_loader.dir/test/four_bar_linkage_transmission_loader_test.cpp.o[0m
[33.541s] [ 60%] [32mBuilding CXX object CMakeFiles/test_differential_transmission_loader.dir/test/differential_transmission_loader_test.cpp.o[0m
[33.541s] [ 60%] [32mBuilding CXX object CMakeFiles/test_utils.dir/test/utils_test.cpp.o[0m
[37.080s] [ 65%] [32m[1mLinking CXX executable test_utils[0m
[37.649s] [ 65%] Built target test_utils
[37.697s] [ 69%] [32mBuilding CXX object CMakeFiles/test_simple_transmission_loader.dir/test/simple_transmission_loader_test.cpp.o[0m
[37.700s] [ 73%] [32mBuilding CXX object CMakeFiles/test_four_bar_linkage_transmission.dir/test/four_bar_linkage_transmission_test.cpp.o[0m
[45.247s] [ 78%] [32m[1mLinking CXX executable test_four_bar_linkage_transmission[0m
[45.723s] [ 78%] Built target test_four_bar_linkage_transmission
[45.774s] [ 82%] [32mBuilding CXX object CMakeFiles/test_differential_transmission.dir/test/differential_transmission_test.cpp.o[0m
[47.960s] [ 86%] [32m[1mLinking CXX executable test_four_bar_linkage_transmission_loader[0m
[48.369s] [ 86%] Built target test_four_bar_linkage_transmission_loader
[48.460s] [ 91%] [32m[1mLinking CXX executable test_differential_transmission_loader[0m
[48.832s] [ 91%] Built target test_differential_transmission_loader
[50.539s] [ 95%] [32m[1mLinking CXX executable test_simple_transmission_loader[0m
[50.894s] [ 95%] Built target test_simple_transmission_loader
[51.804s] [100%] [32m[1mLinking CXX executable test_differential_transmission[0m
[52.121s] [100%] Built target test_differential_transmission
[52.157s] Invoked command in '/home/duser/ros2_kortex-ros2ws/build/transmission_interface' returned '0': AMENT_PREFIX_PATH=/home/duser/ros2_kortex-ros2ws/install/hardware_interface:/home/duser/ros2_kortex-ros2ws/install/control_msgs:${AMENT_PREFIX_PATH} CMAKE_PREFIX_PATH=/home/duser/ros2_kortex-ros2ws/install/hardware_interface:/home/duser/ros2_kortex-ros2ws/install/control_msgs:/home/duser/ros2_kortex-ros2ws/install/serial:/home/duser/ros2_kortex-ros2ws/install/ros2_control_test_assets:/home/duser/ros2_kortex-ros2ws/install/kortex_api:/opt/ros/humble LD_LIBRARY_PATH=/home/duser/ros2_kortex-ros2ws/install/hardware_interface/lib:/home/duser/ros2_kortex-ros2ws/install/control_msgs/lib:${LD_LIBRARY_PATH} PYTHONPATH=/home/duser/ros2_kortex-ros2ws/install/control_msgs/local/lib/python3.10/dist-packages:${PYTHONPATH} /usr/bin/cmake --build /home/duser/ros2_kortex-ros2ws/build/transmission_interface -- -j12 -l12
[52.236s] Invoking command in '/home/duser/ros2_kortex-ros2ws/build/transmission_interface': AMENT_PREFIX_PATH=/home/duser/ros2_kortex-ros2ws/install/hardware_interface:/home/duser/ros2_kortex-ros2ws/install/control_msgs:${AMENT_PREFIX_PATH} CMAKE_PREFIX_PATH=/home/duser/ros2_kortex-ros2ws/install/hardware_interface:/home/duser/ros2_kortex-ros2ws/install/control_msgs:/home/duser/ros2_kortex-ros2ws/install/serial:/home/duser/ros2_kortex-ros2ws/install/ros2_control_test_assets:/home/duser/ros2_kortex-ros2ws/install/kortex_api:/opt/ros/humble LD_LIBRARY_PATH=/home/duser/ros2_kortex-ros2ws/install/hardware_interface/lib:/home/duser/ros2_kortex-ros2ws/install/control_msgs/lib:${LD_LIBRARY_PATH} PYTHONPATH=/home/duser/ros2_kortex-ros2ws/install/control_msgs/local/lib/python3.10/dist-packages:${PYTHONPATH} /usr/bin/cmake --install /home/duser/ros2_kortex-ros2ws/build/transmission_interface
[52.251s] -- Install configuration: "Release"
[52.251s] -- Installing: /home/duser/ros2_kortex-ros2ws/install/transmission_interface/include
[52.251s] -- Installing: /home/duser/ros2_kortex-ros2ws/install/transmission_interface/include/transmission_interface
[52.252s] -- Installing: /home/duser/ros2_kortex-ros2ws/install/transmission_interface/include/transmission_interface/four_bar_linkage_transmission_loader.hpp
[52.252s] -- Installing: /home/duser/ros2_kortex-ros2ws/install/transmission_interface/include/transmission_interface/four_bar_linkage_transmission.hpp
[52.253s] -- Installing: /home/duser/ros2_kortex-ros2ws/install/transmission_interface/include/transmission_interface/visibility_control.h
[52.253s] -- Installing: /home/duser/ros2_kortex-ros2ws/install/transmission_interface/include/transmission_interface/handle.hpp
[52.253s] -- Installing: /home/duser/ros2_kortex-ros2ws/install/transmission_interface/include/transmission_interface/simple_transmission_loader.hpp
[52.253s] -- Installing: /home/duser/ros2_kortex-ros2ws/install/transmission_interface/include/transmission_interface/transmission.hpp
[52.253s] -- Installing: /home/duser/ros2_kortex-ros2ws/install/transmission_interface/include/transmission_interface/simple_transmission.hpp
[52.253s] -- Installing: /home/duser/ros2_kortex-ros2ws/install/transmission_interface/include/transmission_interface/exception.hpp
[52.253s] -- Installing: /home/duser/ros2_kortex-ros2ws/install/transmission_interface/include/transmission_interface/differential_transmission.hpp
[52.253s] -- Installing: /home/duser/ros2_kortex-ros2ws/install/transmission_interface/include/transmission_interface/transmission_loader.hpp
[52.253s] -- Installing: /home/duser/ros2_kortex-ros2ws/install/transmission_interface/include/transmission_interface/transmission_interface_exception.hpp
[52.254s] -- Installing: /home/duser/ros2_kortex-ros2ws/install/transmission_interface/include/transmission_interface/accessor.hpp
[52.254s] -- Installing: /home/duser/ros2_kortex-ros2ws/install/transmission_interface/include/transmission_interface/differential_transmission_loader.hpp
[52.254s] -- Installing: /home/duser/ros2_kortex-ros2ws/install/transmission_interface/share/transmission_interface/ros2_control_plugins.xml
[52.254s] -- Installing: /home/duser/ros2_kortex-ros2ws/install/transmission_interface/lib/libtransmission_interface.so
[52.255s] -- Set runtime path of "/home/duser/ros2_kortex-ros2ws/install/transmission_interface/lib/libtransmission_interface.so" to ""
[52.255s] -- Installing: /home/duser/ros2_kortex-ros2ws/install/transmission_interface/share/transmission_interface/environment/library_path.sh
[52.256s] -- Installing: /home/duser/ros2_kortex-ros2ws/install/transmission_interface/share/transmission_interface/environment/library_path.dsv
[52.257s] -- Installing: /home/duser/ros2_kortex-ros2ws/install/transmission_interface/share/ament_index/resource_index/package_run_dependencies/transmission_interface
[52.257s] -- Installing: /home/duser/ros2_kortex-ros2ws/install/transmission_interface/share/ament_index/resource_index/parent_prefix_path/transmission_interface
[52.257s] -- Installing: /home/duser/ros2_kortex-ros2ws/install/transmission_interface/share/transmission_interface/environment/ament_prefix_path.sh
[52.258s] -- Installing: /home/duser/ros2_kortex-ros2ws/install/transmission_interface/share/transmission_interface/environment/ament_prefix_path.dsv
[52.258s] -- Installing: /home/duser/ros2_kortex-ros2ws/install/transmission_interface/share/transmission_interface/environment/path.sh
[52.258s] -- Installing: /home/duser/ros2_kortex-ros2ws/install/transmission_interface/share/transmission_interface/environment/path.dsv
[52.258s] -- Installing: /home/duser/ros2_kortex-ros2ws/install/transmission_interface/share/transmission_interface/local_setup.bash
[52.259s] -- Installing: /home/duser/ros2_kortex-ros2ws/install/transmission_interface/share/transmission_interface/local_setup.sh
[52.259s] -- Installing: /home/duser/ros2_kortex-ros2ws/install/transmission_interface/share/transmission_interface/local_setup.zsh
[52.259s] -- Installing: /home/duser/ros2_kortex-ros2ws/install/transmission_interface/share/transmission_interface/local_setup.dsv
[52.260s] -- Installing: /home/duser/ros2_kortex-ros2ws/install/transmission_interface/share/transmission_interface/package.dsv
[52.260s] -- Installing: /home/duser/ros2_kortex-ros2ws/install/transmission_interface/share/ament_index/resource_index/packages/transmission_interface
[52.260s] -- Installing: /home/duser/ros2_kortex-ros2ws/install/transmission_interface/share/ament_index/resource_index/transmission_interface__pluginlib__plugin/transmission_interface
[52.261s] -- Installing: /home/duser/ros2_kortex-ros2ws/install/transmission_interface/share/transmission_interface/cmake/ament_cmake_export_include_directories-extras.cmake
[52.261s] -- Installing: /home/duser/ros2_kortex-ros2ws/install/transmission_interface/share/transmission_interface/cmake/ament_cmake_export_dependencies-extras.cmake
[52.262s] -- Installing: /home/duser/ros2_kortex-ros2ws/install/transmission_interface/share/transmission_interface/cmake/ament_cmake_export_libraries-extras.cmake
[52.262s] -- Installing: /home/duser/ros2_kortex-ros2ws/install/transmission_interface/share/transmission_interface/cmake/transmission_interfaceConfig.cmake
[52.262s] -- Installing: /home/duser/ros2_kortex-ros2ws/install/transmission_interface/share/transmission_interface/cmake/transmission_interfaceConfig-version.cmake
[52.263s] -- Installing: /home/duser/ros2_kortex-ros2ws/install/transmission_interface/share/transmission_interface/package.xml
[52.267s] Invoked command in '/home/duser/ros2_kortex-ros2ws/build/transmission_interface' returned '0': AMENT_PREFIX_PATH=/home/duser/ros2_kortex-ros2ws/install/hardware_interface:/home/duser/ros2_kortex-ros2ws/install/control_msgs:${AMENT_PREFIX_PATH} CMAKE_PREFIX_PATH=/home/duser/ros2_kortex-ros2ws/install/hardware_interface:/home/duser/ros2_kortex-ros2ws/install/control_msgs:/home/duser/ros2_kortex-ros2ws/install/serial:/home/duser/ros2_kortex-ros2ws/install/ros2_control_test_assets:/home/duser/ros2_kortex-ros2ws/install/kortex_api:/opt/ros/humble LD_LIBRARY_PATH=/home/duser/ros2_kortex-ros2ws/install/hardware_interface/lib:/home/duser/ros2_kortex-ros2ws/install/control_msgs/lib:${LD_LIBRARY_PATH} PYTHONPATH=/home/duser/ros2_kortex-ros2ws/install/control_msgs/local/lib/python3.10/dist-packages:${PYTHONPATH} /usr/bin/cmake --install /home/duser/ros2_kortex-ros2ws/build/transmission_interface
