[0.662s] Invoking command in '/home/duser/ros2_kortex-ros2ws/build/gripper_controllers': AMENT_PREFIX_PATH=/home/duser/ros2_kortex-ros2ws/install/controller_manager:/home/duser/ros2_kortex-ros2ws/install/hardware_interface_testing:/home/duser/ros2_kortex-ros2ws/install/controller_interface:/home/duser/ros2_kortex-ros2ws/install/hardware_interface:/home/duser/ros2_kortex-ros2ws/install/controller_manager_msgs:/home/duser/ros2_kortex-ros2ws/install/control_msgs:${AMENT_PREFIX_PATH} CMAKE_PREFIX_PATH=/home/duser/ros2_kortex-ros2ws/install/controller_manager:/home/duser/ros2_kortex-ros2ws/install/hardware_interface_testing:/home/duser/ros2_kortex-ros2ws/install/controller_interface:/home/duser/ros2_kortex-ros2ws/install/hardware_interface:/home/duser/ros2_kortex-ros2ws/install/ros2_control_test_assets:/home/duser/ros2_kortex-ros2ws/install/controller_manager_msgs:/home/duser/ros2_kortex-ros2ws/install/control_msgs:/home/duser/ros2_kortex-ros2ws/install/serial:/home/duser/ros2_kortex-ros2ws/install/kortex_api:/opt/ros/humble LD_LIBRARY_PATH=/home/duser/ros2_kortex-ros2ws/install/controller_manager/lib:/home/duser/ros2_kortex-ros2ws/install/hardware_interface_testing/lib:/home/duser/ros2_kortex-ros2ws/install/controller_interface/lib:/home/duser/ros2_kortex-ros2ws/install/hardware_interface/lib:/home/duser/ros2_kortex-ros2ws/install/controller_manager_msgs/lib:/home/duser/ros2_kortex-ros2ws/install/control_msgs/lib:${LD_LIBRARY_PATH} PYTHONPATH=/home/duser/ros2_kortex-ros2ws/install/controller_manager/local/lib/python3.10/dist-packages:/home/duser/ros2_kortex-ros2ws/install/controller_manager_msgs/local/lib/python3.10/dist-packages:/home/duser/ros2_kortex-ros2ws/install/control_msgs/local/lib/python3.10/dist-packages:${PYTHONPATH} /usr/bin/cmake /home/duser/ros2_kortex-ros2ws/src/ros2_controllers/gripper_controllers -DCMAKE_BUILD_TYPE=Release -DCMAKE_INSTALL_PREFIX=/home/duser/ros2_kortex-ros2ws/install/gripper_controllers
[6.319s] -- The CXX compiler identification is GNU 11.4.0
[6.319s] -- Detecting CXX compiler ABI info
[6.319s] -- Detecting CXX compiler ABI info - done
[6.319s] -- Check for working CXX compiler: /usr/bin/c++ - skipped
[6.319s] -- Detecting CXX compile features
[6.319s] -- Detecting CXX compile features - done
[6.319s] -- Found ament_cmake: 1.3.8 (/opt/ros/humble/share/ament_cmake/cmake)
[6.320s] -- Found Python3: /usr/bin/python3 (found version "3.10.12") found components: Interpreter 
[6.320s] -- Found backward_ros: 1.0.2 (/opt/ros/humble/share/backward_ros/cmake)
[6.320s] -- Found libdw: /usr/lib/x86_64-linux-gnu/libdw.so  
[6.320s] -- Could NOT find libbfd (missing: LIBBFD_LIBRARY LIBBFD_INCLUDE_DIR) 
[6.320s] -- BACKWARD_HAS_UNWIND=1
[6.320s] -- BACKWARD_HAS_BACKTRACE=0
[6.320s] -- BACKWARD_HAS_BACKTRACE_SYMBOL=0
[6.320s] -- BACKWARD_HAS_DW=1
[6.320s] -- BACKWARD_HAS_BFD=0
[6.321s] -- Found Backward: /opt/ros/humble/share/backward_ros/cmake  
[6.321s] -- Found control_msgs: 4.6.0 (/home/duser/ros2_kortex-ros2ws/install/control_msgs/share/control_msgs/cmake)
[6.321s] -- Found rosidl_generator_c: 3.1.5 (/opt/ros/humble/share/rosidl_generator_c/cmake)
[6.321s] -- Found rosidl_adapter: 3.1.5 (/opt/ros/humble/share/rosidl_adapter/cmake)
[6.321s] -- Found rosidl_generator_cpp: 3.1.5 (/opt/ros/humble/share/rosidl_generator_cpp/cmake)
[6.321s] -- Using all available rosidl_typesupport_c: rosidl_typesupport_fastrtps_c;rosidl_typesupport_introspection_c
[6.321s] -- Using all available rosidl_typesupport_cpp: rosidl_typesupport_fastrtps_cpp;rosidl_typesupport_introspection_cpp
[6.321s] -- Found control_toolbox: 3.2.0 (/opt/ros/humble/share/control_toolbox/cmake)
[6.321s] -- Found rmw_implementation_cmake: 6.1.1 (/opt/ros/humble/share/rmw_implementation_cmake/cmake)
[6.322s] -- Found rmw_cyclonedds_cpp: 1.3.4 (/opt/ros/humble/share/rmw_cyclonedds_cpp/cmake)
[6.322s] -- Using RMW implementation 'rmw_cyclonedds_cpp' as default
[6.322s] -- Looking for C++ include pthread.h
[6.322s] -- Looking for C++ include pthread.h - found
[6.322s] -- Performing Test CMAKE_HAVE_LIBC_PTHREAD
[6.322s] -- Performing Test CMAKE_HAVE_LIBC_PTHREAD - Success
[6.322s] -- Found Threads: TRUE  
[6.322s] -- Found parameter_traits: 0.3.8 (/opt/ros/humble/share/parameter_traits/cmake)
[6.323s] -- Found rclcpp_lifecycle: 16.0.8 (/opt/ros/humble/share/rclcpp_lifecycle/cmake)
[6.323s] -- Found controller_interface: 2.41.0 (/home/duser/ros2_kortex-ros2ws/install/controller_interface/share/controller_interface/cmake)
[6.323s] -- Found ament_cmake_gmock: 1.3.8 (/opt/ros/humble/share/ament_cmake_gmock/cmake)
[6.323s] -- Found controller_manager: 2.41.0 (/home/duser/ros2_kortex-ros2ws/install/controller_manager/share/controller_manager/cmake)
[6.323s] -- Found ros2_control_test_assets: 2.41.0 (/home/duser/ros2_kortex-ros2ws/install/ros2_control_test_assets/share/ros2_control_test_assets/cmake)
[6.323s] -- Found gmock sources under '/opt/ros/humble/src/gmock_vendor': C++ tests using 'Google Mock' will be built
[6.323s] -- The C compiler identification is GNU 11.4.0
[6.323s] -- Detecting C compiler ABI info
[6.324s] -- Detecting C compiler ABI info - done
[6.324s] -- Check for working C compiler: /usr/bin/cc - skipped
[6.324s] -- Detecting C compile features
[6.324s] -- Detecting C compile features - done
[6.324s] -- Found ament_cmake_gtest: 1.3.8 (/opt/ros/humble/share/ament_cmake_gtest/cmake)
[6.324s] -- Found gtest sources under '/opt/ros/humble/src/gtest_vendor': C++ tests using 'Google Test' will be built
[6.916s] -- Configuring done
[7.108s] -- Generating done
[7.116s] -- Build files have been written to: /home/duser/ros2_kortex-ros2ws/build/gripper_controllers
[7.200s] Invoked command in '/home/duser/ros2_kortex-ros2ws/build/gripper_controllers' returned '0': AMENT_PREFIX_PATH=/home/duser/ros2_kortex-ros2ws/install/controller_manager:/home/duser/ros2_kortex-ros2ws/install/hardware_interface_testing:/home/duser/ros2_kortex-ros2ws/install/controller_interface:/home/duser/ros2_kortex-ros2ws/install/hardware_interface:/home/duser/ros2_kortex-ros2ws/install/controller_manager_msgs:/home/duser/ros2_kortex-ros2ws/install/control_msgs:${AMENT_PREFIX_PATH} CMAKE_PREFIX_PATH=/home/duser/ros2_kortex-ros2ws/install/controller_manager:/home/duser/ros2_kortex-ros2ws/install/hardware_interface_testing:/home/duser/ros2_kortex-ros2ws/install/controller_interface:/home/duser/ros2_kortex-ros2ws/install/hardware_interface:/home/duser/ros2_kortex-ros2ws/install/ros2_control_test_assets:/home/duser/ros2_kortex-ros2ws/install/controller_manager_msgs:/home/duser/ros2_kortex-ros2ws/install/control_msgs:/home/duser/ros2_kortex-ros2ws/install/serial:/home/duser/ros2_kortex-ros2ws/install/kortex_api:/opt/ros/humble LD_LIBRARY_PATH=/home/duser/ros2_kortex-ros2ws/install/controller_manager/lib:/home/duser/ros2_kortex-ros2ws/install/hardware_interface_testing/lib:/home/duser/ros2_kortex-ros2ws/install/controller_interface/lib:/home/duser/ros2_kortex-ros2ws/install/hardware_interface/lib:/home/duser/ros2_kortex-ros2ws/install/controller_manager_msgs/lib:/home/duser/ros2_kortex-ros2ws/install/control_msgs/lib:${LD_LIBRARY_PATH} PYTHONPATH=/home/duser/ros2_kortex-ros2ws/install/controller_manager/local/lib/python3.10/dist-packages:/home/duser/ros2_kortex-ros2ws/install/controller_manager_msgs/local/lib/python3.10/dist-packages:/home/duser/ros2_kortex-ros2ws/install/control_msgs/local/lib/python3.10/dist-packages:${PYTHONPATH} /usr/bin/cmake /home/duser/ros2_kortex-ros2ws/src/ros2_controllers/gripper_controllers -DCMAKE_BUILD_TYPE=Release -DCMAKE_INSTALL_PREFIX=/home/duser/ros2_kortex-ros2ws/install/gripper_controllers
[7.202s] Invoking command in '/home/duser/ros2_kortex-ros2ws/build/gripper_controllers': AMENT_PREFIX_PATH=/home/duser/ros2_kortex-ros2ws/install/controller_manager:/home/duser/ros2_kortex-ros2ws/install/hardware_interface_testing:/home/duser/ros2_kortex-ros2ws/install/controller_interface:/home/duser/ros2_kortex-ros2ws/install/hardware_interface:/home/duser/ros2_kortex-ros2ws/install/controller_manager_msgs:/home/duser/ros2_kortex-ros2ws/install/control_msgs:${AMENT_PREFIX_PATH} CMAKE_PREFIX_PATH=/home/duser/ros2_kortex-ros2ws/install/controller_manager:/home/duser/ros2_kortex-ros2ws/install/hardware_interface_testing:/home/duser/ros2_kortex-ros2ws/install/controller_interface:/home/duser/ros2_kortex-ros2ws/install/hardware_interface:/home/duser/ros2_kortex-ros2ws/install/ros2_control_test_assets:/home/duser/ros2_kortex-ros2ws/install/controller_manager_msgs:/home/duser/ros2_kortex-ros2ws/install/control_msgs:/home/duser/ros2_kortex-ros2ws/install/serial:/home/duser/ros2_kortex-ros2ws/install/kortex_api:/opt/ros/humble LD_LIBRARY_PATH=/home/duser/ros2_kortex-ros2ws/install/controller_manager/lib:/home/duser/ros2_kortex-ros2ws/install/hardware_interface_testing/lib:/home/duser/ros2_kortex-ros2ws/install/controller_interface/lib:/home/duser/ros2_kortex-ros2ws/install/hardware_interface/lib:/home/duser/ros2_kortex-ros2ws/install/controller_manager_msgs/lib:/home/duser/ros2_kortex-ros2ws/install/control_msgs/lib:${LD_LIBRARY_PATH} PYTHONPATH=/home/duser/ros2_kortex-ros2ws/install/controller_manager/local/lib/python3.10/dist-packages:/home/duser/ros2_kortex-ros2ws/install/controller_manager_msgs/local/lib/python3.10/dist-packages:/home/duser/ros2_kortex-ros2ws/install/control_msgs/local/lib/python3.10/dist-packages:${PYTHONPATH} /usr/bin/cmake --build /home/duser/ros2_kortex-ros2ws/build/gripper_controllers -- -j12 -l12
[14.410s] [  8%] [34m[1mRunning `/opt/ros/humble/bin/generate_parameter_library_cpp /home/duser/ros2_kortex-ros2ws/build/gripper_controllers/gripper_action_controller_parameters/include//gripper_action_controller_parameters.hpp /home/duser/ros2_kortex-ros2ws/src/ros2_controllers/gripper_controllers/src/gripper_action_controller_parameters.yaml `[0m
[14.427s] [ 16%] [32mBuilding CXX object gmock/CMakeFiles/gmock.dir/opt/ros/humble/src/gtest_vendor/src/gtest-all.cc.o[0m
[14.427s] [ 25%] [32mBuilding CXX object gmock/CMakeFiles/gmock.dir/src/gmock-all.cc.o[0m
[14.427s] [ 33%] [32mBuilding CXX object gmock/CMakeFiles/gmock_main.dir/src/gmock_main.cc.o[0m
[14.427s] [ 33%] Built target gripper_action_controller_parameters
[14.427s] [ 41%] [32mBuilding CXX object CMakeFiles/gripper_action_controller.dir/src/gripper_action_controller.cpp.o[0m
[93.029s] [ 50%] [32m[1mLinking CXX static library libgmock_main.a[0m
[93.073s] [ 50%] Built target gmock_main
[160.527s] [ 58%] [32m[1mLinking CXX static library libgmock.a[0m
[160.629s] [ 58%] Built target gmock
[175.207s] [ 66%] [32m[1mLinking CXX shared library libgripper_action_controller.so[0m
[175.659s] [ 66%] Built target gripper_action_controller
[175.721s] [ 75%] [32mBuilding CXX object CMakeFiles/test_load_gripper_action_controllers.dir/test/test_load_gripper_action_controllers.cpp.o[0m
[192.722s] [ 83%] [32m[1mLinking CXX executable test_load_gripper_action_controllers[0m
[193.607s] [ 83%] Built target test_load_gripper_action_controllers
[193.669s] [ 91%] [32mBuilding CXX object CMakeFiles/test_gripper_controllers.dir/test/test_gripper_controllers.cpp.o[0m
[224.900s] [100%] [32m[1mLinking CXX executable test_gripper_controllers[0m
[225.785s] [100%] Built target test_gripper_controllers
[225.908s] Invoked command in '/home/duser/ros2_kortex-ros2ws/build/gripper_controllers' returned '0': AMENT_PREFIX_PATH=/home/duser/ros2_kortex-ros2ws/install/controller_manager:/home/duser/ros2_kortex-ros2ws/install/hardware_interface_testing:/home/duser/ros2_kortex-ros2ws/install/controller_interface:/home/duser/ros2_kortex-ros2ws/install/hardware_interface:/home/duser/ros2_kortex-ros2ws/install/controller_manager_msgs:/home/duser/ros2_kortex-ros2ws/install/control_msgs:${AMENT_PREFIX_PATH} CMAKE_PREFIX_PATH=/home/duser/ros2_kortex-ros2ws/install/controller_manager:/home/duser/ros2_kortex-ros2ws/install/hardware_interface_testing:/home/duser/ros2_kortex-ros2ws/install/controller_interface:/home/duser/ros2_kortex-ros2ws/install/hardware_interface:/home/duser/ros2_kortex-ros2ws/install/ros2_control_test_assets:/home/duser/ros2_kortex-ros2ws/install/controller_manager_msgs:/home/duser/ros2_kortex-ros2ws/install/control_msgs:/home/duser/ros2_kortex-ros2ws/install/serial:/home/duser/ros2_kortex-ros2ws/install/kortex_api:/opt/ros/humble LD_LIBRARY_PATH=/home/duser/ros2_kortex-ros2ws/install/controller_manager/lib:/home/duser/ros2_kortex-ros2ws/install/hardware_interface_testing/lib:/home/duser/ros2_kortex-ros2ws/install/controller_interface/lib:/home/duser/ros2_kortex-ros2ws/install/hardware_interface/lib:/home/duser/ros2_kortex-ros2ws/install/controller_manager_msgs/lib:/home/duser/ros2_kortex-ros2ws/install/control_msgs/lib:${LD_LIBRARY_PATH} PYTHONPATH=/home/duser/ros2_kortex-ros2ws/install/controller_manager/local/lib/python3.10/dist-packages:/home/duser/ros2_kortex-ros2ws/install/controller_manager_msgs/local/lib/python3.10/dist-packages:/home/duser/ros2_kortex-ros2ws/install/control_msgs/local/lib/python3.10/dist-packages:${PYTHONPATH} /usr/bin/cmake --build /home/duser/ros2_kortex-ros2ws/build/gripper_controllers -- -j12 -l12
[225.974s] Invoking command in '/home/duser/ros2_kortex-ros2ws/build/gripper_controllers': AMENT_PREFIX_PATH=/home/duser/ros2_kortex-ros2ws/install/controller_manager:/home/duser/ros2_kortex-ros2ws/install/hardware_interface_testing:/home/duser/ros2_kortex-ros2ws/install/controller_interface:/home/duser/ros2_kortex-ros2ws/install/hardware_interface:/home/duser/ros2_kortex-ros2ws/install/controller_manager_msgs:/home/duser/ros2_kortex-ros2ws/install/control_msgs:${AMENT_PREFIX_PATH} CMAKE_PREFIX_PATH=/home/duser/ros2_kortex-ros2ws/install/controller_manager:/home/duser/ros2_kortex-ros2ws/install/hardware_interface_testing:/home/duser/ros2_kortex-ros2ws/install/controller_interface:/home/duser/ros2_kortex-ros2ws/install/hardware_interface:/home/duser/ros2_kortex-ros2ws/install/ros2_control_test_assets:/home/duser/ros2_kortex-ros2ws/install/controller_manager_msgs:/home/duser/ros2_kortex-ros2ws/install/control_msgs:/home/duser/ros2_kortex-ros2ws/install/serial:/home/duser/ros2_kortex-ros2ws/install/kortex_api:/opt/ros/humble LD_LIBRARY_PATH=/home/duser/ros2_kortex-ros2ws/install/controller_manager/lib:/home/duser/ros2_kortex-ros2ws/install/hardware_interface_testing/lib:/home/duser/ros2_kortex-ros2ws/install/controller_interface/lib:/home/duser/ros2_kortex-ros2ws/install/hardware_interface/lib:/home/duser/ros2_kortex-ros2ws/install/controller_manager_msgs/lib:/home/duser/ros2_kortex-ros2ws/install/control_msgs/lib:${LD_LIBRARY_PATH} PYTHONPATH=/home/duser/ros2_kortex-ros2ws/install/controller_manager/local/lib/python3.10/dist-packages:/home/duser/ros2_kortex-ros2ws/install/controller_manager_msgs/local/lib/python3.10/dist-packages:/home/duser/ros2_kortex-ros2ws/install/control_msgs/local/lib/python3.10/dist-packages:${PYTHONPATH} /usr/bin/cmake --install /home/duser/ros2_kortex-ros2ws/build/gripper_controllers
[229.899s] -- Install configuration: "Release"
[229.899s] -- Installing: /home/duser/ros2_kortex-ros2ws/install/gripper_controllers/include/gripper_action_controller_parameters
[229.902s] -- Installing: /home/duser/ros2_kortex-ros2ws/install/gripper_controllers/include/gripper_action_controller_parameters/gripper_action_controller_parameters.hpp
[229.902s] -- Installing: /home/duser/ros2_kortex-ros2ws/install/gripper_controllers/share/gripper_controllers/ros_control_plugins.xml
[229.902s] -- Installing: /home/duser/ros2_kortex-ros2ws/install/gripper_controllers/include/gripper_action_controller
[229.902s] -- Installing: /home/duser/ros2_kortex-ros2ws/install/gripper_controllers/include/gripper_action_controller/gripper_controllers
[229.902s] -- Installing: /home/duser/ros2_kortex-ros2ws/install/gripper_controllers/include/gripper_action_controller/gripper_controllers/gripper_action_controller_impl.hpp
[229.903s] -- Installing: /home/duser/ros2_kortex-ros2ws/install/gripper_controllers/include/gripper_action_controller/gripper_controllers/gripper_action_controller.hpp
[229.903s] -- Installing: /home/duser/ros2_kortex-ros2ws/install/gripper_controllers/include/gripper_action_controller/gripper_controllers/hardware_interface_adapter.hpp
[229.903s] -- Installing: /home/duser/ros2_kortex-ros2ws/install/gripper_controllers/include/gripper_action_controller/gripper_controllers/visibility_control.hpp
[229.903s] -- Installing: /home/duser/ros2_kortex-ros2ws/install/gripper_controllers/lib/libgripper_action_controller.so
[229.903s] -- Set runtime path of "/home/duser/ros2_kortex-ros2ws/install/gripper_controllers/lib/libgripper_action_controller.so" to ""
[229.903s] -- Installing: /home/duser/ros2_kortex-ros2ws/install/gripper_controllers/share/gripper_controllers/environment/library_path.sh
[229.903s] -- Installing: /home/duser/ros2_kortex-ros2ws/install/gripper_controllers/share/gripper_controllers/environment/library_path.dsv
[229.903s] -- Installing: /home/duser/ros2_kortex-ros2ws/install/gripper_controllers/share/ament_index/resource_index/package_run_dependencies/gripper_controllers
[229.903s] -- Installing: /home/duser/ros2_kortex-ros2ws/install/gripper_controllers/share/ament_index/resource_index/parent_prefix_path/gripper_controllers
[229.903s] -- Installing: /home/duser/ros2_kortex-ros2ws/install/gripper_controllers/share/gripper_controllers/environment/ament_prefix_path.sh
[229.904s] -- Installing: /home/duser/ros2_kortex-ros2ws/install/gripper_controllers/share/gripper_controllers/environment/ament_prefix_path.dsv
[229.904s] -- Installing: /home/duser/ros2_kortex-ros2ws/install/gripper_controllers/share/gripper_controllers/environment/path.sh
[229.904s] -- Installing: /home/duser/ros2_kortex-ros2ws/install/gripper_controllers/share/gripper_controllers/environment/path.dsv
[229.904s] -- Installing: /home/duser/ros2_kortex-ros2ws/install/gripper_controllers/share/gripper_controllers/local_setup.bash
[229.904s] -- Installing: /home/duser/ros2_kortex-ros2ws/install/gripper_controllers/share/gripper_controllers/local_setup.sh
[229.904s] -- Installing: /home/duser/ros2_kortex-ros2ws/install/gripper_controllers/share/gripper_controllers/local_setup.zsh
[229.904s] -- Installing: /home/duser/ros2_kortex-ros2ws/install/gripper_controllers/share/gripper_controllers/local_setup.dsv
[229.904s] -- Installing: /home/duser/ros2_kortex-ros2ws/install/gripper_controllers/share/gripper_controllers/package.dsv
[229.904s] -- Installing: /home/duser/ros2_kortex-ros2ws/install/gripper_controllers/share/ament_index/resource_index/packages/gripper_controllers
[229.905s] -- Installing: /home/duser/ros2_kortex-ros2ws/install/gripper_controllers/share/ament_index/resource_index/controller_interface__pluginlib__plugin/gripper_controllers
[229.905s] -- Installing: /home/duser/ros2_kortex-ros2ws/install/gripper_controllers/share/gripper_controllers/cmake/export_gripper_action_controllerExport.cmake
[229.905s] -- Installing: /home/duser/ros2_kortex-ros2ws/install/gripper_controllers/share/gripper_controllers/cmake/export_gripper_action_controllerExport-release.cmake
[229.905s] -- Installing: /home/duser/ros2_kortex-ros2ws/install/gripper_controllers/share/gripper_controllers/cmake/ament_cmake_export_targets-extras.cmake
[229.905s] -- Installing: /home/duser/ros2_kortex-ros2ws/install/gripper_controllers/share/gripper_controllers/cmake/ament_cmake_export_dependencies-extras.cmake
[229.905s] -- Installing: /home/duser/ros2_kortex-ros2ws/install/gripper_controllers/share/gripper_controllers/cmake/gripper_controllersConfig.cmake
[229.905s] -- Installing: /home/duser/ros2_kortex-ros2ws/install/gripper_controllers/share/gripper_controllers/cmake/gripper_controllersConfig-version.cmake
[229.905s] -- Installing: /home/duser/ros2_kortex-ros2ws/install/gripper_controllers/share/gripper_controllers/package.xml
[230.034s] Invoked command in '/home/duser/ros2_kortex-ros2ws/build/gripper_controllers' returned '0': AMENT_PREFIX_PATH=/home/duser/ros2_kortex-ros2ws/install/controller_manager:/home/duser/ros2_kortex-ros2ws/install/hardware_interface_testing:/home/duser/ros2_kortex-ros2ws/install/controller_interface:/home/duser/ros2_kortex-ros2ws/install/hardware_interface:/home/duser/ros2_kortex-ros2ws/install/controller_manager_msgs:/home/duser/ros2_kortex-ros2ws/install/control_msgs:${AMENT_PREFIX_PATH} CMAKE_PREFIX_PATH=/home/duser/ros2_kortex-ros2ws/install/controller_manager:/home/duser/ros2_kortex-ros2ws/install/hardware_interface_testing:/home/duser/ros2_kortex-ros2ws/install/controller_interface:/home/duser/ros2_kortex-ros2ws/install/hardware_interface:/home/duser/ros2_kortex-ros2ws/install/ros2_control_test_assets:/home/duser/ros2_kortex-ros2ws/install/controller_manager_msgs:/home/duser/ros2_kortex-ros2ws/install/control_msgs:/home/duser/ros2_kortex-ros2ws/install/serial:/home/duser/ros2_kortex-ros2ws/install/kortex_api:/opt/ros/humble LD_LIBRARY_PATH=/home/duser/ros2_kortex-ros2ws/install/controller_manager/lib:/home/duser/ros2_kortex-ros2ws/install/hardware_interface_testing/lib:/home/duser/ros2_kortex-ros2ws/install/controller_interface/lib:/home/duser/ros2_kortex-ros2ws/install/hardware_interface/lib:/home/duser/ros2_kortex-ros2ws/install/controller_manager_msgs/lib:/home/duser/ros2_kortex-ros2ws/install/control_msgs/lib:${LD_LIBRARY_PATH} PYTHONPATH=/home/duser/ros2_kortex-ros2ws/install/controller_manager/local/lib/python3.10/dist-packages:/home/duser/ros2_kortex-ros2ws/install/controller_manager_msgs/local/lib/python3.10/dist-packages:/home/duser/ros2_kortex-ros2ws/install/control_msgs/local/lib/python3.10/dist-packages:${PYTHONPATH} /usr/bin/cmake --install /home/duser/ros2_kortex-ros2ws/build/gripper_controllers
