[0.018s] Invoking command in '/home/duser/clearpath_mecanum_drive_controller-ros2ws/build/mecanum_drive_controller': CMAKE_PREFIX_PATH=${CMAKE_PREFIX_PATH}:/opt/ros/humble /usr/bin/cmake --build /home/duser/clearpath_mecanum_drive_controller-ros2ws/build/mecanum_drive_controller -- -j12 -l12
[0.132s] [  6%] Built target mecanum_drive_controller_parameters
[0.150s] [ 20%] Built target gmock_main
[0.150s] [ 40%] Built target gmock
[0.151s] [35m[1mConsolidate compiler generated dependencies of target mecanum_drive_controller[0m
[0.205s] [ 53%] Built target test_load_mecanum_drive_controller
[0.207s] [ 60%] [32mBuilding CXX object CMakeFiles/mecanum_drive_controller.dir/src/mecanum_drive_controller.cpp.o[0m
[3.212s] [01m[K/home/duser/clearpath_mecanum_drive_controller-ros2ws/src/ros2_controllers/mecanum_drive_controller/src/mecanum_drive_controller.cpp:[m[K In member function ‘[01m[Kvirtual controller_interface::return_type mecanum_drive_controller::MecanumDriveController::update_reference_from_subscribers()[m[K’:
[3.212s] [01m[K/home/duser/clearpath_mecanum_drive_controller-ros2ws/src/ros2_controllers/mecanum_drive_controller/src/mecanum_drive_controller.cpp:392:5:[m[K [01;31m[Kerror: [m[Kexpected ‘[01m[K;[m[K’ before ‘[01m[Kif[m[K’
[3.212s]   392 |     [01;31m[Kif[m[K (std:isnan(current_ref_unstamped->linear.x)){
[3.212s]       |     [01;31m[K^~[m[K
[3.212s] [01m[K/home/duser/clearpath_mecanum_drive_controller-ros2ws/src/ros2_controllers/mecanum_drive_controller/src/mecanum_drive_controller.cpp:392:12:[m[K [01;31m[Kerror: [m[Kfound ‘[01m[K:[m[K’ in nested-name-specifier, expected ‘[01m[K::[m[K’
[3.213s]   392 |     if (std[01;31m[K:[m[Kisnan(current_ref_unstamped->linear.x)){
[3.213s]       |            [01;31m[K^[m[K
[3.213s]       |            [32m[K::[m[K
[3.213s] [01m[K/home/duser/clearpath_mecanum_drive_controller-ros2ws/src/ros2_controllers/mecanum_drive_controller/src/mecanum_drive_controller.cpp:394:5:[m[K [01;31m[Kerror: [m[Kexpected ‘[01m[K;[m[K’ before ‘[01m[K}[m[K’ token
[3.213s]   394 |     [01;31m[K}[m[K else {
[3.213s]       |     [01;31m[K^[m[K
[3.213s] [01m[K/home/duser/clearpath_mecanum_drive_controller-ros2ws/src/ros2_controllers/mecanum_drive_controller/src/mecanum_drive_controller.cpp:395:45:[m[K [01;31m[Kerror: [m[Kfound ‘[01m[K:[m[K’ in nested-name-specifier, expected ‘[01m[K::[m[K’
[3.213s]   395 |       std::string strx = "linear.x = " + std[01;31m[K:[m[Kto_string(current_ref_unstamped->linear.x)
[3.213s]       |                                             [01;31m[K^[m[K
[3.213s]       |                                             [32m[K::[m[K
[3.213s] [01m[K/home/duser/clearpath_mecanum_drive_controller-ros2ws/src/ros2_controllers/mecanum_drive_controller/src/mecanum_drive_controller.cpp:396:5:[m[K [01;31m[Kerror: [m[Kexpected ‘[01m[K,[m[K’ or ‘[01m[K;[m[K’ before ‘[01m[K}[m[K’ token
[3.213s]   396 |     [01;31m[K}[m[K
[3.214s]       |     [01;31m[K^[m[K
[3.214s] [01m[K/home/duser/clearpath_mecanum_drive_controller-ros2ws/src/ros2_controllers/mecanum_drive_controller/src/mecanum_drive_controller.cpp:397:12:[m[K [01;31m[Kerror: [m[Kfound ‘[01m[K:[m[K’ in nested-name-specifier, expected ‘[01m[K::[m[K’
[3.214s]   397 |     if (std[01;31m[K:[m[Kisnan(current_ref_unstamped->linear.y)){
[3.214s]       |            [01;31m[K^[m[K
[3.214s]       |            [32m[K::[m[K
[3.214s] [01m[K/home/duser/clearpath_mecanum_drive_controller-ros2ws/src/ros2_controllers/mecanum_drive_controller/src/mecanum_drive_controller.cpp:399:5:[m[K [01;31m[Kerror: [m[Kexpected ‘[01m[K;[m[K’ before ‘[01m[K}[m[K’ token
[3.214s]   399 |     [01;31m[K}[m[K else {
[3.214s]       |     [01;31m[K^[m[K
[3.214s] [01m[K/home/duser/clearpath_mecanum_drive_controller-ros2ws/src/ros2_controllers/mecanum_drive_controller/src/mecanum_drive_controller.cpp:400:45:[m[K [01;31m[Kerror: [m[Kfound ‘[01m[K:[m[K’ in nested-name-specifier, expected ‘[01m[K::[m[K’
[3.214s]   400 |       std::string strx = "linear.y = " + std[01;31m[K:[m[Kto_string(current_ref_unstamped->linear.y)
[3.214s]       |                                             [01;31m[K^[m[K
[3.214s]       |                                             [32m[K::[m[K
[3.215s] [01m[K/home/duser/clearpath_mecanum_drive_controller-ros2ws/src/ros2_controllers/mecanum_drive_controller/src/mecanum_drive_controller.cpp:401:5:[m[K [01;31m[Kerror: [m[Kexpected ‘[01m[K,[m[K’ or ‘[01m[K;[m[K’ before ‘[01m[K}[m[K’ token
[3.215s]   401 |     [01;31m[K}[m[K
[3.215s]       |     [01;31m[K^[m[K
[3.215s] [01m[K/home/duser/clearpath_mecanum_drive_controller-ros2ws/src/ros2_controllers/mecanum_drive_controller/src/mecanum_drive_controller.cpp:402:12:[m[K [01;31m[Kerror: [m[Kfound ‘[01m[K:[m[K’ in nested-name-specifier, expected ‘[01m[K::[m[K’
[3.215s]   402 |     if (std[01;31m[K:[m[Kisnan(current_ref_unstamped->angular.z)){
[3.215s]       |            [01;31m[K^[m[K
[3.215s]       |            [32m[K::[m[K
[3.215s] [01m[K/home/duser/clearpath_mecanum_drive_controller-ros2ws/src/ros2_controllers/mecanum_drive_controller/src/mecanum_drive_controller.cpp:404:5:[m[K [01;31m[Kerror: [m[Kexpected ‘[01m[K;[m[K’ before ‘[01m[K}[m[K’ token
[3.215s]   404 |     [01;31m[K}[m[K else {
[3.215s]       |     [01;31m[K^[m[K
[3.215s] [01m[K/home/duser/clearpath_mecanum_drive_controller-ros2ws/src/ros2_controllers/mecanum_drive_controller/src/mecanum_drive_controller.cpp:405:46:[m[K [01;31m[Kerror: [m[Kfound ‘[01m[K:[m[K’ in nested-name-specifier, expected ‘[01m[K::[m[K’
[3.215s]   405 |       std::string strx = "angular.z = " + std[01;31m[K:[m[Kto_string(current_ref_unstamped->angular.z)
[3.215s]       |                                              [01;31m[K^[m[K
[3.215s]       |                                              [32m[K::[m[K
[3.215s] [01m[K/home/duser/clearpath_mecanum_drive_controller-ros2ws/src/ros2_controllers/mecanum_drive_controller/src/mecanum_drive_controller.cpp:406:5:[m[K [01;31m[Kerror: [m[Kexpected ‘[01m[K,[m[K’ or ‘[01m[K;[m[K’ before ‘[01m[K}[m[K’ token
[3.215s]   406 |     [01;31m[K}[m[K
[3.215s]       |     [01;31m[K^[m[K
[6.428s] gmake[2]: *** [CMakeFiles/mecanum_drive_controller.dir/build.make:76: CMakeFiles/mecanum_drive_controller.dir/src/mecanum_drive_controller.cpp.o] Error 1
[6.429s] gmake[1]: *** [CMakeFiles/Makefile2:208: CMakeFiles/mecanum_drive_controller.dir/all] Error 2
[6.429s] gmake: *** [Makefile:146: all] Error 2
[6.439s] Invoked command in '/home/duser/clearpath_mecanum_drive_controller-ros2ws/build/mecanum_drive_controller' returned '2': CMAKE_PREFIX_PATH=${CMAKE_PREFIX_PATH}:/opt/ros/humble /usr/bin/cmake --build /home/duser/clearpath_mecanum_drive_controller-ros2ws/build/mecanum_drive_controller -- -j12 -l12
