[0.046s] Invoking command in '/home/duser/ros2_kortex-ros2ws/build/serial': CMAKE_PREFIX_PATH=${CMAKE_PREFIX_PATH}:/opt/ros/humble /usr/bin/cmake --build /home/duser/ros2_kortex-ros2ws/build/serial -- -j12 -l12
[0.126s] [35m[1mConsolidate compiler generated dependencies of target serial[0m
[0.172s] [100%] Built target serial
[0.499s] Invoked command in '/home/duser/ros2_kortex-ros2ws/build/serial' returned '0': CMAKE_PREFIX_PATH=${CMAKE_PREFIX_PATH}:/opt/ros/humble /usr/bin/cmake --build /home/duser/ros2_kortex-ros2ws/build/serial -- -j12 -l12
[0.589s] Invoking command in '/home/duser/ros2_kortex-ros2ws/build/serial': CMAKE_PREFIX_PATH=${CMAKE_PREFIX_PATH}:/opt/ros/humble /usr/bin/cmake --install /home/duser/ros2_kortex-ros2ws/build/serial
[0.612s] -- Install configuration: "Release"
[0.613s] -- Installing: /home/duser/ros2_kortex-ros2ws/install/serial/lib/libserial.a
[0.614s] -- Installing: /home/duser/ros2_kortex-ros2ws/install/serial/include
[0.617s] -- Installing: /home/duser/ros2_kortex-ros2ws/install/serial/include/serial
[0.626s] -- Installing: /home/duser/ros2_kortex-ros2ws/install/serial/include/serial/impl
[0.626s] -- Installing: /home/duser/ros2_kortex-ros2ws/install/serial/include/serial/impl/unix.h
[0.627s] -- Installing: /home/duser/ros2_kortex-ros2ws/install/serial/include/serial/impl/win.h
[0.628s] -- Installing: /home/duser/ros2_kortex-ros2ws/install/serial/include/serial/serial.h
[0.629s] -- Installing: /home/duser/ros2_kortex-ros2ws/install/serial/include/serial/v8stdint.h
[0.630s] -- Installing: /home/duser/ros2_kortex-ros2ws/install/serial/share/serial/environment/library_path.sh
[0.632s] -- Installing: /home/duser/ros2_kortex-ros2ws/install/serial/share/serial/environment/library_path.dsv
[0.634s] -- Installing: /home/duser/ros2_kortex-ros2ws/install/serial/share/ament_index/resource_index/package_run_dependencies/serial
[0.635s] -- Installing: /home/duser/ros2_kortex-ros2ws/install/serial/share/ament_index/resource_index/parent_prefix_path/serial
[0.636s] -- Installing: /home/duser/ros2_kortex-ros2ws/install/serial/share/serial/environment/ament_prefix_path.sh
[0.637s] -- Installing: /home/duser/ros2_kortex-ros2ws/install/serial/share/serial/environment/ament_prefix_path.dsv
[0.637s] -- Installing: /home/duser/ros2_kortex-ros2ws/install/serial/share/serial/environment/path.sh
[0.639s] -- Installing: /home/duser/ros2_kortex-ros2ws/install/serial/share/serial/environment/path.dsv
[0.640s] -- Installing: /home/duser/ros2_kortex-ros2ws/install/serial/share/serial/local_setup.bash
[0.640s] -- Installing: /home/duser/ros2_kortex-ros2ws/install/serial/share/serial/local_setup.sh
[0.641s] -- Installing: /home/duser/ros2_kortex-ros2ws/install/serial/share/serial/local_setup.zsh
[0.644s] -- Installing: /home/duser/ros2_kortex-ros2ws/install/serial/share/serial/local_setup.dsv
[0.644s] -- Installing: /home/duser/ros2_kortex-ros2ws/install/serial/share/serial/package.dsv
[0.645s] -- Installing: /home/duser/ros2_kortex-ros2ws/install/serial/share/ament_index/resource_index/packages/serial
[0.645s] -- Installing: /home/duser/ros2_kortex-ros2ws/install/serial/share/serial/cmake/export_serialExport.cmake
[0.646s] -- Installing: /home/duser/ros2_kortex-ros2ws/install/serial/share/serial/cmake/export_serialExport-release.cmake
[0.646s] -- Installing: /home/duser/ros2_kortex-ros2ws/install/serial/share/serial/cmake/ament_cmake_export_include_directories-extras.cmake
[0.646s] -- Installing: /home/duser/ros2_kortex-ros2ws/install/serial/share/serial/cmake/ament_cmake_export_libraries-extras.cmake
[0.647s] -- Installing: /home/duser/ros2_kortex-ros2ws/install/serial/share/serial/cmake/ament_cmake_export_targets-extras.cmake
[0.647s] -- Installing: /home/duser/ros2_kortex-ros2ws/install/serial/share/serial/cmake/serialConfig.cmake
[0.648s] -- Installing: /home/duser/ros2_kortex-ros2ws/install/serial/share/serial/cmake/serialConfig-version.cmake
[0.649s] -- Installing: /home/duser/ros2_kortex-ros2ws/install/serial/share/serial/package.xml
[0.667s] Invoked command in '/home/duser/ros2_kortex-ros2ws/build/serial' returned '0': CMAKE_PREFIX_PATH=${CMAKE_PREFIX_PATH}:/opt/ros/humble /usr/bin/cmake --install /home/duser/ros2_kortex-ros2ws/build/serial
