[0.042s] Invoking command in '/home/duser/ros2_kortex-ros2ws/build/controller_manager': AMENT_PREFIX_PATH=/home/duser/ros2_kortex-ros2ws/install/hardware_interface_testing:/home/duser/ros2_kortex-ros2ws/install/controller_interface:/home/duser/ros2_kortex-ros2ws/install/hardware_interface:/home/duser/ros2_kortex-ros2ws/install/controller_manager_msgs:/home/duser/ros2_kortex-ros2ws/install/control_msgs:${AMENT_PREFIX_PATH} CMAKE_PREFIX_PATH=/home/duser/ros2_kortex-ros2ws/install/hardware_interface_testing:/home/duser/ros2_kortex-ros2ws/install/controller_interface:/home/duser/ros2_kortex-ros2ws/install/hardware_interface:/home/duser/ros2_kortex-ros2ws/install/ros2_control_test_assets:/home/duser/ros2_kortex-ros2ws/install/controller_manager_msgs:/home/duser/ros2_kortex-ros2ws/install/control_msgs:/home/duser/ros2_kortex-ros2ws/install/serial:/home/duser/ros2_kortex-ros2ws/install/kortex_api:/opt/ros/humble LD_LIBRARY_PATH=/home/duser/ros2_kortex-ros2ws/install/hardware_interface_testing/lib:/home/duser/ros2_kortex-ros2ws/install/controller_interface/lib:/home/duser/ros2_kortex-ros2ws/install/hardware_interface/lib:/home/duser/ros2_kortex-ros2ws/install/controller_manager_msgs/lib:/home/duser/ros2_kortex-ros2ws/install/control_msgs/lib:${LD_LIBRARY_PATH} PYTHONPATH=/home/duser/ros2_kortex-ros2ws/install/controller_manager_msgs/local/lib/python3.10/dist-packages:/home/duser/ros2_kortex-ros2ws/install/control_msgs/local/lib/python3.10/dist-packages:${PYTHONPATH} /usr/bin/cmake /home/duser/ros2_kortex-ros2ws/src/ros2_control/controller_manager -DCMAKE_BUILD_TYPE=Release -DCMAKE_INSTALL_PREFIX=/home/duser/ros2_kortex-ros2ws/install/controller_manager
[0.157s] -- The C compiler identification is GNU 11.4.0
[0.260s] -- The CXX compiler identification is GNU 11.4.0
[0.273s] -- Detecting C compiler ABI info
[0.401s] -- Detecting C compiler ABI info - done
[0.411s] -- Check for working C compiler: /usr/bin/cc - skipped
[0.411s] -- Detecting C compile features
[0.411s] -- Detecting C compile features - done
[0.416s] -- Detecting CXX compiler ABI info
[0.555s] -- Detecting CXX compiler ABI info - done
[0.566s] -- Check for working CXX compiler: /usr/bin/c++ - skipped
[0.566s] -- Detecting CXX compile features
[0.567s] -- Detecting CXX compile features - done
[0.573s] -- Found ament_cmake: 1.3.8 (/opt/ros/humble/share/ament_cmake/cmake)
[0.810s] -- Found Python3: /usr/bin/python3 (found version "3.10.12") found components: Interpreter 
[0.984s] -- Found backward_ros: 1.0.2 (/opt/ros/humble/share/backward_ros/cmake)
[0.997s] -- Found libdw: /usr/lib/x86_64-linux-gnu/libdw.so  
[1.006s] -- Could NOT find libbfd (missing: LIBBFD_LIBRARY LIBBFD_INCLUDE_DIR) 
[1.006s] -- BACKWARD_HAS_UNWIND=1
[1.006s] -- BACKWARD_HAS_BACKTRACE=0
[1.006s] -- BACKWARD_HAS_BACKTRACE_SYMBOL=0
[1.006s] -- BACKWARD_HAS_DW=1
[1.007s] -- BACKWARD_HAS_BFD=0
[1.007s] -- Found Backward: /opt/ros/humble/share/backward_ros/cmake  
[1.011s] -- Found ament_index_cpp: 1.4.0 (/opt/ros/humble/share/ament_index_cpp/cmake)
[1.012s] -- Found controller_interface: 2.41.0 (/home/duser/ros2_kortex-ros2ws/install/controller_interface/share/controller_interface/cmake)
[1.083s] -- Found rosidl_generator_c: 3.1.5 (/opt/ros/humble/share/rosidl_generator_c/cmake)
[1.094s] -- Found rosidl_adapter: 3.1.5 (/opt/ros/humble/share/rosidl_adapter/cmake)
[1.107s] -- Found rosidl_generator_cpp: 3.1.5 (/opt/ros/humble/share/rosidl_generator_cpp/cmake)
[1.134s] -- Using all available rosidl_typesupport_c: rosidl_typesupport_fastrtps_c;rosidl_typesupport_introspection_c
[1.163s] -- Using all available rosidl_typesupport_cpp: rosidl_typesupport_fastrtps_cpp;rosidl_typesupport_introspection_cpp
[1.989s] -- Found rmw_implementation_cmake: 6.1.1 (/opt/ros/humble/share/rmw_implementation_cmake/cmake)
[1.995s] -- Found rmw_cyclonedds_cpp: 1.3.4 (/opt/ros/humble/share/rmw_cyclonedds_cpp/cmake)
[2.044s] -- Using RMW implementation 'rmw_cyclonedds_cpp' as default
[2.064s] -- Looking for pthread.h
[2.215s] -- Looking for pthread.h - found
[2.215s] -- Performing Test CMAKE_HAVE_LIBC_PTHREAD
[2.353s] -- Performing Test CMAKE_HAVE_LIBC_PTHREAD - Success
[2.354s] -- Found Threads: TRUE  
[2.662s] -- Found controller_manager_msgs: 2.41.0 (/home/duser/ros2_kortex-ros2ws/install/controller_manager_msgs/share/controller_manager_msgs/cmake)
[2.713s] -- Found realtime_tools: 2.5.0 (/opt/ros/humble/share/realtime_tools/cmake)
[3.168s] -- Found ament_cmake_gmock: 1.3.8 (/opt/ros/humble/share/ament_cmake_gmock/cmake)
[3.178s] -- Found ros2_control_test_assets: 2.41.0 (/home/duser/ros2_kortex-ros2ws/install/ros2_control_test_assets/share/ros2_control_test_assets/cmake)
[3.184s] -- Found gmock sources under '/opt/ros/humble/src/gmock_vendor': C++ tests using 'Google Mock' will be built
[3.193s] -- Found ament_cmake_gtest: 1.3.8 (/opt/ros/humble/share/ament_cmake_gtest/cmake)
[3.194s] -- Found gtest sources under '/opt/ros/humble/src/gtest_vendor': C++ tests using 'Google Test' will be built
[3.350s] -- Configuring done
[3.773s] -- Generating done
[3.777s] -- Build files have been written to: /home/duser/ros2_kortex-ros2ws/build/controller_manager
