[0.000000] (-) TimerEvent: {}
[0.000606] (mecanum_drive_controller) JobQueued: {'identifier': 'mecanum_drive_controller', 'dependencies': OrderedDict()}
[0.000680] (mecanum_drive_controller) JobStarted: {'identifier': 'mecanum_drive_controller'}
[0.016769] (mecanum_drive_controller) JobProgress: {'identifier': 'mecanum_drive_controller', 'progress': 'cmake'}
[0.018258] (mecanum_drive_controller) JobProgress: {'identifier': 'mecanum_drive_controller', 'progress': 'build'}
[0.019143] (mecanum_drive_controller) Command: {'cmd': ['/usr/bin/cmake', '--build', '/home/duser/clearpath_mecanum_drive_controller-ros2ws/build/mecanum_drive_controller', '--', '-j12', '-l12'], 'cwd': '/home/duser/clearpath_mecanum_drive_controller-ros2ws/build/mecanum_drive_controller', 'env': OrderedDict([('PYTHONWARNINGS', 'ignore:::setuptools.command.install,ignore:::setuptools.command.easy_install,ignore:::pkg_resources'), ('HOSTNAME', 'guillermo-ideapad3'), ('SHLVL', '1'), ('LD_LIBRARY_PATH', '/home/duser/clearpath_mecanum_drive_controller-ros2ws/install/mecanum_drive_controller/lib:/opt/ros/humble/opt/rviz_ogre_vendor/lib:/opt/ros/humble/lib/x86_64-linux-gnu:/opt/ros/humble/lib'), ('HOME', '/home/duser'), ('OLDPWD', '/home/duser'), ('ROS_PYTHON_VERSION', '3'), ('ROS_LOG_DIR', '/home/duser/rbkk3-ros2ws/log'), ('COLCON_PREFIX_PATH', '/home/duser/clearpath_mecanum_drive_controller-ros2ws/install'), ('ROS_DISTRO', 'humble'), ('_', '/usr/bin/colcon'), ('ROS_VERSION', '2'), ('TERM', 'xterm'), ('ROS_LOCALHOST_ONLY', '0'), ('QT_X11_NO_MITSHM', '1'), ('PATH', '/opt/ros/humble/bin:/usr/local/sbin:/usr/local/bin:/usr/sbin:/usr/bin:/sbin:/bin'), ('DISPLAY', ':0'), ('LANG', 'C.UTF-8'), ('RMW_IMPLEMENTATION', 'rmw_cyclonedds_cpp'), ('AMENT_PREFIX_PATH', '/home/duser/clearpath_mecanum_drive_controller-ros2ws/install/mecanum_drive_controller:/opt/ros/humble'), ('PWD', '/home/duser/clearpath_mecanum_drive_controller-ros2ws/build/mecanum_drive_controller'), ('LC_ALL', 'C.UTF-8'), ('PYTHONPATH', '/opt/ros/humble/lib/python3.10/site-packages:/opt/ros/humble/local/lib/python3.10/dist-packages'), ('COLCON', '1'), ('CMAKE_PREFIX_PATH', '/home/duser/clearpath_mecanum_drive_controller-ros2ws/install/mecanum_drive_controller:/opt/ros/humble')]), 'shell': False}
[0.098875] (mecanum_drive_controller) StdoutLine: {'line': b'[  6%] Built target mecanum_drive_controller_parameters\n'}
[0.099323] (mecanum_drive_controller) StdoutLine: {'line': b'[ 20%] Built target gmock_main\n'}
[0.099787] (-) TimerEvent: {}
[0.101579] (mecanum_drive_controller) StdoutLine: {'line': b'[ 40%] Built target gmock\n'}
[0.115341] (mecanum_drive_controller) StdoutLine: {'line': b'\x1b[35m\x1b[1mConsolidate compiler generated dependencies of target mecanum_drive_controller\x1b[0m\n'}
[0.139389] (mecanum_drive_controller) StdoutLine: {'line': b'[ 53%] Built target test_load_mecanum_drive_controller\n'}
[0.147107] (mecanum_drive_controller) StdoutLine: {'line': b'[ 60%] \x1b[32mBuilding CXX object CMakeFiles/mecanum_drive_controller.dir/src/mecanum_drive_controller.cpp.o\x1b[0m\n'}
[0.199910] (-) TimerEvent: {}
[0.300189] (-) TimerEvent: {}
[0.400504] (-) TimerEvent: {}
[0.500848] (-) TimerEvent: {}
[0.601161] (-) TimerEvent: {}
[0.701459] (-) TimerEvent: {}
[0.801702] (-) TimerEvent: {}
[0.902082] (-) TimerEvent: {}
[1.002460] (-) TimerEvent: {}
[1.102905] (-) TimerEvent: {}
[1.203643] (-) TimerEvent: {}
[1.304038] (-) TimerEvent: {}
[1.404421] (-) TimerEvent: {}
[1.504787] (-) TimerEvent: {}
[1.605119] (-) TimerEvent: {}
[1.705462] (-) TimerEvent: {}
[1.805826] (-) TimerEvent: {}
[1.906196] (-) TimerEvent: {}
[2.006667] (-) TimerEvent: {}
[2.107101] (-) TimerEvent: {}
[2.207481] (-) TimerEvent: {}
[2.307899] (-) TimerEvent: {}
[2.408307] (-) TimerEvent: {}
[2.508724] (-) TimerEvent: {}
[2.609129] (-) TimerEvent: {}
[2.709504] (-) TimerEvent: {}
[2.809803] (-) TimerEvent: {}
[2.910126] (-) TimerEvent: {}
[3.010440] (-) TimerEvent: {}
[3.107780] (mecanum_drive_controller) StderrLine: {'line': b'\x1b[01m\x1b[K/home/duser/clearpath_mecanum_drive_controller-ros2ws/src/ros2_controllers/mecanum_drive_controller/src/mecanum_drive_controller.cpp:\x1b[m\x1b[K In member function \xe2\x80\x98\x1b[01m\x1b[Kvirtual controller_interface::return_type mecanum_drive_controller::MecanumDriveController::update_reference_from_subscribers()\x1b[m\x1b[K\xe2\x80\x99:\n'}
[3.108002] (mecanum_drive_controller) StderrLine: {'line': b'\x1b[01m\x1b[K/home/duser/clearpath_mecanum_drive_controller-ros2ws/src/ros2_controllers/mecanum_drive_controller/src/mecanum_drive_controller.cpp:392:12:\x1b[m\x1b[K \x1b[01;31m\x1b[Kerror: \x1b[m\x1b[Kfound \xe2\x80\x98\x1b[01m\x1b[K:\x1b[m\x1b[K\xe2\x80\x99 in nested-name-specifier, expected \xe2\x80\x98\x1b[01m\x1b[K::\x1b[m\x1b[K\xe2\x80\x99\n'}
[3.108087] (mecanum_drive_controller) StderrLine: {'line': b'  392 |     if (std\x1b[01;31m\x1b[K:\x1b[m\x1b[Kisnan(current_ref_unstamped->linear.x)){\n'}
[3.108270] (mecanum_drive_controller) StderrLine: {'line': b'      |            \x1b[01;31m\x1b[K^\x1b[m\x1b[K\n'}
[3.108522] (mecanum_drive_controller) StderrLine: {'line': b'      |            \x1b[32m\x1b[K::\x1b[m\x1b[K\n'}
[3.108697] (mecanum_drive_controller) StderrLine: {'line': b'\x1b[01m\x1b[K/home/duser/clearpath_mecanum_drive_controller-ros2ws/src/ros2_controllers/mecanum_drive_controller/src/mecanum_drive_controller.cpp:395:45:\x1b[m\x1b[K \x1b[01;31m\x1b[Kerror: \x1b[m\x1b[Kfound \xe2\x80\x98\x1b[01m\x1b[K:\x1b[m\x1b[K\xe2\x80\x99 in nested-name-specifier, expected \xe2\x80\x98\x1b[01m\x1b[K::\x1b[m\x1b[K\xe2\x80\x99\n'}
[3.109004] (mecanum_drive_controller) StderrLine: {'line': b'  395 |       std::string strx = "linear.x = " + std\x1b[01;31m\x1b[K:\x1b[m\x1b[Kto_string(current_ref_unstamped->linear.x);\n'}
[3.109194] (mecanum_drive_controller) StderrLine: {'line': b'      |                                             \x1b[01;31m\x1b[K^\x1b[m\x1b[K\n'}
[3.109275] (mecanum_drive_controller) StderrLine: {'line': b'      |                                             \x1b[32m\x1b[K::\x1b[m\x1b[K\n'}
[3.109339] (mecanum_drive_controller) StderrLine: {'line': b'\x1b[01m\x1b[K/home/duser/clearpath_mecanum_drive_controller-ros2ws/src/ros2_controllers/mecanum_drive_controller/src/mecanum_drive_controller.cpp:399:12:\x1b[m\x1b[K \x1b[01;31m\x1b[Kerror: \x1b[m\x1b[Kfound \xe2\x80\x98\x1b[01m\x1b[K:\x1b[m\x1b[K\xe2\x80\x99 in nested-name-specifier, expected \xe2\x80\x98\x1b[01m\x1b[K::\x1b[m\x1b[K\xe2\x80\x99\n'}
[3.109404] (mecanum_drive_controller) StderrLine: {'line': b'  399 |     if (std\x1b[01;31m\x1b[K:\x1b[m\x1b[Kisnan(current_ref_unstamped->linear.y)){\n'}
[3.109465] (mecanum_drive_controller) StderrLine: {'line': b'      |            \x1b[01;31m\x1b[K^\x1b[m\x1b[K\n'}
[3.109599] (mecanum_drive_controller) StderrLine: {'line': b'      |            \x1b[32m\x1b[K::\x1b[m\x1b[K\n'}
[3.109669] (mecanum_drive_controller) StderrLine: {'line': b'\x1b[01m\x1b[K/home/duser/clearpath_mecanum_drive_controller-ros2ws/src/ros2_controllers/mecanum_drive_controller/src/mecanum_drive_controller.cpp:402:45:\x1b[m\x1b[K \x1b[01;31m\x1b[Kerror: \x1b[m\x1b[Kfound \xe2\x80\x98\x1b[01m\x1b[K:\x1b[m\x1b[K\xe2\x80\x99 in nested-name-specifier, expected \xe2\x80\x98\x1b[01m\x1b[K::\x1b[m\x1b[K\xe2\x80\x99\n'}
[3.109731] (mecanum_drive_controller) StderrLine: {'line': b'  402 |       std::string stry = "linear.y = " + std\x1b[01;31m\x1b[K:\x1b[m\x1b[Kto_string(current_ref_unstamped->linear.y);\n'}
[3.109790] (mecanum_drive_controller) StderrLine: {'line': b'      |                                             \x1b[01;31m\x1b[K^\x1b[m\x1b[K\n'}
[3.109847] (mecanum_drive_controller) StderrLine: {'line': b'      |                                             \x1b[32m\x1b[K::\x1b[m\x1b[K\n'}
[3.109903] (mecanum_drive_controller) StderrLine: {'line': b'\x1b[01m\x1b[K/home/duser/clearpath_mecanum_drive_controller-ros2ws/src/ros2_controllers/mecanum_drive_controller/src/mecanum_drive_controller.cpp:406:12:\x1b[m\x1b[K \x1b[01;31m\x1b[Kerror: \x1b[m\x1b[Kfound \xe2\x80\x98\x1b[01m\x1b[K:\x1b[m\x1b[K\xe2\x80\x99 in nested-name-specifier, expected \xe2\x80\x98\x1b[01m\x1b[K::\x1b[m\x1b[K\xe2\x80\x99\n'}
[3.109962] (mecanum_drive_controller) StderrLine: {'line': b'  406 |     if (std\x1b[01;31m\x1b[K:\x1b[m\x1b[Kisnan(current_ref_unstamped->angular.z)){\n'}
[3.110033] (mecanum_drive_controller) StderrLine: {'line': b'      |            \x1b[01;31m\x1b[K^\x1b[m\x1b[K\n'}
[3.110089] (mecanum_drive_controller) StderrLine: {'line': b'      |            \x1b[32m\x1b[K::\x1b[m\x1b[K\n'}
[3.110145] (mecanum_drive_controller) StderrLine: {'line': b'\x1b[01m\x1b[K/home/duser/clearpath_mecanum_drive_controller-ros2ws/src/ros2_controllers/mecanum_drive_controller/src/mecanum_drive_controller.cpp:409:46:\x1b[m\x1b[K \x1b[01;31m\x1b[Kerror: \x1b[m\x1b[Kfound \xe2\x80\x98\x1b[01m\x1b[K:\x1b[m\x1b[K\xe2\x80\x99 in nested-name-specifier, expected \xe2\x80\x98\x1b[01m\x1b[K::\x1b[m\x1b[K\xe2\x80\x99\n'}
[3.110202] (mecanum_drive_controller) StderrLine: {'line': b'  409 |       std::string strz = "angular.z = " + std\x1b[01;31m\x1b[K:\x1b[m\x1b[Kto_string(current_ref_unstamped->angular.z);\n'}
[3.110260] (mecanum_drive_controller) StderrLine: {'line': b'      |                                              \x1b[01;31m\x1b[K^\x1b[m\x1b[K\n'}
[3.110316] (mecanum_drive_controller) StderrLine: {'line': b'      |                                              \x1b[32m\x1b[K::\x1b[m\x1b[K\n'}
[3.110506] (-) TimerEvent: {}
[3.210767] (-) TimerEvent: {}
[3.311148] (-) TimerEvent: {}
[3.411486] (-) TimerEvent: {}
[3.511828] (-) TimerEvent: {}
[3.612185] (-) TimerEvent: {}
[3.712512] (-) TimerEvent: {}
[3.812864] (-) TimerEvent: {}
[3.913199] (-) TimerEvent: {}
[4.013556] (-) TimerEvent: {}
[4.113943] (-) TimerEvent: {}
[4.214246] (-) TimerEvent: {}
[4.314558] (-) TimerEvent: {}
[4.414894] (-) TimerEvent: {}
[4.515253] (-) TimerEvent: {}
[4.615611] (-) TimerEvent: {}
[4.715970] (-) TimerEvent: {}
[4.816331] (-) TimerEvent: {}
[4.916702] (-) TimerEvent: {}
[5.017063] (-) TimerEvent: {}
[5.117453] (-) TimerEvent: {}
[5.217784] (-) TimerEvent: {}
[5.318123] (-) TimerEvent: {}
[5.418465] (-) TimerEvent: {}
[5.518834] (-) TimerEvent: {}
[5.619195] (-) TimerEvent: {}
[5.719558] (-) TimerEvent: {}
[5.819900] (-) TimerEvent: {}
[5.920270] (-) TimerEvent: {}
[6.021493] (-) TimerEvent: {}
[6.121827] (-) TimerEvent: {}
[6.222177] (-) TimerEvent: {}
[6.322771] (-) TimerEvent: {}
[6.423217] (-) TimerEvent: {}
[6.481481] (mecanum_drive_controller) StderrLine: {'line': b'gmake[2]: *** [CMakeFiles/mecanum_drive_controller.dir/build.make:76: CMakeFiles/mecanum_drive_controller.dir/src/mecanum_drive_controller.cpp.o] Error 1\n'}
[6.481986] (mecanum_drive_controller) StderrLine: {'line': b'gmake[1]: *** [CMakeFiles/Makefile2:208: CMakeFiles/mecanum_drive_controller.dir/all] Error 2\n'}
[6.482305] (mecanum_drive_controller) StderrLine: {'line': b'gmake: *** [Makefile:146: all] Error 2\n'}
[6.485825] (mecanum_drive_controller) CommandEnded: {'returncode': 2}
[6.523360] (-) TimerEvent: {}
[6.574181] (mecanum_drive_controller) JobEnded: {'identifier': 'mecanum_drive_controller', 'rc': 2}
[6.584926] (-) EventReactorShutdown: {}
