[0.000000] (-) TimerEvent: {}
[0.000228] (mecanum_drive_controller) JobQueued: {'identifier': 'mecanum_drive_controller', 'dependencies': OrderedDict()}
[0.000258] (mecanum_drive_controller) JobStarted: {'identifier': 'mecanum_drive_controller'}
[0.013390] (mecanum_drive_controller) JobProgress: {'identifier': 'mecanum_drive_controller', 'progress': 'cmake'}
[0.014061] (mecanum_drive_controller) JobProgress: {'identifier': 'mecanum_drive_controller', 'progress': 'build'}
[0.014684] (mecanum_drive_controller) Command: {'cmd': ['/usr/bin/cmake', '--build', '/home/duser/clearpath_mecanum_drive_controller-ros2ws/build/mecanum_drive_controller', '--', '-j12', '-l12'], 'cwd': '/home/duser/clearpath_mecanum_drive_controller-ros2ws/build/mecanum_drive_controller', 'env': OrderedDict([('PYTHONWARNINGS', 'ignore:::setuptools.command.install,ignore:::setuptools.command.easy_install,ignore:::pkg_resources'), ('HOSTNAME', 'guillermo-ideapad3'), ('SHLVL', '1'), ('LD_LIBRARY_PATH', '/home/duser/clearpath_mecanum_drive_controller-ros2ws/install/mecanum_drive_controller/lib:/opt/ros/humble/opt/rviz_ogre_vendor/lib:/opt/ros/humble/lib/x86_64-linux-gnu:/opt/ros/humble/lib'), ('HOME', '/home/duser'), ('OLDPWD', '/home/duser'), ('ROS_PYTHON_VERSION', '3'), ('ROS_LOG_DIR', '/home/duser/rbkk3-ros2ws/log'), ('COLCON_PREFIX_PATH', '/home/duser/rbkk3-ros2ws/install:/home/duser/clearpath_mecanum_drive_controller-ros2ws/install'), ('ROS_DISTRO', 'humble'), ('_', '/usr/bin/colcon'), ('ROS_VERSION', '2'), ('TERM', 'xterm'), ('ROS_LOCALHOST_ONLY', '0'), ('QT_X11_NO_MITSHM', '1'), ('PATH', '/opt/ros/humble/bin:/usr/local/sbin:/usr/local/bin:/usr/sbin:/usr/bin:/sbin:/bin'), ('DISPLAY', ':0'), ('LANG', 'C.UTF-8'), ('RMW_IMPLEMENTATION', 'rmw_cyclonedds_cpp'), ('AMENT_PREFIX_PATH', '/home/duser/rbkk3-ros2ws/install/ridgeback_simulation:/home/duser/rbkk3-ros2ws/install/ridgeback_hardware:/home/duser/rbkk3-ros2ws/install/ridgeback_description:/home/duser/rbkk3-ros2ws/install/rbkk3_simulation:/home/duser/rbkk3-ros2ws/install/rbkk3_description:/home/duser/clearpath_mecanum_drive_controller-ros2ws/install/mecanum_drive_controller:/opt/ros/humble'), ('PWD', '/home/duser/clearpath_mecanum_drive_controller-ros2ws/build/mecanum_drive_controller'), ('LC_ALL', 'C.UTF-8'), ('PYTHONPATH', '/home/duser/rbkk3-ros2ws/build/ridgeback_simulation:/home/duser/rbkk3-ros2ws/install/ridgeback_simulation/lib/python3.10/site-packages:/home/duser/rbkk3-ros2ws/build/ridgeback_hardware:/home/duser/rbkk3-ros2ws/install/ridgeback_hardware/lib/python3.10/site-packages:/home/duser/rbkk3-ros2ws/build/ridgeback_description:/home/duser/rbkk3-ros2ws/install/ridgeback_description/lib/python3.10/site-packages:/home/duser/rbkk3-ros2ws/build/rbkk3_simulation:/home/duser/rbkk3-ros2ws/install/rbkk3_simulation/lib/python3.10/site-packages:/home/duser/rbkk3-ros2ws/build/rbkk3_description:/home/duser/rbkk3-ros2ws/install/rbkk3_description/lib/python3.10/site-packages:/opt/ros/humble/lib/python3.10/site-packages:/opt/ros/humble/local/lib/python3.10/dist-packages'), ('COLCON', '1'), ('CMAKE_PREFIX_PATH', '/home/duser/clearpath_mecanum_drive_controller-ros2ws/install/mecanum_drive_controller:/home/duser/rbkk3-ros2ws/install/ridgeback_simulation:/home/duser/rbkk3-ros2ws/install/ridgeback_hardware:/home/duser/rbkk3-ros2ws/install/ridgeback_description:/home/duser/rbkk3-ros2ws/install/rbkk3_simulation:/home/duser/rbkk3-ros2ws/install/rbkk3_description:/opt/ros/humble')]), 'shell': False}
[0.082663] (mecanum_drive_controller) StdoutLine: {'line': b'[  6%] Built target mecanum_drive_controller_parameters\n'}
[0.086355] (mecanum_drive_controller) StdoutLine: {'line': b'[ 20%] Built target gmock_main\n'}
[0.087401] (mecanum_drive_controller) StdoutLine: {'line': b'[ 40%] Built target gmock\n'}
[0.099427] (-) TimerEvent: {}
[0.100296] (mecanum_drive_controller) StdoutLine: {'line': b'\x1b[35m\x1b[1mConsolidate compiler generated dependencies of target mecanum_drive_controller\x1b[0m\n'}
[0.122677] (mecanum_drive_controller) StdoutLine: {'line': b'[ 53%] Built target test_load_mecanum_drive_controller\n'}
[0.131662] (mecanum_drive_controller) StdoutLine: {'line': b'[ 60%] \x1b[32mBuilding CXX object CMakeFiles/mecanum_drive_controller.dir/src/mecanum_drive_controller.cpp.o\x1b[0m\n'}
[0.199574] (-) TimerEvent: {}
[0.299989] (-) TimerEvent: {}
[0.400406] (-) TimerEvent: {}
[0.500814] (-) TimerEvent: {}
[0.601300] (-) TimerEvent: {}
[0.701795] (-) TimerEvent: {}
[0.802089] (-) TimerEvent: {}
[0.902442] (-) TimerEvent: {}
[1.002806] (-) TimerEvent: {}
[1.103162] (-) TimerEvent: {}
[1.203512] (-) TimerEvent: {}
[1.303857] (-) TimerEvent: {}
[1.404203] (-) TimerEvent: {}
[1.504557] (-) TimerEvent: {}
[1.604910] (-) TimerEvent: {}
[1.705254] (-) TimerEvent: {}
[1.805605] (-) TimerEvent: {}
[1.905990] (-) TimerEvent: {}
[2.006335] (-) TimerEvent: {}
[2.106681] (-) TimerEvent: {}
[2.207022] (-) TimerEvent: {}
[2.307358] (-) TimerEvent: {}
[2.407682] (-) TimerEvent: {}
[2.508024] (-) TimerEvent: {}
[2.608372] (-) TimerEvent: {}
[2.708747] (-) TimerEvent: {}
[2.809114] (-) TimerEvent: {}
[2.909461] (-) TimerEvent: {}
[3.009817] (-) TimerEvent: {}
[3.110174] (-) TimerEvent: {}
[3.210531] (-) TimerEvent: {}
[3.310917] (-) TimerEvent: {}
[3.411279] (-) TimerEvent: {}
[3.511627] (-) TimerEvent: {}
[3.611968] (-) TimerEvent: {}
[3.712326] (-) TimerEvent: {}
[3.812660] (-) TimerEvent: {}
[3.913001] (-) TimerEvent: {}
[4.013360] (-) TimerEvent: {}
[4.113762] (-) TimerEvent: {}
[4.214101] (-) TimerEvent: {}
[4.314427] (-) TimerEvent: {}
[4.414768] (-) TimerEvent: {}
[4.515131] (-) TimerEvent: {}
[4.615470] (-) TimerEvent: {}
[4.715878] (-) TimerEvent: {}
[4.816298] (-) TimerEvent: {}
[4.916717] (-) TimerEvent: {}
[5.017145] (-) TimerEvent: {}
[5.117552] (-) TimerEvent: {}
[5.217941] (-) TimerEvent: {}
[5.318551] (-) TimerEvent: {}
[5.419036] (-) TimerEvent: {}
[5.519408] (-) TimerEvent: {}
[5.619740] (-) TimerEvent: {}
[5.720151] (-) TimerEvent: {}
[5.820570] (-) TimerEvent: {}
[5.921301] (-) TimerEvent: {}
[6.021896] (-) TimerEvent: {}
[6.122309] (-) TimerEvent: {}
[6.222883] (-) TimerEvent: {}
[6.323287] (-) TimerEvent: {}
[6.423729] (-) TimerEvent: {}
[6.524162] (-) TimerEvent: {}
[6.624556] (-) TimerEvent: {}
[6.724965] (-) TimerEvent: {}
[6.825363] (-) TimerEvent: {}
[6.925786] (-) TimerEvent: {}
[7.026225] (-) TimerEvent: {}
[7.126677] (-) TimerEvent: {}
[7.227101] (-) TimerEvent: {}
[7.328162] (-) TimerEvent: {}
[7.428585] (-) TimerEvent: {}
[7.528987] (-) TimerEvent: {}
[7.629383] (-) TimerEvent: {}
[7.729742] (-) TimerEvent: {}
[7.830067] (-) TimerEvent: {}
[7.930654] (-) TimerEvent: {}
[8.031050] (-) TimerEvent: {}
[8.131437] (-) TimerEvent: {}
[8.231822] (-) TimerEvent: {}
[8.332204] (-) TimerEvent: {}
[8.432589] (-) TimerEvent: {}
[8.532978] (-) TimerEvent: {}
[8.633396] (-) TimerEvent: {}
[8.733831] (-) TimerEvent: {}
[8.834293] (-) TimerEvent: {}
[8.934760] (-) TimerEvent: {}
[9.035165] (-) TimerEvent: {}
[9.135570] (-) TimerEvent: {}
[9.236014] (-) TimerEvent: {}
[9.336328] (-) TimerEvent: {}
[9.436622] (-) TimerEvent: {}
[9.536916] (-) TimerEvent: {}
[9.637245] (-) TimerEvent: {}
[9.737632] (-) TimerEvent: {}
[9.838034] (-) TimerEvent: {}
[9.938412] (-) TimerEvent: {}
[10.038876] (-) TimerEvent: {}
[10.139275] (-) TimerEvent: {}
[10.239686] (-) TimerEvent: {}
[10.340103] (-) TimerEvent: {}
[10.440526] (-) TimerEvent: {}
[10.540947] (-) TimerEvent: {}
[10.641608] (-) TimerEvent: {}
[10.742089] (-) TimerEvent: {}
[10.842550] (-) TimerEvent: {}
[10.942996] (-) TimerEvent: {}
[11.043370] (-) TimerEvent: {}
[11.143830] (-) TimerEvent: {}
[11.244239] (-) TimerEvent: {}
[11.344803] (-) TimerEvent: {}
[11.445277] (-) TimerEvent: {}
[11.545736] (-) TimerEvent: {}
[11.646192] (-) TimerEvent: {}
[11.746610] (-) TimerEvent: {}
[11.847014] (-) TimerEvent: {}
[11.947509] (-) TimerEvent: {}
[12.047978] (-) TimerEvent: {}
[12.148615] (-) TimerEvent: {}
[12.207354] (mecanum_drive_controller) StdoutLine: {'line': b'[ 66%] \x1b[32m\x1b[1mLinking CXX shared library libmecanum_drive_controller.so\x1b[0m\n'}
[12.248788] (-) TimerEvent: {}
[12.349286] (-) TimerEvent: {}
[12.449787] (-) TimerEvent: {}
[12.550257] (-) TimerEvent: {}
[12.650922] (-) TimerEvent: {}
[12.751518] (-) TimerEvent: {}
[12.851950] (-) TimerEvent: {}
[12.952364] (-) TimerEvent: {}
[13.052765] (-) TimerEvent: {}
[13.153161] (-) TimerEvent: {}
[13.253507] (-) TimerEvent: {}
[13.353809] (-) TimerEvent: {}
[13.454103] (-) TimerEvent: {}
[13.466473] (mecanum_drive_controller) StdoutLine: {'line': b'[ 73%] Built target mecanum_drive_controller\n'}
[13.502181] (mecanum_drive_controller) StdoutLine: {'line': b'[ 80%] \x1b[32m\x1b[1mLinking CXX executable test_mecanum_drive_controller_preceeding\x1b[0m\n'}
[13.502879] (mecanum_drive_controller) StdoutLine: {'line': b'[ 86%] \x1b[32m\x1b[1mLinking CXX executable test_mecanum_drive_controller\x1b[0m\n'}
[13.554262] (-) TimerEvent: {}
[13.654751] (-) TimerEvent: {}
[13.755303] (-) TimerEvent: {}
[13.855833] (-) TimerEvent: {}
[13.956334] (-) TimerEvent: {}
[14.056828] (-) TimerEvent: {}
[14.157459] (-) TimerEvent: {}
[14.258023] (-) TimerEvent: {}
[14.358656] (-) TimerEvent: {}
[14.459198] (-) TimerEvent: {}
[14.559802] (-) TimerEvent: {}
[14.660440] (-) TimerEvent: {}
[14.761012] (-) TimerEvent: {}
[14.861629] (-) TimerEvent: {}
[14.962170] (-) TimerEvent: {}
[15.062715] (-) TimerEvent: {}
[15.163184] (-) TimerEvent: {}
[15.206871] (mecanum_drive_controller) StdoutLine: {'line': b'[ 93%] Built target test_mecanum_drive_controller_preceeding\n'}
[15.263352] (-) TimerEvent: {}
[15.363760] (-) TimerEvent: {}
[15.464142] (-) TimerEvent: {}
[15.564524] (-) TimerEvent: {}
[15.664916] (-) TimerEvent: {}
[15.765325] (-) TimerEvent: {}
[15.770109] (mecanum_drive_controller) StdoutLine: {'line': b'[100%] Built target test_mecanum_drive_controller\n'}
[15.783505] (mecanum_drive_controller) CommandEnded: {'returncode': 0}
[15.836213] (mecanum_drive_controller) JobProgress: {'identifier': 'mecanum_drive_controller', 'progress': 'install'}
[15.847036] (mecanum_drive_controller) Command: {'cmd': ['/usr/bin/cmake', '--install', '/home/duser/clearpath_mecanum_drive_controller-ros2ws/build/mecanum_drive_controller'], 'cwd': '/home/duser/clearpath_mecanum_drive_controller-ros2ws/build/mecanum_drive_controller', 'env': OrderedDict([('PYTHONWARNINGS', 'ignore:::setuptools.command.install,ignore:::setuptools.command.easy_install,ignore:::pkg_resources'), ('HOSTNAME', 'guillermo-ideapad3'), ('SHLVL', '1'), ('LD_LIBRARY_PATH', '/home/duser/clearpath_mecanum_drive_controller-ros2ws/install/mecanum_drive_controller/lib:/opt/ros/humble/opt/rviz_ogre_vendor/lib:/opt/ros/humble/lib/x86_64-linux-gnu:/opt/ros/humble/lib'), ('HOME', '/home/duser'), ('OLDPWD', '/home/duser'), ('ROS_PYTHON_VERSION', '3'), ('ROS_LOG_DIR', '/home/duser/rbkk3-ros2ws/log'), ('COLCON_PREFIX_PATH', '/home/duser/rbkk3-ros2ws/install:/home/duser/clearpath_mecanum_drive_controller-ros2ws/install'), ('ROS_DISTRO', 'humble'), ('_', '/usr/bin/colcon'), ('ROS_VERSION', '2'), ('TERM', 'xterm'), ('ROS_LOCALHOST_ONLY', '0'), ('QT_X11_NO_MITSHM', '1'), ('PATH', '/opt/ros/humble/bin:/usr/local/sbin:/usr/local/bin:/usr/sbin:/usr/bin:/sbin:/bin'), ('DISPLAY', ':0'), ('LANG', 'C.UTF-8'), ('RMW_IMPLEMENTATION', 'rmw_cyclonedds_cpp'), ('AMENT_PREFIX_PATH', '/home/duser/rbkk3-ros2ws/install/ridgeback_simulation:/home/duser/rbkk3-ros2ws/install/ridgeback_hardware:/home/duser/rbkk3-ros2ws/install/ridgeback_description:/home/duser/rbkk3-ros2ws/install/rbkk3_simulation:/home/duser/rbkk3-ros2ws/install/rbkk3_description:/home/duser/clearpath_mecanum_drive_controller-ros2ws/install/mecanum_drive_controller:/opt/ros/humble'), ('PWD', '/home/duser/clearpath_mecanum_drive_controller-ros2ws/build/mecanum_drive_controller'), ('LC_ALL', 'C.UTF-8'), ('PYTHONPATH', '/home/duser/rbkk3-ros2ws/build/ridgeback_simulation:/home/duser/rbkk3-ros2ws/install/ridgeback_simulation/lib/python3.10/site-packages:/home/duser/rbkk3-ros2ws/build/ridgeback_hardware:/home/duser/rbkk3-ros2ws/install/ridgeback_hardware/lib/python3.10/site-packages:/home/duser/rbkk3-ros2ws/build/ridgeback_description:/home/duser/rbkk3-ros2ws/install/ridgeback_description/lib/python3.10/site-packages:/home/duser/rbkk3-ros2ws/build/rbkk3_simulation:/home/duser/rbkk3-ros2ws/install/rbkk3_simulation/lib/python3.10/site-packages:/home/duser/rbkk3-ros2ws/build/rbkk3_description:/home/duser/rbkk3-ros2ws/install/rbkk3_description/lib/python3.10/site-packages:/opt/ros/humble/lib/python3.10/site-packages:/opt/ros/humble/local/lib/python3.10/dist-packages'), ('COLCON', '1'), ('CMAKE_PREFIX_PATH', '/home/duser/clearpath_mecanum_drive_controller-ros2ws/install/mecanum_drive_controller:/home/duser/rbkk3-ros2ws/install/ridgeback_simulation:/home/duser/rbkk3-ros2ws/install/ridgeback_hardware:/home/duser/rbkk3-ros2ws/install/ridgeback_description:/home/duser/rbkk3-ros2ws/install/rbkk3_simulation:/home/duser/rbkk3-ros2ws/install/rbkk3_description:/opt/ros/humble')]), 'shell': False}
[15.857315] (mecanum_drive_controller) StdoutLine: {'line': b'-- Install configuration: ""\n'}
[15.857530] (mecanum_drive_controller) StdoutLine: {'line': b'-- Up-to-date: /home/duser/clearpath_mecanum_drive_controller-ros2ws/install/mecanum_drive_controller/include/mecanum_drive_controller_parameters\n'}
[15.857669] (mecanum_drive_controller) StdoutLine: {'line': b'-- Up-to-date: /home/duser/clearpath_mecanum_drive_controller-ros2ws/install/mecanum_drive_controller/include/mecanum_drive_controller_parameters/mecanum_drive_controller_parameters.hpp\n'}
[15.857748] (mecanum_drive_controller) StdoutLine: {'line': b'-- Up-to-date: /home/duser/clearpath_mecanum_drive_controller-ros2ws/install/mecanum_drive_controller/share/mecanum_drive_controller/mecanum_drive_controller.xml\n'}
[15.858025] (mecanum_drive_controller) StdoutLine: {'line': b'-- Up-to-date: /home/duser/clearpath_mecanum_drive_controller-ros2ws/install/mecanum_drive_controller/include/mecanum_drive_controller\n'}
[15.858128] (mecanum_drive_controller) StdoutLine: {'line': b'-- Up-to-date: /home/duser/clearpath_mecanum_drive_controller-ros2ws/install/mecanum_drive_controller/include/mecanum_drive_controller/mecanum_drive_controller\n'}
[15.858256] (mecanum_drive_controller) StdoutLine: {'line': b'-- Up-to-date: /home/duser/clearpath_mecanum_drive_controller-ros2ws/install/mecanum_drive_controller/include/mecanum_drive_controller/mecanum_drive_controller/odometry.hpp\n'}
[15.858356] (mecanum_drive_controller) StdoutLine: {'line': b'-- Up-to-date: /home/duser/clearpath_mecanum_drive_controller-ros2ws/install/mecanum_drive_controller/include/mecanum_drive_controller/mecanum_drive_controller/visibility_control.h\n'}
[15.858431] (mecanum_drive_controller) StdoutLine: {'line': b'-- Up-to-date: /home/duser/clearpath_mecanum_drive_controller-ros2ws/install/mecanum_drive_controller/include/mecanum_drive_controller/mecanum_drive_controller/mecanum_drive_controller.hpp\n'}
[15.858562] (mecanum_drive_controller) StdoutLine: {'line': b'-- Installing: /home/duser/clearpath_mecanum_drive_controller-ros2ws/install/mecanum_drive_controller/lib/libmecanum_drive_controller.so\n'}
[15.865434] (-) TimerEvent: {}
[15.880469] (mecanum_drive_controller) StdoutLine: {'line': b'-- Set runtime path of "/home/duser/clearpath_mecanum_drive_controller-ros2ws/install/mecanum_drive_controller/lib/libmecanum_drive_controller.so" to ""\n'}
[15.880752] (mecanum_drive_controller) StdoutLine: {'line': b'-- Up-to-date: /home/duser/clearpath_mecanum_drive_controller-ros2ws/install/mecanum_drive_controller/share/mecanum_drive_controller/environment/library_path.sh\n'}
[15.880848] (mecanum_drive_controller) StdoutLine: {'line': b'-- Up-to-date: /home/duser/clearpath_mecanum_drive_controller-ros2ws/install/mecanum_drive_controller/share/mecanum_drive_controller/environment/library_path.dsv\n'}
[15.880996] (mecanum_drive_controller) StdoutLine: {'line': b'-- Up-to-date: /home/duser/clearpath_mecanum_drive_controller-ros2ws/install/mecanum_drive_controller/share/ament_index/resource_index/package_run_dependencies/mecanum_drive_controller\n'}
[15.881083] (mecanum_drive_controller) StdoutLine: {'line': b'-- Up-to-date: /home/duser/clearpath_mecanum_drive_controller-ros2ws/install/mecanum_drive_controller/share/ament_index/resource_index/parent_prefix_path/mecanum_drive_controller\n'}
[15.881167] (mecanum_drive_controller) StdoutLine: {'line': b'-- Up-to-date: /home/duser/clearpath_mecanum_drive_controller-ros2ws/install/mecanum_drive_controller/share/mecanum_drive_controller/environment/ament_prefix_path.sh\n'}
[15.881269] (mecanum_drive_controller) StdoutLine: {'line': b'-- Up-to-date: /home/duser/clearpath_mecanum_drive_controller-ros2ws/install/mecanum_drive_controller/share/mecanum_drive_controller/environment/ament_prefix_path.dsv\n'}
[15.881353] (mecanum_drive_controller) StdoutLine: {'line': b'-- Up-to-date: /home/duser/clearpath_mecanum_drive_controller-ros2ws/install/mecanum_drive_controller/share/mecanum_drive_controller/environment/path.sh\n'}
[15.881449] (mecanum_drive_controller) StdoutLine: {'line': b'-- Up-to-date: /home/duser/clearpath_mecanum_drive_controller-ros2ws/install/mecanum_drive_controller/share/mecanum_drive_controller/environment/path.dsv\n'}
[15.881533] (mecanum_drive_controller) StdoutLine: {'line': b'-- Up-to-date: /home/duser/clearpath_mecanum_drive_controller-ros2ws/install/mecanum_drive_controller/share/mecanum_drive_controller/local_setup.bash\n'}
[15.881647] (mecanum_drive_controller) StdoutLine: {'line': b'-- Up-to-date: /home/duser/clearpath_mecanum_drive_controller-ros2ws/install/mecanum_drive_controller/share/mecanum_drive_controller/local_setup.sh\n'}
[15.881733] (mecanum_drive_controller) StdoutLine: {'line': b'-- Up-to-date: /home/duser/clearpath_mecanum_drive_controller-ros2ws/install/mecanum_drive_controller/share/mecanum_drive_controller/local_setup.zsh\n'}
[15.881839] (mecanum_drive_controller) StdoutLine: {'line': b'-- Up-to-date: /home/duser/clearpath_mecanum_drive_controller-ros2ws/install/mecanum_drive_controller/share/mecanum_drive_controller/local_setup.dsv\n'}
[15.881920] (mecanum_drive_controller) StdoutLine: {'line': b'-- Installing: /home/duser/clearpath_mecanum_drive_controller-ros2ws/install/mecanum_drive_controller/share/mecanum_drive_controller/package.dsv\n'}
[15.882006] (mecanum_drive_controller) StdoutLine: {'line': b'-- Up-to-date: /home/duser/clearpath_mecanum_drive_controller-ros2ws/install/mecanum_drive_controller/share/ament_index/resource_index/packages/mecanum_drive_controller\n'}
[15.882088] (mecanum_drive_controller) StdoutLine: {'line': b'-- Up-to-date: /home/duser/clearpath_mecanum_drive_controller-ros2ws/install/mecanum_drive_controller/share/ament_index/resource_index/controller_interface__pluginlib__plugin/mecanum_drive_controller\n'}
[15.882218] (mecanum_drive_controller) StdoutLine: {'line': b'-- Up-to-date: /home/duser/clearpath_mecanum_drive_controller-ros2ws/install/mecanum_drive_controller/share/mecanum_drive_controller/cmake/export_mecanum_drive_controllerExport.cmake\n'}
[15.882303] (mecanum_drive_controller) StdoutLine: {'line': b'-- Up-to-date: /home/duser/clearpath_mecanum_drive_controller-ros2ws/install/mecanum_drive_controller/share/mecanum_drive_controller/cmake/export_mecanum_drive_controllerExport-noconfig.cmake\n'}
[15.882389] (mecanum_drive_controller) StdoutLine: {'line': b'-- Up-to-date: /home/duser/clearpath_mecanum_drive_controller-ros2ws/install/mecanum_drive_controller/share/mecanum_drive_controller/cmake/ament_cmake_export_targets-extras.cmake\n'}
[15.882467] (mecanum_drive_controller) StdoutLine: {'line': b'-- Up-to-date: /home/duser/clearpath_mecanum_drive_controller-ros2ws/install/mecanum_drive_controller/share/mecanum_drive_controller/cmake/ament_cmake_export_dependencies-extras.cmake\n'}
[15.882545] (mecanum_drive_controller) StdoutLine: {'line': b'-- Up-to-date: /home/duser/clearpath_mecanum_drive_controller-ros2ws/install/mecanum_drive_controller/share/mecanum_drive_controller/cmake/mecanum_drive_controllerConfig.cmake\n'}
[15.882643] (mecanum_drive_controller) StdoutLine: {'line': b'-- Up-to-date: /home/duser/clearpath_mecanum_drive_controller-ros2ws/install/mecanum_drive_controller/share/mecanum_drive_controller/cmake/mecanum_drive_controllerConfig-version.cmake\n'}
[15.882719] (mecanum_drive_controller) StdoutLine: {'line': b'-- Up-to-date: /home/duser/clearpath_mecanum_drive_controller-ros2ws/install/mecanum_drive_controller/share/mecanum_drive_controller/package.xml\n'}
[15.884739] (mecanum_drive_controller) CommandEnded: {'returncode': 0}
[15.963837] (mecanum_drive_controller) JobEnded: {'identifier': 'mecanum_drive_controller', 'rc': 0}
[15.964693] (-) EventReactorShutdown: {}
