[0.000000] (-) TimerEvent: {}
[0.000503] (mecanum_drive_controller) JobQueued: {'identifier': 'mecanum_drive_controller', 'dependencies': OrderedDict()}
[0.000538] (mecanum_drive_controller) JobStarted: {'identifier': 'mecanum_drive_controller'}
[0.017465] (mecanum_drive_controller) JobProgress: {'identifier': 'mecanum_drive_controller', 'progress': 'cmake'}
[0.018624] (mecanum_drive_controller) JobProgress: {'identifier': 'mecanum_drive_controller', 'progress': 'build'}
[0.019305] (mecanum_drive_controller) Command: {'cmd': ['/usr/bin/cmake', '--build', '/home/duser/clearpath_mecanum_drive_controller-ros2ws/build/mecanum_drive_controller', '--', '-j12', '-l12'], 'cwd': '/home/duser/clearpath_mecanum_drive_controller-ros2ws/build/mecanum_drive_controller', 'env': OrderedDict([('PYTHONWARNINGS', 'ignore:::setuptools.command.install,ignore:::setuptools.command.easy_install,ignore:::pkg_resources'), ('HOSTNAME', 'guillermo-ideapad3'), ('SHLVL', '1'), ('LD_LIBRARY_PATH', '/home/duser/clearpath_mecanum_drive_controller-ros2ws/install/mecanum_drive_controller/lib:/opt/ros/humble/opt/rviz_ogre_vendor/lib:/opt/ros/humble/lib/x86_64-linux-gnu:/opt/ros/humble/lib'), ('HOME', '/home/duser'), ('OLDPWD', '/home/duser'), ('ROS_PYTHON_VERSION', '3'), ('ROS_LOG_DIR', '/home/duser/rbkk3-ros2ws/log'), ('COLCON_PREFIX_PATH', '/home/duser/clearpath_mecanum_drive_controller-ros2ws/install'), ('ROS_DISTRO', 'humble'), ('_', '/usr/bin/colcon'), ('ROS_VERSION', '2'), ('TERM', 'xterm'), ('ROS_LOCALHOST_ONLY', '0'), ('QT_X11_NO_MITSHM', '1'), ('PATH', '/opt/ros/humble/bin:/usr/local/sbin:/usr/local/bin:/usr/sbin:/usr/bin:/sbin:/bin'), ('DISPLAY', ':0'), ('LANG', 'C.UTF-8'), ('RMW_IMPLEMENTATION', 'rmw_cyclonedds_cpp'), ('AMENT_PREFIX_PATH', '/home/duser/clearpath_mecanum_drive_controller-ros2ws/install/mecanum_drive_controller:/opt/ros/humble'), ('PWD', '/home/duser/clearpath_mecanum_drive_controller-ros2ws/build/mecanum_drive_controller'), ('LC_ALL', 'C.UTF-8'), ('PYTHONPATH', '/opt/ros/humble/lib/python3.10/site-packages:/opt/ros/humble/local/lib/python3.10/dist-packages'), ('COLCON', '1'), ('CMAKE_PREFIX_PATH', '/home/duser/clearpath_mecanum_drive_controller-ros2ws/install/mecanum_drive_controller:/opt/ros/humble')]), 'shell': False}
[0.099731] (-) TimerEvent: {}
[0.139792] (mecanum_drive_controller) StdoutLine: {'line': b'[  6%] Built target mecanum_drive_controller_parameters\n'}
[0.159386] (mecanum_drive_controller) StdoutLine: {'line': b'[ 20%] Built target gmock_main\n'}
[0.160263] (mecanum_drive_controller) StdoutLine: {'line': b'[ 40%] Built target gmock\n'}
[0.199901] (-) TimerEvent: {}
[0.202835] (mecanum_drive_controller) StdoutLine: {'line': b'[ 53%] Built target test_load_mecanum_drive_controller\n'}
[0.204441] (mecanum_drive_controller) StdoutLine: {'line': b'[ 60%] \x1b[32mBuilding CXX object CMakeFiles/mecanum_drive_controller.dir/src/mecanum_drive_controller.cpp.o\x1b[0m\n'}
[0.300068] (-) TimerEvent: {}
[0.400542] (-) TimerEvent: {}
[0.500972] (-) TimerEvent: {}
[0.601385] (-) TimerEvent: {}
[0.702048] (-) TimerEvent: {}
[0.802502] (-) TimerEvent: {}
[0.902984] (-) TimerEvent: {}
[1.003453] (-) TimerEvent: {}
[1.103914] (-) TimerEvent: {}
[1.204307] (-) TimerEvent: {}
[1.304765] (-) TimerEvent: {}
[1.405231] (-) TimerEvent: {}
[1.505664] (-) TimerEvent: {}
[1.606075] (-) TimerEvent: {}
[1.706530] (-) TimerEvent: {}
[1.807024] (-) TimerEvent: {}
[1.907494] (-) TimerEvent: {}
[2.007963] (-) TimerEvent: {}
[2.108412] (-) TimerEvent: {}
[2.208881] (-) TimerEvent: {}
[2.309339] (-) TimerEvent: {}
[2.409777] (-) TimerEvent: {}
[2.510196] (-) TimerEvent: {}
[2.610722] (-) TimerEvent: {}
[2.711235] (-) TimerEvent: {}
[2.811751] (-) TimerEvent: {}
[2.912250] (-) TimerEvent: {}
[3.012753] (-) TimerEvent: {}
[3.113194] (-) TimerEvent: {}
[3.213546] (-) TimerEvent: {}
[3.313956] (-) TimerEvent: {}
[3.414780] (-) TimerEvent: {}
[3.515238] (-) TimerEvent: {}
[3.615742] (-) TimerEvent: {}
[3.716223] (-) TimerEvent: {}
[3.816621] (-) TimerEvent: {}
[3.916953] (-) TimerEvent: {}
[4.017319] (-) TimerEvent: {}
[4.117791] (-) TimerEvent: {}
[4.218382] (-) TimerEvent: {}
[4.319046] (-) TimerEvent: {}
[4.419552] (-) TimerEvent: {}
[4.520057] (-) TimerEvent: {}
[4.620575] (-) TimerEvent: {}
[4.721084] (-) TimerEvent: {}
[4.821612] (-) TimerEvent: {}
[4.922139] (-) TimerEvent: {}
[5.022624] (-) TimerEvent: {}
[5.123010] (-) TimerEvent: {}
[5.223355] (-) TimerEvent: {}
[5.323783] (-) TimerEvent: {}
[5.424596] (-) TimerEvent: {}
[5.525361] (-) TimerEvent: {}
[5.625770] (-) TimerEvent: {}
[5.726093] (-) TimerEvent: {}
[5.826454] (-) TimerEvent: {}
[5.926969] (-) TimerEvent: {}
[6.027352] (-) TimerEvent: {}
[6.127703] (-) TimerEvent: {}
[6.228031] (-) TimerEvent: {}
[6.328370] (-) TimerEvent: {}
[6.428705] (-) TimerEvent: {}
[6.529037] (-) TimerEvent: {}
[6.629390] (-) TimerEvent: {}
[6.729822] (-) TimerEvent: {}
[6.830222] (-) TimerEvent: {}
[6.930604] (-) TimerEvent: {}
[7.031005] (-) TimerEvent: {}
[7.131387] (-) TimerEvent: {}
[7.231821] (-) TimerEvent: {}
[7.332281] (-) TimerEvent: {}
[7.432933] (-) TimerEvent: {}
[7.533407] (-) TimerEvent: {}
[7.633860] (-) TimerEvent: {}
[7.734273] (-) TimerEvent: {}
[7.834768] (-) TimerEvent: {}
[7.935364] (-) TimerEvent: {}
[8.035827] (-) TimerEvent: {}
[8.136298] (-) TimerEvent: {}
[8.236763] (-) TimerEvent: {}
[8.337302] (-) TimerEvent: {}
[8.437710] (-) TimerEvent: {}
[8.538065] (-) TimerEvent: {}
[8.638400] (-) TimerEvent: {}
[8.738856] (-) TimerEvent: {}
[8.839313] (-) TimerEvent: {}
[8.939770] (-) TimerEvent: {}
[9.040216] (-) TimerEvent: {}
[9.140647] (-) TimerEvent: {}
[9.241053] (-) TimerEvent: {}
[9.341465] (-) TimerEvent: {}
[9.441923] (-) TimerEvent: {}
[9.542384] (-) TimerEvent: {}
[9.642844] (-) TimerEvent: {}
[9.743246] (-) TimerEvent: {}
[9.843681] (-) TimerEvent: {}
[9.944008] (-) TimerEvent: {}
[10.044593] (-) TimerEvent: {}
[10.145040] (-) TimerEvent: {}
[10.245624] (-) TimerEvent: {}
[10.346021] (-) TimerEvent: {}
[10.446362] (-) TimerEvent: {}
[10.546725] (-) TimerEvent: {}
[10.647117] (-) TimerEvent: {}
[10.747511] (-) TimerEvent: {}
[10.847900] (-) TimerEvent: {}
[10.948314] (-) TimerEvent: {}
[11.048719] (-) TimerEvent: {}
[11.149152] (-) TimerEvent: {}
[11.249785] (-) TimerEvent: {}
[11.350225] (-) TimerEvent: {}
[11.450693] (-) TimerEvent: {}
[11.551366] (-) TimerEvent: {}
[11.651865] (-) TimerEvent: {}
[11.752346] (-) TimerEvent: {}
[11.852780] (-) TimerEvent: {}
[11.939804] (mecanum_drive_controller) StdoutLine: {'line': b'[ 66%] \x1b[32m\x1b[1mLinking CXX shared library libmecanum_drive_controller.so\x1b[0m\n'}
[11.952904] (-) TimerEvent: {}
[12.053317] (-) TimerEvent: {}
[12.153840] (-) TimerEvent: {}
[12.254370] (-) TimerEvent: {}
[12.354875] (-) TimerEvent: {}
[12.455290] (-) TimerEvent: {}
[12.555707] (-) TimerEvent: {}
[12.656163] (-) TimerEvent: {}
[12.756670] (-) TimerEvent: {}
[12.857098] (-) TimerEvent: {}
[12.957517] (-) TimerEvent: {}
[13.057954] (-) TimerEvent: {}
[13.158347] (-) TimerEvent: {}
[13.225012] (mecanum_drive_controller) StdoutLine: {'line': b'[ 73%] Built target mecanum_drive_controller\n'}
[13.258731] (-) TimerEvent: {}
[13.262770] (mecanum_drive_controller) StdoutLine: {'line': b'[ 80%] \x1b[32m\x1b[1mLinking CXX executable test_mecanum_drive_controller\x1b[0m\n'}
[13.263059] (mecanum_drive_controller) StdoutLine: {'line': b'[ 86%] \x1b[32m\x1b[1mLinking CXX executable test_mecanum_drive_controller_preceeding\x1b[0m\n'}
[13.358872] (-) TimerEvent: {}
[13.459310] (-) TimerEvent: {}
[13.560212] (-) TimerEvent: {}
[13.660984] (-) TimerEvent: {}
[13.761457] (-) TimerEvent: {}
[13.862146] (-) TimerEvent: {}
[13.962976] (-) TimerEvent: {}
[14.063486] (-) TimerEvent: {}
[14.163996] (-) TimerEvent: {}
[14.264680] (-) TimerEvent: {}
[14.365208] (-) TimerEvent: {}
[14.465923] (-) TimerEvent: {}
[14.566478] (-) TimerEvent: {}
[14.667002] (-) TimerEvent: {}
[14.767462] (-) TimerEvent: {}
[14.846961] (mecanum_drive_controller) StdoutLine: {'line': b'[ 93%] Built target test_mecanum_drive_controller_preceeding\n'}
[14.867618] (-) TimerEvent: {}
[14.968021] (-) TimerEvent: {}
[15.068396] (-) TimerEvent: {}
[15.168775] (-) TimerEvent: {}
[15.269128] (-) TimerEvent: {}
[15.306313] (mecanum_drive_controller) StdoutLine: {'line': b'[100%] Built target test_mecanum_drive_controller\n'}
[15.322167] (mecanum_drive_controller) CommandEnded: {'returncode': 0}
[15.369246] (-) TimerEvent: {}
[15.382087] (mecanum_drive_controller) JobProgress: {'identifier': 'mecanum_drive_controller', 'progress': 'install'}
[15.393429] (mecanum_drive_controller) Command: {'cmd': ['/usr/bin/cmake', '--install', '/home/duser/clearpath_mecanum_drive_controller-ros2ws/build/mecanum_drive_controller'], 'cwd': '/home/duser/clearpath_mecanum_drive_controller-ros2ws/build/mecanum_drive_controller', 'env': OrderedDict([('PYTHONWARNINGS', 'ignore:::setuptools.command.install,ignore:::setuptools.command.easy_install,ignore:::pkg_resources'), ('HOSTNAME', 'guillermo-ideapad3'), ('SHLVL', '1'), ('LD_LIBRARY_PATH', '/home/duser/clearpath_mecanum_drive_controller-ros2ws/install/mecanum_drive_controller/lib:/opt/ros/humble/opt/rviz_ogre_vendor/lib:/opt/ros/humble/lib/x86_64-linux-gnu:/opt/ros/humble/lib'), ('HOME', '/home/duser'), ('OLDPWD', '/home/duser'), ('ROS_PYTHON_VERSION', '3'), ('ROS_LOG_DIR', '/home/duser/rbkk3-ros2ws/log'), ('COLCON_PREFIX_PATH', '/home/duser/clearpath_mecanum_drive_controller-ros2ws/install'), ('ROS_DISTRO', 'humble'), ('_', '/usr/bin/colcon'), ('ROS_VERSION', '2'), ('TERM', 'xterm'), ('ROS_LOCALHOST_ONLY', '0'), ('QT_X11_NO_MITSHM', '1'), ('PATH', '/opt/ros/humble/bin:/usr/local/sbin:/usr/local/bin:/usr/sbin:/usr/bin:/sbin:/bin'), ('DISPLAY', ':0'), ('LANG', 'C.UTF-8'), ('RMW_IMPLEMENTATION', 'rmw_cyclonedds_cpp'), ('AMENT_PREFIX_PATH', '/home/duser/clearpath_mecanum_drive_controller-ros2ws/install/mecanum_drive_controller:/opt/ros/humble'), ('PWD', '/home/duser/clearpath_mecanum_drive_controller-ros2ws/build/mecanum_drive_controller'), ('LC_ALL', 'C.UTF-8'), ('PYTHONPATH', '/opt/ros/humble/lib/python3.10/site-packages:/opt/ros/humble/local/lib/python3.10/dist-packages'), ('COLCON', '1'), ('CMAKE_PREFIX_PATH', '/home/duser/clearpath_mecanum_drive_controller-ros2ws/install/mecanum_drive_controller:/opt/ros/humble')]), 'shell': False}
[15.402259] (mecanum_drive_controller) StdoutLine: {'line': b'-- Install configuration: ""\n'}
[15.402632] (mecanum_drive_controller) StdoutLine: {'line': b'-- Up-to-date: /home/duser/clearpath_mecanum_drive_controller-ros2ws/install/mecanum_drive_controller/include/mecanum_drive_controller_parameters\n'}
[15.402812] (mecanum_drive_controller) StdoutLine: {'line': b'-- Up-to-date: /home/duser/clearpath_mecanum_drive_controller-ros2ws/install/mecanum_drive_controller/include/mecanum_drive_controller_parameters/mecanum_drive_controller_parameters.hpp\n'}
[15.402941] (mecanum_drive_controller) StdoutLine: {'line': b'-- Up-to-date: /home/duser/clearpath_mecanum_drive_controller-ros2ws/install/mecanum_drive_controller/share/mecanum_drive_controller/mecanum_drive_controller.xml\n'}
[15.403585] (mecanum_drive_controller) StdoutLine: {'line': b'-- Up-to-date: /home/duser/clearpath_mecanum_drive_controller-ros2ws/install/mecanum_drive_controller/include/mecanum_drive_controller\n'}
[15.403766] (mecanum_drive_controller) StdoutLine: {'line': b'-- Up-to-date: /home/duser/clearpath_mecanum_drive_controller-ros2ws/install/mecanum_drive_controller/include/mecanum_drive_controller/mecanum_drive_controller\n'}
[15.404025] (mecanum_drive_controller) StdoutLine: {'line': b'-- Up-to-date: /home/duser/clearpath_mecanum_drive_controller-ros2ws/install/mecanum_drive_controller/include/mecanum_drive_controller/mecanum_drive_controller/odometry.hpp\n'}
[15.404174] (mecanum_drive_controller) StdoutLine: {'line': b'-- Up-to-date: /home/duser/clearpath_mecanum_drive_controller-ros2ws/install/mecanum_drive_controller/include/mecanum_drive_controller/mecanum_drive_controller/visibility_control.h\n'}
[15.404300] (mecanum_drive_controller) StdoutLine: {'line': b'-- Up-to-date: /home/duser/clearpath_mecanum_drive_controller-ros2ws/install/mecanum_drive_controller/include/mecanum_drive_controller/mecanum_drive_controller/mecanum_drive_controller.hpp\n'}
[15.404549] (mecanum_drive_controller) StdoutLine: {'line': b'-- Installing: /home/duser/clearpath_mecanum_drive_controller-ros2ws/install/mecanum_drive_controller/lib/libmecanum_drive_controller.so\n'}
[15.425005] (mecanum_drive_controller) StdoutLine: {'line': b'-- Set runtime path of "/home/duser/clearpath_mecanum_drive_controller-ros2ws/install/mecanum_drive_controller/lib/libmecanum_drive_controller.so" to ""\n'}
[15.425399] (mecanum_drive_controller) StdoutLine: {'line': b'-- Up-to-date: /home/duser/clearpath_mecanum_drive_controller-ros2ws/install/mecanum_drive_controller/share/mecanum_drive_controller/environment/library_path.sh\n'}
[15.425476] (mecanum_drive_controller) StdoutLine: {'line': b'-- Up-to-date: /home/duser/clearpath_mecanum_drive_controller-ros2ws/install/mecanum_drive_controller/share/mecanum_drive_controller/environment/library_path.dsv\n'}
[15.425542] (mecanum_drive_controller) StdoutLine: {'line': b'-- Up-to-date: /home/duser/clearpath_mecanum_drive_controller-ros2ws/install/mecanum_drive_controller/share/ament_index/resource_index/package_run_dependencies/mecanum_drive_controller\n'}
[15.425660] (mecanum_drive_controller) StdoutLine: {'line': b'-- Up-to-date: /home/duser/clearpath_mecanum_drive_controller-ros2ws/install/mecanum_drive_controller/share/ament_index/resource_index/parent_prefix_path/mecanum_drive_controller\n'}
[15.425748] (mecanum_drive_controller) StdoutLine: {'line': b'-- Up-to-date: /home/duser/clearpath_mecanum_drive_controller-ros2ws/install/mecanum_drive_controller/share/mecanum_drive_controller/environment/ament_prefix_path.sh\n'}
[15.425807] (mecanum_drive_controller) StdoutLine: {'line': b'-- Up-to-date: /home/duser/clearpath_mecanum_drive_controller-ros2ws/install/mecanum_drive_controller/share/mecanum_drive_controller/environment/ament_prefix_path.dsv\n'}
[15.425877] (mecanum_drive_controller) StdoutLine: {'line': b'-- Up-to-date: /home/duser/clearpath_mecanum_drive_controller-ros2ws/install/mecanum_drive_controller/share/mecanum_drive_controller/environment/path.sh\n'}
[15.425943] (mecanum_drive_controller) StdoutLine: {'line': b'-- Up-to-date: /home/duser/clearpath_mecanum_drive_controller-ros2ws/install/mecanum_drive_controller/share/mecanum_drive_controller/environment/path.dsv\n'}
[15.426024] (mecanum_drive_controller) StdoutLine: {'line': b'-- Up-to-date: /home/duser/clearpath_mecanum_drive_controller-ros2ws/install/mecanum_drive_controller/share/mecanum_drive_controller/local_setup.bash\n'}
[15.426085] (mecanum_drive_controller) StdoutLine: {'line': b'-- Up-to-date: /home/duser/clearpath_mecanum_drive_controller-ros2ws/install/mecanum_drive_controller/share/mecanum_drive_controller/local_setup.sh\n'}
[15.426145] (mecanum_drive_controller) StdoutLine: {'line': b'-- Up-to-date: /home/duser/clearpath_mecanum_drive_controller-ros2ws/install/mecanum_drive_controller/share/mecanum_drive_controller/local_setup.zsh\n'}
[15.426204] (mecanum_drive_controller) StdoutLine: {'line': b'-- Up-to-date: /home/duser/clearpath_mecanum_drive_controller-ros2ws/install/mecanum_drive_controller/share/mecanum_drive_controller/local_setup.dsv\n'}
[15.426279] (mecanum_drive_controller) StdoutLine: {'line': b'-- Installing: /home/duser/clearpath_mecanum_drive_controller-ros2ws/install/mecanum_drive_controller/share/mecanum_drive_controller/package.dsv\n'}
[15.426335] (mecanum_drive_controller) StdoutLine: {'line': b'-- Up-to-date: /home/duser/clearpath_mecanum_drive_controller-ros2ws/install/mecanum_drive_controller/share/ament_index/resource_index/packages/mecanum_drive_controller\n'}
[15.426393] (mecanum_drive_controller) StdoutLine: {'line': b'-- Up-to-date: /home/duser/clearpath_mecanum_drive_controller-ros2ws/install/mecanum_drive_controller/share/ament_index/resource_index/controller_interface__pluginlib__plugin/mecanum_drive_controller\n'}
[15.426819] (mecanum_drive_controller) StdoutLine: {'line': b'-- Up-to-date: /home/duser/clearpath_mecanum_drive_controller-ros2ws/install/mecanum_drive_controller/share/mecanum_drive_controller/cmake/export_mecanum_drive_controllerExport.cmake\n'}
[15.426951] (mecanum_drive_controller) StdoutLine: {'line': b'-- Up-to-date: /home/duser/clearpath_mecanum_drive_controller-ros2ws/install/mecanum_drive_controller/share/mecanum_drive_controller/cmake/export_mecanum_drive_controllerExport-noconfig.cmake\n'}
[15.427080] (mecanum_drive_controller) StdoutLine: {'line': b'-- Up-to-date: /home/duser/clearpath_mecanum_drive_controller-ros2ws/install/mecanum_drive_controller/share/mecanum_drive_controller/cmake/ament_cmake_export_targets-extras.cmake\n'}
[15.427145] (mecanum_drive_controller) StdoutLine: {'line': b'-- Up-to-date: /home/duser/clearpath_mecanum_drive_controller-ros2ws/install/mecanum_drive_controller/share/mecanum_drive_controller/cmake/ament_cmake_export_dependencies-extras.cmake\n'}
[15.427217] (mecanum_drive_controller) StdoutLine: {'line': b'-- Up-to-date: /home/duser/clearpath_mecanum_drive_controller-ros2ws/install/mecanum_drive_controller/share/mecanum_drive_controller/cmake/mecanum_drive_controllerConfig.cmake\n'}
[15.427279] (mecanum_drive_controller) StdoutLine: {'line': b'-- Up-to-date: /home/duser/clearpath_mecanum_drive_controller-ros2ws/install/mecanum_drive_controller/share/mecanum_drive_controller/cmake/mecanum_drive_controllerConfig-version.cmake\n'}
[15.427337] (mecanum_drive_controller) StdoutLine: {'line': b'-- Up-to-date: /home/duser/clearpath_mecanum_drive_controller-ros2ws/install/mecanum_drive_controller/share/mecanum_drive_controller/package.xml\n'}
[15.429638] (mecanum_drive_controller) CommandEnded: {'returncode': 0}
[15.469358] (-) TimerEvent: {}
[15.510518] (mecanum_drive_controller) JobEnded: {'identifier': 'mecanum_drive_controller', 'rc': 0}
[15.511405] (-) EventReactorShutdown: {}
