[0.000000] (-) TimerEvent: {}
[0.000257] (mecanum_drive_controller) JobQueued: {'identifier': 'mecanum_drive_controller', 'dependencies': OrderedDict()}
[0.000304] (mecanum_drive_controller) JobStarted: {'identifier': 'mecanum_drive_controller'}
[0.012698] (mecanum_drive_controller) JobProgress: {'identifier': 'mecanum_drive_controller', 'progress': 'cmake'}
[0.013357] (mecanum_drive_controller) JobProgress: {'identifier': 'mecanum_drive_controller', 'progress': 'build'}
[0.013889] (mecanum_drive_controller) Command: {'cmd': ['/usr/bin/cmake', '--build', '/home/duser/clearpath_mecanum_drive_controller-ros2ws/build/mecanum_drive_controller', '--', '-j12', '-l12'], 'cwd': '/home/duser/clearpath_mecanum_drive_controller-ros2ws/build/mecanum_drive_controller', 'env': OrderedDict([('PYTHONWARNINGS', 'ignore:::setuptools.command.install,ignore:::setuptools.command.easy_install,ignore:::pkg_resources'), ('HOSTNAME', 'guillermo-ideapad3'), ('SHLVL', '1'), ('LD_LIBRARY_PATH', '/home/duser/clearpath_mecanum_drive_controller-ros2ws/install/mecanum_drive_controller/lib:/opt/ros/humble/opt/rviz_ogre_vendor/lib:/opt/ros/humble/lib/x86_64-linux-gnu:/opt/ros/humble/lib'), ('HOME', '/home/duser'), ('OLDPWD', '/home/duser'), ('ROS_PYTHON_VERSION', '3'), ('ROS_LOG_DIR', '/home/duser/rbkk3-ros2ws/log'), ('COLCON_PREFIX_PATH', '/home/duser/clearpath_mecanum_drive_controller-ros2ws/install'), ('ROS_DISTRO', 'humble'), ('_', '/usr/bin/colcon'), ('ROS_VERSION', '2'), ('TERM', 'xterm'), ('ROS_LOCALHOST_ONLY', '0'), ('QT_X11_NO_MITSHM', '1'), ('PATH', '/opt/ros/humble/bin:/usr/local/sbin:/usr/local/bin:/usr/sbin:/usr/bin:/sbin:/bin'), ('DISPLAY', ':0'), ('LANG', 'C.UTF-8'), ('RMW_IMPLEMENTATION', 'rmw_cyclonedds_cpp'), ('AMENT_PREFIX_PATH', '/home/duser/clearpath_mecanum_drive_controller-ros2ws/install/mecanum_drive_controller:/opt/ros/humble'), ('PWD', '/home/duser/clearpath_mecanum_drive_controller-ros2ws/build/mecanum_drive_controller'), ('LC_ALL', 'C.UTF-8'), ('PYTHONPATH', '/opt/ros/humble/lib/python3.10/site-packages:/opt/ros/humble/local/lib/python3.10/dist-packages'), ('COLCON', '1'), ('CMAKE_PREFIX_PATH', '/home/duser/clearpath_mecanum_drive_controller-ros2ws/install/mecanum_drive_controller:/opt/ros/humble')]), 'shell': False}
[0.081205] (mecanum_drive_controller) StdoutLine: {'line': b'[  6%] Built target mecanum_drive_controller_parameters\n'}
[0.084783] (mecanum_drive_controller) StdoutLine: {'line': b'[ 20%] Built target gmock_main\n'}
[0.085225] (mecanum_drive_controller) StdoutLine: {'line': b'[ 40%] Built target gmock\n'}
[0.099501] (-) TimerEvent: {}
[0.099829] (mecanum_drive_controller) StdoutLine: {'line': b'\x1b[35m\x1b[1mConsolidate compiler generated dependencies of target mecanum_drive_controller\x1b[0m\n'}
[0.122331] (mecanum_drive_controller) StdoutLine: {'line': b'[ 53%] Built target test_load_mecanum_drive_controller\n'}
[0.132178] (mecanum_drive_controller) StdoutLine: {'line': b'[ 60%] \x1b[32mBuilding CXX object CMakeFiles/mecanum_drive_controller.dir/src/mecanum_drive_controller.cpp.o\x1b[0m\n'}
[0.199642] (-) TimerEvent: {}
[0.300025] (-) TimerEvent: {}
[0.400547] (-) TimerEvent: {}
[0.500996] (-) TimerEvent: {}
[0.601370] (-) TimerEvent: {}
[0.701688] (-) TimerEvent: {}
[0.802080] (-) TimerEvent: {}
[0.902448] (-) TimerEvent: {}
[1.003086] (-) TimerEvent: {}
[1.103524] (-) TimerEvent: {}
[1.203927] (-) TimerEvent: {}
[1.304326] (-) TimerEvent: {}
[1.404701] (-) TimerEvent: {}
[1.505013] (-) TimerEvent: {}
[1.605329] (-) TimerEvent: {}
[1.705652] (-) TimerEvent: {}
[1.805977] (-) TimerEvent: {}
[1.906324] (-) TimerEvent: {}
[2.006744] (-) TimerEvent: {}
[2.107161] (-) TimerEvent: {}
[2.207568] (-) TimerEvent: {}
[2.307980] (-) TimerEvent: {}
[2.408507] (-) TimerEvent: {}
[2.508909] (-) TimerEvent: {}
[2.609308] (-) TimerEvent: {}
[2.709736] (-) TimerEvent: {}
[2.810132] (-) TimerEvent: {}
[2.910521] (-) TimerEvent: {}
[3.010953] (-) TimerEvent: {}
[3.111359] (-) TimerEvent: {}
[3.211855] (-) TimerEvent: {}
[3.312256] (-) TimerEvent: {}
[3.412625] (-) TimerEvent: {}
[3.512940] (-) TimerEvent: {}
[3.613284] (-) TimerEvent: {}
[3.714031] (-) TimerEvent: {}
[3.814661] (-) TimerEvent: {}
[3.915297] (-) TimerEvent: {}
[4.015643] (-) TimerEvent: {}
[4.116077] (-) TimerEvent: {}
[4.216508] (-) TimerEvent: {}
[4.316925] (-) TimerEvent: {}
[4.417301] (-) TimerEvent: {}
[4.517903] (-) TimerEvent: {}
[4.618333] (-) TimerEvent: {}
[4.718752] (-) TimerEvent: {}
[4.819159] (-) TimerEvent: {}
[4.919500] (-) TimerEvent: {}
[5.020001] (-) TimerEvent: {}
[5.120393] (-) TimerEvent: {}
[5.220790] (-) TimerEvent: {}
[5.321422] (-) TimerEvent: {}
[5.421836] (-) TimerEvent: {}
[5.522592] (-) TimerEvent: {}
[5.623267] (-) TimerEvent: {}
[5.723834] (-) TimerEvent: {}
[5.824214] (-) TimerEvent: {}
[5.924541] (-) TimerEvent: {}
[6.024938] (-) TimerEvent: {}
[6.125417] (-) TimerEvent: {}
[6.225920] (-) TimerEvent: {}
[6.326387] (-) TimerEvent: {}
[6.426778] (-) TimerEvent: {}
[6.527190] (-) TimerEvent: {}
[6.627676] (-) TimerEvent: {}
[6.728098] (-) TimerEvent: {}
[6.828519] (-) TimerEvent: {}
[6.928932] (-) TimerEvent: {}
[7.029292] (-) TimerEvent: {}
[7.129735] (-) TimerEvent: {}
[7.230184] (-) TimerEvent: {}
[7.330612] (-) TimerEvent: {}
[7.430988] (-) TimerEvent: {}
[7.531482] (-) TimerEvent: {}
[7.631992] (-) TimerEvent: {}
[7.732424] (-) TimerEvent: {}
[7.832832] (-) TimerEvent: {}
[7.933271] (-) TimerEvent: {}
[8.033710] (-) TimerEvent: {}
[8.134150] (-) TimerEvent: {}
[8.234583] (-) TimerEvent: {}
[8.335003] (-) TimerEvent: {}
[8.435472] (-) TimerEvent: {}
[8.535870] (-) TimerEvent: {}
[8.636275] (-) TimerEvent: {}
[8.736687] (-) TimerEvent: {}
[8.837085] (-) TimerEvent: {}
[8.937481] (-) TimerEvent: {}
[9.037902] (-) TimerEvent: {}
[9.138318] (-) TimerEvent: {}
[9.238746] (-) TimerEvent: {}
[9.339184] (-) TimerEvent: {}
[9.439659] (-) TimerEvent: {}
[9.540087] (-) TimerEvent: {}
[9.640508] (-) TimerEvent: {}
[9.740939] (-) TimerEvent: {}
[9.841343] (-) TimerEvent: {}
[9.941751] (-) TimerEvent: {}
[10.042098] (-) TimerEvent: {}
[10.142526] (-) TimerEvent: {}
[10.242959] (-) TimerEvent: {}
[10.343428] (-) TimerEvent: {}
[10.443855] (-) TimerEvent: {}
[10.544234] (-) TimerEvent: {}
[10.644651] (-) TimerEvent: {}
[10.745079] (-) TimerEvent: {}
[10.845504] (-) TimerEvent: {}
[10.945927] (-) TimerEvent: {}
[11.046344] (-) TimerEvent: {}
[11.146735] (-) TimerEvent: {}
[11.247077] (-) TimerEvent: {}
[11.347875] (-) TimerEvent: {}
[11.448372] (-) TimerEvent: {}
[11.548818] (-) TimerEvent: {}
[11.649283] (-) TimerEvent: {}
[11.749755] (-) TimerEvent: {}
[11.850204] (-) TimerEvent: {}
[11.950663] (-) TimerEvent: {}
[12.005217] (mecanum_drive_controller) StdoutLine: {'line': b'[ 66%] \x1b[32m\x1b[1mLinking CXX shared library libmecanum_drive_controller.so\x1b[0m\n'}
[12.050792] (-) TimerEvent: {}
[12.151311] (-) TimerEvent: {}
[12.251935] (-) TimerEvent: {}
[12.352453] (-) TimerEvent: {}
[12.452927] (-) TimerEvent: {}
[12.553337] (-) TimerEvent: {}
[12.653788] (-) TimerEvent: {}
[12.754228] (-) TimerEvent: {}
[12.855029] (-) TimerEvent: {}
[12.956040] (-) TimerEvent: {}
[13.056540] (-) TimerEvent: {}
[13.156887] (-) TimerEvent: {}
[13.257552] (-) TimerEvent: {}
[13.357988] (-) TimerEvent: {}
[13.398078] (mecanum_drive_controller) StdoutLine: {'line': b'[ 73%] Built target mecanum_drive_controller\n'}
[13.414244] (mecanum_drive_controller) StdoutLine: {'line': b'\x1b[35m\x1b[1mConsolidate compiler generated dependencies of target test_mecanum_drive_controller\x1b[0m\n'}
[13.414570] (mecanum_drive_controller) StdoutLine: {'line': b'\x1b[35m\x1b[1mConsolidate compiler generated dependencies of target test_mecanum_drive_controller_preceeding\x1b[0m\n'}
[13.444666] (mecanum_drive_controller) StdoutLine: {'line': b'[ 86%] \x1b[32m\x1b[1mLinking CXX executable test_mecanum_drive_controller_preceeding\x1b[0m\n'}
[13.444840] (mecanum_drive_controller) StdoutLine: {'line': b'[ 86%] \x1b[32m\x1b[1mLinking CXX executable test_mecanum_drive_controller\x1b[0m\n'}
[13.458100] (-) TimerEvent: {}
[13.558476] (-) TimerEvent: {}
[13.658992] (-) TimerEvent: {}
[13.759530] (-) TimerEvent: {}
[13.859970] (-) TimerEvent: {}
[13.960410] (-) TimerEvent: {}
[14.060862] (-) TimerEvent: {}
[14.161309] (-) TimerEvent: {}
[14.261848] (-) TimerEvent: {}
[14.362407] (-) TimerEvent: {}
[14.462845] (-) TimerEvent: {}
[14.563324] (-) TimerEvent: {}
[14.663768] (-) TimerEvent: {}
[14.764182] (-) TimerEvent: {}
[14.864663] (-) TimerEvent: {}
[14.965097] (-) TimerEvent: {}
[15.065524] (-) TimerEvent: {}
[15.161269] (mecanum_drive_controller) StdoutLine: {'line': b'[ 93%] Built target test_mecanum_drive_controller_preceeding\n'}
[15.165650] (-) TimerEvent: {}
[15.266028] (-) TimerEvent: {}
[15.366364] (-) TimerEvent: {}
[15.466694] (-) TimerEvent: {}
[15.567008] (-) TimerEvent: {}
[15.645658] (mecanum_drive_controller) StdoutLine: {'line': b'[100%] Built target test_mecanum_drive_controller\n'}
[15.662077] (mecanum_drive_controller) CommandEnded: {'returncode': 0}
[15.667165] (-) TimerEvent: {}
[15.717339] (mecanum_drive_controller) JobProgress: {'identifier': 'mecanum_drive_controller', 'progress': 'install'}
[15.729704] (mecanum_drive_controller) Command: {'cmd': ['/usr/bin/cmake', '--install', '/home/duser/clearpath_mecanum_drive_controller-ros2ws/build/mecanum_drive_controller'], 'cwd': '/home/duser/clearpath_mecanum_drive_controller-ros2ws/build/mecanum_drive_controller', 'env': OrderedDict([('PYTHONWARNINGS', 'ignore:::setuptools.command.install,ignore:::setuptools.command.easy_install,ignore:::pkg_resources'), ('HOSTNAME', 'guillermo-ideapad3'), ('SHLVL', '1'), ('LD_LIBRARY_PATH', '/home/duser/clearpath_mecanum_drive_controller-ros2ws/install/mecanum_drive_controller/lib:/opt/ros/humble/opt/rviz_ogre_vendor/lib:/opt/ros/humble/lib/x86_64-linux-gnu:/opt/ros/humble/lib'), ('HOME', '/home/duser'), ('OLDPWD', '/home/duser'), ('ROS_PYTHON_VERSION', '3'), ('ROS_LOG_DIR', '/home/duser/rbkk3-ros2ws/log'), ('COLCON_PREFIX_PATH', '/home/duser/clearpath_mecanum_drive_controller-ros2ws/install'), ('ROS_DISTRO', 'humble'), ('_', '/usr/bin/colcon'), ('ROS_VERSION', '2'), ('TERM', 'xterm'), ('ROS_LOCALHOST_ONLY', '0'), ('QT_X11_NO_MITSHM', '1'), ('PATH', '/opt/ros/humble/bin:/usr/local/sbin:/usr/local/bin:/usr/sbin:/usr/bin:/sbin:/bin'), ('DISPLAY', ':0'), ('LANG', 'C.UTF-8'), ('RMW_IMPLEMENTATION', 'rmw_cyclonedds_cpp'), ('AMENT_PREFIX_PATH', '/home/duser/clearpath_mecanum_drive_controller-ros2ws/install/mecanum_drive_controller:/opt/ros/humble'), ('PWD', '/home/duser/clearpath_mecanum_drive_controller-ros2ws/build/mecanum_drive_controller'), ('LC_ALL', 'C.UTF-8'), ('PYTHONPATH', '/opt/ros/humble/lib/python3.10/site-packages:/opt/ros/humble/local/lib/python3.10/dist-packages'), ('COLCON', '1'), ('CMAKE_PREFIX_PATH', '/home/duser/clearpath_mecanum_drive_controller-ros2ws/install/mecanum_drive_controller:/opt/ros/humble')]), 'shell': False}
[15.738639] (mecanum_drive_controller) StdoutLine: {'line': b'-- Install configuration: ""\n'}
[15.739044] (mecanum_drive_controller) StdoutLine: {'line': b'-- Up-to-date: /home/duser/clearpath_mecanum_drive_controller-ros2ws/install/mecanum_drive_controller/include/mecanum_drive_controller_parameters\n'}
[15.739282] (mecanum_drive_controller) StdoutLine: {'line': b'-- Up-to-date: /home/duser/clearpath_mecanum_drive_controller-ros2ws/install/mecanum_drive_controller/include/mecanum_drive_controller_parameters/mecanum_drive_controller_parameters.hpp\n'}
[15.739599] (mecanum_drive_controller) StdoutLine: {'line': b'-- Up-to-date: /home/duser/clearpath_mecanum_drive_controller-ros2ws/install/mecanum_drive_controller/share/mecanum_drive_controller/mecanum_drive_controller.xml\n'}
[15.740678] (mecanum_drive_controller) StdoutLine: {'line': b'-- Up-to-date: /home/duser/clearpath_mecanum_drive_controller-ros2ws/install/mecanum_drive_controller/include/mecanum_drive_controller\n'}
[15.740917] (mecanum_drive_controller) StdoutLine: {'line': b'-- Up-to-date: /home/duser/clearpath_mecanum_drive_controller-ros2ws/install/mecanum_drive_controller/include/mecanum_drive_controller/mecanum_drive_controller\n'}
[15.741036] (mecanum_drive_controller) StdoutLine: {'line': b'-- Up-to-date: /home/duser/clearpath_mecanum_drive_controller-ros2ws/install/mecanum_drive_controller/include/mecanum_drive_controller/mecanum_drive_controller/odometry.hpp\n'}
[15.741142] (mecanum_drive_controller) StdoutLine: {'line': b'-- Up-to-date: /home/duser/clearpath_mecanum_drive_controller-ros2ws/install/mecanum_drive_controller/include/mecanum_drive_controller/mecanum_drive_controller/visibility_control.h\n'}
[15.741202] (mecanum_drive_controller) StdoutLine: {'line': b'-- Up-to-date: /home/duser/clearpath_mecanum_drive_controller-ros2ws/install/mecanum_drive_controller/include/mecanum_drive_controller/mecanum_drive_controller/mecanum_drive_controller.hpp\n'}
[15.741696] (mecanum_drive_controller) StdoutLine: {'line': b'-- Installing: /home/duser/clearpath_mecanum_drive_controller-ros2ws/install/mecanum_drive_controller/lib/libmecanum_drive_controller.so\n'}
[15.761558] (mecanum_drive_controller) StdoutLine: {'line': b'-- Set runtime path of "/home/duser/clearpath_mecanum_drive_controller-ros2ws/install/mecanum_drive_controller/lib/libmecanum_drive_controller.so" to ""\n'}
[15.761754] (mecanum_drive_controller) StdoutLine: {'line': b'-- Up-to-date: /home/duser/clearpath_mecanum_drive_controller-ros2ws/install/mecanum_drive_controller/share/mecanum_drive_controller/environment/library_path.sh\n'}
[15.761926] (mecanum_drive_controller) StdoutLine: {'line': b'-- Up-to-date: /home/duser/clearpath_mecanum_drive_controller-ros2ws/install/mecanum_drive_controller/share/mecanum_drive_controller/environment/library_path.dsv\n'}
[15.762535] (mecanum_drive_controller) StdoutLine: {'line': b'-- Up-to-date: /home/duser/clearpath_mecanum_drive_controller-ros2ws/install/mecanum_drive_controller/share/ament_index/resource_index/package_run_dependencies/mecanum_drive_controller\n'}
[15.762676] (mecanum_drive_controller) StdoutLine: {'line': b'-- Up-to-date: /home/duser/clearpath_mecanum_drive_controller-ros2ws/install/mecanum_drive_controller/share/ament_index/resource_index/parent_prefix_path/mecanum_drive_controller\n'}
[15.762749] (mecanum_drive_controller) StdoutLine: {'line': b'-- Up-to-date: /home/duser/clearpath_mecanum_drive_controller-ros2ws/install/mecanum_drive_controller/share/mecanum_drive_controller/environment/ament_prefix_path.sh\n'}
[15.762866] (mecanum_drive_controller) StdoutLine: {'line': b'-- Up-to-date: /home/duser/clearpath_mecanum_drive_controller-ros2ws/install/mecanum_drive_controller/share/mecanum_drive_controller/environment/ament_prefix_path.dsv\n'}
[15.762964] (mecanum_drive_controller) StdoutLine: {'line': b'-- Up-to-date: /home/duser/clearpath_mecanum_drive_controller-ros2ws/install/mecanum_drive_controller/share/mecanum_drive_controller/environment/path.sh\n'}
[15.763102] (mecanum_drive_controller) StdoutLine: {'line': b'-- Up-to-date: /home/duser/clearpath_mecanum_drive_controller-ros2ws/install/mecanum_drive_controller/share/mecanum_drive_controller/environment/path.dsv\n'}
[15.763225] (mecanum_drive_controller) StdoutLine: {'line': b'-- Up-to-date: /home/duser/clearpath_mecanum_drive_controller-ros2ws/install/mecanum_drive_controller/share/mecanum_drive_controller/local_setup.bash\n'}
[15.763385] (mecanum_drive_controller) StdoutLine: {'line': b'-- Up-to-date: /home/duser/clearpath_mecanum_drive_controller-ros2ws/install/mecanum_drive_controller/share/mecanum_drive_controller/local_setup.sh\n'}
[15.763587] (mecanum_drive_controller) StdoutLine: {'line': b'-- Up-to-date: /home/duser/clearpath_mecanum_drive_controller-ros2ws/install/mecanum_drive_controller/share/mecanum_drive_controller/local_setup.zsh\n'}
[15.763712] (mecanum_drive_controller) StdoutLine: {'line': b'-- Up-to-date: /home/duser/clearpath_mecanum_drive_controller-ros2ws/install/mecanum_drive_controller/share/mecanum_drive_controller/local_setup.dsv\n'}
[15.763830] (mecanum_drive_controller) StdoutLine: {'line': b'-- Installing: /home/duser/clearpath_mecanum_drive_controller-ros2ws/install/mecanum_drive_controller/share/mecanum_drive_controller/package.dsv\n'}
[15.763949] (mecanum_drive_controller) StdoutLine: {'line': b'-- Up-to-date: /home/duser/clearpath_mecanum_drive_controller-ros2ws/install/mecanum_drive_controller/share/ament_index/resource_index/packages/mecanum_drive_controller\n'}
[15.764040] (mecanum_drive_controller) StdoutLine: {'line': b'-- Up-to-date: /home/duser/clearpath_mecanum_drive_controller-ros2ws/install/mecanum_drive_controller/share/ament_index/resource_index/controller_interface__pluginlib__plugin/mecanum_drive_controller\n'}
[15.764175] (mecanum_drive_controller) StdoutLine: {'line': b'-- Up-to-date: /home/duser/clearpath_mecanum_drive_controller-ros2ws/install/mecanum_drive_controller/share/mecanum_drive_controller/cmake/export_mecanum_drive_controllerExport.cmake\n'}
[15.764277] (mecanum_drive_controller) StdoutLine: {'line': b'-- Up-to-date: /home/duser/clearpath_mecanum_drive_controller-ros2ws/install/mecanum_drive_controller/share/mecanum_drive_controller/cmake/export_mecanum_drive_controllerExport-noconfig.cmake\n'}
[15.764349] (mecanum_drive_controller) StdoutLine: {'line': b'-- Up-to-date: /home/duser/clearpath_mecanum_drive_controller-ros2ws/install/mecanum_drive_controller/share/mecanum_drive_controller/cmake/ament_cmake_export_targets-extras.cmake\n'}
[15.764411] (mecanum_drive_controller) StdoutLine: {'line': b'-- Up-to-date: /home/duser/clearpath_mecanum_drive_controller-ros2ws/install/mecanum_drive_controller/share/mecanum_drive_controller/cmake/ament_cmake_export_dependencies-extras.cmake\n'}
[15.764469] (mecanum_drive_controller) StdoutLine: {'line': b'-- Up-to-date: /home/duser/clearpath_mecanum_drive_controller-ros2ws/install/mecanum_drive_controller/share/mecanum_drive_controller/cmake/mecanum_drive_controllerConfig.cmake\n'}
[15.764530] (mecanum_drive_controller) StdoutLine: {'line': b'-- Up-to-date: /home/duser/clearpath_mecanum_drive_controller-ros2ws/install/mecanum_drive_controller/share/mecanum_drive_controller/cmake/mecanum_drive_controllerConfig-version.cmake\n'}
[15.764587] (mecanum_drive_controller) StdoutLine: {'line': b'-- Up-to-date: /home/duser/clearpath_mecanum_drive_controller-ros2ws/install/mecanum_drive_controller/share/mecanum_drive_controller/package.xml\n'}
[15.766822] (mecanum_drive_controller) CommandEnded: {'returncode': 0}
[15.767307] (-) TimerEvent: {}
[15.850767] (mecanum_drive_controller) JobEnded: {'identifier': 'mecanum_drive_controller', 'rc': 0}
[15.851875] (-) EventReactorShutdown: {}
