[0.000000] (-) TimerEvent: {}
[0.000245] (mecanum_drive_controller) JobQueued: {'identifier': 'mecanum_drive_controller', 'dependencies': OrderedDict()}
[0.000300] (mecanum_drive_controller) JobStarted: {'identifier': 'mecanum_drive_controller'}
[0.014200] (mecanum_drive_controller) JobProgress: {'identifier': 'mecanum_drive_controller', 'progress': 'cmake'}
[0.014499] (mecanum_drive_controller) Command: {'cmd': ['/usr/bin/cmake', '/home/duser/clearpath_mecanum_drive_controller-ros2ws/src/ros2_controllers/mecanum_drive_controller', '-DCMAKE_INSTALL_PREFIX=/home/duser/clearpath_mecanum_drive_controller-ros2ws/install/mecanum_drive_controller'], 'cwd': '/home/duser/clearpath_mecanum_drive_controller-ros2ws/build/mecanum_drive_controller', 'env': OrderedDict([('PYTHONWARNINGS', 'ignore:::setuptools.command.install,ignore:::setuptools.command.easy_install,ignore:::pkg_resources'), ('HOSTNAME', 'guillermo-ideapad3'), ('ROS_PACKAGE_PATH', '/home/duser/clearpath_mecanum_drive_controller-ros2ws/install/mecanum_drive_controller/share'), ('SHLVL', '1'), ('LD_LIBRARY_PATH', '/home/duser/clearpath_mecanum_drive_controller-ros2ws/install/mecanum_drive_controller/lib:/opt/ros/humble/opt/rviz_ogre_vendor/lib:/opt/ros/humble/lib/x86_64-linux-gnu:/opt/ros/humble/lib'), ('HOME', '/home/duser'), ('OLDPWD', '/home/duser'), ('ROS_PYTHON_VERSION', '3'), ('ROS_LOG_DIR', '/home/duser/rbkk3-ros2ws/log'), ('COLCON_PREFIX_PATH', '/home/duser/clearpath_mecanum_drive_controller-ros2ws/install'), ('ROS_DISTRO', 'humble'), ('_', '/usr/bin/colcon'), ('ROS_VERSION', '2'), ('PKG_CONFIG_PATH', '/home/duser/clearpath_mecanum_drive_controller-ros2ws/install/mecanum_drive_controller/lib/x86_64-linux-gnu/pkgconfig:/home/duser/clearpath_mecanum_drive_controller-ros2ws/install/mecanum_drive_controller/lib/pkgconfig'), ('TERM', 'xterm'), ('ROS_LOCALHOST_ONLY', '0'), ('QT_X11_NO_MITSHM', '1'), ('PATH', '/opt/ros/humble/bin:/usr/local/sbin:/usr/local/bin:/usr/sbin:/usr/bin:/sbin:/bin'), ('DISPLAY', ':0'), ('LANG', 'C.UTF-8'), ('RMW_IMPLEMENTATION', 'rmw_cyclonedds_cpp'), ('AMENT_PREFIX_PATH', '/opt/ros/humble'), ('PWD', '/home/duser/clearpath_mecanum_drive_controller-ros2ws/build/mecanum_drive_controller'), ('LC_ALL', 'C.UTF-8'), ('PYTHONPATH', '/opt/ros/humble/lib/python3.10/site-packages:/opt/ros/humble/local/lib/python3.10/dist-packages'), ('COLCON', '1'), ('CMAKE_PREFIX_PATH', '/home/duser/clearpath_mecanum_drive_controller-ros2ws/install/mecanum_drive_controller:/opt/ros/humble')]), 'shell': False}
[0.099274] (-) TimerEvent: {}
[0.125449] (mecanum_drive_controller) StdoutLine: {'line': b'-- The CXX compiler identification is GNU 11.4.0\n'}
[0.140969] (mecanum_drive_controller) StdoutLine: {'line': b'-- Detecting CXX compiler ABI info\n'}
[0.199391] (-) TimerEvent: {}
[0.233000] (mecanum_drive_controller) StdoutLine: {'line': b'-- Detecting CXX compiler ABI info - done\n'}
[0.242211] (mecanum_drive_controller) StdoutLine: {'line': b'-- Check for working CXX compiler: /usr/bin/c++ - skipped\n'}
[0.242638] (mecanum_drive_controller) StdoutLine: {'line': b'-- Detecting CXX compile features\n'}
[0.243167] (mecanum_drive_controller) StdoutLine: {'line': b'-- Detecting CXX compile features - done\n'}
[0.247606] (mecanum_drive_controller) StdoutLine: {'line': b'-- Found ament_cmake: 1.3.8 (/opt/ros/humble/share/ament_cmake/cmake)\n'}
[0.299529] (-) TimerEvent: {}
[0.399891] (-) TimerEvent: {}
[0.404152] (mecanum_drive_controller) StdoutLine: {'line': b'-- Found Python3: /usr/bin/python3 (found version "3.10.12") found components: Interpreter \n'}
[0.500047] (-) TimerEvent: {}
[0.513343] (mecanum_drive_controller) StdoutLine: {'line': b'-- Found backward_ros: 1.0.2 (/opt/ros/humble/share/backward_ros/cmake)\n'}
[0.524194] (mecanum_drive_controller) StdoutLine: {'line': b'-- Found libdw: /usr/lib/x86_64-linux-gnu/libdw.so  \n'}
[0.531535] (mecanum_drive_controller) StdoutLine: {'line': b'-- Could NOT find libbfd (missing: LIBBFD_LIBRARY LIBBFD_INCLUDE_DIR) \n'}
[0.531753] (mecanum_drive_controller) StdoutLine: {'line': b'-- BACKWARD_HAS_UNWIND=1\n'}
[0.531834] (mecanum_drive_controller) StdoutLine: {'line': b'-- BACKWARD_HAS_BACKTRACE=0\n'}
[0.531927] (mecanum_drive_controller) StdoutLine: {'line': b'-- BACKWARD_HAS_BACKTRACE_SYMBOL=0\n'}
[0.532140] (mecanum_drive_controller) StdoutLine: {'line': b'-- BACKWARD_HAS_DW=1\n'}
[0.532478] (mecanum_drive_controller) StdoutLine: {'line': b'-- BACKWARD_HAS_BFD=0\n'}
[0.532697] (mecanum_drive_controller) StdoutLine: {'line': b'-- Found Backward: /opt/ros/humble/share/backward_ros/cmake  \n'}
[0.535368] (mecanum_drive_controller) StdoutLine: {'line': b'-- Found controller_interface: 2.41.0 (/opt/ros/humble/share/controller_interface/cmake)\n'}
[0.589940] (mecanum_drive_controller) StdoutLine: {'line': b'-- Found rosidl_generator_c: 3.1.5 (/opt/ros/humble/share/rosidl_generator_c/cmake)\n'}
[0.597695] (mecanum_drive_controller) StdoutLine: {'line': b'-- Found rosidl_adapter: 3.1.5 (/opt/ros/humble/share/rosidl_adapter/cmake)\n'}
[0.600112] (-) TimerEvent: {}
[0.611483] (mecanum_drive_controller) StdoutLine: {'line': b'-- Found rosidl_generator_cpp: 3.1.5 (/opt/ros/humble/share/rosidl_generator_cpp/cmake)\n'}
[0.629891] (mecanum_drive_controller) StdoutLine: {'line': b'-- Using all available rosidl_typesupport_c: rosidl_typesupport_fastrtps_c;rosidl_typesupport_introspection_c\n'}
[0.656644] (mecanum_drive_controller) StdoutLine: {'line': b'-- Using all available rosidl_typesupport_cpp: rosidl_typesupport_fastrtps_cpp;rosidl_typesupport_introspection_cpp\n'}
[0.700278] (-) TimerEvent: {}
[0.800662] (-) TimerEvent: {}
[0.900951] (-) TimerEvent: {}
[1.001315] (-) TimerEvent: {}
[1.101698] (-) TimerEvent: {}
[1.202089] (-) TimerEvent: {}
[1.302500] (-) TimerEvent: {}
[1.358501] (mecanum_drive_controller) StdoutLine: {'line': b'-- Found rmw_implementation_cmake: 6.1.1 (/opt/ros/humble/share/rmw_implementation_cmake/cmake)\n'}
[1.363169] (mecanum_drive_controller) StdoutLine: {'line': b'-- Found rmw_cyclonedds_cpp: 1.3.4 (/opt/ros/humble/share/rmw_cyclonedds_cpp/cmake)\n'}
[1.402612] (-) TimerEvent: {}
[1.405502] (mecanum_drive_controller) StdoutLine: {'line': b"-- Using RMW implementation 'rmw_cyclonedds_cpp' as default\n"}
[1.421307] (mecanum_drive_controller) StdoutLine: {'line': b'-- Looking for C++ include pthread.h\n'}
[1.502744] (-) TimerEvent: {}
[1.591126] (mecanum_drive_controller) StdoutLine: {'line': b'-- Looking for C++ include pthread.h - found\n'}
[1.591380] (mecanum_drive_controller) StdoutLine: {'line': b'-- Performing Test CMAKE_HAVE_LIBC_PTHREAD\n'}
[1.602887] (-) TimerEvent: {}
[1.703328] (-) TimerEvent: {}
[1.729617] (mecanum_drive_controller) StdoutLine: {'line': b'-- Performing Test CMAKE_HAVE_LIBC_PTHREAD - Success\n'}
[1.730595] (mecanum_drive_controller) StdoutLine: {'line': b'-- Found Threads: TRUE  \n'}
[1.803441] (-) TimerEvent: {}
[1.903782] (-) TimerEvent: {}
[1.993693] (mecanum_drive_controller) StdoutLine: {'line': b'-- Found generate_parameter_library: 0.3.8 (/opt/ros/humble/share/generate_parameter_library/cmake)\n'}
[1.997343] (mecanum_drive_controller) StdoutLine: {'line': b'-- Found parameter_traits: 0.3.8 (/opt/ros/humble/share/parameter_traits/cmake)\n'}
[2.003905] (-) TimerEvent: {}
[2.033601] (mecanum_drive_controller) StdoutLine: {'line': b'-- Found nav_msgs: 4.2.3 (/opt/ros/humble/share/nav_msgs/cmake)\n'}
[2.104041] (-) TimerEvent: {}
[2.119930] (mecanum_drive_controller) StdoutLine: {'line': b'-- Found realtime_tools: 2.5.0 (/opt/ros/humble/share/realtime_tools/cmake)\n'}
[2.166629] (mecanum_drive_controller) StdoutLine: {'line': b'-- Found std_srvs: 4.2.3 (/opt/ros/humble/share/std_srvs/cmake)\n'}
[2.187934] (mecanum_drive_controller) StdoutLine: {'line': b'-- Found tf2: 0.25.6 (/opt/ros/humble/share/tf2/cmake)\n'}
[2.199255] (mecanum_drive_controller) StdoutLine: {'line': b'-- Found tf2_geometry_msgs: 0.25.6 (/opt/ros/humble/share/tf2_geometry_msgs/cmake)\n'}
[2.204200] (-) TimerEvent: {}
[2.213917] (mecanum_drive_controller) StdoutLine: {'line': b'-- Found eigen3_cmake_module: 0.1.1 (/opt/ros/humble/share/eigen3_cmake_module/cmake)\n'}
[2.215950] (mecanum_drive_controller) StdoutLine: {'line': b'-- Found Eigen3: TRUE (found version "3.4.0") \n'}
[2.216124] (mecanum_drive_controller) StdoutLine: {'line': b'-- Ensuring Eigen3 include directory is part of orocos-kdl CMake target\n'}
[2.304726] (-) TimerEvent: {}
[2.405159] (-) TimerEvent: {}
[2.505584] (-) TimerEvent: {}
[2.605976] (-) TimerEvent: {}
[2.663021] (mecanum_drive_controller) StdoutLine: {'line': b'-- Found ament_cmake_gmock: 1.3.8 (/opt/ros/humble/share/ament_cmake_gmock/cmake)\n'}
[2.667439] (mecanum_drive_controller) StdoutLine: {'line': b'-- Found controller_manager: 2.41.0 (/opt/ros/humble/share/controller_manager/cmake)\n'}
[2.706121] (-) TimerEvent: {}
[2.806489] (-) TimerEvent: {}
[2.906833] (-) TimerEvent: {}
[2.930862] (mecanum_drive_controller) StdoutLine: {'line': b'-- Found ros2_control_test_assets: 2.41.0 (/opt/ros/humble/share/ros2_control_test_assets/cmake)\n'}
[2.934577] (mecanum_drive_controller) StdoutLine: {'line': b"-- Found gmock sources under '/opt/ros/humble/src/gmock_vendor': C++ tests using 'Google Mock' will be built\n"}
[3.006984] (-) TimerEvent: {}
[3.026342] (mecanum_drive_controller) StdoutLine: {'line': b'-- The C compiler identification is GNU 11.4.0\n'}
[3.036604] (mecanum_drive_controller) StdoutLine: {'line': b'-- Detecting C compiler ABI info\n'}
[3.107147] (-) TimerEvent: {}
[3.176445] (mecanum_drive_controller) StdoutLine: {'line': b'-- Detecting C compiler ABI info - done\n'}
[3.183315] (mecanum_drive_controller) StdoutLine: {'line': b'-- Check for working C compiler: /usr/bin/cc - skipped\n'}
[3.183571] (mecanum_drive_controller) StdoutLine: {'line': b'-- Detecting C compile features\n'}
[3.183996] (mecanum_drive_controller) StdoutLine: {'line': b'-- Detecting C compile features - done\n'}
[3.190447] (mecanum_drive_controller) StdoutLine: {'line': b'-- Found ament_cmake_gtest: 1.3.8 (/opt/ros/humble/share/ament_cmake_gtest/cmake)\n'}
[3.192011] (mecanum_drive_controller) StdoutLine: {'line': b"-- Found gtest sources under '/opt/ros/humble/src/gtest_vendor': C++ tests using 'Google Test' will be built\n"}
[3.207263] (-) TimerEvent: {}
[3.307592] (-) TimerEvent: {}
[3.407889] (-) TimerEvent: {}
[3.508184] (-) TimerEvent: {}
[3.608472] (-) TimerEvent: {}
[3.708758] (-) TimerEvent: {}
[3.809060] (-) TimerEvent: {}
[3.909351] (-) TimerEvent: {}
[4.009653] (-) TimerEvent: {}
[4.109957] (-) TimerEvent: {}
[4.210255] (-) TimerEvent: {}
[4.212248] (mecanum_drive_controller) StdoutLine: {'line': b'-- Configuring done\n'}
[4.310378] (-) TimerEvent: {}
[4.383794] (mecanum_drive_controller) StdoutLine: {'line': b'-- Generating done\n'}
[4.386863] (mecanum_drive_controller) StdoutLine: {'line': b'-- Build files have been written to: /home/duser/clearpath_mecanum_drive_controller-ros2ws/build/mecanum_drive_controller\n'}
[4.402772] (mecanum_drive_controller) CommandEnded: {'returncode': 0}
[4.403550] (mecanum_drive_controller) JobProgress: {'identifier': 'mecanum_drive_controller', 'progress': 'build'}
[4.405295] (mecanum_drive_controller) Command: {'cmd': ['/usr/bin/cmake', '--build', '/home/duser/clearpath_mecanum_drive_controller-ros2ws/build/mecanum_drive_controller', '--', '-j12', '-l12'], 'cwd': '/home/duser/clearpath_mecanum_drive_controller-ros2ws/build/mecanum_drive_controller', 'env': OrderedDict([('PYTHONWARNINGS', 'ignore:::setuptools.command.install,ignore:::setuptools.command.easy_install,ignore:::pkg_resources'), ('HOSTNAME', 'guillermo-ideapad3'), ('ROS_PACKAGE_PATH', '/home/duser/clearpath_mecanum_drive_controller-ros2ws/install/mecanum_drive_controller/share'), ('SHLVL', '1'), ('LD_LIBRARY_PATH', '/home/duser/clearpath_mecanum_drive_controller-ros2ws/install/mecanum_drive_controller/lib:/opt/ros/humble/opt/rviz_ogre_vendor/lib:/opt/ros/humble/lib/x86_64-linux-gnu:/opt/ros/humble/lib'), ('HOME', '/home/duser'), ('OLDPWD', '/home/duser'), ('ROS_PYTHON_VERSION', '3'), ('ROS_LOG_DIR', '/home/duser/rbkk3-ros2ws/log'), ('COLCON_PREFIX_PATH', '/home/duser/clearpath_mecanum_drive_controller-ros2ws/install'), ('ROS_DISTRO', 'humble'), ('_', '/usr/bin/colcon'), ('ROS_VERSION', '2'), ('PKG_CONFIG_PATH', '/home/duser/clearpath_mecanum_drive_controller-ros2ws/install/mecanum_drive_controller/lib/x86_64-linux-gnu/pkgconfig:/home/duser/clearpath_mecanum_drive_controller-ros2ws/install/mecanum_drive_controller/lib/pkgconfig'), ('TERM', 'xterm'), ('ROS_LOCALHOST_ONLY', '0'), ('QT_X11_NO_MITSHM', '1'), ('PATH', '/opt/ros/humble/bin:/usr/local/sbin:/usr/local/bin:/usr/sbin:/usr/bin:/sbin:/bin'), ('DISPLAY', ':0'), ('LANG', 'C.UTF-8'), ('RMW_IMPLEMENTATION', 'rmw_cyclonedds_cpp'), ('AMENT_PREFIX_PATH', '/opt/ros/humble'), ('PWD', '/home/duser/clearpath_mecanum_drive_controller-ros2ws/build/mecanum_drive_controller'), ('LC_ALL', 'C.UTF-8'), ('PYTHONPATH', '/opt/ros/humble/lib/python3.10/site-packages:/opt/ros/humble/local/lib/python3.10/dist-packages'), ('COLCON', '1'), ('CMAKE_PREFIX_PATH', '/home/duser/clearpath_mecanum_drive_controller-ros2ws/install/mecanum_drive_controller:/opt/ros/humble')]), 'shell': False}
[4.410498] (-) TimerEvent: {}
[4.465080] (mecanum_drive_controller) StdoutLine: {'line': b'[ 20%] \x1b[34m\x1b[1mRunning `/opt/ros/humble/bin/generate_parameter_library_cpp /home/duser/clearpath_mecanum_drive_controller-ros2ws/build/mecanum_drive_controller/mecanum_drive_controller_parameters/include//mecanum_drive_controller_parameters.hpp /home/duser/clearpath_mecanum_drive_controller-ros2ws/src/ros2_controllers/mecanum_drive_controller/src/mecanum_drive_controller.yaml `\x1b[0m\n'}
[4.465405] (mecanum_drive_controller) StdoutLine: {'line': b'[ 20%] \x1b[32mBuilding CXX object gmock/CMakeFiles/gmock_main.dir/src/gmock_main.cc.o\x1b[0m\n'}
[4.465509] (mecanum_drive_controller) StdoutLine: {'line': b'[ 20%] \x1b[32mBuilding CXX object gmock/CMakeFiles/gmock.dir/src/gmock-all.cc.o\x1b[0m\n'}
[4.465595] (mecanum_drive_controller) StdoutLine: {'line': b'[ 26%] \x1b[32mBuilding CXX object gmock/CMakeFiles/gmock.dir/opt/ros/humble/src/gtest_vendor/src/gtest-all.cc.o\x1b[0m\n'}
[4.510627] (-) TimerEvent: {}
[4.610991] (-) TimerEvent: {}
[4.711460] (-) TimerEvent: {}
[4.811860] (-) TimerEvent: {}
[4.849710] (mecanum_drive_controller) StdoutLine: {'line': b'[ 26%] Built target mecanum_drive_controller_parameters\n'}
[4.876576] (mecanum_drive_controller) StdoutLine: {'line': b'[ 40%] \x1b[32mBuilding CXX object CMakeFiles/mecanum_drive_controller.dir/src/odometry.cpp.o\x1b[0m\n'}
[4.876863] (mecanum_drive_controller) StdoutLine: {'line': b'[ 40%] \x1b[32mBuilding CXX object CMakeFiles/mecanum_drive_controller.dir/src/mecanum_drive_controller.cpp.o\x1b[0m\n'}
[4.912022] (-) TimerEvent: {}
[5.012464] (-) TimerEvent: {}
[5.112852] (-) TimerEvent: {}
[5.213273] (-) TimerEvent: {}
[5.313711] (-) TimerEvent: {}
[5.415154] (-) TimerEvent: {}
[5.515587] (-) TimerEvent: {}
[5.616022] (-) TimerEvent: {}
[5.716502] (-) TimerEvent: {}
[5.793920] (mecanum_drive_controller) StdoutLine: {'line': b'[ 46%] \x1b[32m\x1b[1mLinking CXX static library libgmock_main.a\x1b[0m\n'}
[5.816636] (-) TimerEvent: {}
[5.848931] (mecanum_drive_controller) StdoutLine: {'line': b'[ 46%] Built target gmock_main\n'}
[5.916782] (-) TimerEvent: {}
[6.017191] (-) TimerEvent: {}
[6.117606] (-) TimerEvent: {}
[6.218019] (-) TimerEvent: {}
[6.318436] (-) TimerEvent: {}
[6.418822] (-) TimerEvent: {}
[6.519193] (-) TimerEvent: {}
[6.619570] (-) TimerEvent: {}
[6.719983] (-) TimerEvent: {}
[6.820451] (-) TimerEvent: {}
[6.920849] (-) TimerEvent: {}
[7.021223] (-) TimerEvent: {}
[7.121702] (-) TimerEvent: {}
[7.222151] (-) TimerEvent: {}
[7.322604] (-) TimerEvent: {}
[7.423059] (-) TimerEvent: {}
[7.474527] (mecanum_drive_controller) StdoutLine: {'line': b'[ 53%] \x1b[32m\x1b[1mLinking CXX static library libgmock.a\x1b[0m\n'}
[7.523211] (-) TimerEvent: {}
[7.564823] (mecanum_drive_controller) StdoutLine: {'line': b'[ 53%] Built target gmock\n'}
[7.593297] (mecanum_drive_controller) StdoutLine: {'line': b'[ 60%] \x1b[32mBuilding CXX object CMakeFiles/test_load_mecanum_drive_controller.dir/test/test_load_mecanum_drive_controller.cpp.o\x1b[0m\n'}
[7.623375] (-) TimerEvent: {}
[7.723826] (-) TimerEvent: {}
[7.824250] (-) TimerEvent: {}
[7.924704] (-) TimerEvent: {}
[8.025140] (-) TimerEvent: {}
[8.125528] (-) TimerEvent: {}
[8.225956] (-) TimerEvent: {}
[8.326434] (-) TimerEvent: {}
[8.426914] (-) TimerEvent: {}
[8.527551] (-) TimerEvent: {}
[8.628186] (-) TimerEvent: {}
[8.728702] (-) TimerEvent: {}
[8.829101] (-) TimerEvent: {}
[8.929472] (-) TimerEvent: {}
[9.029905] (-) TimerEvent: {}
[9.130342] (-) TimerEvent: {}
[9.230782] (-) TimerEvent: {}
[9.331228] (-) TimerEvent: {}
[9.431666] (-) TimerEvent: {}
[9.532122] (-) TimerEvent: {}
[9.632549] (-) TimerEvent: {}
[9.732961] (-) TimerEvent: {}
[9.833368] (-) TimerEvent: {}
[9.933734] (-) TimerEvent: {}
[10.034425] (-) TimerEvent: {}
[10.135069] (-) TimerEvent: {}
[10.235844] (-) TimerEvent: {}
[10.336496] (-) TimerEvent: {}
[10.436937] (-) TimerEvent: {}
[10.537341] (-) TimerEvent: {}
[10.637702] (-) TimerEvent: {}
[10.738088] (-) TimerEvent: {}
[10.838490] (-) TimerEvent: {}
[10.938837] (-) TimerEvent: {}
[11.039211] (-) TimerEvent: {}
[11.139842] (-) TimerEvent: {}
[11.240297] (-) TimerEvent: {}
[11.340766] (-) TimerEvent: {}
[11.441232] (-) TimerEvent: {}
[11.541692] (-) TimerEvent: {}
[11.642129] (-) TimerEvent: {}
[11.742570] (-) TimerEvent: {}
[11.843008] (-) TimerEvent: {}
[11.943414] (-) TimerEvent: {}
[12.043829] (-) TimerEvent: {}
[12.144495] (-) TimerEvent: {}
[12.244922] (-) TimerEvent: {}
[12.328918] (mecanum_drive_controller) StdoutLine: {'line': b'[ 66%] \x1b[32m\x1b[1mLinking CXX executable test_load_mecanum_drive_controller\x1b[0m\n'}
[12.345079] (-) TimerEvent: {}
[12.445513] (-) TimerEvent: {}
[12.545977] (-) TimerEvent: {}
[12.646499] (-) TimerEvent: {}
[12.746994] (-) TimerEvent: {}
[12.847390] (-) TimerEvent: {}
[12.852154] (mecanum_drive_controller) StdoutLine: {'line': b'[ 66%] Built target test_load_mecanum_drive_controller\n'}
[12.947537] (-) TimerEvent: {}
[13.048008] (-) TimerEvent: {}
[13.148479] (-) TimerEvent: {}
[13.248854] (-) TimerEvent: {}
[13.349148] (-) TimerEvent: {}
[13.449505] (-) TimerEvent: {}
[13.549984] (-) TimerEvent: {}
[13.650441] (-) TimerEvent: {}
[13.750920] (-) TimerEvent: {}
[13.851320] (-) TimerEvent: {}
[13.951693] (-) TimerEvent: {}
[14.052031] (-) TimerEvent: {}
[14.152495] (-) TimerEvent: {}
[14.252962] (-) TimerEvent: {}
[14.353449] (-) TimerEvent: {}
[14.453893] (-) TimerEvent: {}
[14.554282] (-) TimerEvent: {}
[14.654619] (-) TimerEvent: {}
[14.754957] (-) TimerEvent: {}
[14.855296] (-) TimerEvent: {}
[14.955695] (-) TimerEvent: {}
[15.056105] (-) TimerEvent: {}
[15.156731] (-) TimerEvent: {}
[15.257218] (-) TimerEvent: {}
[15.357693] (-) TimerEvent: {}
[15.458094] (-) TimerEvent: {}
[15.558430] (-) TimerEvent: {}
[15.658886] (-) TimerEvent: {}
[15.759351] (-) TimerEvent: {}
[15.859811] (-) TimerEvent: {}
[15.960271] (-) TimerEvent: {}
[16.060759] (-) TimerEvent: {}
[16.161221] (-) TimerEvent: {}
[16.261661] (-) TimerEvent: {}
[16.362031] (-) TimerEvent: {}
[16.462377] (-) TimerEvent: {}
[16.562846] (-) TimerEvent: {}
[16.663298] (-) TimerEvent: {}
[16.763714] (-) TimerEvent: {}
[16.864142] (-) TimerEvent: {}
[16.961472] (mecanum_drive_controller) StdoutLine: {'line': b'[ 73%] \x1b[32m\x1b[1mLinking CXX shared library libmecanum_drive_controller.so\x1b[0m\n'}
[16.964246] (-) TimerEvent: {}
[17.064967] (-) TimerEvent: {}
[17.165468] (-) TimerEvent: {}
[17.265896] (-) TimerEvent: {}
[17.366243] (-) TimerEvent: {}
[17.466732] (-) TimerEvent: {}
[17.567309] (-) TimerEvent: {}
[17.667840] (-) TimerEvent: {}
[17.768337] (-) TimerEvent: {}
[17.868822] (-) TimerEvent: {}
[17.969313] (-) TimerEvent: {}
[18.069806] (-) TimerEvent: {}
[18.158705] (mecanum_drive_controller) StdoutLine: {'line': b'[ 73%] Built target mecanum_drive_controller\n'}
[18.169933] (-) TimerEvent: {}
[18.187135] (mecanum_drive_controller) StdoutLine: {'line': b'[ 80%] \x1b[32mBuilding CXX object CMakeFiles/test_mecanum_drive_controller_preceeding.dir/test/test_mecanum_drive_controller_preceeding.cpp.o\x1b[0m\n'}
[18.188789] (mecanum_drive_controller) StdoutLine: {'line': b'[ 86%] \x1b[32mBuilding CXX object CMakeFiles/test_mecanum_drive_controller.dir/test/test_mecanum_drive_controller.cpp.o\x1b[0m\n'}
[18.270051] (-) TimerEvent: {}
[18.370362] (-) TimerEvent: {}
[18.470914] (-) TimerEvent: {}
[18.571303] (-) TimerEvent: {}
[18.671708] (-) TimerEvent: {}
[18.772092] (-) TimerEvent: {}
[18.872722] (-) TimerEvent: {}
[18.973534] (-) TimerEvent: {}
[19.073965] (-) TimerEvent: {}
[19.174372] (-) TimerEvent: {}
[19.275134] (-) TimerEvent: {}
[19.375766] (-) TimerEvent: {}
[19.476173] (-) TimerEvent: {}
[19.576627] (-) TimerEvent: {}
[19.677050] (-) TimerEvent: {}
[19.777483] (-) TimerEvent: {}
[19.878288] (-) TimerEvent: {}
[19.978686] (-) TimerEvent: {}
[20.079045] (-) TimerEvent: {}
[20.179440] (-) TimerEvent: {}
[20.279908] (-) TimerEvent: {}
[20.380337] (-) TimerEvent: {}
[20.480802] (-) TimerEvent: {}
[20.581629] (-) TimerEvent: {}
[20.682049] (-) TimerEvent: {}
[20.782657] (-) TimerEvent: {}
[20.883313] (-) TimerEvent: {}
[20.983943] (-) TimerEvent: {}
[21.084596] (-) TimerEvent: {}
[21.185022] (-) TimerEvent: {}
[21.285740] (-) TimerEvent: {}
[21.386386] (-) TimerEvent: {}
[21.486807] (-) TimerEvent: {}
[21.587584] (-) TimerEvent: {}
[21.688253] (-) TimerEvent: {}
[21.788728] (-) TimerEvent: {}
[21.889387] (-) TimerEvent: {}
[21.989778] (-) TimerEvent: {}
[22.090532] (-) TimerEvent: {}
[22.190962] (-) TimerEvent: {}
[22.291362] (-) TimerEvent: {}
[22.392051] (-) TimerEvent: {}
[22.492697] (-) TimerEvent: {}
[22.593465] (-) TimerEvent: {}
[22.693877] (-) TimerEvent: {}
[22.794314] (-) TimerEvent: {}
[22.895051] (-) TimerEvent: {}
[22.995474] (-) TimerEvent: {}
[23.095895] (-) TimerEvent: {}
[23.196320] (-) TimerEvent: {}
[23.296755] (-) TimerEvent: {}
[23.397166] (-) TimerEvent: {}
[23.497557] (-) TimerEvent: {}
[23.598035] (-) TimerEvent: {}
[23.698824] (-) TimerEvent: {}
[23.799282] (-) TimerEvent: {}
[23.899665] (-) TimerEvent: {}
[24.000296] (-) TimerEvent: {}
[24.100771] (-) TimerEvent: {}
[24.201241] (-) TimerEvent: {}
[24.301696] (-) TimerEvent: {}
[24.402172] (-) TimerEvent: {}
[24.502892] (-) TimerEvent: {}
[24.505621] (mecanum_drive_controller) StdoutLine: {'line': b'[ 93%] \x1b[32m\x1b[1mLinking CXX executable test_mecanum_drive_controller_preceeding\x1b[0m\n'}
[24.603066] (-) TimerEvent: {}
[24.703461] (-) TimerEvent: {}
[24.803942] (-) TimerEvent: {}
[24.904442] (-) TimerEvent: {}
[25.004892] (-) TimerEvent: {}
[25.105310] (-) TimerEvent: {}
[25.205716] (-) TimerEvent: {}
[25.306700] (-) TimerEvent: {}
[25.407208] (-) TimerEvent: {}
[25.508096] (-) TimerEvent: {}
[25.608698] (-) TimerEvent: {}
[25.709113] (-) TimerEvent: {}
[25.784462] (mecanum_drive_controller) StdoutLine: {'line': b'[ 93%] Built target test_mecanum_drive_controller_preceeding\n'}
[25.809242] (-) TimerEvent: {}
[25.909706] (-) TimerEvent: {}
[26.010122] (-) TimerEvent: {}
[26.110614] (-) TimerEvent: {}
[26.211072] (-) TimerEvent: {}
[26.311529] (-) TimerEvent: {}
[26.411948] (-) TimerEvent: {}
[26.512465] (-) TimerEvent: {}
[26.612912] (-) TimerEvent: {}
[26.713347] (-) TimerEvent: {}
[26.813819] (-) TimerEvent: {}
[26.914280] (-) TimerEvent: {}
[27.014658] (-) TimerEvent: {}
[27.115130] (-) TimerEvent: {}
[27.215622] (-) TimerEvent: {}
[27.316101] (-) TimerEvent: {}
[27.416675] (-) TimerEvent: {}
[27.517167] (-) TimerEvent: {}
[27.617616] (-) TimerEvent: {}
[27.718260] (-) TimerEvent: {}
[27.818648] (-) TimerEvent: {}
[27.919013] (-) TimerEvent: {}
[28.019587] (-) TimerEvent: {}
[28.119989] (-) TimerEvent: {}
[28.220421] (-) TimerEvent: {}
[28.320843] (-) TimerEvent: {}
[28.421325] (-) TimerEvent: {}
[28.521885] (-) TimerEvent: {}
[28.622383] (-) TimerEvent: {}
[28.722886] (-) TimerEvent: {}
[28.823348] (-) TimerEvent: {}
[28.923719] (-) TimerEvent: {}
[29.024158] (-) TimerEvent: {}
[29.124478] (-) TimerEvent: {}
[29.224825] (-) TimerEvent: {}
[29.325173] (-) TimerEvent: {}
[29.425540] (-) TimerEvent: {}
[29.525882] (-) TimerEvent: {}
[29.626241] (-) TimerEvent: {}
[29.631208] (mecanum_drive_controller) StdoutLine: {'line': b'[100%] \x1b[32m\x1b[1mLinking CXX executable test_mecanum_drive_controller\x1b[0m\n'}
[29.726424] (-) TimerEvent: {}
[29.826920] (-) TimerEvent: {}
[29.927443] (-) TimerEvent: {}
[30.033173] (-) TimerEvent: {}
[30.133628] (-) TimerEvent: {}
[30.234200] (-) TimerEvent: {}
[30.334724] (-) TimerEvent: {}
[30.435245] (-) TimerEvent: {}
[30.535772] (-) TimerEvent: {}
[30.636292] (-) TimerEvent: {}
[30.736778] (-) TimerEvent: {}
[30.837221] (-) TimerEvent: {}
[30.937723] (-) TimerEvent: {}
[31.038196] (-) TimerEvent: {}
[31.138657] (-) TimerEvent: {}
[31.239129] (-) TimerEvent: {}
[31.320294] (mecanum_drive_controller) StdoutLine: {'line': b'[100%] Built target test_mecanum_drive_controller\n'}
[31.337616] (mecanum_drive_controller) CommandEnded: {'returncode': 0}
[31.340540] (-) TimerEvent: {}
[31.399030] (mecanum_drive_controller) JobProgress: {'identifier': 'mecanum_drive_controller', 'progress': 'install'}
[31.413130] (mecanum_drive_controller) Command: {'cmd': ['/usr/bin/cmake', '--install', '/home/duser/clearpath_mecanum_drive_controller-ros2ws/build/mecanum_drive_controller'], 'cwd': '/home/duser/clearpath_mecanum_drive_controller-ros2ws/build/mecanum_drive_controller', 'env': OrderedDict([('PYTHONWARNINGS', 'ignore:::setuptools.command.install,ignore:::setuptools.command.easy_install,ignore:::pkg_resources'), ('HOSTNAME', 'guillermo-ideapad3'), ('ROS_PACKAGE_PATH', '/home/duser/clearpath_mecanum_drive_controller-ros2ws/install/mecanum_drive_controller/share'), ('SHLVL', '1'), ('LD_LIBRARY_PATH', '/home/duser/clearpath_mecanum_drive_controller-ros2ws/install/mecanum_drive_controller/lib:/opt/ros/humble/opt/rviz_ogre_vendor/lib:/opt/ros/humble/lib/x86_64-linux-gnu:/opt/ros/humble/lib'), ('HOME', '/home/duser'), ('OLDPWD', '/home/duser'), ('ROS_PYTHON_VERSION', '3'), ('ROS_LOG_DIR', '/home/duser/rbkk3-ros2ws/log'), ('COLCON_PREFIX_PATH', '/home/duser/clearpath_mecanum_drive_controller-ros2ws/install'), ('ROS_DISTRO', 'humble'), ('_', '/usr/bin/colcon'), ('ROS_VERSION', '2'), ('PKG_CONFIG_PATH', '/home/duser/clearpath_mecanum_drive_controller-ros2ws/install/mecanum_drive_controller/lib/x86_64-linux-gnu/pkgconfig:/home/duser/clearpath_mecanum_drive_controller-ros2ws/install/mecanum_drive_controller/lib/pkgconfig'), ('TERM', 'xterm'), ('ROS_LOCALHOST_ONLY', '0'), ('QT_X11_NO_MITSHM', '1'), ('PATH', '/opt/ros/humble/bin:/usr/local/sbin:/usr/local/bin:/usr/sbin:/usr/bin:/sbin:/bin'), ('DISPLAY', ':0'), ('LANG', 'C.UTF-8'), ('RMW_IMPLEMENTATION', 'rmw_cyclonedds_cpp'), ('AMENT_PREFIX_PATH', '/opt/ros/humble'), ('PWD', '/home/duser/clearpath_mecanum_drive_controller-ros2ws/build/mecanum_drive_controller'), ('LC_ALL', 'C.UTF-8'), ('PYTHONPATH', '/opt/ros/humble/lib/python3.10/site-packages:/opt/ros/humble/local/lib/python3.10/dist-packages'), ('COLCON', '1'), ('CMAKE_PREFIX_PATH', '/home/duser/clearpath_mecanum_drive_controller-ros2ws/install/mecanum_drive_controller:/opt/ros/humble')]), 'shell': False}
[31.422445] (mecanum_drive_controller) StdoutLine: {'line': b'-- Install configuration: ""\n'}
[31.422745] (mecanum_drive_controller) StdoutLine: {'line': b'-- Installing: /home/duser/clearpath_mecanum_drive_controller-ros2ws/install/mecanum_drive_controller/include/mecanum_drive_controller_parameters\n'}
[31.423045] (mecanum_drive_controller) StdoutLine: {'line': b'-- Installing: /home/duser/clearpath_mecanum_drive_controller-ros2ws/install/mecanum_drive_controller/include/mecanum_drive_controller_parameters/mecanum_drive_controller_parameters.hpp\n'}
[31.423145] (mecanum_drive_controller) StdoutLine: {'line': b'-- Installing: /home/duser/clearpath_mecanum_drive_controller-ros2ws/install/mecanum_drive_controller/share/mecanum_drive_controller/mecanum_drive_controller.xml\n'}
[31.423716] (mecanum_drive_controller) StdoutLine: {'line': b'-- Installing: /home/duser/clearpath_mecanum_drive_controller-ros2ws/install/mecanum_drive_controller/include/mecanum_drive_controller\n'}
[31.424052] (mecanum_drive_controller) StdoutLine: {'line': b'-- Installing: /home/duser/clearpath_mecanum_drive_controller-ros2ws/install/mecanum_drive_controller/include/mecanum_drive_controller/mecanum_drive_controller\n'}
[31.424402] (mecanum_drive_controller) StdoutLine: {'line': b'-- Installing: /home/duser/clearpath_mecanum_drive_controller-ros2ws/install/mecanum_drive_controller/include/mecanum_drive_controller/mecanum_drive_controller/odometry.hpp\n'}
[31.424558] (mecanum_drive_controller) StdoutLine: {'line': b'-- Installing: /home/duser/clearpath_mecanum_drive_controller-ros2ws/install/mecanum_drive_controller/include/mecanum_drive_controller/mecanum_drive_controller/visibility_control.h\n'}
[31.424707] (mecanum_drive_controller) StdoutLine: {'line': b'-- Installing: /home/duser/clearpath_mecanum_drive_controller-ros2ws/install/mecanum_drive_controller/include/mecanum_drive_controller/mecanum_drive_controller/mecanum_drive_controller.hpp\n'}
[31.424961] (mecanum_drive_controller) StdoutLine: {'line': b'-- Installing: /home/duser/clearpath_mecanum_drive_controller-ros2ws/install/mecanum_drive_controller/lib/libmecanum_drive_controller.so\n'}
[31.440659] (-) TimerEvent: {}
[31.444789] (mecanum_drive_controller) StdoutLine: {'line': b'-- Set runtime path of "/home/duser/clearpath_mecanum_drive_controller-ros2ws/install/mecanum_drive_controller/lib/libmecanum_drive_controller.so" to ""\n'}
[31.445082] (mecanum_drive_controller) StdoutLine: {'line': b'-- Installing: /home/duser/clearpath_mecanum_drive_controller-ros2ws/install/mecanum_drive_controller/share/mecanum_drive_controller/environment/library_path.sh\n'}
[31.445293] (mecanum_drive_controller) StdoutLine: {'line': b'-- Installing: /home/duser/clearpath_mecanum_drive_controller-ros2ws/install/mecanum_drive_controller/share/mecanum_drive_controller/environment/library_path.dsv\n'}
[31.445530] (mecanum_drive_controller) StdoutLine: {'line': b'-- Installing: /home/duser/clearpath_mecanum_drive_controller-ros2ws/install/mecanum_drive_controller/share/ament_index/resource_index/package_run_dependencies/mecanum_drive_controller\n'}
[31.445833] (mecanum_drive_controller) StdoutLine: {'line': b'-- Installing: /home/duser/clearpath_mecanum_drive_controller-ros2ws/install/mecanum_drive_controller/share/ament_index/resource_index/parent_prefix_path/mecanum_drive_controller\n'}
[31.446059] (mecanum_drive_controller) StdoutLine: {'line': b'-- Installing: /home/duser/clearpath_mecanum_drive_controller-ros2ws/install/mecanum_drive_controller/share/mecanum_drive_controller/environment/ament_prefix_path.sh\n'}
[31.446332] (mecanum_drive_controller) StdoutLine: {'line': b'-- Installing: /home/duser/clearpath_mecanum_drive_controller-ros2ws/install/mecanum_drive_controller/share/mecanum_drive_controller/environment/ament_prefix_path.dsv\n'}
[31.446542] (mecanum_drive_controller) StdoutLine: {'line': b'-- Installing: /home/duser/clearpath_mecanum_drive_controller-ros2ws/install/mecanum_drive_controller/share/mecanum_drive_controller/environment/path.sh\n'}
[31.446693] (mecanum_drive_controller) StdoutLine: {'line': b'-- Installing: /home/duser/clearpath_mecanum_drive_controller-ros2ws/install/mecanum_drive_controller/share/mecanum_drive_controller/environment/path.dsv\n'}
[31.446927] (mecanum_drive_controller) StdoutLine: {'line': b'-- Installing: /home/duser/clearpath_mecanum_drive_controller-ros2ws/install/mecanum_drive_controller/share/mecanum_drive_controller/local_setup.bash\n'}
[31.447143] (mecanum_drive_controller) StdoutLine: {'line': b'-- Installing: /home/duser/clearpath_mecanum_drive_controller-ros2ws/install/mecanum_drive_controller/share/mecanum_drive_controller/local_setup.sh\n'}
[31.447370] (mecanum_drive_controller) StdoutLine: {'line': b'-- Installing: /home/duser/clearpath_mecanum_drive_controller-ros2ws/install/mecanum_drive_controller/share/mecanum_drive_controller/local_setup.zsh\n'}
[31.447606] (mecanum_drive_controller) StdoutLine: {'line': b'-- Installing: /home/duser/clearpath_mecanum_drive_controller-ros2ws/install/mecanum_drive_controller/share/mecanum_drive_controller/local_setup.dsv\n'}
[31.447852] (mecanum_drive_controller) StdoutLine: {'line': b'-- Installing: /home/duser/clearpath_mecanum_drive_controller-ros2ws/install/mecanum_drive_controller/share/mecanum_drive_controller/package.dsv\n'}
[31.448138] (mecanum_drive_controller) StdoutLine: {'line': b'-- Installing: /home/duser/clearpath_mecanum_drive_controller-ros2ws/install/mecanum_drive_controller/share/ament_index/resource_index/packages/mecanum_drive_controller\n'}
[31.448350] (mecanum_drive_controller) StdoutLine: {'line': b'-- Installing: /home/duser/clearpath_mecanum_drive_controller-ros2ws/install/mecanum_drive_controller/share/ament_index/resource_index/controller_interface__pluginlib__plugin/mecanum_drive_controller\n'}
[31.448668] (mecanum_drive_controller) StdoutLine: {'line': b'-- Installing: /home/duser/clearpath_mecanum_drive_controller-ros2ws/install/mecanum_drive_controller/share/mecanum_drive_controller/cmake/export_mecanum_drive_controllerExport.cmake\n'}
[31.448991] (mecanum_drive_controller) StdoutLine: {'line': b'-- Installing: /home/duser/clearpath_mecanum_drive_controller-ros2ws/install/mecanum_drive_controller/share/mecanum_drive_controller/cmake/export_mecanum_drive_controllerExport-noconfig.cmake\n'}
[31.449180] (mecanum_drive_controller) StdoutLine: {'line': b'-- Installing: /home/duser/clearpath_mecanum_drive_controller-ros2ws/install/mecanum_drive_controller/share/mecanum_drive_controller/cmake/ament_cmake_export_targets-extras.cmake\n'}
[31.449412] (mecanum_drive_controller) StdoutLine: {'line': b'-- Installing: /home/duser/clearpath_mecanum_drive_controller-ros2ws/install/mecanum_drive_controller/share/mecanum_drive_controller/cmake/ament_cmake_export_dependencies-extras.cmake\n'}
[31.449678] (mecanum_drive_controller) StdoutLine: {'line': b'-- Installing: /home/duser/clearpath_mecanum_drive_controller-ros2ws/install/mecanum_drive_controller/share/mecanum_drive_controller/cmake/mecanum_drive_controllerConfig.cmake\n'}
[31.449879] (mecanum_drive_controller) StdoutLine: {'line': b'-- Installing: /home/duser/clearpath_mecanum_drive_controller-ros2ws/install/mecanum_drive_controller/share/mecanum_drive_controller/cmake/mecanum_drive_controllerConfig-version.cmake\n'}
[31.450096] (mecanum_drive_controller) StdoutLine: {'line': b'-- Installing: /home/duser/clearpath_mecanum_drive_controller-ros2ws/install/mecanum_drive_controller/share/mecanum_drive_controller/package.xml\n'}
[31.459361] (mecanum_drive_controller) CommandEnded: {'returncode': 0}
[31.540805] (-) TimerEvent: {}
[31.567953] (mecanum_drive_controller) JobEnded: {'identifier': 'mecanum_drive_controller', 'rc': 0}
[31.569164] (-) EventReactorShutdown: {}
