[0.054s] Invoking command in '/home/duser/ros2_kortex-ros2ws/build/serial': CMAKE_PREFIX_PATH=${CMAKE_PREFIX_PATH}:/opt/ros/humble /usr/bin/cmake --build /home/duser/ros2_kortex-ros2ws/build/serial -- -j12 -l12
[0.178s] [100%] Built target serial
[0.559s] Invoked command in '/home/duser/ros2_kortex-ros2ws/build/serial' returned '0': CMAKE_PREFIX_PATH=${CMAKE_PREFIX_PATH}:/opt/ros/humble /usr/bin/cmake --build /home/duser/ros2_kortex-ros2ws/build/serial -- -j12 -l12
[0.656s] Invoking command in '/home/duser/ros2_kortex-ros2ws/build/serial': CMAKE_PREFIX_PATH=${CMAKE_PREFIX_PATH}:/opt/ros/humble /usr/bin/cmake --install /home/duser/ros2_kortex-ros2ws/build/serial
[0.695s] -- Install configuration: "Release"
[0.696s] -- Up-to-date: /home/duser/ros2_kortex-ros2ws/install/serial/lib/libserial.a
[0.697s] -- Up-to-date: /home/duser/ros2_kortex-ros2ws/install/serial/include
[0.697s] -- Up-to-date: /home/duser/ros2_kortex-ros2ws/install/serial/include/serial
[0.699s] -- Up-to-date: /home/duser/ros2_kortex-ros2ws/install/serial/include/serial/impl
[0.699s] -- Up-to-date: /home/duser/ros2_kortex-ros2ws/install/serial/include/serial/impl/unix.h
[0.699s] -- Up-to-date: /home/duser/ros2_kortex-ros2ws/install/serial/include/serial/impl/win.h
[0.699s] -- Up-to-date: /home/duser/ros2_kortex-ros2ws/install/serial/include/serial/serial.h
[0.700s] -- Up-to-date: /home/duser/ros2_kortex-ros2ws/install/serial/include/serial/v8stdint.h
[0.700s] -- Up-to-date: /home/duser/ros2_kortex-ros2ws/install/serial/share/serial/environment/library_path.sh
[0.700s] -- Up-to-date: /home/duser/ros2_kortex-ros2ws/install/serial/share/serial/environment/library_path.dsv
[0.701s] -- Up-to-date: /home/duser/ros2_kortex-ros2ws/install/serial/share/ament_index/resource_index/package_run_dependencies/serial
[0.701s] -- Up-to-date: /home/duser/ros2_kortex-ros2ws/install/serial/share/ament_index/resource_index/parent_prefix_path/serial
[0.701s] -- Up-to-date: /home/duser/ros2_kortex-ros2ws/install/serial/share/serial/environment/ament_prefix_path.sh
[0.701s] -- Up-to-date: /home/duser/ros2_kortex-ros2ws/install/serial/share/serial/environment/ament_prefix_path.dsv
[0.701s] -- Up-to-date: /home/duser/ros2_kortex-ros2ws/install/serial/share/serial/environment/path.sh
[0.701s] -- Up-to-date: /home/duser/ros2_kortex-ros2ws/install/serial/share/serial/environment/path.dsv
[0.701s] -- Up-to-date: /home/duser/ros2_kortex-ros2ws/install/serial/share/serial/local_setup.bash
[0.702s] -- Up-to-date: /home/duser/ros2_kortex-ros2ws/install/serial/share/serial/local_setup.sh
[0.702s] -- Up-to-date: /home/duser/ros2_kortex-ros2ws/install/serial/share/serial/local_setup.zsh
[0.702s] -- Up-to-date: /home/duser/ros2_kortex-ros2ws/install/serial/share/serial/local_setup.dsv
[0.702s] -- Installing: /home/duser/ros2_kortex-ros2ws/install/serial/share/serial/package.dsv
[0.704s] -- Up-to-date: /home/duser/ros2_kortex-ros2ws/install/serial/share/ament_index/resource_index/packages/serial
[0.706s] -- Up-to-date: /home/duser/ros2_kortex-ros2ws/install/serial/share/serial/cmake/export_serialExport.cmake
[0.706s] -- Up-to-date: /home/duser/ros2_kortex-ros2ws/install/serial/share/serial/cmake/export_serialExport-release.cmake
[0.707s] -- Up-to-date: /home/duser/ros2_kortex-ros2ws/install/serial/share/serial/cmake/ament_cmake_export_include_directories-extras.cmake
[0.708s] -- Up-to-date: /home/duser/ros2_kortex-ros2ws/install/serial/share/serial/cmake/ament_cmake_export_libraries-extras.cmake
[0.708s] -- Up-to-date: /home/duser/ros2_kortex-ros2ws/install/serial/share/serial/cmake/ament_cmake_export_targets-extras.cmake
[0.708s] -- Up-to-date: /home/duser/ros2_kortex-ros2ws/install/serial/share/serial/cmake/serialConfig.cmake
[0.709s] -- Up-to-date: /home/duser/ros2_kortex-ros2ws/install/serial/share/serial/cmake/serialConfig-version.cmake
[0.709s] -- Up-to-date: /home/duser/ros2_kortex-ros2ws/install/serial/share/serial/package.xml
[0.746s] Invoked command in '/home/duser/ros2_kortex-ros2ws/build/serial' returned '0': CMAKE_PREFIX_PATH=${CMAKE_PREFIX_PATH}:/opt/ros/humble /usr/bin/cmake --install /home/duser/ros2_kortex-ros2ws/build/serial
