[0.023s] Invoking command in '/home/duser/ros2_kortex-ros2ws/build/kortex_driver': AMENT_PREFIX_PATH=/home/duser/ros2_kortex-ros2ws/install/hardware_interface:/home/duser/ros2_kortex-ros2ws/install/kortex_api:/home/duser/ros2_kortex-ros2ws/install/control_msgs:${AMENT_PREFIX_PATH} CMAKE_PREFIX_PATH=/home/duser/ros2_kortex-ros2ws/install/hardware_interface:/home/duser/ros2_kortex-ros2ws/install/kortex_api:/home/duser/ros2_kortex-ros2ws/install/control_msgs:/home/duser/ros2_kortex-ros2ws/install/serial:/home/duser/ros2_kortex-ros2ws/install/ros2_control_test_assets:/opt/ros/humble LD_LIBRARY_PATH=/home/duser/ros2_kortex-ros2ws/install/hardware_interface/lib:/home/duser/ros2_kortex-ros2ws/install/control_msgs/lib:${LD_LIBRARY_PATH} PYTHONPATH=/home/duser/ros2_kortex-ros2ws/install/control_msgs/local/lib/python3.10/dist-packages:${PYTHONPATH} /usr/bin/cmake /home/duser/ros2_kortex-ros2ws/src/ros2_kortex/kortex_driver -DCMAKE_BUILD_TYPE=Release -DCMAKE_INSTALL_PREFIX=/home/duser/ros2_kortex-ros2ws/install/kortex_driver
[9.188s] -- The C compiler identification is GNU 11.4.0
[9.663s] -- The CXX compiler identification is GNU 11.4.0
[9.720s] -- Detecting C compiler ABI info
[11.246s] -- Detecting C compiler ABI info - done
[11.275s] -- Check for working C compiler: /usr/bin/cc - skipped
[11.291s] -- Detecting C compile features
[11.300s] -- Detecting C compile features - done
[11.402s] -- Detecting CXX compiler ABI info
[15.470s] -- Detecting CXX compiler ABI info - done
[15.498s] -- Check for working CXX compiler: /usr/bin/c++ - skipped
[15.502s] -- Detecting CXX compile features
[15.505s] -- Detecting CXX compile features - done
[15.567s] -- Found ament_cmake: 1.3.8 (/opt/ros/humble/share/ament_cmake/cmake)
[16.560s] -- Found Python3: /usr/bin/python3 (found version "3.10.12") found components: Interpreter 
[19.488s] -- Found hardware_interface: 2.41.0 (/home/duser/ros2_kortex-ros2ws/install/hardware_interface/share/hardware_interface/cmake)
[20.638s] -- Found rosidl_generator_c: 3.1.5 (/opt/ros/humble/share/rosidl_generator_c/cmake)
[20.681s] -- Found rosidl_adapter: 3.1.5 (/opt/ros/humble/share/rosidl_adapter/cmake)
[20.757s] -- Found rosidl_generator_cpp: 3.1.5 (/opt/ros/humble/share/rosidl_generator_cpp/cmake)
[20.877s] -- Using all available rosidl_typesupport_c: rosidl_typesupport_fastrtps_c;rosidl_typesupport_introspection_c
[21.015s] -- Using all available rosidl_typesupport_cpp: rosidl_typesupport_fastrtps_cpp;rosidl_typesupport_introspection_cpp
[22.929s] -- Found rmw_implementation_cmake: 6.1.1 (/opt/ros/humble/share/rmw_implementation_cmake/cmake)
[22.943s] -- Found rmw_cyclonedds_cpp: 1.3.4 (/opt/ros/humble/share/rmw_cyclonedds_cpp/cmake)
[23.067s] -- Using RMW implementation 'rmw_cyclonedds_cpp' as default
[23.104s] -- Looking for pthread.h
[23.315s] -- Looking for pthread.h - found
[23.315s] -- Performing Test CMAKE_HAVE_LIBC_PTHREAD
[23.485s] -- Performing Test CMAKE_HAVE_LIBC_PTHREAD - Success
[23.493s] -- Found Threads: TRUE  
[23.865s] -- Found kortex_api: 0.2.2 (/home/duser/ros2_kortex-ros2ws/install/kortex_api/share/kortex_api/cmake)
[24.137s] -- Configuring done
[24.209s] -- Generating done
[24.213s] -- Build files have been written to: /home/duser/ros2_kortex-ros2ws/build/kortex_driver
[24.245s] Invoked command in '/home/duser/ros2_kortex-ros2ws/build/kortex_driver' returned '0': AMENT_PREFIX_PATH=/home/duser/ros2_kortex-ros2ws/install/hardware_interface:/home/duser/ros2_kortex-ros2ws/install/kortex_api:/home/duser/ros2_kortex-ros2ws/install/control_msgs:${AMENT_PREFIX_PATH} CMAKE_PREFIX_PATH=/home/duser/ros2_kortex-ros2ws/install/hardware_interface:/home/duser/ros2_kortex-ros2ws/install/kortex_api:/home/duser/ros2_kortex-ros2ws/install/control_msgs:/home/duser/ros2_kortex-ros2ws/install/serial:/home/duser/ros2_kortex-ros2ws/install/ros2_control_test_assets:/opt/ros/humble LD_LIBRARY_PATH=/home/duser/ros2_kortex-ros2ws/install/hardware_interface/lib:/home/duser/ros2_kortex-ros2ws/install/control_msgs/lib:${LD_LIBRARY_PATH} PYTHONPATH=/home/duser/ros2_kortex-ros2ws/install/control_msgs/local/lib/python3.10/dist-packages:${PYTHONPATH} /usr/bin/cmake /home/duser/ros2_kortex-ros2ws/src/ros2_kortex/kortex_driver -DCMAKE_BUILD_TYPE=Release -DCMAKE_INSTALL_PREFIX=/home/duser/ros2_kortex-ros2ws/install/kortex_driver
[24.248s] Invoking command in '/home/duser/ros2_kortex-ros2ws/build/kortex_driver': AMENT_PREFIX_PATH=/home/duser/ros2_kortex-ros2ws/install/hardware_interface:/home/duser/ros2_kortex-ros2ws/install/kortex_api:/home/duser/ros2_kortex-ros2ws/install/control_msgs:${AMENT_PREFIX_PATH} CMAKE_PREFIX_PATH=/home/duser/ros2_kortex-ros2ws/install/hardware_interface:/home/duser/ros2_kortex-ros2ws/install/kortex_api:/home/duser/ros2_kortex-ros2ws/install/control_msgs:/home/duser/ros2_kortex-ros2ws/install/serial:/home/duser/ros2_kortex-ros2ws/install/ros2_control_test_assets:/opt/ros/humble LD_LIBRARY_PATH=/home/duser/ros2_kortex-ros2ws/install/hardware_interface/lib:/home/duser/ros2_kortex-ros2ws/install/control_msgs/lib:${LD_LIBRARY_PATH} PYTHONPATH=/home/duser/ros2_kortex-ros2ws/install/control_msgs/local/lib/python3.10/dist-packages:${PYTHONPATH} /usr/bin/cmake --build /home/duser/ros2_kortex-ros2ws/build/kortex_driver -- -j12 -l12
[24.348s] [ 33%] [32mBuilding CXX object CMakeFiles/kortex_driver.dir/src/hardware_interface.cpp.o[0m
[32.810s] [ 66%] [32mBuilding CXX object CMakeFiles/kortex_driver.dir/src/kortex_math_util.cpp.o[0m
[33.055s] [100%] [32m[1mLinking CXX shared library libkortex_driver.so[0m
[34.576s] [100%] Built target kortex_driver
[34.603s] Invoked command in '/home/duser/ros2_kortex-ros2ws/build/kortex_driver' returned '0': AMENT_PREFIX_PATH=/home/duser/ros2_kortex-ros2ws/install/hardware_interface:/home/duser/ros2_kortex-ros2ws/install/kortex_api:/home/duser/ros2_kortex-ros2ws/install/control_msgs:${AMENT_PREFIX_PATH} CMAKE_PREFIX_PATH=/home/duser/ros2_kortex-ros2ws/install/hardware_interface:/home/duser/ros2_kortex-ros2ws/install/kortex_api:/home/duser/ros2_kortex-ros2ws/install/control_msgs:/home/duser/ros2_kortex-ros2ws/install/serial:/home/duser/ros2_kortex-ros2ws/install/ros2_control_test_assets:/opt/ros/humble LD_LIBRARY_PATH=/home/duser/ros2_kortex-ros2ws/install/hardware_interface/lib:/home/duser/ros2_kortex-ros2ws/install/control_msgs/lib:${LD_LIBRARY_PATH} PYTHONPATH=/home/duser/ros2_kortex-ros2ws/install/control_msgs/local/lib/python3.10/dist-packages:${PYTHONPATH} /usr/bin/cmake --build /home/duser/ros2_kortex-ros2ws/build/kortex_driver -- -j12 -l12
[34.674s] Invoking command in '/home/duser/ros2_kortex-ros2ws/build/kortex_driver': AMENT_PREFIX_PATH=/home/duser/ros2_kortex-ros2ws/install/hardware_interface:/home/duser/ros2_kortex-ros2ws/install/kortex_api:/home/duser/ros2_kortex-ros2ws/install/control_msgs:${AMENT_PREFIX_PATH} CMAKE_PREFIX_PATH=/home/duser/ros2_kortex-ros2ws/install/hardware_interface:/home/duser/ros2_kortex-ros2ws/install/kortex_api:/home/duser/ros2_kortex-ros2ws/install/control_msgs:/home/duser/ros2_kortex-ros2ws/install/serial:/home/duser/ros2_kortex-ros2ws/install/ros2_control_test_assets:/opt/ros/humble LD_LIBRARY_PATH=/home/duser/ros2_kortex-ros2ws/install/hardware_interface/lib:/home/duser/ros2_kortex-ros2ws/install/control_msgs/lib:${LD_LIBRARY_PATH} PYTHONPATH=/home/duser/ros2_kortex-ros2ws/install/control_msgs/local/lib/python3.10/dist-packages:${PYTHONPATH} /usr/bin/cmake --install /home/duser/ros2_kortex-ros2ws/build/kortex_driver
[34.693s] -- Install configuration: "Release"
[34.695s] -- Installing: /home/duser/ros2_kortex-ros2ws/install/kortex_driver/share/kortex_driver/hardware_interface_plugin.xml
[34.696s] -- Installing: /home/duser/ros2_kortex-ros2ws/install/kortex_driver/lib/libkortex_driver.so
[34.727s] -- Set runtime path of "/home/duser/ros2_kortex-ros2ws/install/kortex_driver/lib/libkortex_driver.so" to ""
[34.728s] -- Installing: /home/duser/ros2_kortex-ros2ws/install/kortex_driver/include
[34.728s] -- Installing: /home/duser/ros2_kortex-ros2ws/install/kortex_driver/include/kortex_driver
[34.728s] -- Installing: /home/duser/ros2_kortex-ros2ws/install/kortex_driver/include/kortex_driver/hardware_interface.hpp
[34.732s] -- Installing: /home/duser/ros2_kortex-ros2ws/install/kortex_driver/include/kortex_driver/visibility_control.h
[34.732s] -- Installing: /home/duser/ros2_kortex-ros2ws/install/kortex_driver/include/kortex_driver/kortex_math_util.hpp
[34.733s] -- Installing: /home/duser/ros2_kortex-ros2ws/install/kortex_driver/share/kortex_driver/environment/library_path.sh
[34.734s] -- Installing: /home/duser/ros2_kortex-ros2ws/install/kortex_driver/share/kortex_driver/environment/library_path.dsv
[34.737s] -- Installing: /home/duser/ros2_kortex-ros2ws/install/kortex_driver/share/ament_index/resource_index/package_run_dependencies/kortex_driver
[34.748s] -- Installing: /home/duser/ros2_kortex-ros2ws/install/kortex_driver/share/ament_index/resource_index/parent_prefix_path/kortex_driver
[34.748s] -- Installing: /home/duser/ros2_kortex-ros2ws/install/kortex_driver/share/kortex_driver/environment/ament_prefix_path.sh
[34.748s] -- Installing: /home/duser/ros2_kortex-ros2ws/install/kortex_driver/share/kortex_driver/environment/ament_prefix_path.dsv
[34.748s] -- Installing: /home/duser/ros2_kortex-ros2ws/install/kortex_driver/share/kortex_driver/environment/path.sh
[34.748s] -- Installing: /home/duser/ros2_kortex-ros2ws/install/kortex_driver/share/kortex_driver/environment/path.dsv
[34.749s] -- Installing: /home/duser/ros2_kortex-ros2ws/install/kortex_driver/share/kortex_driver/local_setup.bash
[34.749s] -- Installing: /home/duser/ros2_kortex-ros2ws/install/kortex_driver/share/kortex_driver/local_setup.sh
[34.749s] -- Installing: /home/duser/ros2_kortex-ros2ws/install/kortex_driver/share/kortex_driver/local_setup.zsh
[34.749s] -- Installing: /home/duser/ros2_kortex-ros2ws/install/kortex_driver/share/kortex_driver/local_setup.dsv
[34.749s] -- Installing: /home/duser/ros2_kortex-ros2ws/install/kortex_driver/share/kortex_driver/package.dsv
[34.750s] -- Installing: /home/duser/ros2_kortex-ros2ws/install/kortex_driver/share/ament_index/resource_index/packages/kortex_driver
[34.750s] -- Installing: /home/duser/ros2_kortex-ros2ws/install/kortex_driver/share/ament_index/resource_index/hardware_interface__pluginlib__plugin/kortex_driver
[34.750s] -- Installing: /home/duser/ros2_kortex-ros2ws/install/kortex_driver/share/kortex_driver/cmake/ament_cmake_export_include_directories-extras.cmake
[34.750s] -- Installing: /home/duser/ros2_kortex-ros2ws/install/kortex_driver/share/kortex_driver/cmake/ament_cmake_export_libraries-extras.cmake
[34.750s] -- Installing: /home/duser/ros2_kortex-ros2ws/install/kortex_driver/share/kortex_driver/cmake/ament_cmake_export_dependencies-extras.cmake
[34.750s] -- Installing: /home/duser/ros2_kortex-ros2ws/install/kortex_driver/share/kortex_driver/cmake/kortex_driverConfig.cmake
[34.751s] -- Installing: /home/duser/ros2_kortex-ros2ws/install/kortex_driver/share/kortex_driver/cmake/kortex_driverConfig-version.cmake
[34.751s] -- Installing: /home/duser/ros2_kortex-ros2ws/install/kortex_driver/share/kortex_driver/package.xml
[34.755s] Invoked command in '/home/duser/ros2_kortex-ros2ws/build/kortex_driver' returned '0': AMENT_PREFIX_PATH=/home/duser/ros2_kortex-ros2ws/install/hardware_interface:/home/duser/ros2_kortex-ros2ws/install/kortex_api:/home/duser/ros2_kortex-ros2ws/install/control_msgs:${AMENT_PREFIX_PATH} CMAKE_PREFIX_PATH=/home/duser/ros2_kortex-ros2ws/install/hardware_interface:/home/duser/ros2_kortex-ros2ws/install/kortex_api:/home/duser/ros2_kortex-ros2ws/install/control_msgs:/home/duser/ros2_kortex-ros2ws/install/serial:/home/duser/ros2_kortex-ros2ws/install/ros2_control_test_assets:/opt/ros/humble LD_LIBRARY_PATH=/home/duser/ros2_kortex-ros2ws/install/hardware_interface/lib:/home/duser/ros2_kortex-ros2ws/install/control_msgs/lib:${LD_LIBRARY_PATH} PYTHONPATH=/home/duser/ros2_kortex-ros2ws/install/control_msgs/local/lib/python3.10/dist-packages:${PYTHONPATH} /usr/bin/cmake --install /home/duser/ros2_kortex-ros2ws/build/kortex_driver
