[0.000000] (-) TimerEvent: {}
[0.000265] (mecanum_drive_controller) JobQueued: {'identifier': 'mecanum_drive_controller', 'dependencies': OrderedDict()}
[0.000554] (mecanum_drive_controller) JobStarted: {'identifier': 'mecanum_drive_controller'}
[0.018418] (mecanum_drive_controller) JobProgress: {'identifier': 'mecanum_drive_controller', 'progress': 'cmake'}
[0.020084] (mecanum_drive_controller) JobProgress: {'identifier': 'mecanum_drive_controller', 'progress': 'build'}
[0.020124] (mecanum_drive_controller) Command: {'cmd': ['/usr/bin/cmake', '--build', '/home/duser/clearpath_mecanum_drive_controller-ros2ws/build/mecanum_drive_controller', '--', '-j12', '-l12'], 'cwd': '/home/duser/clearpath_mecanum_drive_controller-ros2ws/build/mecanum_drive_controller', 'env': OrderedDict([('PYTHONWARNINGS', 'ignore:::setuptools.command.install,ignore:::setuptools.command.easy_install,ignore:::pkg_resources'), ('HOSTNAME', 'guillermo-ideapad3'), ('SHLVL', '1'), ('LD_LIBRARY_PATH', '/home/duser/clearpath_mecanum_drive_controller-ros2ws/install/mecanum_drive_controller/lib:/opt/ros/humble/opt/rviz_ogre_vendor/lib:/opt/ros/humble/lib/x86_64-linux-gnu:/opt/ros/humble/lib'), ('HOME', '/home/duser'), ('OLDPWD', '/home/duser'), ('ROS_PYTHON_VERSION', '3'), ('ROS_LOG_DIR', '/home/duser/rbkk3-ros2ws/log'), ('COLCON_PREFIX_PATH', '/home/duser/clearpath_mecanum_drive_controller-ros2ws/install'), ('ROS_DISTRO', 'humble'), ('_', '/usr/bin/colcon'), ('ROS_VERSION', '2'), ('TERM', 'xterm'), ('ROS_LOCALHOST_ONLY', '0'), ('QT_X11_NO_MITSHM', '1'), ('PATH', '/opt/ros/humble/bin:/usr/local/sbin:/usr/local/bin:/usr/sbin:/usr/bin:/sbin:/bin'), ('DISPLAY', ':0'), ('LANG', 'C.UTF-8'), ('RMW_IMPLEMENTATION', 'rmw_cyclonedds_cpp'), ('AMENT_PREFIX_PATH', '/home/duser/clearpath_mecanum_drive_controller-ros2ws/install/mecanum_drive_controller:/opt/ros/humble'), ('PWD', '/home/duser/clearpath_mecanum_drive_controller-ros2ws/build/mecanum_drive_controller'), ('LC_ALL', 'C.UTF-8'), ('PYTHONPATH', '/opt/ros/humble/lib/python3.10/site-packages:/opt/ros/humble/local/lib/python3.10/dist-packages'), ('COLCON', '1'), ('CMAKE_PREFIX_PATH', '/home/duser/clearpath_mecanum_drive_controller-ros2ws/install/mecanum_drive_controller:/opt/ros/humble')]), 'shell': False}
[0.100056] (-) TimerEvent: {}
[0.175861] (mecanum_drive_controller) StdoutLine: {'line': b'[  6%] Built target mecanum_drive_controller_parameters\n'}
[0.194363] (mecanum_drive_controller) StdoutLine: {'line': b'[ 33%] Built target gmock_main\n'}
[0.194641] (mecanum_drive_controller) StdoutLine: {'line': b'[ 40%] Built target gmock\n'}
[0.196916] (mecanum_drive_controller) StdoutLine: {'line': b'\x1b[35m\x1b[1mConsolidate compiler generated dependencies of target mecanum_drive_controller\x1b[0m\n'}
[0.200196] (-) TimerEvent: {}
[0.253827] (mecanum_drive_controller) StdoutLine: {'line': b'[ 53%] Built target test_load_mecanum_drive_controller\n'}
[0.255486] (mecanum_drive_controller) StdoutLine: {'line': b'[ 60%] \x1b[32mBuilding CXX object CMakeFiles/mecanum_drive_controller.dir/src/mecanum_drive_controller.cpp.o\x1b[0m\n'}
[0.300325] (-) TimerEvent: {}
[0.400666] (-) TimerEvent: {}
[0.500987] (-) TimerEvent: {}
[0.601348] (-) TimerEvent: {}
[0.701695] (-) TimerEvent: {}
[0.802108] (-) TimerEvent: {}
[0.902516] (-) TimerEvent: {}
[1.002918] (-) TimerEvent: {}
[1.103400] (-) TimerEvent: {}
[1.203821] (-) TimerEvent: {}
[1.304218] (-) TimerEvent: {}
[1.404738] (-) TimerEvent: {}
[1.505125] (-) TimerEvent: {}
[1.605535] (-) TimerEvent: {}
[1.705995] (-) TimerEvent: {}
[1.806409] (-) TimerEvent: {}
[1.906828] (-) TimerEvent: {}
[2.007215] (-) TimerEvent: {}
[2.107556] (-) TimerEvent: {}
[2.207889] (-) TimerEvent: {}
[2.308262] (-) TimerEvent: {}
[2.408643] (-) TimerEvent: {}
[2.508964] (-) TimerEvent: {}
[2.609278] (-) TimerEvent: {}
[2.709610] (-) TimerEvent: {}
[2.809979] (-) TimerEvent: {}
[2.910320] (-) TimerEvent: {}
[3.010679] (-) TimerEvent: {}
[3.111049] (-) TimerEvent: {}
[3.211408] (-) TimerEvent: {}
[3.254361] (mecanum_drive_controller) StderrLine: {'line': b'In file included from \x1b[01m\x1b[K/opt/ros/humble/include/rclcpp/rclcpp/client.hpp:40\x1b[m\x1b[K,\n'}
[3.254637] (mecanum_drive_controller) StderrLine: {'line': b'                 from \x1b[01m\x1b[K/opt/ros/humble/include/rclcpp/rclcpp/callback_group.hpp:24\x1b[m\x1b[K,\n'}
[3.254730] (mecanum_drive_controller) StderrLine: {'line': b'                 from \x1b[01m\x1b[K/opt/ros/humble/include/rclcpp/rclcpp/any_executable.hpp:20\x1b[m\x1b[K,\n'}
[3.254823] (mecanum_drive_controller) StderrLine: {'line': b'                 from \x1b[01m\x1b[K/opt/ros/humble/include/rclcpp/rclcpp/memory_strategy.hpp:25\x1b[m\x1b[K,\n'}
[3.254914] (mecanum_drive_controller) StderrLine: {'line': b'                 from \x1b[01m\x1b[K/opt/ros/humble/include/rclcpp/rclcpp/memory_strategies.hpp:18\x1b[m\x1b[K,\n'}
[3.254998] (mecanum_drive_controller) StderrLine: {'line': b'                 from \x1b[01m\x1b[K/opt/ros/humble/include/rclcpp/rclcpp/executor_options.hpp:20\x1b[m\x1b[K,\n'}
[3.255080] (mecanum_drive_controller) StderrLine: {'line': b'                 from \x1b[01m\x1b[K/opt/ros/humble/include/rclcpp/rclcpp/executor.hpp:37\x1b[m\x1b[K,\n'}
[3.255168] (mecanum_drive_controller) StderrLine: {'line': b'                 from \x1b[01m\x1b[K/opt/ros/humble/include/rclcpp/rclcpp/executors/multi_threaded_executor.hpp:25\x1b[m\x1b[K,\n'}
[3.255262] (mecanum_drive_controller) StderrLine: {'line': b'                 from \x1b[01m\x1b[K/opt/ros/humble/include/rclcpp/rclcpp/executors.hpp:21\x1b[m\x1b[K,\n'}
[3.255350] (mecanum_drive_controller) StderrLine: {'line': b'                 from \x1b[01m\x1b[K/opt/ros/humble/include/rclcpp/rclcpp/rclcpp.hpp:155\x1b[m\x1b[K,\n'}
[3.255438] (mecanum_drive_controller) StderrLine: {'line': b'                 from \x1b[01m\x1b[K/opt/ros/humble/include/controller_interface/controller_interface_base.hpp:28\x1b[m\x1b[K,\n'}
[3.255530] (mecanum_drive_controller) StderrLine: {'line': b'                 from \x1b[01m\x1b[K/opt/ros/humble/include/controller_interface/chainable_controller_interface.hpp:20\x1b[m\x1b[K,\n'}
[3.255607] (mecanum_drive_controller) StderrLine: {'line': b'                 from \x1b[01m\x1b[K/home/duser/clearpath_mecanum_drive_controller-ros2ws/src/ros2_controllers/mecanum_drive_controller/include/mecanum_drive_controller/mecanum_drive_controller.hpp:26\x1b[m\x1b[K,\n'}
[3.255686] (mecanum_drive_controller) StderrLine: {'line': b'                 from \x1b[01m\x1b[K/home/duser/clearpath_mecanum_drive_controller-ros2ws/src/ros2_controllers/mecanum_drive_controller/src/mecanum_drive_controller.cpp:15\x1b[m\x1b[K:\n'}
[3.255770] (mecanum_drive_controller) StderrLine: {'line': b'\x1b[01m\x1b[K/home/duser/clearpath_mecanum_drive_controller-ros2ws/src/ros2_controllers/mecanum_drive_controller/src/mecanum_drive_controller.cpp:\x1b[m\x1b[K In member function \xe2\x80\x98\x1b[01m\x1b[Kvirtual controller_interface::InterfaceConfiguration mecanum_drive_controller::MecanumDriveController::command_interface_configuration() const\x1b[m\x1b[K\xe2\x80\x99:\n'}
[3.255868] (mecanum_drive_controller) StderrLine: {'line': b'\x1b[01m\x1b[K/home/duser/clearpath_mecanum_drive_controller-ros2ws/src/ros2_controllers/mecanum_drive_controller/src/mecanum_drive_controller.cpp:267:3:\x1b[m\x1b[K \x1b[01;31m\x1b[Kerror: \x1b[m\x1b[Kexpected \xe2\x80\x98\x1b[01m\x1b[K,\x1b[m\x1b[K\xe2\x80\x99 or \xe2\x80\x98\x1b[01m\x1b[K;\x1b[m\x1b[K\xe2\x80\x99 before \xe2\x80\x98\x1b[01m\x1b[Kdo\x1b[m\x1b[K\xe2\x80\x99\n'}
[3.255945] (mecanum_drive_controller) StderrLine: {'line': b'  267 |   \x1b[01;31m\x1b[KRCLCPP_INFO\x1b[m\x1b[K(get_node()->get_logger(), mystr.c_str());\n'}
[3.256027] (mecanum_drive_controller) StderrLine: {'line': b'      |   \x1b[01;31m\x1b[K^~~~~~~~~~~\x1b[m\x1b[K\n'}
[3.311552] (-) TimerEvent: {}
[3.411915] (-) TimerEvent: {}
[3.512284] (-) TimerEvent: {}
[3.612661] (-) TimerEvent: {}
[3.713019] (-) TimerEvent: {}
[3.813367] (-) TimerEvent: {}
[3.913723] (-) TimerEvent: {}
[4.014059] (-) TimerEvent: {}
[4.114368] (-) TimerEvent: {}
[4.214708] (-) TimerEvent: {}
[4.315030] (-) TimerEvent: {}
[4.415340] (-) TimerEvent: {}
[4.515721] (-) TimerEvent: {}
[4.616158] (-) TimerEvent: {}
[4.716552] (-) TimerEvent: {}
[4.816910] (-) TimerEvent: {}
[4.917251] (-) TimerEvent: {}
[5.017615] (-) TimerEvent: {}
[5.117940] (-) TimerEvent: {}
[5.218270] (-) TimerEvent: {}
[5.318674] (-) TimerEvent: {}
[5.419008] (-) TimerEvent: {}
[5.519342] (-) TimerEvent: {}
[5.619719] (-) TimerEvent: {}
[5.720024] (-) TimerEvent: {}
[5.820347] (-) TimerEvent: {}
[5.920687] (-) TimerEvent: {}
[6.021016] (-) TimerEvent: {}
[6.121364] (-) TimerEvent: {}
[6.221750] (-) TimerEvent: {}
[6.322114] (-) TimerEvent: {}
[6.422478] (-) TimerEvent: {}
[6.503139] (mecanum_drive_controller) StderrLine: {'line': b'gmake[2]: *** [CMakeFiles/mecanum_drive_controller.dir/build.make:76: CMakeFiles/mecanum_drive_controller.dir/src/mecanum_drive_controller.cpp.o] Error 1\n'}
[6.503668] (mecanum_drive_controller) StderrLine: {'line': b'gmake[1]: *** [CMakeFiles/Makefile2:208: CMakeFiles/mecanum_drive_controller.dir/all] Error 2\n'}
[6.504122] (mecanum_drive_controller) StderrLine: {'line': b'gmake: *** [Makefile:146: all] Error 2\n'}
[6.515584] (mecanum_drive_controller) CommandEnded: {'returncode': 2}
[6.522605] (-) TimerEvent: {}
[6.622918] (-) TimerEvent: {}
[6.623902] (mecanum_drive_controller) JobEnded: {'identifier': 'mecanum_drive_controller', 'rc': 2}
[6.634708] (-) EventReactorShutdown: {}
