[0.000000] (-) TimerEvent: {}
[0.000657] (mecanum_drive_controller) JobQueued: {'identifier': 'mecanum_drive_controller', 'dependencies': OrderedDict()}
[0.000724] (mecanum_drive_controller) JobStarted: {'identifier': 'mecanum_drive_controller'}
[0.017300] (mecanum_drive_controller) JobProgress: {'identifier': 'mecanum_drive_controller', 'progress': 'cmake'}
[0.018154] (mecanum_drive_controller) JobProgress: {'identifier': 'mecanum_drive_controller', 'progress': 'build'}
[0.018870] (mecanum_drive_controller) Command: {'cmd': ['/usr/bin/cmake', '--build', '/home/duser/clearpath_mecanum_drive_controller-ros2ws/build/mecanum_drive_controller', '--', '-j12', '-l12'], 'cwd': '/home/duser/clearpath_mecanum_drive_controller-ros2ws/build/mecanum_drive_controller', 'env': OrderedDict([('PYTHONWARNINGS', 'ignore:::setuptools.command.install,ignore:::setuptools.command.easy_install,ignore:::pkg_resources'), ('HOSTNAME', 'guillermo-ideapad3'), ('SHLVL', '1'), ('LD_LIBRARY_PATH', '/home/duser/clearpath_mecanum_drive_controller-ros2ws/install/mecanum_drive_controller/lib:/opt/ros/humble/opt/rviz_ogre_vendor/lib:/opt/ros/humble/lib/x86_64-linux-gnu:/opt/ros/humble/lib'), ('HOME', '/home/duser'), ('OLDPWD', '/home/duser'), ('ROS_PYTHON_VERSION', '3'), ('ROS_LOG_DIR', '/home/duser/rbkk3-ros2ws/log'), ('COLCON_PREFIX_PATH', '/home/duser/rbkk3-ros2ws/install:/home/duser/clearpath_mecanum_drive_controller-ros2ws/install'), ('ROS_DISTRO', 'humble'), ('_', '/usr/bin/colcon'), ('ROS_VERSION', '2'), ('TERM', 'xterm'), ('ROS_LOCALHOST_ONLY', '0'), ('QT_X11_NO_MITSHM', '1'), ('PATH', '/opt/ros/humble/bin:/usr/local/sbin:/usr/local/bin:/usr/sbin:/usr/bin:/sbin:/bin'), ('DISPLAY', ':0'), ('LANG', 'C.UTF-8'), ('RMW_IMPLEMENTATION', 'rmw_cyclonedds_cpp'), ('AMENT_PREFIX_PATH', '/home/duser/rbkk3-ros2ws/install/ridgeback_simulation:/home/duser/rbkk3-ros2ws/install/ridgeback_hardware:/home/duser/rbkk3-ros2ws/install/ridgeback_description:/home/duser/rbkk3-ros2ws/install/rbkk3_simulation:/home/duser/rbkk3-ros2ws/install/rbkk3_description:/home/duser/clearpath_mecanum_drive_controller-ros2ws/install/mecanum_drive_controller:/opt/ros/humble'), ('PWD', '/home/duser/clearpath_mecanum_drive_controller-ros2ws/build/mecanum_drive_controller'), ('LC_ALL', 'C.UTF-8'), ('PYTHONPATH', '/home/duser/rbkk3-ros2ws/build/ridgeback_simulation:/home/duser/rbkk3-ros2ws/install/ridgeback_simulation/lib/python3.10/site-packages:/home/duser/rbkk3-ros2ws/build/ridgeback_hardware:/home/duser/rbkk3-ros2ws/install/ridgeback_hardware/lib/python3.10/site-packages:/home/duser/rbkk3-ros2ws/build/ridgeback_description:/home/duser/rbkk3-ros2ws/install/ridgeback_description/lib/python3.10/site-packages:/home/duser/rbkk3-ros2ws/build/rbkk3_simulation:/home/duser/rbkk3-ros2ws/install/rbkk3_simulation/lib/python3.10/site-packages:/home/duser/rbkk3-ros2ws/build/rbkk3_description:/home/duser/rbkk3-ros2ws/install/rbkk3_description/lib/python3.10/site-packages:/opt/ros/humble/lib/python3.10/site-packages:/opt/ros/humble/local/lib/python3.10/dist-packages'), ('COLCON', '1'), ('CMAKE_PREFIX_PATH', '/home/duser/clearpath_mecanum_drive_controller-ros2ws/install/mecanum_drive_controller:/home/duser/rbkk3-ros2ws/install/ridgeback_simulation:/home/duser/rbkk3-ros2ws/install/ridgeback_hardware:/home/duser/rbkk3-ros2ws/install/ridgeback_description:/home/duser/rbkk3-ros2ws/install/rbkk3_simulation:/home/duser/rbkk3-ros2ws/install/rbkk3_description:/opt/ros/humble')]), 'shell': False}
[0.095267] (mecanum_drive_controller) StdoutLine: {'line': b'[  6%] Built target mecanum_drive_controller_parameters\n'}
[0.099843] (-) TimerEvent: {}
[0.104855] (mecanum_drive_controller) StdoutLine: {'line': b'[ 40%] Built target gmock\n'}
[0.105081] (mecanum_drive_controller) StdoutLine: {'line': b'[ 40%] Built target gmock_main\n'}
[0.113204] (mecanum_drive_controller) StdoutLine: {'line': b'\x1b[35m\x1b[1mConsolidate compiler generated dependencies of target mecanum_drive_controller\x1b[0m\n'}
[0.145449] (mecanum_drive_controller) StdoutLine: {'line': b'[ 53%] \x1b[32mBuilding CXX object CMakeFiles/mecanum_drive_controller.dir/src/mecanum_drive_controller.cpp.o\x1b[0m\n'}
[0.145685] (mecanum_drive_controller) StdoutLine: {'line': b'[ 60%] Built target test_load_mecanum_drive_controller\n'}
[0.199989] (-) TimerEvent: {}
[0.300393] (-) TimerEvent: {}
[0.400748] (-) TimerEvent: {}
[0.501193] (-) TimerEvent: {}
[0.601695] (-) TimerEvent: {}
[0.702209] (-) TimerEvent: {}
[0.802702] (-) TimerEvent: {}
[0.903181] (-) TimerEvent: {}
[1.003618] (-) TimerEvent: {}
[1.104076] (-) TimerEvent: {}
[1.204515] (-) TimerEvent: {}
[1.304949] (-) TimerEvent: {}
[1.405554] (-) TimerEvent: {}
[1.505969] (-) TimerEvent: {}
[1.606343] (-) TimerEvent: {}
[1.706672] (-) TimerEvent: {}
[1.807046] (-) TimerEvent: {}
[1.907471] (-) TimerEvent: {}
[2.007833] (-) TimerEvent: {}
[2.108170] (-) TimerEvent: {}
[2.208575] (-) TimerEvent: {}
[2.308991] (-) TimerEvent: {}
[2.409458] (-) TimerEvent: {}
[2.509896] (-) TimerEvent: {}
[2.610330] (-) TimerEvent: {}
[2.710722] (-) TimerEvent: {}
[2.811172] (-) TimerEvent: {}
[2.911613] (-) TimerEvent: {}
[3.012009] (-) TimerEvent: {}
[3.112437] (-) TimerEvent: {}
[3.212902] (-) TimerEvent: {}
[3.313649] (-) TimerEvent: {}
[3.414058] (-) TimerEvent: {}
[3.514784] (-) TimerEvent: {}
[3.615550] (-) TimerEvent: {}
[3.715975] (-) TimerEvent: {}
[3.816402] (-) TimerEvent: {}
[3.916704] (-) TimerEvent: {}
[4.017314] (-) TimerEvent: {}
[4.117893] (-) TimerEvent: {}
[4.218656] (-) TimerEvent: {}
[4.319110] (-) TimerEvent: {}
[4.419564] (-) TimerEvent: {}
[4.520196] (-) TimerEvent: {}
[4.620516] (-) TimerEvent: {}
[4.720869] (-) TimerEvent: {}
[4.821832] (-) TimerEvent: {}
[4.922236] (-) TimerEvent: {}
[5.022631] (-) TimerEvent: {}
[5.123019] (-) TimerEvent: {}
[5.223506] (-) TimerEvent: {}
[5.323868] (-) TimerEvent: {}
[5.424198] (-) TimerEvent: {}
[5.524605] (-) TimerEvent: {}
[5.624950] (-) TimerEvent: {}
[5.725314] (-) TimerEvent: {}
[5.825660] (-) TimerEvent: {}
[5.926081] (-) TimerEvent: {}
[6.026494] (-) TimerEvent: {}
[6.127226] (-) TimerEvent: {}
[6.227652] (-) TimerEvent: {}
[6.328080] (-) TimerEvent: {}
[6.428544] (-) TimerEvent: {}
[6.529172] (-) TimerEvent: {}
[6.629573] (-) TimerEvent: {}
[6.730432] (-) TimerEvent: {}
[6.830880] (-) TimerEvent: {}
[6.931492] (-) TimerEvent: {}
[7.031926] (-) TimerEvent: {}
[7.132295] (-) TimerEvent: {}
[7.232615] (-) TimerEvent: {}
[7.332922] (-) TimerEvent: {}
[7.433250] (-) TimerEvent: {}
[7.533561] (-) TimerEvent: {}
[7.633943] (-) TimerEvent: {}
[7.734285] (-) TimerEvent: {}
[7.834581] (-) TimerEvent: {}
[7.934899] (-) TimerEvent: {}
[8.035234] (-) TimerEvent: {}
[8.135573] (-) TimerEvent: {}
[8.235957] (-) TimerEvent: {}
[8.336357] (-) TimerEvent: {}
[8.436732] (-) TimerEvent: {}
[8.537109] (-) TimerEvent: {}
[8.637494] (-) TimerEvent: {}
[8.737861] (-) TimerEvent: {}
[8.838184] (-) TimerEvent: {}
[8.938544] (-) TimerEvent: {}
[9.038948] (-) TimerEvent: {}
[9.139405] (-) TimerEvent: {}
[9.239815] (-) TimerEvent: {}
[9.340178] (-) TimerEvent: {}
[9.440472] (-) TimerEvent: {}
[9.540761] (-) TimerEvent: {}
[9.641097] (-) TimerEvent: {}
[9.741665] (-) TimerEvent: {}
[9.842024] (-) TimerEvent: {}
[9.942423] (-) TimerEvent: {}
[10.042878] (-) TimerEvent: {}
[10.143395] (-) TimerEvent: {}
[10.243856] (-) TimerEvent: {}
[10.344288] (-) TimerEvent: {}
[10.444686] (-) TimerEvent: {}
[10.545159] (-) TimerEvent: {}
[10.645619] (-) TimerEvent: {}
[10.746062] (-) TimerEvent: {}
[10.846503] (-) TimerEvent: {}
[10.947022] (-) TimerEvent: {}
[11.047445] (-) TimerEvent: {}
[11.147940] (-) TimerEvent: {}
[11.248390] (-) TimerEvent: {}
[11.348868] (-) TimerEvent: {}
[11.449261] (-) TimerEvent: {}
[11.549667] (-) TimerEvent: {}
[11.650042] (-) TimerEvent: {}
[11.750415] (-) TimerEvent: {}
[11.850815] (-) TimerEvent: {}
[11.951188] (-) TimerEvent: {}
[12.051666] (-) TimerEvent: {}
[12.152076] (-) TimerEvent: {}
[12.252485] (-) TimerEvent: {}
[12.348809] (mecanum_drive_controller) StdoutLine: {'line': b'[ 66%] \x1b[32m\x1b[1mLinking CXX shared library libmecanum_drive_controller.so\x1b[0m\n'}
[12.352560] (-) TimerEvent: {}
[12.452853] (-) TimerEvent: {}
[12.553345] (-) TimerEvent: {}
[12.653802] (-) TimerEvent: {}
[12.754183] (-) TimerEvent: {}
[12.854573] (-) TimerEvent: {}
[12.954982] (-) TimerEvent: {}
[13.055442] (-) TimerEvent: {}
[13.155851] (-) TimerEvent: {}
[13.256337] (-) TimerEvent: {}
[13.357029] (-) TimerEvent: {}
[13.457521] (-) TimerEvent: {}
[13.558073] (-) TimerEvent: {}
[13.658430] (-) TimerEvent: {}
[13.694633] (mecanum_drive_controller) StdoutLine: {'line': b'[ 73%] Built target mecanum_drive_controller\n'}
[13.741286] (mecanum_drive_controller) StdoutLine: {'line': b'[ 86%] \x1b[32m\x1b[1mLinking CXX executable test_mecanum_drive_controller\x1b[0m\n'}
[13.741549] (mecanum_drive_controller) StdoutLine: {'line': b'[ 86%] \x1b[32m\x1b[1mLinking CXX executable test_mecanum_drive_controller_preceeding\x1b[0m\n'}
[13.758586] (-) TimerEvent: {}
[13.859025] (-) TimerEvent: {}
[13.959587] (-) TimerEvent: {}
[14.063199] (-) TimerEvent: {}
[14.163711] (-) TimerEvent: {}
[14.264319] (-) TimerEvent: {}
[14.365103] (-) TimerEvent: {}
[14.465915] (-) TimerEvent: {}
[14.566525] (-) TimerEvent: {}
[14.667170] (-) TimerEvent: {}
[14.767775] (-) TimerEvent: {}
[14.868361] (-) TimerEvent: {}
[14.968931] (-) TimerEvent: {}
[15.069507] (-) TimerEvent: {}
[15.170071] (-) TimerEvent: {}
[15.270584] (-) TimerEvent: {}
[15.371101] (-) TimerEvent: {}
[15.443734] (mecanum_drive_controller) StdoutLine: {'line': b'[ 93%] Built target test_mecanum_drive_controller_preceeding\n'}
[15.471247] (-) TimerEvent: {}
[15.571777] (-) TimerEvent: {}
[15.672240] (-) TimerEvent: {}
[15.772663] (-) TimerEvent: {}
[15.873303] (-) TimerEvent: {}
[15.912640] (mecanum_drive_controller) StdoutLine: {'line': b'[100%] Built target test_mecanum_drive_controller\n'}
[15.931735] (mecanum_drive_controller) CommandEnded: {'returncode': 0}
[15.973406] (-) TimerEvent: {}
[15.985856] (mecanum_drive_controller) JobProgress: {'identifier': 'mecanum_drive_controller', 'progress': 'install'}
[15.998512] (mecanum_drive_controller) Command: {'cmd': ['/usr/bin/cmake', '--install', '/home/duser/clearpath_mecanum_drive_controller-ros2ws/build/mecanum_drive_controller'], 'cwd': '/home/duser/clearpath_mecanum_drive_controller-ros2ws/build/mecanum_drive_controller', 'env': OrderedDict([('PYTHONWARNINGS', 'ignore:::setuptools.command.install,ignore:::setuptools.command.easy_install,ignore:::pkg_resources'), ('HOSTNAME', 'guillermo-ideapad3'), ('SHLVL', '1'), ('LD_LIBRARY_PATH', '/home/duser/clearpath_mecanum_drive_controller-ros2ws/install/mecanum_drive_controller/lib:/opt/ros/humble/opt/rviz_ogre_vendor/lib:/opt/ros/humble/lib/x86_64-linux-gnu:/opt/ros/humble/lib'), ('HOME', '/home/duser'), ('OLDPWD', '/home/duser'), ('ROS_PYTHON_VERSION', '3'), ('ROS_LOG_DIR', '/home/duser/rbkk3-ros2ws/log'), ('COLCON_PREFIX_PATH', '/home/duser/rbkk3-ros2ws/install:/home/duser/clearpath_mecanum_drive_controller-ros2ws/install'), ('ROS_DISTRO', 'humble'), ('_', '/usr/bin/colcon'), ('ROS_VERSION', '2'), ('TERM', 'xterm'), ('ROS_LOCALHOST_ONLY', '0'), ('QT_X11_NO_MITSHM', '1'), ('PATH', '/opt/ros/humble/bin:/usr/local/sbin:/usr/local/bin:/usr/sbin:/usr/bin:/sbin:/bin'), ('DISPLAY', ':0'), ('LANG', 'C.UTF-8'), ('RMW_IMPLEMENTATION', 'rmw_cyclonedds_cpp'), ('AMENT_PREFIX_PATH', '/home/duser/rbkk3-ros2ws/install/ridgeback_simulation:/home/duser/rbkk3-ros2ws/install/ridgeback_hardware:/home/duser/rbkk3-ros2ws/install/ridgeback_description:/home/duser/rbkk3-ros2ws/install/rbkk3_simulation:/home/duser/rbkk3-ros2ws/install/rbkk3_description:/home/duser/clearpath_mecanum_drive_controller-ros2ws/install/mecanum_drive_controller:/opt/ros/humble'), ('PWD', '/home/duser/clearpath_mecanum_drive_controller-ros2ws/build/mecanum_drive_controller'), ('LC_ALL', 'C.UTF-8'), ('PYTHONPATH', '/home/duser/rbkk3-ros2ws/build/ridgeback_simulation:/home/duser/rbkk3-ros2ws/install/ridgeback_simulation/lib/python3.10/site-packages:/home/duser/rbkk3-ros2ws/build/ridgeback_hardware:/home/duser/rbkk3-ros2ws/install/ridgeback_hardware/lib/python3.10/site-packages:/home/duser/rbkk3-ros2ws/build/ridgeback_description:/home/duser/rbkk3-ros2ws/install/ridgeback_description/lib/python3.10/site-packages:/home/duser/rbkk3-ros2ws/build/rbkk3_simulation:/home/duser/rbkk3-ros2ws/install/rbkk3_simulation/lib/python3.10/site-packages:/home/duser/rbkk3-ros2ws/build/rbkk3_description:/home/duser/rbkk3-ros2ws/install/rbkk3_description/lib/python3.10/site-packages:/opt/ros/humble/lib/python3.10/site-packages:/opt/ros/humble/local/lib/python3.10/dist-packages'), ('COLCON', '1'), ('CMAKE_PREFIX_PATH', '/home/duser/clearpath_mecanum_drive_controller-ros2ws/install/mecanum_drive_controller:/home/duser/rbkk3-ros2ws/install/ridgeback_simulation:/home/duser/rbkk3-ros2ws/install/ridgeback_hardware:/home/duser/rbkk3-ros2ws/install/ridgeback_description:/home/duser/rbkk3-ros2ws/install/rbkk3_simulation:/home/duser/rbkk3-ros2ws/install/rbkk3_description:/opt/ros/humble')]), 'shell': False}
[16.007395] (mecanum_drive_controller) StdoutLine: {'line': b'-- Install configuration: ""\n'}
[16.007774] (mecanum_drive_controller) StdoutLine: {'line': b'-- Up-to-date: /home/duser/clearpath_mecanum_drive_controller-ros2ws/install/mecanum_drive_controller/include/mecanum_drive_controller_parameters\n'}
[16.007973] (mecanum_drive_controller) StdoutLine: {'line': b'-- Up-to-date: /home/duser/clearpath_mecanum_drive_controller-ros2ws/install/mecanum_drive_controller/include/mecanum_drive_controller_parameters/mecanum_drive_controller_parameters.hpp\n'}
[16.008302] (mecanum_drive_controller) StdoutLine: {'line': b'-- Up-to-date: /home/duser/clearpath_mecanum_drive_controller-ros2ws/install/mecanum_drive_controller/share/mecanum_drive_controller/mecanum_drive_controller.xml\n'}
[16.009252] (mecanum_drive_controller) StdoutLine: {'line': b'-- Up-to-date: /home/duser/clearpath_mecanum_drive_controller-ros2ws/install/mecanum_drive_controller/include/mecanum_drive_controller\n'}
[16.009390] (mecanum_drive_controller) StdoutLine: {'line': b'-- Up-to-date: /home/duser/clearpath_mecanum_drive_controller-ros2ws/install/mecanum_drive_controller/include/mecanum_drive_controller/mecanum_drive_controller\n'}
[16.009485] (mecanum_drive_controller) StdoutLine: {'line': b'-- Up-to-date: /home/duser/clearpath_mecanum_drive_controller-ros2ws/install/mecanum_drive_controller/include/mecanum_drive_controller/mecanum_drive_controller/odometry.hpp\n'}
[16.009550] (mecanum_drive_controller) StdoutLine: {'line': b'-- Up-to-date: /home/duser/clearpath_mecanum_drive_controller-ros2ws/install/mecanum_drive_controller/include/mecanum_drive_controller/mecanum_drive_controller/visibility_control.h\n'}
[16.009611] (mecanum_drive_controller) StdoutLine: {'line': b'-- Up-to-date: /home/duser/clearpath_mecanum_drive_controller-ros2ws/install/mecanum_drive_controller/include/mecanum_drive_controller/mecanum_drive_controller/mecanum_drive_controller.hpp\n'}
[16.010045] (mecanum_drive_controller) StdoutLine: {'line': b'-- Installing: /home/duser/clearpath_mecanum_drive_controller-ros2ws/install/mecanum_drive_controller/lib/libmecanum_drive_controller.so\n'}
[16.029841] (mecanum_drive_controller) StdoutLine: {'line': b'-- Set runtime path of "/home/duser/clearpath_mecanum_drive_controller-ros2ws/install/mecanum_drive_controller/lib/libmecanum_drive_controller.so" to ""\n'}
[16.030274] (mecanum_drive_controller) StdoutLine: {'line': b'-- Up-to-date: /home/duser/clearpath_mecanum_drive_controller-ros2ws/install/mecanum_drive_controller/share/mecanum_drive_controller/environment/library_path.sh\n'}
[16.030489] (mecanum_drive_controller) StdoutLine: {'line': b'-- Up-to-date: /home/duser/clearpath_mecanum_drive_controller-ros2ws/install/mecanum_drive_controller/share/mecanum_drive_controller/environment/library_path.dsv\n'}
[16.031414] (mecanum_drive_controller) StdoutLine: {'line': b'-- Up-to-date: /home/duser/clearpath_mecanum_drive_controller-ros2ws/install/mecanum_drive_controller/share/ament_index/resource_index/package_run_dependencies/mecanum_drive_controller\n'}
[16.031691] (mecanum_drive_controller) StdoutLine: {'line': b'-- Up-to-date: /home/duser/clearpath_mecanum_drive_controller-ros2ws/install/mecanum_drive_controller/share/ament_index/resource_index/parent_prefix_path/mecanum_drive_controller\n'}
[16.031845] (mecanum_drive_controller) StdoutLine: {'line': b'-- Up-to-date: /home/duser/clearpath_mecanum_drive_controller-ros2ws/install/mecanum_drive_controller/share/mecanum_drive_controller/environment/ament_prefix_path.sh\n'}
[16.031958] (mecanum_drive_controller) StdoutLine: {'line': b'-- Up-to-date: /home/duser/clearpath_mecanum_drive_controller-ros2ws/install/mecanum_drive_controller/share/mecanum_drive_controller/environment/ament_prefix_path.dsv\n'}
[16.032054] (mecanum_drive_controller) StdoutLine: {'line': b'-- Up-to-date: /home/duser/clearpath_mecanum_drive_controller-ros2ws/install/mecanum_drive_controller/share/mecanum_drive_controller/environment/path.sh\n'}
[16.032139] (mecanum_drive_controller) StdoutLine: {'line': b'-- Up-to-date: /home/duser/clearpath_mecanum_drive_controller-ros2ws/install/mecanum_drive_controller/share/mecanum_drive_controller/environment/path.dsv\n'}
[16.032222] (mecanum_drive_controller) StdoutLine: {'line': b'-- Up-to-date: /home/duser/clearpath_mecanum_drive_controller-ros2ws/install/mecanum_drive_controller/share/mecanum_drive_controller/local_setup.bash\n'}
[16.032284] (mecanum_drive_controller) StdoutLine: {'line': b'-- Up-to-date: /home/duser/clearpath_mecanum_drive_controller-ros2ws/install/mecanum_drive_controller/share/mecanum_drive_controller/local_setup.sh\n'}
[16.032345] (mecanum_drive_controller) StdoutLine: {'line': b'-- Up-to-date: /home/duser/clearpath_mecanum_drive_controller-ros2ws/install/mecanum_drive_controller/share/mecanum_drive_controller/local_setup.zsh\n'}
[16.032424] (mecanum_drive_controller) StdoutLine: {'line': b'-- Up-to-date: /home/duser/clearpath_mecanum_drive_controller-ros2ws/install/mecanum_drive_controller/share/mecanum_drive_controller/local_setup.dsv\n'}
[16.032487] (mecanum_drive_controller) StdoutLine: {'line': b'-- Installing: /home/duser/clearpath_mecanum_drive_controller-ros2ws/install/mecanum_drive_controller/share/mecanum_drive_controller/package.dsv\n'}
[16.032726] (mecanum_drive_controller) StdoutLine: {'line': b'-- Up-to-date: /home/duser/clearpath_mecanum_drive_controller-ros2ws/install/mecanum_drive_controller/share/ament_index/resource_index/packages/mecanum_drive_controller\n'}
[16.032993] (mecanum_drive_controller) StdoutLine: {'line': b'-- Up-to-date: /home/duser/clearpath_mecanum_drive_controller-ros2ws/install/mecanum_drive_controller/share/ament_index/resource_index/controller_interface__pluginlib__plugin/mecanum_drive_controller\n'}
[16.033849] (mecanum_drive_controller) StdoutLine: {'line': b'-- Up-to-date: /home/duser/clearpath_mecanum_drive_controller-ros2ws/install/mecanum_drive_controller/share/mecanum_drive_controller/cmake/export_mecanum_drive_controllerExport.cmake\n'}
[16.033951] (mecanum_drive_controller) StdoutLine: {'line': b'-- Up-to-date: /home/duser/clearpath_mecanum_drive_controller-ros2ws/install/mecanum_drive_controller/share/mecanum_drive_controller/cmake/export_mecanum_drive_controllerExport-noconfig.cmake\n'}
[16.034072] (mecanum_drive_controller) StdoutLine: {'line': b'-- Up-to-date: /home/duser/clearpath_mecanum_drive_controller-ros2ws/install/mecanum_drive_controller/share/mecanum_drive_controller/cmake/ament_cmake_export_targets-extras.cmake\n'}
[16.034271] (mecanum_drive_controller) StdoutLine: {'line': b'-- Up-to-date: /home/duser/clearpath_mecanum_drive_controller-ros2ws/install/mecanum_drive_controller/share/mecanum_drive_controller/cmake/ament_cmake_export_dependencies-extras.cmake\n'}
[16.034466] (mecanum_drive_controller) StdoutLine: {'line': b'-- Up-to-date: /home/duser/clearpath_mecanum_drive_controller-ros2ws/install/mecanum_drive_controller/share/mecanum_drive_controller/cmake/mecanum_drive_controllerConfig.cmake\n'}
[16.034586] (mecanum_drive_controller) StdoutLine: {'line': b'-- Up-to-date: /home/duser/clearpath_mecanum_drive_controller-ros2ws/install/mecanum_drive_controller/share/mecanum_drive_controller/cmake/mecanum_drive_controllerConfig-version.cmake\n'}
[16.034652] (mecanum_drive_controller) StdoutLine: {'line': b'-- Up-to-date: /home/duser/clearpath_mecanum_drive_controller-ros2ws/install/mecanum_drive_controller/share/mecanum_drive_controller/package.xml\n'}
[16.037421] (mecanum_drive_controller) CommandEnded: {'returncode': 0}
[16.073557] (-) TimerEvent: {}
[16.124631] (mecanum_drive_controller) JobEnded: {'identifier': 'mecanum_drive_controller', 'rc': 0}
[16.125726] (-) EventReactorShutdown: {}
