[0.000000] (-) TimerEvent: {}
[0.000257] (mecanum_drive_controller) JobQueued: {'identifier': 'mecanum_drive_controller', 'dependencies': OrderedDict()}
[0.000391] (mecanum_drive_controller) JobStarted: {'identifier': 'mecanum_drive_controller'}
[0.027903] (mecanum_drive_controller) JobProgress: {'identifier': 'mecanum_drive_controller', 'progress': 'cmake'}
[0.029105] (mecanum_drive_controller) JobProgress: {'identifier': 'mecanum_drive_controller', 'progress': 'build'}
[0.029751] (mecanum_drive_controller) Command: {'cmd': ['/usr/bin/cmake', '--build', '/home/duser/clearpath_mecanum_drive_controller-ros2ws/build/mecanum_drive_controller', '--', '-j12', '-l12'], 'cwd': '/home/duser/clearpath_mecanum_drive_controller-ros2ws/build/mecanum_drive_controller', 'env': OrderedDict([('PYTHONWARNINGS', 'ignore:::setuptools.command.install,ignore:::setuptools.command.easy_install,ignore:::pkg_resources'), ('HOSTNAME', 'guillermo-ideapad3'), ('SHLVL', '1'), ('LD_LIBRARY_PATH', '/home/duser/clearpath_mecanum_drive_controller-ros2ws/install/mecanum_drive_controller/lib:/home/duser/ros2_kortex-ros2ws/install/velocity_controllers/lib:/home/duser/ros2_kortex-ros2ws/install/tricycle_steering_controller/lib:/home/duser/ros2_kortex-ros2ws/install/tricycle_controller/lib:/home/duser/ros2_kortex-ros2ws/install/transmission_interface/lib:/home/duser/ros2_kortex-ros2ws/install/bicycle_steering_controller/lib:/home/duser/ros2_kortex-ros2ws/install/ackermann_steering_controller/lib:/home/duser/ros2_kortex-ros2ws/install/steering_controllers_library/lib:/home/duser/ros2_kortex-ros2ws/install/robotiq_driver/lib:/home/duser/ros2_kortex-ros2ws/install/serial/lib:/home/duser/ros2_kortex-ros2ws/install/hardware_interface_testing/lib:/home/duser/ros2_kortex-ros2ws/install/controller_manager/lib:/home/duser/ros2_kortex-ros2ws/install/robotiq_controllers/lib:/home/duser/ros2_kortex-ros2ws/install/range_sensor_broadcaster/lib:/home/duser/ros2_kortex-ros2ws/install/position_controllers/lib:/home/duser/ros2_kortex-ros2ws/install/kortex_driver/lib:/home/duser/ros2_kortex-ros2ws/install/admittance_controller/lib:/home/duser/ros2_kortex-ros2ws/install/joint_trajectory_controller/lib:/home/duser/ros2_kortex-ros2ws/install/joint_state_broadcaster/lib:/home/duser/ros2_kortex-ros2ws/install/imu_sensor_broadcaster/lib:/home/duser/ros2_kortex-ros2ws/install/gripper_controllers/lib:/home/duser/ros2_kortex-ros2ws/install/effort_controllers/lib:/home/duser/ros2_kortex-ros2ws/install/forward_command_controller/lib:/home/duser/ros2_kortex-ros2ws/install/force_torque_sensor_broadcaster/lib:/home/duser/ros2_kortex-ros2ws/install/diff_drive_controller/lib:/home/duser/ros2_kortex-ros2ws/install/controller_interface/lib:/home/duser/ros2_kortex-ros2ws/install/hardware_interface/lib:/home/duser/ros2_kortex-ros2ws/install/controller_manager_msgs/lib:/home/duser/ros2_kortex-ros2ws/install/control_msgs/lib:/opt/ros/humble/opt/rviz_ogre_vendor/lib:/opt/ros/humble/lib/x86_64-linux-gnu:/opt/ros/humble/lib'), ('HOME', '/home/duser'), ('OLDPWD', '/home/duser'), ('ROS_PYTHON_VERSION', '3'), ('ROS_LOG_DIR', '/home/duser/rbkk3-ros2ws/log'), ('COLCON_PREFIX_PATH', '/home/duser/rbkk3-ros2ws/install:/home/duser/clearpath_mecanum_drive_controller-ros2ws/install:/home/duser/ros2_kortex-ros2ws/install'), ('ROS_DISTRO', 'humble'), ('_', '/usr/bin/colcon'), ('ROS_VERSION', '2'), ('TERM', 'xterm'), ('ROS_LOCALHOST_ONLY', '0'), ('QT_X11_NO_MITSHM', '1'), ('PATH', '/opt/ros/humble/bin:/usr/local/sbin:/usr/local/bin:/usr/sbin:/usr/bin:/sbin:/bin'), ('DISPLAY', ':0'), ('LANG', 'C.UTF-8'), ('RMW_IMPLEMENTATION', 'rmw_cyclonedds_cpp'), ('AMENT_PREFIX_PATH', '/home/duser/rbkk3-ros2ws/install/whkk3_simulation:/home/duser/rbkk3-ros2ws/install/whkk3_description:/home/duser/rbkk3-ros2ws/install/ridgeback_simulation:/home/duser/rbkk3-ros2ws/install/ridgeback_hardware:/home/duser/rbkk3-ros2ws/install/ridgeback_description:/home/duser/rbkk3-ros2ws/install/rbkk3_simulation:/home/duser/rbkk3-ros2ws/install/rbkk3_rviz:/home/duser/rbkk3-ros2ws/install/rbkk3_description:/home/duser/clearpath_mecanum_drive_controller-ros2ws/install/mecanum_drive_controller:/home/duser/ros2_kortex-ros2ws/install/kortex_bringup:/home/duser/ros2_kortex-ros2ws/install/kinova_gen3_7dof_robotiq_2f_85_moveit_config:/home/duser/ros2_kortex-ros2ws/install/kinova_gen3_6dof_robotiq_2f_85_moveit_config:/home/duser/ros2_kortex-ros2ws/install/kortex_description:/home/duser/ros2_kortex-ros2ws/install/robotiq_description:/home/duser/ros2_kortex-ros2ws/install/ros2_controllers:/home/duser/ros2_kortex-ros2ws/install/velocity_controllers:/home/duser/ros2_kortex-ros2ws/install/tricycle_steering_controller:/home/duser/ros2_kortex-ros2ws/install/tricycle_controller:/home/duser/ros2_kortex-ros2ws/install/ros2_control:/home/duser/ros2_kortex-ros2ws/install/transmission_interface:/home/duser/ros2_kortex-ros2ws/install/bicycle_steering_controller:/home/duser/ros2_kortex-ros2ws/install/ackermann_steering_controller:/home/duser/ros2_kortex-ros2ws/install/steering_controllers_library:/home/duser/ros2_kortex-ros2ws/install/robotiq_hardware_tests:/home/duser/ros2_kortex-ros2ws/install/robotiq_driver:/home/duser/ros2_kortex-ros2ws/install/serial:/home/duser/ros2_kortex-ros2ws/install/rqt_joint_trajectory_controller:/home/duser/ros2_kortex-ros2ws/install/rqt_controller_manager:/home/duser/ros2_kortex-ros2ws/install/ros2controlcli:/home/duser/ros2_kortex-ros2ws/install/ros2_controllers_test_nodes:/home/duser/ros2_kortex-ros2ws/install/hardware_interface_testing:/home/duser/ros2_kortex-ros2ws/install/controller_manager:/home/duser/ros2_kortex-ros2ws/install/ros2_control_test_assets:/home/duser/ros2_kortex-ros2ws/install/robotiq_controllers:/home/duser/ros2_kortex-ros2ws/install/range_sensor_broadcaster:/home/duser/ros2_kortex-ros2ws/install/position_controllers:/home/duser/ros2_kortex-ros2ws/install/kortex_driver:/home/duser/ros2_kortex-ros2ws/install/kortex_api:/home/duser/ros2_kortex-ros2ws/install/admittance_controller:/home/duser/ros2_kortex-ros2ws/install/joint_trajectory_controller:/home/duser/ros2_kortex-ros2ws/install/joint_state_broadcaster:/home/duser/ros2_kortex-ros2ws/install/joint_limits:/home/duser/ros2_kortex-ros2ws/install/imu_sensor_broadcaster:/home/duser/ros2_kortex-ros2ws/install/gripper_controllers:/home/duser/ros2_kortex-ros2ws/install/effort_controllers:/home/duser/ros2_kortex-ros2ws/install/forward_command_controller:/home/duser/ros2_kortex-ros2ws/install/force_torque_sensor_broadcaster:/home/duser/ros2_kortex-ros2ws/install/diff_drive_controller:/home/duser/ros2_kortex-ros2ws/install/controller_interface:/home/duser/ros2_kortex-ros2ws/install/hardware_interface:/home/duser/ros2_kortex-ros2ws/install/controller_manager_msgs:/home/duser/ros2_kortex-ros2ws/install/control_msgs:/opt/ros/humble'), ('PWD', '/home/duser/clearpath_mecanum_drive_controller-ros2ws/build/mecanum_drive_controller'), ('LC_ALL', 'C.UTF-8'), ('PYTHONPATH', '/home/duser/rbkk3-ros2ws/build/whkk3_simulation:/home/duser/rbkk3-ros2ws/install/whkk3_simulation/lib/python3.10/site-packages:/home/duser/rbkk3-ros2ws/build/whkk3_description:/home/duser/rbkk3-ros2ws/install/whkk3_description/lib/python3.10/site-packages:/home/duser/rbkk3-ros2ws/build/ridgeback_simulation:/home/duser/rbkk3-ros2ws/install/ridgeback_simulation/lib/python3.10/site-packages:/home/duser/rbkk3-ros2ws/build/ridgeback_hardware:/home/duser/rbkk3-ros2ws/install/ridgeback_hardware/lib/python3.10/site-packages:/home/duser/rbkk3-ros2ws/build/ridgeback_description:/home/duser/rbkk3-ros2ws/install/ridgeback_description/lib/python3.10/site-packages:/home/duser/rbkk3-ros2ws/build/rbkk3_simulation:/home/duser/rbkk3-ros2ws/install/rbkk3_simulation/lib/python3.10/site-packages:/home/duser/rbkk3-ros2ws/build/rbkk3_rviz:/home/duser/rbkk3-ros2ws/install/rbkk3_rviz/lib/python3.10/site-packages:/home/duser/rbkk3-ros2ws/build/rbkk3_description:/home/duser/rbkk3-ros2ws/install/rbkk3_description/lib/python3.10/site-packages:/home/duser/ros2_kortex-ros2ws/install/rqt_joint_trajectory_controller/lib/python3.10/site-packages:/home/duser/ros2_kortex-ros2ws/install/rqt_controller_manager/lib/python3.10/site-packages:/home/duser/ros2_kortex-ros2ws/install/ros2controlcli/lib/python3.10/site-packages:/home/duser/ros2_kortex-ros2ws/install/ros2_controllers_test_nodes/lib/python3.10/site-packages:/home/duser/ros2_kortex-ros2ws/install/controller_manager/local/lib/python3.10/dist-packages:/home/duser/ros2_kortex-ros2ws/install/controller_manager_msgs/local/lib/python3.10/dist-packages:/home/duser/ros2_kortex-ros2ws/install/control_msgs/local/lib/python3.10/dist-packages:/opt/ros/humble/lib/python3.10/site-packages:/opt/ros/humble/local/lib/python3.10/dist-packages'), ('COLCON', '1'), ('CMAKE_PREFIX_PATH', '/home/duser/clearpath_mecanum_drive_controller-ros2ws/install/mecanum_drive_controller:/home/duser/ros2_kortex-ros2ws/install/kortex_bringup:/home/duser/ros2_kortex-ros2ws/install/kinova_gen3_7dof_robotiq_2f_85_moveit_config:/home/duser/ros2_kortex-ros2ws/install/kinova_gen3_6dof_robotiq_2f_85_moveit_config:/home/duser/ros2_kortex-ros2ws/install/kortex_description:/home/duser/ros2_kortex-ros2ws/install/robotiq_description:/home/duser/ros2_kortex-ros2ws/install/ros2_controllers:/home/duser/ros2_kortex-ros2ws/install/velocity_controllers:/home/duser/ros2_kortex-ros2ws/install/tricycle_steering_controller:/home/duser/ros2_kortex-ros2ws/install/tricycle_controller:/home/duser/ros2_kortex-ros2ws/install/ros2_control:/home/duser/ros2_kortex-ros2ws/install/transmission_interface:/home/duser/ros2_kortex-ros2ws/install/bicycle_steering_controller:/home/duser/ros2_kortex-ros2ws/install/ackermann_steering_controller:/home/duser/ros2_kortex-ros2ws/install/steering_controllers_library:/home/duser/ros2_kortex-ros2ws/install/robotiq_hardware_tests:/home/duser/ros2_kortex-ros2ws/install/robotiq_driver:/home/duser/ros2_kortex-ros2ws/install/serial:/home/duser/ros2_kortex-ros2ws/install/hardware_interface_testing:/home/duser/ros2_kortex-ros2ws/install/controller_manager:/home/duser/ros2_kortex-ros2ws/install/ros2_control_test_assets:/home/duser/ros2_kortex-ros2ws/install/robotiq_controllers:/home/duser/ros2_kortex-ros2ws/install/range_sensor_broadcaster:/home/duser/ros2_kortex-ros2ws/install/position_controllers:/home/duser/ros2_kortex-ros2ws/install/kortex_driver:/home/duser/ros2_kortex-ros2ws/install/kortex_api:/home/duser/ros2_kortex-ros2ws/install/admittance_controller:/home/duser/ros2_kortex-ros2ws/install/joint_trajectory_controller:/home/duser/ros2_kortex-ros2ws/install/joint_state_broadcaster:/home/duser/ros2_kortex-ros2ws/install/joint_limits:/home/duser/ros2_kortex-ros2ws/install/imu_sensor_broadcaster:/home/duser/ros2_kortex-ros2ws/install/gripper_controllers:/home/duser/ros2_kortex-ros2ws/install/effort_controllers:/home/duser/ros2_kortex-ros2ws/install/forward_command_controller:/home/duser/ros2_kortex-ros2ws/install/force_torque_sensor_broadcaster:/home/duser/ros2_kortex-ros2ws/install/diff_drive_controller:/home/duser/ros2_kortex-ros2ws/install/controller_interface:/home/duser/ros2_kortex-ros2ws/install/hardware_interface:/home/duser/ros2_kortex-ros2ws/install/controller_manager_msgs:/home/duser/ros2_kortex-ros2ws/install/control_msgs:/home/duser/rbkk3-ros2ws/install/whkk3_simulation:/home/duser/rbkk3-ros2ws/install/whkk3_description:/home/duser/rbkk3-ros2ws/install/ridgeback_simulation:/home/duser/rbkk3-ros2ws/install/ridgeback_hardware:/home/duser/rbkk3-ros2ws/install/ridgeback_description:/home/duser/rbkk3-ros2ws/install/rbkk3_simulation:/home/duser/rbkk3-ros2ws/install/rbkk3_rviz:/home/duser/rbkk3-ros2ws/install/rbkk3_description:/home/duser/ros2_kortex-ros2ws/install/rqt_joint_trajectory_controller:/home/duser/ros2_kortex-ros2ws/install/rqt_controller_manager:/home/duser/ros2_kortex-ros2ws/install/ros2controlcli:/home/duser/ros2_kortex-ros2ws/install/ros2_controllers_test_nodes:/opt/ros/humble')]), 'shell': False}
[0.099084] (-) TimerEvent: {}
[0.199489] (-) TimerEvent: {}
[0.211346] (mecanum_drive_controller) StdoutLine: {'line': b'[  6%] Built target mecanum_drive_controller_parameters\n'}
[0.237770] (mecanum_drive_controller) StdoutLine: {'line': b'\x1b[35m\x1b[1mConsolidate compiler generated dependencies of target mecanum_drive_controller\x1b[0m\n'}
[0.238438] (mecanum_drive_controller) StdoutLine: {'line': b'[ 20%] Built target gmock_main\n'}
[0.238881] (mecanum_drive_controller) StdoutLine: {'line': b'[ 40%] Built target gmock\n'}
[0.299611] (-) TimerEvent: {}
[0.308877] (mecanum_drive_controller) StdoutLine: {'line': b'[ 53%] Built target test_load_mecanum_drive_controller\n'}
[0.311734] (mecanum_drive_controller) StdoutLine: {'line': b'[ 60%] \x1b[32mBuilding CXX object CMakeFiles/mecanum_drive_controller.dir/src/mecanum_drive_controller.cpp.o\x1b[0m\n'}
[0.399752] (-) TimerEvent: {}
[0.500100] (-) TimerEvent: {}
[0.600650] (-) TimerEvent: {}
[0.701057] (-) TimerEvent: {}
[0.801408] (-) TimerEvent: {}
[0.901898] (-) TimerEvent: {}
[1.002436] (-) TimerEvent: {}
[1.102908] (-) TimerEvent: {}
[1.203377] (-) TimerEvent: {}
[1.303814] (-) TimerEvent: {}
[1.404220] (-) TimerEvent: {}
[1.504689] (-) TimerEvent: {}
[1.605086] (-) TimerEvent: {}
[1.705475] (-) TimerEvent: {}
[1.805918] (-) TimerEvent: {}
[1.906444] (-) TimerEvent: {}
[2.006881] (-) TimerEvent: {}
[2.107224] (-) TimerEvent: {}
[2.207625] (-) TimerEvent: {}
[2.308053] (-) TimerEvent: {}
[2.408474] (-) TimerEvent: {}
[2.508926] (-) TimerEvent: {}
[2.609330] (-) TimerEvent: {}
[2.709714] (-) TimerEvent: {}
[2.810094] (-) TimerEvent: {}
[2.910439] (-) TimerEvent: {}
[3.010756] (-) TimerEvent: {}
[3.111139] (-) TimerEvent: {}
[3.211602] (-) TimerEvent: {}
[3.312001] (-) TimerEvent: {}
[3.412347] (-) TimerEvent: {}
[3.512872] (-) TimerEvent: {}
[3.613344] (-) TimerEvent: {}
[3.713733] (-) TimerEvent: {}
[3.814184] (-) TimerEvent: {}
[3.914639] (-) TimerEvent: {}
[4.015062] (-) TimerEvent: {}
[4.115459] (-) TimerEvent: {}
[4.215865] (-) TimerEvent: {}
[4.316246] (-) TimerEvent: {}
[4.416597] (-) TimerEvent: {}
[4.516923] (-) TimerEvent: {}
[4.617295] (-) TimerEvent: {}
[4.717637] (-) TimerEvent: {}
[4.818232] (-) TimerEvent: {}
[4.918618] (-) TimerEvent: {}
[5.019010] (-) TimerEvent: {}
[5.120709] (-) TimerEvent: {}
[5.221114] (-) TimerEvent: {}
[5.321494] (-) TimerEvent: {}
[5.421794] (-) TimerEvent: {}
[5.522134] (-) TimerEvent: {}
[5.622543] (-) TimerEvent: {}
[5.722917] (-) TimerEvent: {}
[5.823319] (-) TimerEvent: {}
[5.923693] (-) TimerEvent: {}
[6.024074] (-) TimerEvent: {}
[6.124592] (-) TimerEvent: {}
[6.225064] (-) TimerEvent: {}
[6.325533] (-) TimerEvent: {}
[6.426007] (-) TimerEvent: {}
[6.526437] (-) TimerEvent: {}
[6.626843] (-) TimerEvent: {}
[6.727267] (-) TimerEvent: {}
[6.827722] (-) TimerEvent: {}
[6.928204] (-) TimerEvent: {}
[7.028579] (-) TimerEvent: {}
[7.128934] (-) TimerEvent: {}
[7.229359] (-) TimerEvent: {}
[7.329814] (-) TimerEvent: {}
[7.430180] (-) TimerEvent: {}
[7.530580] (-) TimerEvent: {}
[7.630957] (-) TimerEvent: {}
[7.731319] (-) TimerEvent: {}
[7.831681] (-) TimerEvent: {}
[7.932101] (-) TimerEvent: {}
[8.032830] (-) TimerEvent: {}
[8.133229] (-) TimerEvent: {}
[8.233593] (-) TimerEvent: {}
[8.334003] (-) TimerEvent: {}
[8.434451] (-) TimerEvent: {}
[8.534853] (-) TimerEvent: {}
[8.635295] (-) TimerEvent: {}
[8.735694] (-) TimerEvent: {}
[8.836103] (-) TimerEvent: {}
[8.936924] (-) TimerEvent: {}
[9.037519] (-) TimerEvent: {}
[9.137984] (-) TimerEvent: {}
[9.238431] (-) TimerEvent: {}
[9.338834] (-) TimerEvent: {}
[9.439240] (-) TimerEvent: {}
[9.539639] (-) TimerEvent: {}
[9.640247] (-) TimerEvent: {}
[9.740632] (-) TimerEvent: {}
[9.841191] (-) TimerEvent: {}
[9.941841] (-) TimerEvent: {}
[10.042470] (-) TimerEvent: {}
[10.142901] (-) TimerEvent: {}
[10.243312] (-) TimerEvent: {}
[10.343711] (-) TimerEvent: {}
[10.444119] (-) TimerEvent: {}
[10.544513] (-) TimerEvent: {}
[10.644911] (-) TimerEvent: {}
[10.745512] (-) TimerEvent: {}
[10.845908] (-) TimerEvent: {}
[10.946637] (-) TimerEvent: {}
[11.047038] (-) TimerEvent: {}
[11.147460] (-) TimerEvent: {}
[11.248148] (-) TimerEvent: {}
[11.348854] (-) TimerEvent: {}
[11.449518] (-) TimerEvent: {}
[11.549949] (-) TimerEvent: {}
[11.650442] (-) TimerEvent: {}
[11.750906] (-) TimerEvent: {}
[11.851369] (-) TimerEvent: {}
[11.951776] (-) TimerEvent: {}
[12.052123] (-) TimerEvent: {}
[12.152564] (-) TimerEvent: {}
[12.253158] (-) TimerEvent: {}
[12.353583] (-) TimerEvent: {}
[12.454086] (-) TimerEvent: {}
[12.554572] (-) TimerEvent: {}
[12.655147] (-) TimerEvent: {}
[12.755593] (-) TimerEvent: {}
[12.855969] (-) TimerEvent: {}
[12.956284] (-) TimerEvent: {}
[12.959799] (mecanum_drive_controller) StdoutLine: {'line': b'[ 66%] \x1b[32m\x1b[1mLinking CXX shared library libmecanum_drive_controller.so\x1b[0m\n'}
[13.056458] (-) TimerEvent: {}
[13.156957] (-) TimerEvent: {}
[13.257607] (-) TimerEvent: {}
[13.358067] (-) TimerEvent: {}
[13.458536] (-) TimerEvent: {}
[13.558929] (-) TimerEvent: {}
[13.659370] (-) TimerEvent: {}
[13.759777] (-) TimerEvent: {}
[13.860482] (-) TimerEvent: {}
[13.961131] (-) TimerEvent: {}
[14.061717] (-) TimerEvent: {}
[14.162469] (-) TimerEvent: {}
[14.262845] (-) TimerEvent: {}
[14.288909] (mecanum_drive_controller) StdoutLine: {'line': b'[ 73%] Built target mecanum_drive_controller\n'}
[14.341985] (mecanum_drive_controller) StdoutLine: {'line': b'[ 86%] \x1b[32m\x1b[1mLinking CXX executable test_mecanum_drive_controller\x1b[0m\n'}
[14.342181] (mecanum_drive_controller) StdoutLine: {'line': b'[ 86%] \x1b[32m\x1b[1mLinking CXX executable test_mecanum_drive_controller_preceeding\x1b[0m\n'}
[14.362990] (-) TimerEvent: {}
[14.463471] (-) TimerEvent: {}
[14.564091] (-) TimerEvent: {}
[14.664688] (-) TimerEvent: {}
[14.765284] (-) TimerEvent: {}
[14.865843] (-) TimerEvent: {}
[14.966438] (-) TimerEvent: {}
[15.066921] (-) TimerEvent: {}
[15.167430] (-) TimerEvent: {}
[15.268047] (-) TimerEvent: {}
[15.368555] (-) TimerEvent: {}
[15.469055] (-) TimerEvent: {}
[15.569617] (-) TimerEvent: {}
[15.670159] (-) TimerEvent: {}
[15.770727] (-) TimerEvent: {}
[15.871251] (-) TimerEvent: {}
[15.971758] (-) TimerEvent: {}
[16.072275] (-) TimerEvent: {}
[16.096130] (mecanum_drive_controller) StdoutLine: {'line': b'[ 93%] Built target test_mecanum_drive_controller_preceeding\n'}
[16.172449] (-) TimerEvent: {}
[16.272907] (-) TimerEvent: {}
[16.373212] (-) TimerEvent: {}
[16.473526] (-) TimerEvent: {}
[16.509258] (mecanum_drive_controller) StdoutLine: {'line': b'[100%] Built target test_mecanum_drive_controller\n'}
[16.531707] (mecanum_drive_controller) CommandEnded: {'returncode': 0}
[16.573665] (-) TimerEvent: {}
[16.641162] (mecanum_drive_controller) JobProgress: {'identifier': 'mecanum_drive_controller', 'progress': 'install'}
[16.657564] (mecanum_drive_controller) Command: {'cmd': ['/usr/bin/cmake', '--install', '/home/duser/clearpath_mecanum_drive_controller-ros2ws/build/mecanum_drive_controller'], 'cwd': '/home/duser/clearpath_mecanum_drive_controller-ros2ws/build/mecanum_drive_controller', 'env': OrderedDict([('PYTHONWARNINGS', 'ignore:::setuptools.command.install,ignore:::setuptools.command.easy_install,ignore:::pkg_resources'), ('HOSTNAME', 'guillermo-ideapad3'), ('SHLVL', '1'), ('LD_LIBRARY_PATH', '/home/duser/clearpath_mecanum_drive_controller-ros2ws/install/mecanum_drive_controller/lib:/home/duser/ros2_kortex-ros2ws/install/velocity_controllers/lib:/home/duser/ros2_kortex-ros2ws/install/tricycle_steering_controller/lib:/home/duser/ros2_kortex-ros2ws/install/tricycle_controller/lib:/home/duser/ros2_kortex-ros2ws/install/transmission_interface/lib:/home/duser/ros2_kortex-ros2ws/install/bicycle_steering_controller/lib:/home/duser/ros2_kortex-ros2ws/install/ackermann_steering_controller/lib:/home/duser/ros2_kortex-ros2ws/install/steering_controllers_library/lib:/home/duser/ros2_kortex-ros2ws/install/robotiq_driver/lib:/home/duser/ros2_kortex-ros2ws/install/serial/lib:/home/duser/ros2_kortex-ros2ws/install/hardware_interface_testing/lib:/home/duser/ros2_kortex-ros2ws/install/controller_manager/lib:/home/duser/ros2_kortex-ros2ws/install/robotiq_controllers/lib:/home/duser/ros2_kortex-ros2ws/install/range_sensor_broadcaster/lib:/home/duser/ros2_kortex-ros2ws/install/position_controllers/lib:/home/duser/ros2_kortex-ros2ws/install/kortex_driver/lib:/home/duser/ros2_kortex-ros2ws/install/admittance_controller/lib:/home/duser/ros2_kortex-ros2ws/install/joint_trajectory_controller/lib:/home/duser/ros2_kortex-ros2ws/install/joint_state_broadcaster/lib:/home/duser/ros2_kortex-ros2ws/install/imu_sensor_broadcaster/lib:/home/duser/ros2_kortex-ros2ws/install/gripper_controllers/lib:/home/duser/ros2_kortex-ros2ws/install/effort_controllers/lib:/home/duser/ros2_kortex-ros2ws/install/forward_command_controller/lib:/home/duser/ros2_kortex-ros2ws/install/force_torque_sensor_broadcaster/lib:/home/duser/ros2_kortex-ros2ws/install/diff_drive_controller/lib:/home/duser/ros2_kortex-ros2ws/install/controller_interface/lib:/home/duser/ros2_kortex-ros2ws/install/hardware_interface/lib:/home/duser/ros2_kortex-ros2ws/install/controller_manager_msgs/lib:/home/duser/ros2_kortex-ros2ws/install/control_msgs/lib:/opt/ros/humble/opt/rviz_ogre_vendor/lib:/opt/ros/humble/lib/x86_64-linux-gnu:/opt/ros/humble/lib'), ('HOME', '/home/duser'), ('OLDPWD', '/home/duser'), ('ROS_PYTHON_VERSION', '3'), ('ROS_LOG_DIR', '/home/duser/rbkk3-ros2ws/log'), ('COLCON_PREFIX_PATH', '/home/duser/rbkk3-ros2ws/install:/home/duser/clearpath_mecanum_drive_controller-ros2ws/install:/home/duser/ros2_kortex-ros2ws/install'), ('ROS_DISTRO', 'humble'), ('_', '/usr/bin/colcon'), ('ROS_VERSION', '2'), ('TERM', 'xterm'), ('ROS_LOCALHOST_ONLY', '0'), ('QT_X11_NO_MITSHM', '1'), ('PATH', '/opt/ros/humble/bin:/usr/local/sbin:/usr/local/bin:/usr/sbin:/usr/bin:/sbin:/bin'), ('DISPLAY', ':0'), ('LANG', 'C.UTF-8'), ('RMW_IMPLEMENTATION', 'rmw_cyclonedds_cpp'), ('AMENT_PREFIX_PATH', '/home/duser/rbkk3-ros2ws/install/whkk3_simulation:/home/duser/rbkk3-ros2ws/install/whkk3_description:/home/duser/rbkk3-ros2ws/install/ridgeback_simulation:/home/duser/rbkk3-ros2ws/install/ridgeback_hardware:/home/duser/rbkk3-ros2ws/install/ridgeback_description:/home/duser/rbkk3-ros2ws/install/rbkk3_simulation:/home/duser/rbkk3-ros2ws/install/rbkk3_rviz:/home/duser/rbkk3-ros2ws/install/rbkk3_description:/home/duser/clearpath_mecanum_drive_controller-ros2ws/install/mecanum_drive_controller:/home/duser/ros2_kortex-ros2ws/install/kortex_bringup:/home/duser/ros2_kortex-ros2ws/install/kinova_gen3_7dof_robotiq_2f_85_moveit_config:/home/duser/ros2_kortex-ros2ws/install/kinova_gen3_6dof_robotiq_2f_85_moveit_config:/home/duser/ros2_kortex-ros2ws/install/kortex_description:/home/duser/ros2_kortex-ros2ws/install/robotiq_description:/home/duser/ros2_kortex-ros2ws/install/ros2_controllers:/home/duser/ros2_kortex-ros2ws/install/velocity_controllers:/home/duser/ros2_kortex-ros2ws/install/tricycle_steering_controller:/home/duser/ros2_kortex-ros2ws/install/tricycle_controller:/home/duser/ros2_kortex-ros2ws/install/ros2_control:/home/duser/ros2_kortex-ros2ws/install/transmission_interface:/home/duser/ros2_kortex-ros2ws/install/bicycle_steering_controller:/home/duser/ros2_kortex-ros2ws/install/ackermann_steering_controller:/home/duser/ros2_kortex-ros2ws/install/steering_controllers_library:/home/duser/ros2_kortex-ros2ws/install/robotiq_hardware_tests:/home/duser/ros2_kortex-ros2ws/install/robotiq_driver:/home/duser/ros2_kortex-ros2ws/install/serial:/home/duser/ros2_kortex-ros2ws/install/rqt_joint_trajectory_controller:/home/duser/ros2_kortex-ros2ws/install/rqt_controller_manager:/home/duser/ros2_kortex-ros2ws/install/ros2controlcli:/home/duser/ros2_kortex-ros2ws/install/ros2_controllers_test_nodes:/home/duser/ros2_kortex-ros2ws/install/hardware_interface_testing:/home/duser/ros2_kortex-ros2ws/install/controller_manager:/home/duser/ros2_kortex-ros2ws/install/ros2_control_test_assets:/home/duser/ros2_kortex-ros2ws/install/robotiq_controllers:/home/duser/ros2_kortex-ros2ws/install/range_sensor_broadcaster:/home/duser/ros2_kortex-ros2ws/install/position_controllers:/home/duser/ros2_kortex-ros2ws/install/kortex_driver:/home/duser/ros2_kortex-ros2ws/install/kortex_api:/home/duser/ros2_kortex-ros2ws/install/admittance_controller:/home/duser/ros2_kortex-ros2ws/install/joint_trajectory_controller:/home/duser/ros2_kortex-ros2ws/install/joint_state_broadcaster:/home/duser/ros2_kortex-ros2ws/install/joint_limits:/home/duser/ros2_kortex-ros2ws/install/imu_sensor_broadcaster:/home/duser/ros2_kortex-ros2ws/install/gripper_controllers:/home/duser/ros2_kortex-ros2ws/install/effort_controllers:/home/duser/ros2_kortex-ros2ws/install/forward_command_controller:/home/duser/ros2_kortex-ros2ws/install/force_torque_sensor_broadcaster:/home/duser/ros2_kortex-ros2ws/install/diff_drive_controller:/home/duser/ros2_kortex-ros2ws/install/controller_interface:/home/duser/ros2_kortex-ros2ws/install/hardware_interface:/home/duser/ros2_kortex-ros2ws/install/controller_manager_msgs:/home/duser/ros2_kortex-ros2ws/install/control_msgs:/opt/ros/humble'), ('PWD', '/home/duser/clearpath_mecanum_drive_controller-ros2ws/build/mecanum_drive_controller'), ('LC_ALL', 'C.UTF-8'), ('PYTHONPATH', '/home/duser/rbkk3-ros2ws/build/whkk3_simulation:/home/duser/rbkk3-ros2ws/install/whkk3_simulation/lib/python3.10/site-packages:/home/duser/rbkk3-ros2ws/build/whkk3_description:/home/duser/rbkk3-ros2ws/install/whkk3_description/lib/python3.10/site-packages:/home/duser/rbkk3-ros2ws/build/ridgeback_simulation:/home/duser/rbkk3-ros2ws/install/ridgeback_simulation/lib/python3.10/site-packages:/home/duser/rbkk3-ros2ws/build/ridgeback_hardware:/home/duser/rbkk3-ros2ws/install/ridgeback_hardware/lib/python3.10/site-packages:/home/duser/rbkk3-ros2ws/build/ridgeback_description:/home/duser/rbkk3-ros2ws/install/ridgeback_description/lib/python3.10/site-packages:/home/duser/rbkk3-ros2ws/build/rbkk3_simulation:/home/duser/rbkk3-ros2ws/install/rbkk3_simulation/lib/python3.10/site-packages:/home/duser/rbkk3-ros2ws/build/rbkk3_rviz:/home/duser/rbkk3-ros2ws/install/rbkk3_rviz/lib/python3.10/site-packages:/home/duser/rbkk3-ros2ws/build/rbkk3_description:/home/duser/rbkk3-ros2ws/install/rbkk3_description/lib/python3.10/site-packages:/home/duser/ros2_kortex-ros2ws/install/rqt_joint_trajectory_controller/lib/python3.10/site-packages:/home/duser/ros2_kortex-ros2ws/install/rqt_controller_manager/lib/python3.10/site-packages:/home/duser/ros2_kortex-ros2ws/install/ros2controlcli/lib/python3.10/site-packages:/home/duser/ros2_kortex-ros2ws/install/ros2_controllers_test_nodes/lib/python3.10/site-packages:/home/duser/ros2_kortex-ros2ws/install/controller_manager/local/lib/python3.10/dist-packages:/home/duser/ros2_kortex-ros2ws/install/controller_manager_msgs/local/lib/python3.10/dist-packages:/home/duser/ros2_kortex-ros2ws/install/control_msgs/local/lib/python3.10/dist-packages:/opt/ros/humble/lib/python3.10/site-packages:/opt/ros/humble/local/lib/python3.10/dist-packages'), ('COLCON', '1'), ('CMAKE_PREFIX_PATH', '/home/duser/clearpath_mecanum_drive_controller-ros2ws/install/mecanum_drive_controller:/home/duser/ros2_kortex-ros2ws/install/kortex_bringup:/home/duser/ros2_kortex-ros2ws/install/kinova_gen3_7dof_robotiq_2f_85_moveit_config:/home/duser/ros2_kortex-ros2ws/install/kinova_gen3_6dof_robotiq_2f_85_moveit_config:/home/duser/ros2_kortex-ros2ws/install/kortex_description:/home/duser/ros2_kortex-ros2ws/install/robotiq_description:/home/duser/ros2_kortex-ros2ws/install/ros2_controllers:/home/duser/ros2_kortex-ros2ws/install/velocity_controllers:/home/duser/ros2_kortex-ros2ws/install/tricycle_steering_controller:/home/duser/ros2_kortex-ros2ws/install/tricycle_controller:/home/duser/ros2_kortex-ros2ws/install/ros2_control:/home/duser/ros2_kortex-ros2ws/install/transmission_interface:/home/duser/ros2_kortex-ros2ws/install/bicycle_steering_controller:/home/duser/ros2_kortex-ros2ws/install/ackermann_steering_controller:/home/duser/ros2_kortex-ros2ws/install/steering_controllers_library:/home/duser/ros2_kortex-ros2ws/install/robotiq_hardware_tests:/home/duser/ros2_kortex-ros2ws/install/robotiq_driver:/home/duser/ros2_kortex-ros2ws/install/serial:/home/duser/ros2_kortex-ros2ws/install/hardware_interface_testing:/home/duser/ros2_kortex-ros2ws/install/controller_manager:/home/duser/ros2_kortex-ros2ws/install/ros2_control_test_assets:/home/duser/ros2_kortex-ros2ws/install/robotiq_controllers:/home/duser/ros2_kortex-ros2ws/install/range_sensor_broadcaster:/home/duser/ros2_kortex-ros2ws/install/position_controllers:/home/duser/ros2_kortex-ros2ws/install/kortex_driver:/home/duser/ros2_kortex-ros2ws/install/kortex_api:/home/duser/ros2_kortex-ros2ws/install/admittance_controller:/home/duser/ros2_kortex-ros2ws/install/joint_trajectory_controller:/home/duser/ros2_kortex-ros2ws/install/joint_state_broadcaster:/home/duser/ros2_kortex-ros2ws/install/joint_limits:/home/duser/ros2_kortex-ros2ws/install/imu_sensor_broadcaster:/home/duser/ros2_kortex-ros2ws/install/gripper_controllers:/home/duser/ros2_kortex-ros2ws/install/effort_controllers:/home/duser/ros2_kortex-ros2ws/install/forward_command_controller:/home/duser/ros2_kortex-ros2ws/install/force_torque_sensor_broadcaster:/home/duser/ros2_kortex-ros2ws/install/diff_drive_controller:/home/duser/ros2_kortex-ros2ws/install/controller_interface:/home/duser/ros2_kortex-ros2ws/install/hardware_interface:/home/duser/ros2_kortex-ros2ws/install/controller_manager_msgs:/home/duser/ros2_kortex-ros2ws/install/control_msgs:/home/duser/rbkk3-ros2ws/install/whkk3_simulation:/home/duser/rbkk3-ros2ws/install/whkk3_description:/home/duser/rbkk3-ros2ws/install/ridgeback_simulation:/home/duser/rbkk3-ros2ws/install/ridgeback_hardware:/home/duser/rbkk3-ros2ws/install/ridgeback_description:/home/duser/rbkk3-ros2ws/install/rbkk3_simulation:/home/duser/rbkk3-ros2ws/install/rbkk3_rviz:/home/duser/rbkk3-ros2ws/install/rbkk3_description:/home/duser/ros2_kortex-ros2ws/install/rqt_joint_trajectory_controller:/home/duser/ros2_kortex-ros2ws/install/rqt_controller_manager:/home/duser/ros2_kortex-ros2ws/install/ros2controlcli:/home/duser/ros2_kortex-ros2ws/install/ros2_controllers_test_nodes:/opt/ros/humble')]), 'shell': False}
[16.672502] (mecanum_drive_controller) StdoutLine: {'line': b'-- Install configuration: ""\n'}
[16.672774] (mecanum_drive_controller) StdoutLine: {'line': b'-- Up-to-date: /home/duser/clearpath_mecanum_drive_controller-ros2ws/install/mecanum_drive_controller/include/mecanum_drive_controller_parameters\n'}
[16.673046] (mecanum_drive_controller) StdoutLine: {'line': b'-- Up-to-date: /home/duser/clearpath_mecanum_drive_controller-ros2ws/install/mecanum_drive_controller/include/mecanum_drive_controller_parameters/mecanum_drive_controller_parameters.hpp\n'}
[16.673192] (mecanum_drive_controller) StdoutLine: {'line': b'-- Up-to-date: /home/duser/clearpath_mecanum_drive_controller-ros2ws/install/mecanum_drive_controller/share/mecanum_drive_controller/mecanum_drive_controller.xml\n'}
[16.673732] (-) TimerEvent: {}
[16.674302] (mecanum_drive_controller) StdoutLine: {'line': b'-- Up-to-date: /home/duser/clearpath_mecanum_drive_controller-ros2ws/install/mecanum_drive_controller/include/mecanum_drive_controller\n'}
[16.674518] (mecanum_drive_controller) StdoutLine: {'line': b'-- Up-to-date: /home/duser/clearpath_mecanum_drive_controller-ros2ws/install/mecanum_drive_controller/include/mecanum_drive_controller/mecanum_drive_controller\n'}
[16.674608] (mecanum_drive_controller) StdoutLine: {'line': b'-- Up-to-date: /home/duser/clearpath_mecanum_drive_controller-ros2ws/install/mecanum_drive_controller/include/mecanum_drive_controller/mecanum_drive_controller/odometry.hpp\n'}
[16.674686] (mecanum_drive_controller) StdoutLine: {'line': b'-- Up-to-date: /home/duser/clearpath_mecanum_drive_controller-ros2ws/install/mecanum_drive_controller/include/mecanum_drive_controller/mecanum_drive_controller/visibility_control.h\n'}
[16.674765] (mecanum_drive_controller) StdoutLine: {'line': b'-- Up-to-date: /home/duser/clearpath_mecanum_drive_controller-ros2ws/install/mecanum_drive_controller/include/mecanum_drive_controller/mecanum_drive_controller/mecanum_drive_controller.hpp\n'}
[16.675414] (mecanum_drive_controller) StdoutLine: {'line': b'-- Installing: /home/duser/clearpath_mecanum_drive_controller-ros2ws/install/mecanum_drive_controller/lib/libmecanum_drive_controller.so\n'}
[16.697902] (mecanum_drive_controller) StdoutLine: {'line': b'-- Set runtime path of "/home/duser/clearpath_mecanum_drive_controller-ros2ws/install/mecanum_drive_controller/lib/libmecanum_drive_controller.so" to ""\n'}
[16.698195] (mecanum_drive_controller) StdoutLine: {'line': b'-- Up-to-date: /home/duser/clearpath_mecanum_drive_controller-ros2ws/install/mecanum_drive_controller/share/mecanum_drive_controller/environment/library_path.sh\n'}
[16.698301] (mecanum_drive_controller) StdoutLine: {'line': b'-- Up-to-date: /home/duser/clearpath_mecanum_drive_controller-ros2ws/install/mecanum_drive_controller/share/mecanum_drive_controller/environment/library_path.dsv\n'}
[16.698371] (mecanum_drive_controller) StdoutLine: {'line': b'-- Up-to-date: /home/duser/clearpath_mecanum_drive_controller-ros2ws/install/mecanum_drive_controller/share/ament_index/resource_index/package_run_dependencies/mecanum_drive_controller\n'}
[16.698454] (mecanum_drive_controller) StdoutLine: {'line': b'-- Up-to-date: /home/duser/clearpath_mecanum_drive_controller-ros2ws/install/mecanum_drive_controller/share/ament_index/resource_index/parent_prefix_path/mecanum_drive_controller\n'}
[16.698527] (mecanum_drive_controller) StdoutLine: {'line': b'-- Up-to-date: /home/duser/clearpath_mecanum_drive_controller-ros2ws/install/mecanum_drive_controller/share/mecanum_drive_controller/environment/ament_prefix_path.sh\n'}
[16.698591] (mecanum_drive_controller) StdoutLine: {'line': b'-- Up-to-date: /home/duser/clearpath_mecanum_drive_controller-ros2ws/install/mecanum_drive_controller/share/mecanum_drive_controller/environment/ament_prefix_path.dsv\n'}
[16.698687] (mecanum_drive_controller) StdoutLine: {'line': b'-- Up-to-date: /home/duser/clearpath_mecanum_drive_controller-ros2ws/install/mecanum_drive_controller/share/mecanum_drive_controller/environment/path.sh\n'}
[16.698763] (mecanum_drive_controller) StdoutLine: {'line': b'-- Up-to-date: /home/duser/clearpath_mecanum_drive_controller-ros2ws/install/mecanum_drive_controller/share/mecanum_drive_controller/environment/path.dsv\n'}
[16.698824] (mecanum_drive_controller) StdoutLine: {'line': b'-- Up-to-date: /home/duser/clearpath_mecanum_drive_controller-ros2ws/install/mecanum_drive_controller/share/mecanum_drive_controller/local_setup.bash\n'}
[16.698907] (mecanum_drive_controller) StdoutLine: {'line': b'-- Up-to-date: /home/duser/clearpath_mecanum_drive_controller-ros2ws/install/mecanum_drive_controller/share/mecanum_drive_controller/local_setup.sh\n'}
[16.698964] (mecanum_drive_controller) StdoutLine: {'line': b'-- Up-to-date: /home/duser/clearpath_mecanum_drive_controller-ros2ws/install/mecanum_drive_controller/share/mecanum_drive_controller/local_setup.zsh\n'}
[16.699048] (mecanum_drive_controller) StdoutLine: {'line': b'-- Up-to-date: /home/duser/clearpath_mecanum_drive_controller-ros2ws/install/mecanum_drive_controller/share/mecanum_drive_controller/local_setup.dsv\n'}
[16.699106] (mecanum_drive_controller) StdoutLine: {'line': b'-- Installing: /home/duser/clearpath_mecanum_drive_controller-ros2ws/install/mecanum_drive_controller/share/mecanum_drive_controller/package.dsv\n'}
[16.699371] (mecanum_drive_controller) StdoutLine: {'line': b'-- Up-to-date: /home/duser/clearpath_mecanum_drive_controller-ros2ws/install/mecanum_drive_controller/share/ament_index/resource_index/packages/mecanum_drive_controller\n'}
[16.699531] (mecanum_drive_controller) StdoutLine: {'line': b'-- Up-to-date: /home/duser/clearpath_mecanum_drive_controller-ros2ws/install/mecanum_drive_controller/share/ament_index/resource_index/controller_interface__pluginlib__plugin/mecanum_drive_controller\n'}
[16.700637] (mecanum_drive_controller) StdoutLine: {'line': b'-- Up-to-date: /home/duser/clearpath_mecanum_drive_controller-ros2ws/install/mecanum_drive_controller/share/mecanum_drive_controller/cmake/export_mecanum_drive_controllerExport.cmake\n'}
[16.700804] (mecanum_drive_controller) StdoutLine: {'line': b'-- Up-to-date: /home/duser/clearpath_mecanum_drive_controller-ros2ws/install/mecanum_drive_controller/share/mecanum_drive_controller/cmake/export_mecanum_drive_controllerExport-noconfig.cmake\n'}
[16.700888] (mecanum_drive_controller) StdoutLine: {'line': b'-- Up-to-date: /home/duser/clearpath_mecanum_drive_controller-ros2ws/install/mecanum_drive_controller/share/mecanum_drive_controller/cmake/ament_cmake_export_targets-extras.cmake\n'}
[16.700950] (mecanum_drive_controller) StdoutLine: {'line': b'-- Up-to-date: /home/duser/clearpath_mecanum_drive_controller-ros2ws/install/mecanum_drive_controller/share/mecanum_drive_controller/cmake/ament_cmake_export_dependencies-extras.cmake\n'}
[16.701018] (mecanum_drive_controller) StdoutLine: {'line': b'-- Up-to-date: /home/duser/clearpath_mecanum_drive_controller-ros2ws/install/mecanum_drive_controller/share/mecanum_drive_controller/cmake/mecanum_drive_controllerConfig.cmake\n'}
[16.701075] (mecanum_drive_controller) StdoutLine: {'line': b'-- Up-to-date: /home/duser/clearpath_mecanum_drive_controller-ros2ws/install/mecanum_drive_controller/share/mecanum_drive_controller/cmake/mecanum_drive_controllerConfig-version.cmake\n'}
[16.701145] (mecanum_drive_controller) StdoutLine: {'line': b'-- Up-to-date: /home/duser/clearpath_mecanum_drive_controller-ros2ws/install/mecanum_drive_controller/share/mecanum_drive_controller/package.xml\n'}
[16.704044] (mecanum_drive_controller) CommandEnded: {'returncode': 0}
[16.773843] (-) TimerEvent: {}
[16.851020] (mecanum_drive_controller) JobEnded: {'identifier': 'mecanum_drive_controller', 'rc': 0}
[16.851903] (-) EventReactorShutdown: {}
