[0.019s] Invoking command in '/home/duser/ros2_kortex-ros2ws/build/hardware_interface': AMENT_PREFIX_PATH=/home/duser/ros2_kortex-ros2ws/install/control_msgs:${AMENT_PREFIX_PATH} CMAKE_PREFIX_PATH=/home/duser/ros2_kortex-ros2ws/install/ros2_control_test_assets:/home/duser/ros2_kortex-ros2ws/install/control_msgs:/home/duser/ros2_kortex-ros2ws/install/serial:/home/duser/ros2_kortex-ros2ws/install/kortex_api:/opt/ros/humble LD_LIBRARY_PATH=/home/duser/ros2_kortex-ros2ws/install/control_msgs/lib:${LD_LIBRARY_PATH} PYTHONPATH=/home/duser/ros2_kortex-ros2ws/install/control_msgs/local/lib/python3.10/dist-packages:${PYTHONPATH} /usr/bin/cmake /home/duser/ros2_kortex-ros2ws/src/ros2_control/hardware_interface -DCMAKE_BUILD_TYPE=Release -DCMAKE_INSTALL_PREFIX=/home/duser/ros2_kortex-ros2ws/install/hardware_interface
[0.113s] -- The C compiler identification is GNU 11.4.0
[0.206s] -- The CXX compiler identification is GNU 11.4.0
[0.219s] -- Detecting C compiler ABI info
[0.332s] -- Detecting C compiler ABI info - done
[0.342s] -- Check for working C compiler: /usr/bin/cc - skipped
[0.343s] -- Detecting C compile features
[0.343s] -- Detecting C compile features - done
[0.348s] -- Detecting CXX compiler ABI info
[0.479s] -- Detecting CXX compiler ABI info - done
[0.489s] -- Check for working CXX compiler: /usr/bin/c++ - skipped
[0.489s] -- Detecting CXX compile features
[0.490s] -- Detecting CXX compile features - done
[0.497s] -- Found ament_cmake: 1.3.8 (/opt/ros/humble/share/ament_cmake/cmake)
[0.727s] -- Found Python3: /usr/bin/python3 (found version "3.10.12") found components: Interpreter 
[0.894s] -- Found control_msgs: 4.6.0 (/home/duser/ros2_kortex-ros2ws/install/control_msgs/share/control_msgs/cmake)
[0.977s] -- Found rosidl_generator_c: 3.1.5 (/opt/ros/humble/share/rosidl_generator_c/cmake)
[0.991s] -- Found rosidl_adapter: 3.1.5 (/opt/ros/humble/share/rosidl_adapter/cmake)
[1.011s] -- Found rosidl_generator_cpp: 3.1.5 (/opt/ros/humble/share/rosidl_generator_cpp/cmake)
[1.040s] -- Using all available rosidl_typesupport_c: rosidl_typesupport_fastrtps_c;rosidl_typesupport_introspection_c
[1.081s] -- Using all available rosidl_typesupport_cpp: rosidl_typesupport_fastrtps_cpp;rosidl_typesupport_introspection_cpp
[1.869s] -- Found lifecycle_msgs: 1.2.1 (/opt/ros/humble/share/lifecycle_msgs/cmake)
[1.900s] -- Found pluginlib: 5.1.0 (/opt/ros/humble/share/pluginlib/cmake)
[1.971s] -- Found rclcpp_lifecycle: 16.0.8 (/opt/ros/humble/share/rclcpp_lifecycle/cmake)
[2.088s] -- Found rmw_implementation_cmake: 6.1.1 (/opt/ros/humble/share/rmw_implementation_cmake/cmake)
[2.095s] -- Found rmw_cyclonedds_cpp: 1.3.4 (/opt/ros/humble/share/rmw_cyclonedds_cpp/cmake)
[2.151s] -- Using RMW implementation 'rmw_cyclonedds_cpp' as default
[2.172s] -- Looking for pthread.h
[2.295s] -- Looking for pthread.h - found
[2.296s] -- Performing Test CMAKE_HAVE_LIBC_PTHREAD
[2.419s] -- Performing Test CMAKE_HAVE_LIBC_PTHREAD - Success
[2.421s] -- Found Threads: TRUE  
[2.639s] -- Found TinyXML2 via Config file: TinyXML2_DIR-NOTFOUND
[2.648s] -- Found ament_cmake_gmock: 1.3.8 (/opt/ros/humble/share/ament_cmake_gmock/cmake)
[2.649s] -- Found ros2_control_test_assets: 2.41.0 (/home/duser/ros2_kortex-ros2ws/install/ros2_control_test_assets/share/ros2_control_test_assets/cmake)
[2.656s] -- Found gmock sources under '/opt/ros/humble/src/gmock_vendor': C++ tests using 'Google Mock' will be built
[2.668s] -- Found ament_cmake_gtest: 1.3.8 (/opt/ros/humble/share/ament_cmake_gtest/cmake)
[2.669s] -- Found gtest sources under '/opt/ros/humble/src/gtest_vendor': C++ tests using 'Google Test' will be built
[2.773s] -- Configuring done
[2.883s] -- Generating done
[2.888s] -- Build files have been written to: /home/duser/ros2_kortex-ros2ws/build/hardware_interface
[2.904s] Invoked command in '/home/duser/ros2_kortex-ros2ws/build/hardware_interface' returned '0': AMENT_PREFIX_PATH=/home/duser/ros2_kortex-ros2ws/install/control_msgs:${AMENT_PREFIX_PATH} CMAKE_PREFIX_PATH=/home/duser/ros2_kortex-ros2ws/install/ros2_control_test_assets:/home/duser/ros2_kortex-ros2ws/install/control_msgs:/home/duser/ros2_kortex-ros2ws/install/serial:/home/duser/ros2_kortex-ros2ws/install/kortex_api:/opt/ros/humble LD_LIBRARY_PATH=/home/duser/ros2_kortex-ros2ws/install/control_msgs/lib:${LD_LIBRARY_PATH} PYTHONPATH=/home/duser/ros2_kortex-ros2ws/install/control_msgs/local/lib/python3.10/dist-packages:${PYTHONPATH} /usr/bin/cmake /home/duser/ros2_kortex-ros2ws/src/ros2_control/hardware_interface -DCMAKE_BUILD_TYPE=Release -DCMAKE_INSTALL_PREFIX=/home/duser/ros2_kortex-ros2ws/install/hardware_interface
[2.906s] Invoking command in '/home/duser/ros2_kortex-ros2ws/build/hardware_interface': AMENT_PREFIX_PATH=/home/duser/ros2_kortex-ros2ws/install/control_msgs:${AMENT_PREFIX_PATH} CMAKE_PREFIX_PATH=/home/duser/ros2_kortex-ros2ws/install/ros2_control_test_assets:/home/duser/ros2_kortex-ros2ws/install/control_msgs:/home/duser/ros2_kortex-ros2ws/install/serial:/home/duser/ros2_kortex-ros2ws/install/kortex_api:/opt/ros/humble LD_LIBRARY_PATH=/home/duser/ros2_kortex-ros2ws/install/control_msgs/lib:${LD_LIBRARY_PATH} PYTHONPATH=/home/duser/ros2_kortex-ros2ws/install/control_msgs/local/lib/python3.10/dist-packages:${PYTHONPATH} /usr/bin/cmake --build /home/duser/ros2_kortex-ros2ws/build/hardware_interface -- -j12 -l12
[2.993s] [  2%] [32mBuilding CXX object CMakeFiles/hardware_interface.dir/src/system.cpp.o[0m
[2.994s] [  8%] [32mBuilding CXX object gmock/CMakeFiles/gmock_main.dir/src/gmock_main.cc.o[0m
[2.994s] [  8%] [32mBuilding CXX object CMakeFiles/hardware_interface.dir/src/actuator.cpp.o[0m
[2.996s] [ 14%] [32mBuilding CXX object gmock/CMakeFiles/gmock.dir/opt/ros/humble/src/gtest_vendor/src/gtest-all.cc.o[0m
[2.996s] [ 14%] [32mBuilding CXX object CMakeFiles/hardware_interface.dir/src/component_parser.cpp.o[0m
[2.997s] [ 20%] [32mBuilding CXX object gmock/CMakeFiles/gmock.dir/src/gmock-all.cc.o[0m
[2.997s] [ 20%] [32mBuilding CXX object CMakeFiles/hardware_interface.dir/src/sensor.cpp.o[0m
[2.998s] [ 26%] [32mBuilding CXX object CMakeFiles/hardware_interface.dir/src/resource_manager.cpp.o[0m
[2.998s] [ 26%] [32mBuilding CXX object CMakeFiles/hardware_interface.dir/src/lexical_casts.cpp.o[0m
[5.810s] [ 29%] [32m[1mLinking CXX static library libgmock_main.a[0m
[5.904s] [ 29%] Built target gmock_main
[11.906s] [ 32%] [32m[1mLinking CXX static library libgmock.a[0m
[11.965s] [ 32%] Built target gmock
[11.990s] [ 35%] [32mBuilding CXX object CMakeFiles/test_macros.dir/test/test_macros.cpp.o[0m
[13.302s] [ 38%] [32m[1mLinking CXX executable test_macros[0m
[13.440s] [ 38%] Built target test_macros
[14.850s] [ 41%] [32m[1mLinking CXX shared library libhardware_interface.so[0m
[15.027s] [ 41%] Built target hardware_interface
[15.059s] [ 47%] [32mBuilding CXX object CMakeFiles/test_joint_handle.dir/test/test_handle.cpp.o[0m
[15.059s] [ 50%] [32mBuilding CXX object CMakeFiles/mock_components.dir/src/mock_components/generic_system.cpp.o[0m
[15.059s] [ 50%] [32mBuilding CXX object CMakeFiles/fake_components.dir/src/mock_components/fake_generic_system.cpp.o[0m
[15.060s] [ 52%] [32mBuilding CXX object CMakeFiles/fake_components.dir/src/mock_components/generic_system.cpp.o[0m
[15.063s] [ 58%] [32mBuilding CXX object CMakeFiles/test_component_interfaces.dir/test/test_component_interfaces.cpp.o[0m
[15.063s] [ 58%] [32mBuilding CXX object CMakeFiles/test_inst_hardwares.dir/test/test_inst_hardwares.cpp.o[0m
[15.067s] [ 61%] [32mBuilding CXX object CMakeFiles/test_hardware_components.dir/test/test_hardware_components/test_force_torque_sensor.cpp.o[0m
[15.068s] [ 64%] [32mBuilding CXX object CMakeFiles/test_hardware_components.dir/test/test_hardware_components/test_single_joint_actuator.cpp.o[0m
[15.068s] [ 70%] [32mBuilding CXX object CMakeFiles/test_generic_system.dir/test/mock_components/test_generic_system.cpp.o[0m
[15.068s] [ 70%] [32mBuilding CXX object CMakeFiles/test_component_parser.dir/test/test_component_parser.cpp.o[0m
[15.069s] [ 73%] [32mBuilding CXX object CMakeFiles/test_hardware_components.dir/test/test_hardware_components/test_system_with_command_modes.cpp.o[0m
[15.079s] [ 76%] [32mBuilding CXX object CMakeFiles/test_hardware_components.dir/test/test_hardware_components/test_two_joint_system.cpp.o[0m
[19.164s] [ 79%] [32m[1mLinking CXX executable test_inst_hardwares[0m
[19.385s] [ 82%] [32m[1mLinking CXX executable test_joint_handle[0m
[19.764s] [ 82%] Built target test_inst_hardwares
[19.865s] [ 82%] Built target test_joint_handle
[20.351s] [ 85%] [32m[1mLinking CXX shared library libtest_hardware_components.so[0m
[20.544s] [ 85%] Built target test_hardware_components
[20.885s] [ 88%] [32m[1mLinking CXX shared library libfake_components.so[0m
[21.045s] [ 91%] [32m[1mLinking CXX shared library libmock_components.so[0m
[21.092s] [ 91%] Built target fake_components
[21.228s] [ 91%] Built target mock_components
[24.378s] [ 94%] [32m[1mLinking CXX executable test_component_interfaces[0m
[24.593s] [ 94%] Built target test_component_interfaces
[25.730s] [ 97%] [32m[1mLinking CXX executable test_component_parser[0m
[25.935s] [ 97%] Built target test_component_parser
[30.814s] [100%] [32m[1mLinking CXX executable test_generic_system[0m
[31.006s] [100%] Built target test_generic_system
[31.022s] Invoked command in '/home/duser/ros2_kortex-ros2ws/build/hardware_interface' returned '0': AMENT_PREFIX_PATH=/home/duser/ros2_kortex-ros2ws/install/control_msgs:${AMENT_PREFIX_PATH} CMAKE_PREFIX_PATH=/home/duser/ros2_kortex-ros2ws/install/ros2_control_test_assets:/home/duser/ros2_kortex-ros2ws/install/control_msgs:/home/duser/ros2_kortex-ros2ws/install/serial:/home/duser/ros2_kortex-ros2ws/install/kortex_api:/opt/ros/humble LD_LIBRARY_PATH=/home/duser/ros2_kortex-ros2ws/install/control_msgs/lib:${LD_LIBRARY_PATH} PYTHONPATH=/home/duser/ros2_kortex-ros2ws/install/control_msgs/local/lib/python3.10/dist-packages:${PYTHONPATH} /usr/bin/cmake --build /home/duser/ros2_kortex-ros2ws/build/hardware_interface -- -j12 -l12
[31.122s] Invoking command in '/home/duser/ros2_kortex-ros2ws/build/hardware_interface': AMENT_PREFIX_PATH=/home/duser/ros2_kortex-ros2ws/install/control_msgs:${AMENT_PREFIX_PATH} CMAKE_PREFIX_PATH=/home/duser/ros2_kortex-ros2ws/install/ros2_control_test_assets:/home/duser/ros2_kortex-ros2ws/install/control_msgs:/home/duser/ros2_kortex-ros2ws/install/serial:/home/duser/ros2_kortex-ros2ws/install/kortex_api:/opt/ros/humble LD_LIBRARY_PATH=/home/duser/ros2_kortex-ros2ws/install/control_msgs/lib:${LD_LIBRARY_PATH} PYTHONPATH=/home/duser/ros2_kortex-ros2ws/install/control_msgs/local/lib/python3.10/dist-packages:${PYTHONPATH} /usr/bin/cmake --install /home/duser/ros2_kortex-ros2ws/build/hardware_interface
[31.133s] -- Install configuration: "Release"
[31.133s] -- Installing: /home/duser/ros2_kortex-ros2ws/install/hardware_interface/share/hardware_interface/mock_components_plugin_description.xml
[31.134s] -- Installing: /home/duser/ros2_kortex-ros2ws/install/hardware_interface/share/hardware_interface/fake_components_plugin_description.xml
[31.134s] -- Installing: /home/duser/ros2_kortex-ros2ws/install/hardware_interface/include
[31.134s] -- Installing: /home/duser/ros2_kortex-ros2ws/install/hardware_interface/include/hardware_interface
[31.134s] -- Installing: /home/duser/ros2_kortex-ros2ws/install/hardware_interface/include/hardware_interface/loaned_state_interface.hpp
[31.135s] -- Installing: /home/duser/ros2_kortex-ros2ws/install/hardware_interface/include/hardware_interface/loaned_command_interface.hpp
[31.135s] -- Installing: /home/duser/ros2_kortex-ros2ws/install/hardware_interface/include/hardware_interface/controller_info.hpp
[31.135s] -- Installing: /home/duser/ros2_kortex-ros2ws/install/hardware_interface/include/hardware_interface/actuator_interface.hpp
[31.135s] -- Installing: /home/duser/ros2_kortex-ros2ws/install/hardware_interface/include/hardware_interface/system.hpp
[31.135s] -- Installing: /home/duser/ros2_kortex-ros2ws/install/hardware_interface/include/hardware_interface/hardware_component_info.hpp
[31.136s] -- Installing: /home/duser/ros2_kortex-ros2ws/install/hardware_interface/include/hardware_interface/sensor_interface.hpp
[31.136s] -- Installing: /home/duser/ros2_kortex-ros2ws/install/hardware_interface/include/hardware_interface/component_parser.hpp
[31.136s] -- Installing: /home/duser/ros2_kortex-ros2ws/install/hardware_interface/include/hardware_interface/resource_manager.hpp
[31.136s] -- Installing: /home/duser/ros2_kortex-ros2ws/install/hardware_interface/include/hardware_interface/visibility_control.h
[31.136s] -- Installing: /home/duser/ros2_kortex-ros2ws/install/hardware_interface/include/hardware_interface/macros.hpp
[31.136s] -- Installing: /home/duser/ros2_kortex-ros2ws/install/hardware_interface/include/hardware_interface/types
[31.136s] -- Installing: /home/duser/ros2_kortex-ros2ws/install/hardware_interface/include/hardware_interface/types/hardware_interface_type_values.hpp
[31.136s] -- Installing: /home/duser/ros2_kortex-ros2ws/install/hardware_interface/include/hardware_interface/types/lifecycle_state_names.hpp
[31.136s] -- Installing: /home/duser/ros2_kortex-ros2ws/install/hardware_interface/include/hardware_interface/types/hardware_interface_return_values.hpp
[31.136s] -- Installing: /home/duser/ros2_kortex-ros2ws/install/hardware_interface/include/hardware_interface/lexical_casts.hpp
[31.137s] -- Installing: /home/duser/ros2_kortex-ros2ws/install/hardware_interface/include/hardware_interface/hardware_info.hpp
[31.137s] -- Installing: /home/duser/ros2_kortex-ros2ws/install/hardware_interface/include/hardware_interface/handle.hpp
[31.137s] -- Installing: /home/duser/ros2_kortex-ros2ws/install/hardware_interface/include/hardware_interface/sensor.hpp
[31.137s] -- Installing: /home/duser/ros2_kortex-ros2ws/install/hardware_interface/include/hardware_interface/system_interface.hpp
[31.137s] -- Installing: /home/duser/ros2_kortex-ros2ws/install/hardware_interface/include/hardware_interface/actuator.hpp
[31.137s] -- Installing: /home/duser/ros2_kortex-ros2ws/install/hardware_interface/include/mock_components
[31.138s] -- Installing: /home/duser/ros2_kortex-ros2ws/install/hardware_interface/include/mock_components/visibility_control.h
[31.138s] -- Installing: /home/duser/ros2_kortex-ros2ws/install/hardware_interface/include/mock_components/generic_system.hpp
[31.138s] -- Installing: /home/duser/ros2_kortex-ros2ws/install/hardware_interface/include/fake_components
[31.138s] -- Installing: /home/duser/ros2_kortex-ros2ws/install/hardware_interface/include/fake_components/visibility_control.h
[31.138s] -- Installing: /home/duser/ros2_kortex-ros2ws/install/hardware_interface/include/fake_components/generic_system.hpp
[31.139s] -- Installing: /home/duser/ros2_kortex-ros2ws/install/hardware_interface/lib/libfake_components.so
[31.139s] -- Set runtime path of "/home/duser/ros2_kortex-ros2ws/install/hardware_interface/lib/libfake_components.so" to ""
[31.139s] -- Installing: /home/duser/ros2_kortex-ros2ws/install/hardware_interface/lib/libmock_components.so
[31.140s] -- Set runtime path of "/home/duser/ros2_kortex-ros2ws/install/hardware_interface/lib/libmock_components.so" to ""
[31.140s] -- Installing: /home/duser/ros2_kortex-ros2ws/install/hardware_interface/lib/libhardware_interface.so
[31.143s] -- Set runtime path of "/home/duser/ros2_kortex-ros2ws/install/hardware_interface/lib/libhardware_interface.so" to ""
[31.143s] -- Installing: /home/duser/ros2_kortex-ros2ws/install/hardware_interface/lib/libtest_hardware_components.so
[31.144s] -- Set runtime path of "/home/duser/ros2_kortex-ros2ws/install/hardware_interface/lib/libtest_hardware_components.so" to ""
[31.144s] -- Installing: /home/duser/ros2_kortex-ros2ws/install/hardware_interface/share/hardware_interface/test/test_hardware_components/test_hardware_components.xml
[31.144s] -- Installing: /home/duser/ros2_kortex-ros2ws/install/hardware_interface/share/hardware_interface/environment/library_path.sh
[31.144s] -- Installing: /home/duser/ros2_kortex-ros2ws/install/hardware_interface/share/hardware_interface/environment/library_path.dsv
[31.145s] -- Installing: /home/duser/ros2_kortex-ros2ws/install/hardware_interface/share/ament_index/resource_index/package_run_dependencies/hardware_interface
[31.145s] -- Installing: /home/duser/ros2_kortex-ros2ws/install/hardware_interface/share/ament_index/resource_index/parent_prefix_path/hardware_interface
[31.145s] -- Installing: /home/duser/ros2_kortex-ros2ws/install/hardware_interface/share/hardware_interface/environment/ament_prefix_path.sh
[31.145s] -- Installing: /home/duser/ros2_kortex-ros2ws/install/hardware_interface/share/hardware_interface/environment/ament_prefix_path.dsv
[31.145s] -- Installing: /home/duser/ros2_kortex-ros2ws/install/hardware_interface/share/hardware_interface/environment/path.sh
[31.146s] -- Installing: /home/duser/ros2_kortex-ros2ws/install/hardware_interface/share/hardware_interface/environment/path.dsv
[31.146s] -- Installing: /home/duser/ros2_kortex-ros2ws/install/hardware_interface/share/hardware_interface/local_setup.bash
[31.146s] -- Installing: /home/duser/ros2_kortex-ros2ws/install/hardware_interface/share/hardware_interface/local_setup.sh
[31.146s] -- Installing: /home/duser/ros2_kortex-ros2ws/install/hardware_interface/share/hardware_interface/local_setup.zsh
[31.146s] -- Installing: /home/duser/ros2_kortex-ros2ws/install/hardware_interface/share/hardware_interface/local_setup.dsv
[31.146s] -- Installing: /home/duser/ros2_kortex-ros2ws/install/hardware_interface/share/hardware_interface/package.dsv
[31.147s] -- Installing: /home/duser/ros2_kortex-ros2ws/install/hardware_interface/share/ament_index/resource_index/packages/hardware_interface
[31.147s] -- Installing: /home/duser/ros2_kortex-ros2ws/install/hardware_interface/share/ament_index/resource_index/hardware_interface__pluginlib__plugin/hardware_interface
[31.147s] -- Installing: /home/duser/ros2_kortex-ros2ws/install/hardware_interface/share/hardware_interface/cmake/ament_cmake_export_include_directories-extras.cmake
[31.147s] -- Installing: /home/duser/ros2_kortex-ros2ws/install/hardware_interface/share/hardware_interface/cmake/ament_cmake_export_libraries-extras.cmake
[31.148s] -- Installing: /home/duser/ros2_kortex-ros2ws/install/hardware_interface/share/hardware_interface/cmake/ament_cmake_export_dependencies-extras.cmake
[31.148s] -- Installing: /home/duser/ros2_kortex-ros2ws/install/hardware_interface/share/hardware_interface/cmake/hardware_interfaceConfig.cmake
[31.148s] -- Installing: /home/duser/ros2_kortex-ros2ws/install/hardware_interface/share/hardware_interface/cmake/hardware_interfaceConfig-version.cmake
[31.148s] -- Installing: /home/duser/ros2_kortex-ros2ws/install/hardware_interface/share/hardware_interface/package.xml
[31.151s] Invoked command in '/home/duser/ros2_kortex-ros2ws/build/hardware_interface' returned '0': AMENT_PREFIX_PATH=/home/duser/ros2_kortex-ros2ws/install/control_msgs:${AMENT_PREFIX_PATH} CMAKE_PREFIX_PATH=/home/duser/ros2_kortex-ros2ws/install/ros2_control_test_assets:/home/duser/ros2_kortex-ros2ws/install/control_msgs:/home/duser/ros2_kortex-ros2ws/install/serial:/home/duser/ros2_kortex-ros2ws/install/kortex_api:/opt/ros/humble LD_LIBRARY_PATH=/home/duser/ros2_kortex-ros2ws/install/control_msgs/lib:${LD_LIBRARY_PATH} PYTHONPATH=/home/duser/ros2_kortex-ros2ws/install/control_msgs/local/lib/python3.10/dist-packages:${PYTHONPATH} /usr/bin/cmake --install /home/duser/ros2_kortex-ros2ws/build/hardware_interface
