[0.013s] Invoking command in '/home/duser/clearpath_mecanum_drive_controller-ros2ws/build/mecanum_drive_controller': CMAKE_PREFIX_PATH=${CMAKE_PREFIX_PATH}:/opt/ros/humble /usr/bin/cmake --build /home/duser/clearpath_mecanum_drive_controller-ros2ws/build/mecanum_drive_controller -- -j12 -l12
[0.075s] [  6%] Built target mecanum_drive_controller_parameters
[0.079s] [ 26%] Built target gmock
[0.079s] [ 40%] Built target gmock_main
[0.111s] [ 60%] Built target mecanum_drive_controller
[0.115s] [ 73%] Built target test_load_mecanum_drive_controller
[0.146s] [ 86%] Built target test_mecanum_drive_controller
[0.146s] [100%] Built target test_mecanum_drive_controller_preceeding
[0.162s] Invoked command in '/home/duser/clearpath_mecanum_drive_controller-ros2ws/build/mecanum_drive_controller' returned '0': CMAKE_PREFIX_PATH=${CMAKE_PREFIX_PATH}:/opt/ros/humble /usr/bin/cmake --build /home/duser/clearpath_mecanum_drive_controller-ros2ws/build/mecanum_drive_controller -- -j12 -l12
[0.228s] Invoking command in '/home/duser/clearpath_mecanum_drive_controller-ros2ws/build/mecanum_drive_controller': CMAKE_PREFIX_PATH=${CMAKE_PREFIX_PATH}:/opt/ros/humble /usr/bin/cmake --install /home/duser/clearpath_mecanum_drive_controller-ros2ws/build/mecanum_drive_controller
[0.236s] -- Install configuration: ""
[0.236s] -- Up-to-date: /home/duser/clearpath_mecanum_drive_controller-ros2ws/install/mecanum_drive_controller/include/mecanum_drive_controller_parameters
[0.237s] -- Up-to-date: /home/duser/clearpath_mecanum_drive_controller-ros2ws/install/mecanum_drive_controller/include/mecanum_drive_controller_parameters/mecanum_drive_controller_parameters.hpp
[0.237s] -- Up-to-date: /home/duser/clearpath_mecanum_drive_controller-ros2ws/install/mecanum_drive_controller/share/mecanum_drive_controller/mecanum_drive_controller.xml
[0.237s] -- Up-to-date: /home/duser/clearpath_mecanum_drive_controller-ros2ws/install/mecanum_drive_controller/include/mecanum_drive_controller
[0.237s] -- Up-to-date: /home/duser/clearpath_mecanum_drive_controller-ros2ws/install/mecanum_drive_controller/include/mecanum_drive_controller/mecanum_drive_controller
[0.237s] -- Up-to-date: /home/duser/clearpath_mecanum_drive_controller-ros2ws/install/mecanum_drive_controller/include/mecanum_drive_controller/mecanum_drive_controller/odometry.hpp
[0.238s] -- Up-to-date: /home/duser/clearpath_mecanum_drive_controller-ros2ws/install/mecanum_drive_controller/include/mecanum_drive_controller/mecanum_drive_controller/visibility_control.h
[0.238s] -- Up-to-date: /home/duser/clearpath_mecanum_drive_controller-ros2ws/install/mecanum_drive_controller/include/mecanum_drive_controller/mecanum_drive_controller/mecanum_drive_controller.hpp
[0.238s] -- Up-to-date: /home/duser/clearpath_mecanum_drive_controller-ros2ws/install/mecanum_drive_controller/lib/libmecanum_drive_controller.so
[0.238s] -- Up-to-date: /home/duser/clearpath_mecanum_drive_controller-ros2ws/install/mecanum_drive_controller/share/mecanum_drive_controller/environment/library_path.sh
[0.238s] -- Up-to-date: /home/duser/clearpath_mecanum_drive_controller-ros2ws/install/mecanum_drive_controller/share/mecanum_drive_controller/environment/library_path.dsv
[0.238s] -- Up-to-date: /home/duser/clearpath_mecanum_drive_controller-ros2ws/install/mecanum_drive_controller/share/ament_index/resource_index/package_run_dependencies/mecanum_drive_controller
[0.238s] -- Up-to-date: /home/duser/clearpath_mecanum_drive_controller-ros2ws/install/mecanum_drive_controller/share/ament_index/resource_index/parent_prefix_path/mecanum_drive_controller
[0.239s] -- Up-to-date: /home/duser/clearpath_mecanum_drive_controller-ros2ws/install/mecanum_drive_controller/share/mecanum_drive_controller/environment/ament_prefix_path.sh
[0.239s] -- Up-to-date: /home/duser/clearpath_mecanum_drive_controller-ros2ws/install/mecanum_drive_controller/share/mecanum_drive_controller/environment/ament_prefix_path.dsv
[0.239s] -- Up-to-date: /home/duser/clearpath_mecanum_drive_controller-ros2ws/install/mecanum_drive_controller/share/mecanum_drive_controller/environment/path.sh
[0.239s] -- Up-to-date: /home/duser/clearpath_mecanum_drive_controller-ros2ws/install/mecanum_drive_controller/share/mecanum_drive_controller/environment/path.dsv
[0.239s] -- Up-to-date: /home/duser/clearpath_mecanum_drive_controller-ros2ws/install/mecanum_drive_controller/share/mecanum_drive_controller/local_setup.bash
[0.239s] -- Up-to-date: /home/duser/clearpath_mecanum_drive_controller-ros2ws/install/mecanum_drive_controller/share/mecanum_drive_controller/local_setup.sh
[0.239s] -- Up-to-date: /home/duser/clearpath_mecanum_drive_controller-ros2ws/install/mecanum_drive_controller/share/mecanum_drive_controller/local_setup.zsh
[0.239s] -- Up-to-date: /home/duser/clearpath_mecanum_drive_controller-ros2ws/install/mecanum_drive_controller/share/mecanum_drive_controller/local_setup.dsv
[0.239s] -- Installing: /home/duser/clearpath_mecanum_drive_controller-ros2ws/install/mecanum_drive_controller/share/mecanum_drive_controller/package.dsv
[0.239s] -- Up-to-date: /home/duser/clearpath_mecanum_drive_controller-ros2ws/install/mecanum_drive_controller/share/ament_index/resource_index/packages/mecanum_drive_controller
[0.239s] -- Up-to-date: /home/duser/clearpath_mecanum_drive_controller-ros2ws/install/mecanum_drive_controller/share/ament_index/resource_index/controller_interface__pluginlib__plugin/mecanum_drive_controller
[0.239s] -- Up-to-date: /home/duser/clearpath_mecanum_drive_controller-ros2ws/install/mecanum_drive_controller/share/mecanum_drive_controller/cmake/export_mecanum_drive_controllerExport.cmake
[0.240s] -- Up-to-date: /home/duser/clearpath_mecanum_drive_controller-ros2ws/install/mecanum_drive_controller/share/mecanum_drive_controller/cmake/export_mecanum_drive_controllerExport-noconfig.cmake
[0.240s] -- Up-to-date: /home/duser/clearpath_mecanum_drive_controller-ros2ws/install/mecanum_drive_controller/share/mecanum_drive_controller/cmake/ament_cmake_export_targets-extras.cmake
[0.240s] -- Up-to-date: /home/duser/clearpath_mecanum_drive_controller-ros2ws/install/mecanum_drive_controller/share/mecanum_drive_controller/cmake/ament_cmake_export_dependencies-extras.cmake
[0.240s] -- Up-to-date: /home/duser/clearpath_mecanum_drive_controller-ros2ws/install/mecanum_drive_controller/share/mecanum_drive_controller/cmake/mecanum_drive_controllerConfig.cmake
[0.240s] -- Up-to-date: /home/duser/clearpath_mecanum_drive_controller-ros2ws/install/mecanum_drive_controller/share/mecanum_drive_controller/cmake/mecanum_drive_controllerConfig-version.cmake
[0.240s] -- Up-to-date: /home/duser/clearpath_mecanum_drive_controller-ros2ws/install/mecanum_drive_controller/share/mecanum_drive_controller/package.xml
[0.241s] Invoked command in '/home/duser/clearpath_mecanum_drive_controller-ros2ws/build/mecanum_drive_controller' returned '0': CMAKE_PREFIX_PATH=${CMAKE_PREFIX_PATH}:/opt/ros/humble /usr/bin/cmake --install /home/duser/clearpath_mecanum_drive_controller-ros2ws/build/mecanum_drive_controller
