[0.073s] Invoking command in '/home/duser/ros2_kortex-ros2ws/build/position_controllers': AMENT_PREFIX_PATH=/home/duser/ros2_kortex-ros2ws/install/forward_command_controller:/home/duser/ros2_kortex-ros2ws/install/controller_manager:/home/duser/ros2_kortex-ros2ws/install/hardware_interface_testing:/home/duser/ros2_kortex-ros2ws/install/controller_interface:/home/duser/ros2_kortex-ros2ws/install/hardware_interface:/home/duser/ros2_kortex-ros2ws/install/controller_manager_msgs:/home/duser/ros2_kortex-ros2ws/install/control_msgs:${AMENT_PREFIX_PATH} CMAKE_PREFIX_PATH=/home/duser/ros2_kortex-ros2ws/install/forward_command_controller:/home/duser/ros2_kortex-ros2ws/install/controller_manager:/home/duser/ros2_kortex-ros2ws/install/hardware_interface_testing:/home/duser/ros2_kortex-ros2ws/install/controller_interface:/home/duser/ros2_kortex-ros2ws/install/hardware_interface:/home/duser/ros2_kortex-ros2ws/install/ros2_control_test_assets:/home/duser/ros2_kortex-ros2ws/install/controller_manager_msgs:/home/duser/ros2_kortex-ros2ws/install/control_msgs:/home/duser/ros2_kortex-ros2ws/install/serial:/home/duser/ros2_kortex-ros2ws/install/kortex_api:/opt/ros/humble LD_LIBRARY_PATH=/home/duser/ros2_kortex-ros2ws/install/forward_command_controller/lib:/home/duser/ros2_kortex-ros2ws/install/controller_manager/lib:/home/duser/ros2_kortex-ros2ws/install/hardware_interface_testing/lib:/home/duser/ros2_kortex-ros2ws/install/controller_interface/lib:/home/duser/ros2_kortex-ros2ws/install/hardware_interface/lib:/home/duser/ros2_kortex-ros2ws/install/controller_manager_msgs/lib:/home/duser/ros2_kortex-ros2ws/install/control_msgs/lib:${LD_LIBRARY_PATH} PYTHONPATH=/home/duser/ros2_kortex-ros2ws/install/controller_manager/local/lib/python3.10/dist-packages:/home/duser/ros2_kortex-ros2ws/install/controller_manager_msgs/local/lib/python3.10/dist-packages:/home/duser/ros2_kortex-ros2ws/install/control_msgs/local/lib/python3.10/dist-packages:${PYTHONPATH} /usr/bin/cmake --build /home/duser/ros2_kortex-ros2ws/build/position_controllers -- -j12 -l12
[0.178s] [35m[1mConsolidate compiler generated dependencies of target gmock[0m
[0.184s] [35m[1mConsolidate compiler generated dependencies of target gmock_main[0m
[0.190s] [35m[1mConsolidate compiler generated dependencies of target position_controllers[0m
[0.281s] [ 18%] Built target gmock_main
[0.283s] [ 45%] Built target gmock
[0.293s] [ 63%] Built target position_controllers
[0.346s] [35m[1mConsolidate compiler generated dependencies of target test_load_joint_group_position_controller[0m
[0.348s] [35m[1mConsolidate compiler generated dependencies of target test_joint_group_position_controller[0m
[0.439s] [ 81%] Built target test_load_joint_group_position_controller
[0.454s] [100%] Built target test_joint_group_position_controller
[0.500s] Invoked command in '/home/duser/ros2_kortex-ros2ws/build/position_controllers' returned '0': AMENT_PREFIX_PATH=/home/duser/ros2_kortex-ros2ws/install/forward_command_controller:/home/duser/ros2_kortex-ros2ws/install/controller_manager:/home/duser/ros2_kortex-ros2ws/install/hardware_interface_testing:/home/duser/ros2_kortex-ros2ws/install/controller_interface:/home/duser/ros2_kortex-ros2ws/install/hardware_interface:/home/duser/ros2_kortex-ros2ws/install/controller_manager_msgs:/home/duser/ros2_kortex-ros2ws/install/control_msgs:${AMENT_PREFIX_PATH} CMAKE_PREFIX_PATH=/home/duser/ros2_kortex-ros2ws/install/forward_command_controller:/home/duser/ros2_kortex-ros2ws/install/controller_manager:/home/duser/ros2_kortex-ros2ws/install/hardware_interface_testing:/home/duser/ros2_kortex-ros2ws/install/controller_interface:/home/duser/ros2_kortex-ros2ws/install/hardware_interface:/home/duser/ros2_kortex-ros2ws/install/ros2_control_test_assets:/home/duser/ros2_kortex-ros2ws/install/controller_manager_msgs:/home/duser/ros2_kortex-ros2ws/install/control_msgs:/home/duser/ros2_kortex-ros2ws/install/serial:/home/duser/ros2_kortex-ros2ws/install/kortex_api:/opt/ros/humble LD_LIBRARY_PATH=/home/duser/ros2_kortex-ros2ws/install/forward_command_controller/lib:/home/duser/ros2_kortex-ros2ws/install/controller_manager/lib:/home/duser/ros2_kortex-ros2ws/install/hardware_interface_testing/lib:/home/duser/ros2_kortex-ros2ws/install/controller_interface/lib:/home/duser/ros2_kortex-ros2ws/install/hardware_interface/lib:/home/duser/ros2_kortex-ros2ws/install/controller_manager_msgs/lib:/home/duser/ros2_kortex-ros2ws/install/control_msgs/lib:${LD_LIBRARY_PATH} PYTHONPATH=/home/duser/ros2_kortex-ros2ws/install/controller_manager/local/lib/python3.10/dist-packages:/home/duser/ros2_kortex-ros2ws/install/controller_manager_msgs/local/lib/python3.10/dist-packages:/home/duser/ros2_kortex-ros2ws/install/control_msgs/local/lib/python3.10/dist-packages:${PYTHONPATH} /usr/bin/cmake --build /home/duser/ros2_kortex-ros2ws/build/position_controllers -- -j12 -l12
[0.581s] Invoking command in '/home/duser/ros2_kortex-ros2ws/build/position_controllers': AMENT_PREFIX_PATH=/home/duser/ros2_kortex-ros2ws/install/forward_command_controller:/home/duser/ros2_kortex-ros2ws/install/controller_manager:/home/duser/ros2_kortex-ros2ws/install/hardware_interface_testing:/home/duser/ros2_kortex-ros2ws/install/controller_interface:/home/duser/ros2_kortex-ros2ws/install/hardware_interface:/home/duser/ros2_kortex-ros2ws/install/controller_manager_msgs:/home/duser/ros2_kortex-ros2ws/install/control_msgs:${AMENT_PREFIX_PATH} CMAKE_PREFIX_PATH=/home/duser/ros2_kortex-ros2ws/install/forward_command_controller:/home/duser/ros2_kortex-ros2ws/install/controller_manager:/home/duser/ros2_kortex-ros2ws/install/hardware_interface_testing:/home/duser/ros2_kortex-ros2ws/install/controller_interface:/home/duser/ros2_kortex-ros2ws/install/hardware_interface:/home/duser/ros2_kortex-ros2ws/install/ros2_control_test_assets:/home/duser/ros2_kortex-ros2ws/install/controller_manager_msgs:/home/duser/ros2_kortex-ros2ws/install/control_msgs:/home/duser/ros2_kortex-ros2ws/install/serial:/home/duser/ros2_kortex-ros2ws/install/kortex_api:/opt/ros/humble LD_LIBRARY_PATH=/home/duser/ros2_kortex-ros2ws/install/forward_command_controller/lib:/home/duser/ros2_kortex-ros2ws/install/controller_manager/lib:/home/duser/ros2_kortex-ros2ws/install/hardware_interface_testing/lib:/home/duser/ros2_kortex-ros2ws/install/controller_interface/lib:/home/duser/ros2_kortex-ros2ws/install/hardware_interface/lib:/home/duser/ros2_kortex-ros2ws/install/controller_manager_msgs/lib:/home/duser/ros2_kortex-ros2ws/install/control_msgs/lib:${LD_LIBRARY_PATH} PYTHONPATH=/home/duser/ros2_kortex-ros2ws/install/controller_manager/local/lib/python3.10/dist-packages:/home/duser/ros2_kortex-ros2ws/install/controller_manager_msgs/local/lib/python3.10/dist-packages:/home/duser/ros2_kortex-ros2ws/install/control_msgs/local/lib/python3.10/dist-packages:${PYTHONPATH} /usr/bin/cmake --install /home/duser/ros2_kortex-ros2ws/build/position_controllers
[0.615s] -- Install configuration: "Release"
[0.615s] -- Installing: /home/duser/ros2_kortex-ros2ws/install/position_controllers/share/position_controllers/position_controllers_plugins.xml
[0.618s] -- Installing: /home/duser/ros2_kortex-ros2ws/install/position_controllers/include/position_controllers
[0.618s] -- Installing: /home/duser/ros2_kortex-ros2ws/install/position_controllers/include/position_controllers/position_controllers
[0.618s] -- Installing: /home/duser/ros2_kortex-ros2ws/install/position_controllers/include/position_controllers/position_controllers/visibility_control.h
[0.619s] -- Installing: /home/duser/ros2_kortex-ros2ws/install/position_controllers/include/position_controllers/position_controllers/joint_group_position_controller.hpp
[0.619s] -- Installing: /home/duser/ros2_kortex-ros2ws/install/position_controllers/lib/libposition_controllers.so
[0.620s] -- Set runtime path of "/home/duser/ros2_kortex-ros2ws/install/position_controllers/lib/libposition_controllers.so" to ""
[0.621s] -- Installing: /home/duser/ros2_kortex-ros2ws/install/position_controllers/share/position_controllers/environment/library_path.sh
[0.623s] -- Installing: /home/duser/ros2_kortex-ros2ws/install/position_controllers/share/position_controllers/environment/library_path.dsv
[0.623s] -- Installing: /home/duser/ros2_kortex-ros2ws/install/position_controllers/share/ament_index/resource_index/package_run_dependencies/position_controllers
[0.623s] -- Installing: /home/duser/ros2_kortex-ros2ws/install/position_controllers/share/ament_index/resource_index/parent_prefix_path/position_controllers
[0.624s] -- Installing: /home/duser/ros2_kortex-ros2ws/install/position_controllers/share/position_controllers/environment/ament_prefix_path.sh
[0.624s] -- Installing: /home/duser/ros2_kortex-ros2ws/install/position_controllers/share/position_controllers/environment/ament_prefix_path.dsv
[0.624s] -- Installing: /home/duser/ros2_kortex-ros2ws/install/position_controllers/share/position_controllers/environment/path.sh
[0.625s] -- Installing: /home/duser/ros2_kortex-ros2ws/install/position_controllers/share/position_controllers/environment/path.dsv
[0.626s] -- Installing: /home/duser/ros2_kortex-ros2ws/install/position_controllers/share/position_controllers/local_setup.bash
[0.627s] -- Installing: /home/duser/ros2_kortex-ros2ws/install/position_controllers/share/position_controllers/local_setup.sh
[0.627s] -- Installing: /home/duser/ros2_kortex-ros2ws/install/position_controllers/share/position_controllers/local_setup.zsh
[0.627s] -- Installing: /home/duser/ros2_kortex-ros2ws/install/position_controllers/share/position_controllers/local_setup.dsv
[0.627s] -- Installing: /home/duser/ros2_kortex-ros2ws/install/position_controllers/share/position_controllers/package.dsv
[0.628s] -- Installing: /home/duser/ros2_kortex-ros2ws/install/position_controllers/share/ament_index/resource_index/packages/position_controllers
[0.628s] -- Installing: /home/duser/ros2_kortex-ros2ws/install/position_controllers/share/ament_index/resource_index/controller_interface__pluginlib__plugin/position_controllers
[0.628s] -- Installing: /home/duser/ros2_kortex-ros2ws/install/position_controllers/share/position_controllers/cmake/export_position_controllersExport.cmake
[0.628s] -- Installing: /home/duser/ros2_kortex-ros2ws/install/position_controllers/share/position_controllers/cmake/export_position_controllersExport-release.cmake
[0.629s] -- Installing: /home/duser/ros2_kortex-ros2ws/install/position_controllers/share/position_controllers/cmake/ament_cmake_export_targets-extras.cmake
[0.629s] -- Installing: /home/duser/ros2_kortex-ros2ws/install/position_controllers/share/position_controllers/cmake/ament_cmake_export_dependencies-extras.cmake
[0.629s] -- Installing: /home/duser/ros2_kortex-ros2ws/install/position_controllers/share/position_controllers/cmake/position_controllersConfig.cmake
[0.630s] -- Installing: /home/duser/ros2_kortex-ros2ws/install/position_controllers/share/position_controllers/cmake/position_controllersConfig-version.cmake
[0.630s] -- Installing: /home/duser/ros2_kortex-ros2ws/install/position_controllers/share/position_controllers/package.xml
[0.656s] Invoked command in '/home/duser/ros2_kortex-ros2ws/build/position_controllers' returned '0': AMENT_PREFIX_PATH=/home/duser/ros2_kortex-ros2ws/install/forward_command_controller:/home/duser/ros2_kortex-ros2ws/install/controller_manager:/home/duser/ros2_kortex-ros2ws/install/hardware_interface_testing:/home/duser/ros2_kortex-ros2ws/install/controller_interface:/home/duser/ros2_kortex-ros2ws/install/hardware_interface:/home/duser/ros2_kortex-ros2ws/install/controller_manager_msgs:/home/duser/ros2_kortex-ros2ws/install/control_msgs:${AMENT_PREFIX_PATH} CMAKE_PREFIX_PATH=/home/duser/ros2_kortex-ros2ws/install/forward_command_controller:/home/duser/ros2_kortex-ros2ws/install/controller_manager:/home/duser/ros2_kortex-ros2ws/install/hardware_interface_testing:/home/duser/ros2_kortex-ros2ws/install/controller_interface:/home/duser/ros2_kortex-ros2ws/install/hardware_interface:/home/duser/ros2_kortex-ros2ws/install/ros2_control_test_assets:/home/duser/ros2_kortex-ros2ws/install/controller_manager_msgs:/home/duser/ros2_kortex-ros2ws/install/control_msgs:/home/duser/ros2_kortex-ros2ws/install/serial:/home/duser/ros2_kortex-ros2ws/install/kortex_api:/opt/ros/humble LD_LIBRARY_PATH=/home/duser/ros2_kortex-ros2ws/install/forward_command_controller/lib:/home/duser/ros2_kortex-ros2ws/install/controller_manager/lib:/home/duser/ros2_kortex-ros2ws/install/hardware_interface_testing/lib:/home/duser/ros2_kortex-ros2ws/install/controller_interface/lib:/home/duser/ros2_kortex-ros2ws/install/hardware_interface/lib:/home/duser/ros2_kortex-ros2ws/install/controller_manager_msgs/lib:/home/duser/ros2_kortex-ros2ws/install/control_msgs/lib:${LD_LIBRARY_PATH} PYTHONPATH=/home/duser/ros2_kortex-ros2ws/install/controller_manager/local/lib/python3.10/dist-packages:/home/duser/ros2_kortex-ros2ws/install/controller_manager_msgs/local/lib/python3.10/dist-packages:/home/duser/ros2_kortex-ros2ws/install/control_msgs/local/lib/python3.10/dist-packages:${PYTHONPATH} /usr/bin/cmake --install /home/duser/ros2_kortex-ros2ws/build/position_controllers
