[0.020s] Invoking command in '/home/duser/ros2_kortex-ros2ws/build/robotiq_driver': AMENT_PREFIX_PATH=/home/duser/ros2_kortex-ros2ws/install/hardware_interface:/home/duser/ros2_kortex-ros2ws/install/control_msgs:${AMENT_PREFIX_PATH} CMAKE_PREFIX_PATH=/home/duser/ros2_kortex-ros2ws/install/hardware_interface:/home/duser/ros2_kortex-ros2ws/install/serial:/home/duser/ros2_kortex-ros2ws/install/ros2_control_test_assets:/home/duser/ros2_kortex-ros2ws/install/control_msgs:/home/duser/ros2_kortex-ros2ws/install/kortex_api:/opt/ros/humble LD_LIBRARY_PATH=/home/duser/ros2_kortex-ros2ws/install/hardware_interface/lib:/home/duser/ros2_kortex-ros2ws/install/control_msgs/lib:${LD_LIBRARY_PATH} PYTHONPATH=/home/duser/ros2_kortex-ros2ws/install/control_msgs/local/lib/python3.10/dist-packages:${PYTHONPATH} /usr/bin/cmake /home/duser/ros2_kortex-ros2ws/src/ros2_robotiq_gripper/robotiq_driver -DCMAKE_BUILD_TYPE=Release -DCMAKE_INSTALL_PREFIX=/home/duser/ros2_kortex-ros2ws/install/robotiq_driver
[0.109s] -- The CXX compiler identification is GNU 11.4.0
[0.121s] -- Detecting CXX compiler ABI info
[0.231s] -- Detecting CXX compiler ABI info - done
[0.239s] -- Check for working CXX compiler: /usr/bin/c++ - skipped
[0.240s] -- Detecting CXX compile features
[0.240s] -- Detecting CXX compile features - done
[0.250s] -- Found ament_cmake: 1.3.8 (/opt/ros/humble/share/ament_cmake/cmake)
[0.454s] -- Found Python3: /usr/bin/python3 (found version "3.10.12") found components: Interpreter 
[0.601s] -- Found hardware_interface: 2.41.0 (/home/duser/ros2_kortex-ros2ws/install/hardware_interface/share/hardware_interface/cmake)
[0.674s] -- Found rosidl_generator_c: 3.1.5 (/opt/ros/humble/share/rosidl_generator_c/cmake)
[0.683s] -- Found rosidl_adapter: 3.1.5 (/opt/ros/humble/share/rosidl_adapter/cmake)
[0.698s] -- Found rosidl_generator_cpp: 3.1.5 (/opt/ros/humble/share/rosidl_generator_cpp/cmake)
[0.718s] -- Using all available rosidl_typesupport_c: rosidl_typesupport_fastrtps_c;rosidl_typesupport_introspection_c
[0.753s] -- Using all available rosidl_typesupport_cpp: rosidl_typesupport_fastrtps_cpp;rosidl_typesupport_introspection_cpp
[1.568s] -- Found rmw_implementation_cmake: 6.1.1 (/opt/ros/humble/share/rmw_implementation_cmake/cmake)
[1.573s] -- Found rmw_cyclonedds_cpp: 1.3.4 (/opt/ros/humble/share/rmw_cyclonedds_cpp/cmake)
[1.613s] -- Using RMW implementation 'rmw_cyclonedds_cpp' as default
[1.631s] -- Looking for C++ include pthread.h
[1.742s] -- Looking for C++ include pthread.h - found
[1.742s] -- Performing Test CMAKE_HAVE_LIBC_PTHREAD
[1.856s] -- Performing Test CMAKE_HAVE_LIBC_PTHREAD - Success
[1.857s] -- Found Threads: TRUE  
[2.032s] -- Found serial: 1.2.1 (/home/duser/ros2_kortex-ros2ws/install/serial/share/serial/cmake)
[2.120s] -- Found ament_cmake_gtest: 1.3.8 (/opt/ros/humble/share/ament_cmake_gtest/cmake)
[2.124s] -- Found ament_cmake_gmock: 1.3.8 (/opt/ros/humble/share/ament_cmake_gmock/cmake)
[2.129s] -- Found ament_lint_auto: 0.12.10 (/opt/ros/humble/share/ament_lint_auto/cmake)
[2.130s] -- Found ros2_control_test_assets: 2.41.0 (/home/duser/ros2_kortex-ros2ws/install/ros2_control_test_assets/share/ros2_control_test_assets/cmake)
[2.297s] -- Found gmock sources under '/opt/ros/humble/src/gmock_vendor': C++ tests using 'Google Mock' will be built
[2.349s] -- The C compiler identification is GNU 11.4.0
[2.360s] -- Detecting C compiler ABI info
[2.455s] -- Detecting C compiler ABI info - done
[2.462s] -- Check for working C compiler: /usr/bin/cc - skipped
[2.462s] -- Detecting C compile features
[2.463s] -- Detecting C compile features - done
[2.468s] -- Found gtest sources under '/opt/ros/humble/src/gtest_vendor': C++ tests using 'Google Test' will be built
[2.550s] -- Configuring done
[2.846s] -- Generating done
[2.856s] -- Build files have been written to: /home/duser/ros2_kortex-ros2ws/build/robotiq_driver
[2.898s] Invoked command in '/home/duser/ros2_kortex-ros2ws/build/robotiq_driver' returned '0': AMENT_PREFIX_PATH=/home/duser/ros2_kortex-ros2ws/install/hardware_interface:/home/duser/ros2_kortex-ros2ws/install/control_msgs:${AMENT_PREFIX_PATH} CMAKE_PREFIX_PATH=/home/duser/ros2_kortex-ros2ws/install/hardware_interface:/home/duser/ros2_kortex-ros2ws/install/serial:/home/duser/ros2_kortex-ros2ws/install/ros2_control_test_assets:/home/duser/ros2_kortex-ros2ws/install/control_msgs:/home/duser/ros2_kortex-ros2ws/install/kortex_api:/opt/ros/humble LD_LIBRARY_PATH=/home/duser/ros2_kortex-ros2ws/install/hardware_interface/lib:/home/duser/ros2_kortex-ros2ws/install/control_msgs/lib:${LD_LIBRARY_PATH} PYTHONPATH=/home/duser/ros2_kortex-ros2ws/install/control_msgs/local/lib/python3.10/dist-packages:${PYTHONPATH} /usr/bin/cmake /home/duser/ros2_kortex-ros2ws/src/ros2_robotiq_gripper/robotiq_driver -DCMAKE_BUILD_TYPE=Release -DCMAKE_INSTALL_PREFIX=/home/duser/ros2_kortex-ros2ws/install/robotiq_driver
[2.898s] Invoking command in '/home/duser/ros2_kortex-ros2ws/build/robotiq_driver': AMENT_PREFIX_PATH=/home/duser/ros2_kortex-ros2ws/install/hardware_interface:/home/duser/ros2_kortex-ros2ws/install/control_msgs:${AMENT_PREFIX_PATH} CMAKE_PREFIX_PATH=/home/duser/ros2_kortex-ros2ws/install/hardware_interface:/home/duser/ros2_kortex-ros2ws/install/serial:/home/duser/ros2_kortex-ros2ws/install/ros2_control_test_assets:/home/duser/ros2_kortex-ros2ws/install/control_msgs:/home/duser/ros2_kortex-ros2ws/install/kortex_api:/opt/ros/humble LD_LIBRARY_PATH=/home/duser/ros2_kortex-ros2ws/install/hardware_interface/lib:/home/duser/ros2_kortex-ros2ws/install/control_msgs/lib:${LD_LIBRARY_PATH} PYTHONPATH=/home/duser/ros2_kortex-ros2ws/install/control_msgs/local/lib/python3.10/dist-packages:${PYTHONPATH} /usr/bin/cmake --build /home/duser/ros2_kortex-ros2ws/build/robotiq_driver -- -j12 -l12
[3.103s] [  4%] [32mBuilding CXX object CMakeFiles/robotiq_driver.dir/src/hardware_interface.cpp.o[0m
[3.103s] [  8%] [32mBuilding CXX object CMakeFiles/robotiq_driver.dir/src/crc_utils.cpp.o[0m
[3.107s] [ 12%] [32mBuilding CXX object gmock/CMakeFiles/gmock_main.dir/src/gmock_main.cc.o[0m
[3.125s] [ 16%] [32mBuilding CXX object CMakeFiles/robotiq_driver.dir/src/default_driver.cpp.o[0m
[3.137s] [ 20%] [32mBuilding CXX object CMakeFiles/robotiq_driver.dir/src/data_utils.cpp.o[0m
[3.173s] [ 25%] [32mBuilding CXX object CMakeFiles/robotiq_driver.dir/src/default_driver_factory.cpp.o[0m
[3.202s] [ 29%] [32mBuilding CXX object gmock/CMakeFiles/gmock.dir/opt/ros/humble/src/gtest_vendor/src/gtest-all.cc.o[0m
[3.203s] [ 33%] [32mBuilding CXX object gmock/CMakeFiles/gmock.dir/src/gmock-all.cc.o[0m
[3.291s] [ 37%] [32mBuilding CXX object CMakeFiles/robotiq_driver.dir/src/fake/fake_driver.cpp.o[0m
[3.303s] [ 41%] [32mBuilding CXX object CMakeFiles/robotiq_driver.dir/src/default_serial.cpp.o[0m
[3.317s] [ 45%] [32mBuilding CXX object CMakeFiles/robotiq_driver.dir/src/default_serial_factory.cpp.o[0m
[9.518s] [ 50%] [32m[1mLinking CXX static library libgmock_main.a[0m
[9.965s] [ 50%] Built target gmock_main
[26.141s] [ 54%] [32m[1mLinking CXX shared library librobotiq_driver.so[0m
[26.452s] [ 54%] Built target robotiq_driver
[28.581s] [ 58%] [32m[1mLinking CXX static library libgmock.a[0m
[28.650s] [ 58%] Built target gmock
[28.680s] [ 62%] [32mBuilding CXX object tests/CMakeFiles/test_robotiq_gripper_hardware_interface.dir/test_robotiq_gripper_hardware_interface.cpp.o[0m
[34.016s] [ 66%] [32m[1mLinking CXX executable test_robotiq_gripper_hardware_interface[0m
[34.408s] [ 66%] Built target test_robotiq_gripper_hardware_interface
[34.459s] [ 70%] [32mBuilding CXX object tests/CMakeFiles/test_data_utils.dir/test_data_utils.cpp.o[0m
[34.464s] [ 75%] [32mBuilding CXX object tests/CMakeFiles/test_default_driver_factory.dir/test_default_driver_factory.cpp.o[0m
[34.472s] [ 79%] [32mBuilding CXX object tests/CMakeFiles/test_crc_utils.dir/test_crc_utils.cpp.o[0m
[37.035s] [ 83%] [32m[1mLinking CXX executable test_data_utils[0m
[37.095s] [ 87%] [32m[1mLinking CXX executable test_crc_utils[0m
[37.428s] [ 87%] Built target test_data_utils
[37.478s] [ 91%] [32mBuilding CXX object tests/CMakeFiles/test_default_serial_factory.dir/test_default_serial_factory.cpp.o[0m
[37.503s] [ 91%] Built target test_crc_utils
[45.296s] [ 95%] [32m[1mLinking CXX executable test_default_serial_factory[0m
[45.522s] [100%] [32m[1mLinking CXX executable test_default_driver_factory[0m
[45.646s] [100%] Built target test_default_serial_factory
[45.888s] [100%] Built target test_default_driver_factory
[45.942s] Invoked command in '/home/duser/ros2_kortex-ros2ws/build/robotiq_driver' returned '0': AMENT_PREFIX_PATH=/home/duser/ros2_kortex-ros2ws/install/hardware_interface:/home/duser/ros2_kortex-ros2ws/install/control_msgs:${AMENT_PREFIX_PATH} CMAKE_PREFIX_PATH=/home/duser/ros2_kortex-ros2ws/install/hardware_interface:/home/duser/ros2_kortex-ros2ws/install/serial:/home/duser/ros2_kortex-ros2ws/install/ros2_control_test_assets:/home/duser/ros2_kortex-ros2ws/install/control_msgs:/home/duser/ros2_kortex-ros2ws/install/kortex_api:/opt/ros/humble LD_LIBRARY_PATH=/home/duser/ros2_kortex-ros2ws/install/hardware_interface/lib:/home/duser/ros2_kortex-ros2ws/install/control_msgs/lib:${LD_LIBRARY_PATH} PYTHONPATH=/home/duser/ros2_kortex-ros2ws/install/control_msgs/local/lib/python3.10/dist-packages:${PYTHONPATH} /usr/bin/cmake --build /home/duser/ros2_kortex-ros2ws/build/robotiq_driver -- -j12 -l12
[46.096s] Invoking command in '/home/duser/ros2_kortex-ros2ws/build/robotiq_driver': AMENT_PREFIX_PATH=/home/duser/ros2_kortex-ros2ws/install/hardware_interface:/home/duser/ros2_kortex-ros2ws/install/control_msgs:${AMENT_PREFIX_PATH} CMAKE_PREFIX_PATH=/home/duser/ros2_kortex-ros2ws/install/hardware_interface:/home/duser/ros2_kortex-ros2ws/install/serial:/home/duser/ros2_kortex-ros2ws/install/ros2_control_test_assets:/home/duser/ros2_kortex-ros2ws/install/control_msgs:/home/duser/ros2_kortex-ros2ws/install/kortex_api:/opt/ros/humble LD_LIBRARY_PATH=/home/duser/ros2_kortex-ros2ws/install/hardware_interface/lib:/home/duser/ros2_kortex-ros2ws/install/control_msgs/lib:${LD_LIBRARY_PATH} PYTHONPATH=/home/duser/ros2_kortex-ros2ws/install/control_msgs/local/lib/python3.10/dist-packages:${PYTHONPATH} /usr/bin/cmake --install /home/duser/ros2_kortex-ros2ws/build/robotiq_driver
[46.108s] -- Install configuration: "Release"
[46.109s] -- Installing: /home/duser/ros2_kortex-ros2ws/install/robotiq_driver/share/robotiq_driver/hardware_interface_plugin.xml
[46.109s] -- Installing: /home/duser/ros2_kortex-ros2ws/install/robotiq_driver/share/robotiq_driver/environment/library_path.sh
[46.110s] -- Installing: /home/duser/ros2_kortex-ros2ws/install/robotiq_driver/share/robotiq_driver/environment/library_path.dsv
[46.110s] -- Installing: /home/duser/ros2_kortex-ros2ws/install/robotiq_driver/include
[46.110s] -- Installing: /home/duser/ros2_kortex-ros2ws/install/robotiq_driver/include/robotiq_driver
[46.110s] -- Installing: /home/duser/ros2_kortex-ros2ws/install/robotiq_driver/include/robotiq_driver/default_serial_factory.hpp
[46.111s] -- Installing: /home/duser/ros2_kortex-ros2ws/install/robotiq_driver/include/robotiq_driver/crc_utils.hpp
[46.111s] -- Installing: /home/duser/ros2_kortex-ros2ws/install/robotiq_driver/include/robotiq_driver/hardware_interface.hpp
[46.111s] -- Installing: /home/duser/ros2_kortex-ros2ws/install/robotiq_driver/include/robotiq_driver/fake
[46.111s] -- Installing: /home/duser/ros2_kortex-ros2ws/install/robotiq_driver/include/robotiq_driver/fake/fake_driver.hpp
[46.112s] -- Installing: /home/duser/ros2_kortex-ros2ws/install/robotiq_driver/include/robotiq_driver/driver.hpp
[46.112s] -- Installing: /home/duser/ros2_kortex-ros2ws/install/robotiq_driver/include/robotiq_driver/serial_factory.hpp
[46.112s] -- Installing: /home/duser/ros2_kortex-ros2ws/install/robotiq_driver/include/robotiq_driver/serial.hpp
[46.113s] -- Installing: /home/duser/ros2_kortex-ros2ws/install/robotiq_driver/include/robotiq_driver/default_driver.hpp
[46.113s] -- Installing: /home/duser/ros2_kortex-ros2ws/install/robotiq_driver/include/robotiq_driver/default_driver_factory.hpp
[46.113s] -- Installing: /home/duser/ros2_kortex-ros2ws/install/robotiq_driver/include/robotiq_driver/default_serial.hpp
[46.114s] -- Installing: /home/duser/ros2_kortex-ros2ws/install/robotiq_driver/include/robotiq_driver/data_utils.hpp
[46.114s] -- Installing: /home/duser/ros2_kortex-ros2ws/install/robotiq_driver/include/robotiq_driver/driver_factory.hpp
[46.114s] -- Installing: /home/duser/ros2_kortex-ros2ws/install/robotiq_driver/include/robotiq_driver/visibility_control.hpp
[46.115s] -- Installing: /home/duser/ros2_kortex-ros2ws/install/robotiq_driver/include/robotiq_driver/driver_exception.hpp
[46.116s] -- Installing: /home/duser/ros2_kortex-ros2ws/install/robotiq_driver/lib/librobotiq_driver.so
[46.117s] -- Set runtime path of "/home/duser/ros2_kortex-ros2ws/install/robotiq_driver/lib/librobotiq_driver.so" to ""
[46.118s] -- Installing: /home/duser/ros2_kortex-ros2ws/install/robotiq_driver/share/ament_index/resource_index/package_run_dependencies/robotiq_driver
[46.119s] -- Installing: /home/duser/ros2_kortex-ros2ws/install/robotiq_driver/share/ament_index/resource_index/parent_prefix_path/robotiq_driver
[46.119s] -- Installing: /home/duser/ros2_kortex-ros2ws/install/robotiq_driver/share/robotiq_driver/environment/ament_prefix_path.sh
[46.120s] -- Installing: /home/duser/ros2_kortex-ros2ws/install/robotiq_driver/share/robotiq_driver/environment/ament_prefix_path.dsv
[46.121s] -- Installing: /home/duser/ros2_kortex-ros2ws/install/robotiq_driver/share/robotiq_driver/environment/path.sh
[46.121s] -- Installing: /home/duser/ros2_kortex-ros2ws/install/robotiq_driver/share/robotiq_driver/environment/path.dsv
[46.121s] -- Installing: /home/duser/ros2_kortex-ros2ws/install/robotiq_driver/share/robotiq_driver/local_setup.bash
[46.122s] -- Installing: /home/duser/ros2_kortex-ros2ws/install/robotiq_driver/share/robotiq_driver/local_setup.sh
[46.123s] -- Installing: /home/duser/ros2_kortex-ros2ws/install/robotiq_driver/share/robotiq_driver/local_setup.zsh
[46.123s] -- Installing: /home/duser/ros2_kortex-ros2ws/install/robotiq_driver/share/robotiq_driver/local_setup.dsv
[46.124s] -- Installing: /home/duser/ros2_kortex-ros2ws/install/robotiq_driver/share/robotiq_driver/package.dsv
[46.124s] -- Installing: /home/duser/ros2_kortex-ros2ws/install/robotiq_driver/share/ament_index/resource_index/packages/robotiq_driver
[46.126s] -- Installing: /home/duser/ros2_kortex-ros2ws/install/robotiq_driver/share/ament_index/resource_index/hardware_interface__pluginlib__plugin/robotiq_driver
[46.127s] -- Installing: /home/duser/ros2_kortex-ros2ws/install/robotiq_driver/share/robotiq_driver/cmake/robotiq_driver_targetsExport.cmake
[46.127s] -- Installing: /home/duser/ros2_kortex-ros2ws/install/robotiq_driver/share/robotiq_driver/cmake/robotiq_driver_targetsExport-release.cmake
[46.128s] -- Installing: /home/duser/ros2_kortex-ros2ws/install/robotiq_driver/share/robotiq_driver/cmake/ament_cmake_export_targets-extras.cmake
[46.129s] -- Installing: /home/duser/ros2_kortex-ros2ws/install/robotiq_driver/share/robotiq_driver/cmake/ament_cmake_export_dependencies-extras.cmake
[46.130s] -- Installing: /home/duser/ros2_kortex-ros2ws/install/robotiq_driver/share/robotiq_driver/cmake/ament_cmake_export_include_directories-extras.cmake
[46.130s] -- Installing: /home/duser/ros2_kortex-ros2ws/install/robotiq_driver/share/robotiq_driver/cmake/ament_cmake_export_libraries-extras.cmake
[46.130s] -- Installing: /home/duser/ros2_kortex-ros2ws/install/robotiq_driver/share/robotiq_driver/cmake/robotiq_driverConfig.cmake
[46.131s] -- Installing: /home/duser/ros2_kortex-ros2ws/install/robotiq_driver/share/robotiq_driver/cmake/robotiq_driverConfig-version.cmake
[46.131s] -- Installing: /home/duser/ros2_kortex-ros2ws/install/robotiq_driver/share/robotiq_driver/package.xml
[46.137s] Invoked command in '/home/duser/ros2_kortex-ros2ws/build/robotiq_driver' returned '0': AMENT_PREFIX_PATH=/home/duser/ros2_kortex-ros2ws/install/hardware_interface:/home/duser/ros2_kortex-ros2ws/install/control_msgs:${AMENT_PREFIX_PATH} CMAKE_PREFIX_PATH=/home/duser/ros2_kortex-ros2ws/install/hardware_interface:/home/duser/ros2_kortex-ros2ws/install/serial:/home/duser/ros2_kortex-ros2ws/install/ros2_control_test_assets:/home/duser/ros2_kortex-ros2ws/install/control_msgs:/home/duser/ros2_kortex-ros2ws/install/kortex_api:/opt/ros/humble LD_LIBRARY_PATH=/home/duser/ros2_kortex-ros2ws/install/hardware_interface/lib:/home/duser/ros2_kortex-ros2ws/install/control_msgs/lib:${LD_LIBRARY_PATH} PYTHONPATH=/home/duser/ros2_kortex-ros2ws/install/control_msgs/local/lib/python3.10/dist-packages:${PYTHONPATH} /usr/bin/cmake --install /home/duser/ros2_kortex-ros2ws/build/robotiq_driver
